ARM GAS  /tmp/cc7vhb2C.s 			page 1


   1              		.syntax unified
   2              		.cpu cortex-m4
   3              		.fpu softvfp
   4              		.eabi_attribute 20, 1
   5              		.eabi_attribute 21, 1
   6              		.eabi_attribute 23, 3
   7              		.eabi_attribute 24, 1
   8              		.eabi_attribute 25, 1
   9              		.eabi_attribute 26, 1
  10              		.eabi_attribute 30, 2
  11              		.eabi_attribute 18, 4
  12              		.thumb
  13              		.file	"board.c"
  14              		.section	.debug_abbrev,"",%progbits
  15              	.Ldebug_abbrev0:
  16              		.section	.debug_info,"",%progbits
  17              	.Ldebug_info0:
  18              		.section	.debug_line,"",%progbits
  19              	.Ldebug_line0:
  20 0000 6B010000 		.text
  20      02004301 
  20      00000201 
  20      FB0E0D00 
  20      01010101 
  21              	.Ltext0:
  22              		.cfi_sections	.debug_frame
  23              		.section	.text.__early_init,"ax",%progbits
  24              		.align	2
  25              		.p2align 4,,15
  26              		.global	__early_init
  27              		.thumb
  28              		.thumb_func
  29              		.type	__early_init, %function
  30              	__early_init:
  31              	.LFB118:
  32              		.file 1 "../ChibiOS_2.6.2/boards/ST_STM32F4_DISCOVERY/board.c"
  33              		.loc 1 54 0
  34              		.cfi_startproc
  35              		@ args = 0, pretend = 0, frame = 0
  36              		@ frame_needed = 0, uses_anonymous_args = 0
  37              		@ link register save eliminated.
  38              		.loc 1 57 0
  39              		.loc 1 56 0
  40 0000 FFF7FEBF 		b	stm32_clock_init
  41              		.cfi_endproc
  42              	.LFE118:
  43              		.size	__early_init, .-__early_init
  44 0004 AFF30080 		.section	.text.boardInit,"ax",%progbits
  44      AFF30080 
  44      AFF30080 
  45              		.align	2
  46              		.p2align 4,,15
  47              		.global	boardInit
  48              		.thumb
  49              		.thumb_func
  50              		.type	boardInit, %function
  51              	boardInit:
ARM GAS  /tmp/cc7vhb2C.s 			page 2


  52              	.LFB119:
  53              		.loc 1 107 0
  54              		.cfi_startproc
  55              		@ args = 0, pretend = 0, frame = 0
  56              		@ frame_needed = 0, uses_anonymous_args = 0
  57              		@ link register save eliminated.
  58              		.loc 1 108 0
  59 0000 7047     		bx	lr
  60              		.cfi_endproc
  61              	.LFE119:
  62              		.size	boardInit, .-boardInit
  63              		.global	pal_default_config
  64 0002 00BFAFF3 		.section	.rodata.pal_default_config,"a",%progbits
  64      0080AFF3 
  64      0080AFF3 
  64      0080
  65              		.align	2
  66              		.type	pal_default_config, %object
  67              		.size	pal_default_config, 252
  68              	pal_default_config:
  69 0000 00AAA02A 		.word	715172352
  70 0004 00000000 		.word	0
  71 0008 FFABFFFF 		.word	-21505
  72 000c 54000140 		.word	1073807444
  73 0010 FFFF0000 		.word	65535
  74 0014 00005655 		.word	1431699456
  75 0018 00AA0A00 		.word	698880
  76 001c 80200800 		.word	532608
  77 0020 40020000 		.word	576
  78 0024 FFFFFFFF 		.word	-1
  79 0028 15455155 		.word	1431389461
  80 002c FFFF0000 		.word	65535
  81 0030 00000004 		.word	67108864
  82 0034 40000000 		.word	64
  83 0038 01802002 		.word	35684353
  84 003c 00000000 		.word	0
  85 0040 FFFFFFFF 		.word	-1
  86 0044 54154554 		.word	1413813588
  87 0048 FFFF0000 		.word	65535
  88 004c 00000060 		.word	1610612736
  89 0050 00060600 		.word	394752
  90 0054 00010055 		.word	1426063616
  91 0058 00000000 		.word	0
  92 005c FFFFFFFF 		.word	-1
  93 0060 55505500 		.word	5591125
  94 0064 FF0F0000 		.word	4095
  95 0068 00000000 		.word	0
  96 006c 00000000 		.word	0
  97 0070 40000000 		.word	64
  98 0074 00000000 		.word	0
  99 0078 FFFFFFFF 		.word	-1
 100 007c 00000000 		.word	0
 101 0080 FFFF0000 		.word	65535
 102 0084 00000000 		.word	0
 103 0088 00000000 		.word	0
 104 008c 00000000 		.word	0
 105 0090 00000000 		.word	0
ARM GAS  /tmp/cc7vhb2C.s 			page 3


 106 0094 FFFFFFFF 		.word	-1
 107 0098 00000000 		.word	0
 108 009c FFFF0000 		.word	65535
 109 00a0 00000000 		.word	0
 110 00a4 00000000 		.word	0
 111 00a8 00000000 		.word	0
 112 00ac 00000000 		.word	0
 113 00b0 FFFFFFFF 		.word	-1
 114 00b4 00000000 		.word	0
 115 00b8 FFFF0000 		.word	65535
 116 00bc 00000000 		.word	0
 117 00c0 00000000 		.word	0
 118 00c4 00000000 		.word	0
 119 00c8 00000000 		.word	0
 120 00cc FFFFFFFF 		.word	-1
 121 00d0 00000000 		.word	0
 122 00d4 FFFF0000 		.word	65535
 123 00d8 00000000 		.word	0
 124 00dc 00000000 		.word	0
 125 00e0 00000000 		.word	0
 126 00e4 00000000 		.word	0
 127 00e8 FFFFFFFF 		.word	-1
 128 00ec 00000000 		.word	0
 129 00f0 FFFF0000 		.word	65535
 130 00f4 00000000 		.word	0
 131 00f8 00000000 		.word	0
 132              		.text
 133              	.Letext0:
 134              		.file 2 "/opt/sgpp-lite-arm-eabi-bin-2010.09.51/bin/../lib/gcc/arm-none-eabi/4.5.1/../../../../arm
 135              		.file 3 "../ChibiOS_2.6.2/os/hal/platforms/STM32/GPIOv2/pal_lld.h"
 136              		.file 4 "../ChibiOS_2.6.2/os/ports/common/ARMCMx/CMSIS/include/core_cm4.h"
 137              		.section	.debug_info
 138 0000 FC010000 		.4byte	0x1fc
 139 0004 0200     		.2byte	0x2
 140 0006 00000000 		.4byte	.Ldebug_abbrev0
 141 000a 04       		.byte	0x4
 142 000b 01       		.uleb128 0x1
 143 000c 1C000000 		.4byte	.LASF34
 144 0010 01       		.byte	0x1
 145 0011 CD000000 		.4byte	.LASF35
 146 0015 28000000 		.4byte	.LASF36
 147 0019 00000000 		.4byte	0x0
 148 001d 00000000 		.4byte	0x0
 149 0021 00000000 		.4byte	.Ldebug_ranges0+0x0
 150 0025 00000000 		.4byte	.Ldebug_line0
 151 0029 02       		.uleb128 0x2
 152 002a 04       		.byte	0x4
 153 002b 05       		.byte	0x5
 154 002c 696E7400 		.ascii	"int\000"
 155 0030 03       		.uleb128 0x3
 156 0031 04       		.byte	0x4
 157 0032 07       		.byte	0x7
 158 0033 55000000 		.4byte	.LASF0
 159 0037 03       		.uleb128 0x3
 160 0038 01       		.byte	0x1
 161 0039 06       		.byte	0x6
 162 003a A1010000 		.4byte	.LASF1
ARM GAS  /tmp/cc7vhb2C.s 			page 4


 163 003e 03       		.uleb128 0x3
 164 003f 01       		.byte	0x1
 165 0040 08       		.byte	0x8
 166 0041 8E000000 		.4byte	.LASF2
 167 0045 03       		.uleb128 0x3
 168 0046 02       		.byte	0x2
 169 0047 05       		.byte	0x5
 170 0048 78010000 		.4byte	.LASF3
 171 004c 03       		.uleb128 0x3
 172 004d 02       		.byte	0x2
 173 004e 07       		.byte	0x7
 174 004f 42000000 		.4byte	.LASF4
 175 0053 04       		.uleb128 0x4
 176 0054 61010000 		.4byte	.LASF6
 177 0058 02       		.byte	0x2
 178 0059 4F       		.byte	0x4f
 179 005a 5E000000 		.4byte	0x5e
 180 005e 03       		.uleb128 0x3
 181 005f 04       		.byte	0x4
 182 0060 05       		.byte	0x5
 183 0061 92010000 		.4byte	.LASF5
 184 0065 04       		.uleb128 0x4
 185 0066 89010000 		.4byte	.LASF7
 186 006a 02       		.byte	0x2
 187 006b 50       		.byte	0x50
 188 006c 70000000 		.4byte	0x70
 189 0070 03       		.uleb128 0x3
 190 0071 04       		.byte	0x4
 191 0072 07       		.byte	0x7
 192 0073 B6000000 		.4byte	.LASF8
 193 0077 03       		.uleb128 0x3
 194 0078 08       		.byte	0x8
 195 0079 05       		.byte	0x5
 196 007a 00000000 		.4byte	.LASF9
 197 007e 03       		.uleb128 0x3
 198 007f 08       		.byte	0x8
 199 0080 07       		.byte	0x7
 200 0081 70000000 		.4byte	.LASF10
 201 0085 03       		.uleb128 0x3
 202 0086 01       		.byte	0x1
 203 0087 02       		.byte	0x2
 204 0088 AD010000 		.4byte	.LASF11
 205 008c 03       		.uleb128 0x3
 206 008d 01       		.byte	0x1
 207 008e 08       		.byte	0x8
 208 008f 45010000 		.4byte	.LASF12
 209 0093 05       		.uleb128 0x5
 210 0094 53000000 		.4byte	0x53
 211 0098 06       		.uleb128 0x6
 212 0099 1C       		.byte	0x1c
 213 009a 03       		.byte	0x3
 214 009b A3       		.byte	0xa3
 215 009c 03010000 		.4byte	0x103
 216 00a0 07       		.uleb128 0x7
 217 00a1 9B010000 		.4byte	.LASF13
 218 00a5 03       		.byte	0x3
 219 00a6 A5       		.byte	0xa5
ARM GAS  /tmp/cc7vhb2C.s 			page 5


 220 00a7 65000000 		.4byte	0x65
 221 00ab 02       		.byte	0x2
 222 00ac 23       		.byte	0x23
 223 00ad 00       		.uleb128 0x0
 224 00ae 07       		.uleb128 0x7
 225 00af 62000000 		.4byte	.LASF14
 226 00b3 03       		.byte	0x3
 227 00b4 A7       		.byte	0xa7
 228 00b5 65000000 		.4byte	0x65
 229 00b9 02       		.byte	0x2
 230 00ba 23       		.byte	0x23
 231 00bb 04       		.uleb128 0x4
 232 00bc 07       		.uleb128 0x7
 233 00bd 69010000 		.4byte	.LASF15
 234 00c1 03       		.byte	0x3
 235 00c2 A9       		.byte	0xa9
 236 00c3 65000000 		.4byte	0x65
 237 00c7 02       		.byte	0x2
 238 00c8 23       		.byte	0x23
 239 00c9 08       		.uleb128 0x8
 240 00ca 07       		.uleb128 0x7
 241 00cb 31010000 		.4byte	.LASF16
 242 00cf 03       		.byte	0x3
 243 00d0 AB       		.byte	0xab
 244 00d1 65000000 		.4byte	0x65
 245 00d5 02       		.byte	0x2
 246 00d6 23       		.byte	0x23
 247 00d7 0C       		.uleb128 0xc
 248 00d8 08       		.uleb128 0x8
 249 00d9 6F647200 		.ascii	"odr\000"
 250 00dd 03       		.byte	0x3
 251 00de AD       		.byte	0xad
 252 00df 65000000 		.4byte	0x65
 253 00e3 02       		.byte	0x2
 254 00e4 23       		.byte	0x23
 255 00e5 10       		.uleb128 0x10
 256 00e6 07       		.uleb128 0x7
 257 00e7 02010000 		.4byte	.LASF17
 258 00eb 03       		.byte	0x3
 259 00ec AF       		.byte	0xaf
 260 00ed 65000000 		.4byte	0x65
 261 00f1 02       		.byte	0x2
 262 00f2 23       		.byte	0x23
 263 00f3 14       		.uleb128 0x14
 264 00f4 07       		.uleb128 0x7
 265 00f5 C8000000 		.4byte	.LASF18
 266 00f9 03       		.byte	0x3
 267 00fa B1       		.byte	0xb1
 268 00fb 65000000 		.4byte	0x65
 269 00ff 02       		.byte	0x2
 270 0100 23       		.byte	0x23
 271 0101 18       		.uleb128 0x18
 272 0102 00       		.byte	0x0
 273 0103 04       		.uleb128 0x4
 274 0104 9C000000 		.4byte	.LASF19
 275 0108 03       		.byte	0x3
 276 0109 B2       		.byte	0xb2
ARM GAS  /tmp/cc7vhb2C.s 			page 6


 277 010a 98000000 		.4byte	0x98
 278 010e 06       		.uleb128 0x6
 279 010f FC       		.byte	0xfc
 280 0110 03       		.byte	0x3
 281 0111 BB       		.byte	0xbb
 282 0112 99010000 		.4byte	0x199
 283 0116 07       		.uleb128 0x7
 284 0117 AF000000 		.4byte	.LASF20
 285 011b 03       		.byte	0x3
 286 011c BE       		.byte	0xbe
 287 011d 03010000 		.4byte	0x103
 288 0121 02       		.byte	0x2
 289 0122 23       		.byte	0x23
 290 0123 00       		.uleb128 0x0
 291 0124 07       		.uleb128 0x7
 292 0125 3E010000 		.4byte	.LASF21
 293 0129 03       		.byte	0x3
 294 012a C2       		.byte	0xc2
 295 012b 03010000 		.4byte	0x103
 296 012f 02       		.byte	0x2
 297 0130 23       		.byte	0x23
 298 0131 1C       		.uleb128 0x1c
 299 0132 07       		.uleb128 0x7
 300 0133 82010000 		.4byte	.LASF22
 301 0137 03       		.byte	0x3
 302 0138 C6       		.byte	0xc6
 303 0139 03010000 		.4byte	0x103
 304 013d 02       		.byte	0x2
 305 013e 23       		.byte	0x23
 306 013f 38       		.uleb128 0x38
 307 0140 07       		.uleb128 0x7
 308 0141 15000000 		.4byte	.LASF23
 309 0145 03       		.byte	0x3
 310 0146 CA       		.byte	0xca
 311 0147 03010000 		.4byte	0x103
 312 014b 02       		.byte	0x2
 313 014c 23       		.byte	0x23
 314 014d 54       		.uleb128 0x54
 315 014e 07       		.uleb128 0x7
 316 014f 87000000 		.4byte	.LASF24
 317 0153 03       		.byte	0x3
 318 0154 CE       		.byte	0xce
 319 0155 03010000 		.4byte	0x103
 320 0159 02       		.byte	0x2
 321 015a 23       		.byte	0x23
 322 015b 70       		.uleb128 0x70
 323 015c 07       		.uleb128 0x7
 324 015d 37010000 		.4byte	.LASF25
 325 0161 03       		.byte	0x3
 326 0162 D2       		.byte	0xd2
 327 0163 03010000 		.4byte	0x103
 328 0167 03       		.byte	0x3
 329 0168 23       		.byte	0x23
 330 0169 8C01     		.uleb128 0x8c
 331 016b 07       		.uleb128 0x7
 332 016c 71010000 		.4byte	.LASF26
 333 0170 03       		.byte	0x3
ARM GAS  /tmp/cc7vhb2C.s 			page 7


 334 0171 D6       		.byte	0xd6
 335 0172 03010000 		.4byte	0x103
 336 0176 03       		.byte	0x3
 337 0177 23       		.byte	0x23
 338 0178 A801     		.uleb128 0xa8
 339 017a 07       		.uleb128 0x7
 340 017b 0E000000 		.4byte	.LASF27
 341 017f 03       		.byte	0x3
 342 0180 DA       		.byte	0xda
 343 0181 03010000 		.4byte	0x103
 344 0185 03       		.byte	0x3
 345 0186 23       		.byte	0x23
 346 0187 C401     		.uleb128 0xc4
 347 0189 07       		.uleb128 0x7
 348 018a 69000000 		.4byte	.LASF28
 349 018e 03       		.byte	0x3
 350 018f DE       		.byte	0xde
 351 0190 03010000 		.4byte	0x103
 352 0194 03       		.byte	0x3
 353 0195 23       		.byte	0x23
 354 0196 E001     		.uleb128 0xe0
 355 0198 00       		.byte	0x0
 356 0199 04       		.uleb128 0x4
 357 019a 14010000 		.4byte	.LASF29
 358 019e 03       		.byte	0x3
 359 019f E0       		.byte	0xe0
 360 01a0 0E010000 		.4byte	0x10e
 361 01a4 09       		.uleb128 0x9
 362 01a5 01       		.byte	0x1
 363 01a6 54010000 		.4byte	.LASF30
 364 01aa 01       		.byte	0x1
 365 01ab 36       		.byte	0x36
 366 01ac 01       		.byte	0x1
 367 01ad 00000000 		.4byte	.LFB118
 368 01b1 04000000 		.4byte	.LFE118
 369 01b5 02       		.byte	0x2
 370 01b6 7D       		.byte	0x7d
 371 01b7 00       		.sleb128 0
 372 01b8 09       		.uleb128 0x9
 373 01b9 01       		.byte	0x1
 374 01ba 4A010000 		.4byte	.LASF31
 375 01be 01       		.byte	0x1
 376 01bf 6B       		.byte	0x6b
 377 01c0 01       		.byte	0x1
 378 01c1 00000000 		.4byte	.LFB119
 379 01c5 02000000 		.4byte	.LFE119
 380 01c9 02       		.byte	0x2
 381 01ca 7D       		.byte	0x7d
 382 01cb 00       		.sleb128 0
 383 01cc 0A       		.uleb128 0xa
 384 01cd 07010000 		.4byte	.LASF32
 385 01d1 04       		.byte	0x4
 386 01d2 9806     		.2byte	0x698
 387 01d4 93000000 		.4byte	0x93
 388 01d8 01       		.byte	0x1
 389 01d9 01       		.byte	0x1
 390 01da 0A       		.uleb128 0xa
ARM GAS  /tmp/cc7vhb2C.s 			page 8


 391 01db 07010000 		.4byte	.LASF32
 392 01df 04       		.byte	0x4
 393 01e0 9806     		.2byte	0x698
 394 01e2 93000000 		.4byte	0x93
 395 01e6 01       		.byte	0x1
 396 01e7 01       		.byte	0x1
 397 01e8 0B       		.uleb128 0xb
 398 01e9 1E010000 		.4byte	.LASF33
 399 01ed 01       		.byte	0x1
 400 01ee 1A       		.byte	0x1a
 401 01ef FA010000 		.4byte	0x1fa
 402 01f3 01       		.byte	0x1
 403 01f4 05       		.byte	0x5
 404 01f5 03       		.byte	0x3
 405 01f6 00000000 		.4byte	pal_default_config
 406 01fa 0C       		.uleb128 0xc
 407 01fb 99010000 		.4byte	0x199
 408 01ff 00       		.byte	0x0
 409              		.section	.debug_abbrev
 410 0000 01       		.uleb128 0x1
 411 0001 11       		.uleb128 0x11
 412 0002 01       		.byte	0x1
 413 0003 25       		.uleb128 0x25
 414 0004 0E       		.uleb128 0xe
 415 0005 13       		.uleb128 0x13
 416 0006 0B       		.uleb128 0xb
 417 0007 03       		.uleb128 0x3
 418 0008 0E       		.uleb128 0xe
 419 0009 1B       		.uleb128 0x1b
 420 000a 0E       		.uleb128 0xe
 421 000b 11       		.uleb128 0x11
 422 000c 01       		.uleb128 0x1
 423 000d 52       		.uleb128 0x52
 424 000e 01       		.uleb128 0x1
 425 000f 55       		.uleb128 0x55
 426 0010 06       		.uleb128 0x6
 427 0011 10       		.uleb128 0x10
 428 0012 06       		.uleb128 0x6
 429 0013 00       		.byte	0x0
 430 0014 00       		.byte	0x0
 431 0015 02       		.uleb128 0x2
 432 0016 24       		.uleb128 0x24
 433 0017 00       		.byte	0x0
 434 0018 0B       		.uleb128 0xb
 435 0019 0B       		.uleb128 0xb
 436 001a 3E       		.uleb128 0x3e
 437 001b 0B       		.uleb128 0xb
 438 001c 03       		.uleb128 0x3
 439 001d 08       		.uleb128 0x8
 440 001e 00       		.byte	0x0
 441 001f 00       		.byte	0x0
 442 0020 03       		.uleb128 0x3
 443 0021 24       		.uleb128 0x24
 444 0022 00       		.byte	0x0
 445 0023 0B       		.uleb128 0xb
 446 0024 0B       		.uleb128 0xb
 447 0025 3E       		.uleb128 0x3e
ARM GAS  /tmp/cc7vhb2C.s 			page 9


 448 0026 0B       		.uleb128 0xb
 449 0027 03       		.uleb128 0x3
 450 0028 0E       		.uleb128 0xe
 451 0029 00       		.byte	0x0
 452 002a 00       		.byte	0x0
 453 002b 04       		.uleb128 0x4
 454 002c 16       		.uleb128 0x16
 455 002d 00       		.byte	0x0
 456 002e 03       		.uleb128 0x3
 457 002f 0E       		.uleb128 0xe
 458 0030 3A       		.uleb128 0x3a
 459 0031 0B       		.uleb128 0xb
 460 0032 3B       		.uleb128 0x3b
 461 0033 0B       		.uleb128 0xb
 462 0034 49       		.uleb128 0x49
 463 0035 13       		.uleb128 0x13
 464 0036 00       		.byte	0x0
 465 0037 00       		.byte	0x0
 466 0038 05       		.uleb128 0x5
 467 0039 35       		.uleb128 0x35
 468 003a 00       		.byte	0x0
 469 003b 49       		.uleb128 0x49
 470 003c 13       		.uleb128 0x13
 471 003d 00       		.byte	0x0
 472 003e 00       		.byte	0x0
 473 003f 06       		.uleb128 0x6
 474 0040 13       		.uleb128 0x13
 475 0041 01       		.byte	0x1
 476 0042 0B       		.uleb128 0xb
 477 0043 0B       		.uleb128 0xb
 478 0044 3A       		.uleb128 0x3a
 479 0045 0B       		.uleb128 0xb
 480 0046 3B       		.uleb128 0x3b
 481 0047 0B       		.uleb128 0xb
 482 0048 01       		.uleb128 0x1
 483 0049 13       		.uleb128 0x13
 484 004a 00       		.byte	0x0
 485 004b 00       		.byte	0x0
 486 004c 07       		.uleb128 0x7
 487 004d 0D       		.uleb128 0xd
 488 004e 00       		.byte	0x0
 489 004f 03       		.uleb128 0x3
 490 0050 0E       		.uleb128 0xe
 491 0051 3A       		.uleb128 0x3a
 492 0052 0B       		.uleb128 0xb
 493 0053 3B       		.uleb128 0x3b
 494 0054 0B       		.uleb128 0xb
 495 0055 49       		.uleb128 0x49
 496 0056 13       		.uleb128 0x13
 497 0057 38       		.uleb128 0x38
 498 0058 0A       		.uleb128 0xa
 499 0059 00       		.byte	0x0
 500 005a 00       		.byte	0x0
 501 005b 08       		.uleb128 0x8
 502 005c 0D       		.uleb128 0xd
 503 005d 00       		.byte	0x0
 504 005e 03       		.uleb128 0x3
ARM GAS  /tmp/cc7vhb2C.s 			page 10


 505 005f 08       		.uleb128 0x8
 506 0060 3A       		.uleb128 0x3a
 507 0061 0B       		.uleb128 0xb
 508 0062 3B       		.uleb128 0x3b
 509 0063 0B       		.uleb128 0xb
 510 0064 49       		.uleb128 0x49
 511 0065 13       		.uleb128 0x13
 512 0066 38       		.uleb128 0x38
 513 0067 0A       		.uleb128 0xa
 514 0068 00       		.byte	0x0
 515 0069 00       		.byte	0x0
 516 006a 09       		.uleb128 0x9
 517 006b 2E       		.uleb128 0x2e
 518 006c 00       		.byte	0x0
 519 006d 3F       		.uleb128 0x3f
 520 006e 0C       		.uleb128 0xc
 521 006f 03       		.uleb128 0x3
 522 0070 0E       		.uleb128 0xe
 523 0071 3A       		.uleb128 0x3a
 524 0072 0B       		.uleb128 0xb
 525 0073 3B       		.uleb128 0x3b
 526 0074 0B       		.uleb128 0xb
 527 0075 27       		.uleb128 0x27
 528 0076 0C       		.uleb128 0xc
 529 0077 11       		.uleb128 0x11
 530 0078 01       		.uleb128 0x1
 531 0079 12       		.uleb128 0x12
 532 007a 01       		.uleb128 0x1
 533 007b 40       		.uleb128 0x40
 534 007c 0A       		.uleb128 0xa
 535 007d 00       		.byte	0x0
 536 007e 00       		.byte	0x0
 537 007f 0A       		.uleb128 0xa
 538 0080 34       		.uleb128 0x34
 539 0081 00       		.byte	0x0
 540 0082 03       		.uleb128 0x3
 541 0083 0E       		.uleb128 0xe
 542 0084 3A       		.uleb128 0x3a
 543 0085 0B       		.uleb128 0xb
 544 0086 3B       		.uleb128 0x3b
 545 0087 05       		.uleb128 0x5
 546 0088 49       		.uleb128 0x49
 547 0089 13       		.uleb128 0x13
 548 008a 3F       		.uleb128 0x3f
 549 008b 0C       		.uleb128 0xc
 550 008c 3C       		.uleb128 0x3c
 551 008d 0C       		.uleb128 0xc
 552 008e 00       		.byte	0x0
 553 008f 00       		.byte	0x0
 554 0090 0B       		.uleb128 0xb
 555 0091 34       		.uleb128 0x34
 556 0092 00       		.byte	0x0
 557 0093 03       		.uleb128 0x3
 558 0094 0E       		.uleb128 0xe
 559 0095 3A       		.uleb128 0x3a
 560 0096 0B       		.uleb128 0xb
 561 0097 3B       		.uleb128 0x3b
ARM GAS  /tmp/cc7vhb2C.s 			page 11


 562 0098 0B       		.uleb128 0xb
 563 0099 49       		.uleb128 0x49
 564 009a 13       		.uleb128 0x13
 565 009b 3F       		.uleb128 0x3f
 566 009c 0C       		.uleb128 0xc
 567 009d 02       		.uleb128 0x2
 568 009e 0A       		.uleb128 0xa
 569 009f 00       		.byte	0x0
 570 00a0 00       		.byte	0x0
 571 00a1 0C       		.uleb128 0xc
 572 00a2 26       		.uleb128 0x26
 573 00a3 00       		.byte	0x0
 574 00a4 49       		.uleb128 0x49
 575 00a5 13       		.uleb128 0x13
 576 00a6 00       		.byte	0x0
 577 00a7 00       		.byte	0x0
 578 00a8 00       		.byte	0x0
 579              		.section	.debug_pubnames,"",%progbits
 580 0000 44000000 		.4byte	0x44
 581 0004 0200     		.2byte	0x2
 582 0006 00000000 		.4byte	.Ldebug_info0
 583 000a 00020000 		.4byte	0x200
 584 000e A4010000 		.4byte	0x1a4
 585 0012 5F5F6561 		.ascii	"__early_init\000"
 585      726C795F 
 585      696E6974 
 585      00
 586 001f B8010000 		.4byte	0x1b8
 587 0023 626F6172 		.ascii	"boardInit\000"
 587      64496E69 
 587      7400
 588 002d E8010000 		.4byte	0x1e8
 589 0031 70616C5F 		.ascii	"pal_default_config\000"
 589      64656661 
 589      756C745F 
 589      636F6E66 
 589      696700
 590 0044 00000000 		.4byte	0x0
 591              		.section	.debug_pubtypes,"",%progbits
 592 0000 4C000000 		.4byte	0x4c
 593 0004 0200     		.2byte	0x2
 594 0006 00000000 		.4byte	.Ldebug_info0
 595 000a 00020000 		.4byte	0x200
 596 000e 53000000 		.4byte	0x53
 597 0012 696E7433 		.ascii	"int32_t\000"
 597      325F7400 
 598 001a 65000000 		.4byte	0x65
 599 001e 75696E74 		.ascii	"uint32_t\000"
 599      33325F74 
 599      00
 600 0027 03010000 		.4byte	0x103
 601 002b 73746D33 		.ascii	"stm32_gpio_setup_t\000"
 601      325F6770 
 601      696F5F73 
 601      65747570 
 601      5F7400
 602 003e 99010000 		.4byte	0x199
ARM GAS  /tmp/cc7vhb2C.s 			page 12


 603 0042 50414C43 		.ascii	"PALConfig\000"
 603      6F6E6669 
 603      6700
 604 004c 00000000 		.4byte	0x0
 605              		.section	.debug_aranges,"",%progbits
 606 0000 24000000 		.4byte	0x24
 607 0004 0200     		.2byte	0x2
 608 0006 00000000 		.4byte	.Ldebug_info0
 609 000a 04       		.byte	0x4
 610 000b 00       		.byte	0x0
 611 000c 0000     		.2byte	0x0
 612 000e 0000     		.2byte	0x0
 613 0010 00000000 		.4byte	.LFB118
 614 0014 04000000 		.4byte	.LFE118-.LFB118
 615 0018 00000000 		.4byte	.LFB119
 616 001c 02000000 		.4byte	.LFE119-.LFB119
 617 0020 00000000 		.4byte	0x0
 618 0024 00000000 		.4byte	0x0
 619              		.section	.debug_ranges,"",%progbits
 620              	.Ldebug_ranges0:
 621 0000 00000000 		.4byte	.LFB118
 622 0004 04000000 		.4byte	.LFE118
 623 0008 00000000 		.4byte	.LFB119
 624 000c 02000000 		.4byte	.LFE119
 625 0010 00000000 		.4byte	0x0
 626 0014 00000000 		.4byte	0x0
 627              		.section	.debug_str,"MS",%progbits,1
 628              	.LASF9:
 629 0000 6C6F6E67 		.ascii	"long long int\000"
 629      206C6F6E 
 629      6720696E 
 629      7400
 630              	.LASF27:
 631 000e 50484461 		.ascii	"PHData\000"
 631      746100
 632              	.LASF23:
 633 0015 50444461 		.ascii	"PDData\000"
 633      746100
 634              	.LASF34:
 635 001c 474E5520 		.ascii	"GNU C 4.5.1\000"
 635      4320342E 
 635      352E3100 
 636              	.LASF36:
 637 0028 2F686F6D 		.ascii	"/home/nis/stm32f407d_neko\000"
 637      652F6E69 
 637      732F7374 
 637      6D333266 
 637      34303764 
 638              	.LASF4:
 639 0042 73686F72 		.ascii	"short unsigned int\000"
 639      7420756E 
 639      7369676E 
 639      65642069 
 639      6E7400
 640              	.LASF0:
 641 0055 756E7369 		.ascii	"unsigned int\000"
 641      676E6564 
ARM GAS  /tmp/cc7vhb2C.s 			page 13


 641      20696E74 
 641      00
 642              	.LASF14:
 643 0062 6F747970 		.ascii	"otyper\000"
 643      657200
 644              	.LASF28:
 645 0069 50494461 		.ascii	"PIData\000"
 645      746100
 646              	.LASF10:
 647 0070 6C6F6E67 		.ascii	"long long unsigned int\000"
 647      206C6F6E 
 647      6720756E 
 647      7369676E 
 647      65642069 
 648              	.LASF24:
 649 0087 50454461 		.ascii	"PEData\000"
 649      746100
 650              	.LASF2:
 651 008e 756E7369 		.ascii	"unsigned char\000"
 651      676E6564 
 651      20636861 
 651      7200
 652              	.LASF19:
 653 009c 73746D33 		.ascii	"stm32_gpio_setup_t\000"
 653      325F6770 
 653      696F5F73 
 653      65747570 
 653      5F7400
 654              	.LASF20:
 655 00af 50414461 		.ascii	"PAData\000"
 655      746100
 656              	.LASF8:
 657 00b6 6C6F6E67 		.ascii	"long unsigned int\000"
 657      20756E73 
 657      69676E65 
 657      6420696E 
 657      7400
 658              	.LASF18:
 659 00c8 61667268 		.ascii	"afrh\000"
 659      00
 660              	.LASF35:
 661 00cd 2E2E2F43 		.ascii	"../ChibiOS_2.6.2/boards/ST_STM32F4_DISCOVERY/board."
 661      68696269 
 661      4F535F32 
 661      2E362E32 
 661      2F626F61 
 662 0100 6300     		.ascii	"c\000"
 663              	.LASF17:
 664 0102 6166726C 		.ascii	"afrl\000"
 664      00
 665              	.LASF32:
 666 0107 49544D5F 		.ascii	"ITM_RxBuffer\000"
 666      52784275 
 666      66666572 
 666      00
 667              	.LASF29:
 668 0114 50414C43 		.ascii	"PALConfig\000"
ARM GAS  /tmp/cc7vhb2C.s 			page 14


 668      6F6E6669 
 668      6700
 669              	.LASF33:
 670 011e 70616C5F 		.ascii	"pal_default_config\000"
 670      64656661 
 670      756C745F 
 670      636F6E66 
 670      696700
 671              	.LASF16:
 672 0131 70757064 		.ascii	"pupdr\000"
 672      7200
 673              	.LASF25:
 674 0137 50464461 		.ascii	"PFData\000"
 674      746100
 675              	.LASF21:
 676 013e 50424461 		.ascii	"PBData\000"
 676      746100
 677              	.LASF12:
 678 0145 63686172 		.ascii	"char\000"
 678      00
 679              	.LASF31:
 680 014a 626F6172 		.ascii	"boardInit\000"
 680      64496E69 
 680      7400
 681              	.LASF30:
 682 0154 5F5F6561 		.ascii	"__early_init\000"
 682      726C795F 
 682      696E6974 
 682      00
 683              	.LASF6:
 684 0161 696E7433 		.ascii	"int32_t\000"
 684      325F7400 
 685              	.LASF15:
 686 0169 6F737065 		.ascii	"ospeedr\000"
 686      65647200 
 687              	.LASF26:
 688 0171 50474461 		.ascii	"PGData\000"
 688      746100
 689              	.LASF3:
 690 0178 73686F72 		.ascii	"short int\000"
 690      7420696E 
 690      7400
 691              	.LASF22:
 692 0182 50434461 		.ascii	"PCData\000"
 692      746100
 693              	.LASF7:
 694 0189 75696E74 		.ascii	"uint32_t\000"
 694      33325F74 
 694      00
 695              	.LASF5:
 696 0192 6C6F6E67 		.ascii	"long int\000"
 696      20696E74 
 696      00
 697              	.LASF13:
 698 019b 6D6F6465 		.ascii	"moder\000"
 698      7200
 699              	.LASF1:
ARM GAS  /tmp/cc7vhb2C.s 			page 15


 700 01a1 7369676E 		.ascii	"signed char\000"
 700      65642063 
 700      68617200 
 701              	.LASF11:
 702 01ad 5F426F6F 		.ascii	"_Bool\000"
 702      6C00
 703              		.ident	"GCC: (Sourcery G++ Lite 2010.09-51) 4.5.1"
ARM GAS  /tmp/cc7vhb2C.s 			page 16


DEFINED SYMBOLS
                            *ABS*:00000000 board.c
     /tmp/cc7vhb2C.s:24     .text.__early_init:00000000 $t
     /tmp/cc7vhb2C.s:30     .text.__early_init:00000000 __early_init
     /tmp/cc7vhb2C.s:45     .text.boardInit:00000000 $t
     /tmp/cc7vhb2C.s:51     .text.boardInit:00000000 boardInit
     /tmp/cc7vhb2C.s:68     .rodata.pal_default_config:00000000 pal_default_config
     /tmp/cc7vhb2C.s:65     .rodata.pal_default_config:00000000 $d
                     .debug_frame:00000010 $d

UNDEFINED SYMBOLS
stm32_clock_init
