ARM GAS  /tmp/cc2Ncbli.s 			page 1


   1              		.syntax unified
   2              		.cpu cortex-m4
   3              		.fpu softvfp
   4              		.eabi_attribute 20, 1
   5              		.eabi_attribute 21, 1
   6              		.eabi_attribute 23, 3
   7              		.eabi_attribute 24, 1
   8              		.eabi_attribute 25, 1
   9              		.eabi_attribute 26, 1
  10              		.eabi_attribute 30, 2
  11              		.eabi_attribute 18, 4
  12              		.thumb
  13              		.file	"chcore_v7m.c"
  14              		.section	.debug_abbrev,"",%progbits
  15              	.Ldebug_abbrev0:
  16              		.section	.debug_info,"",%progbits
  17              	.Ldebug_info0:
  18              		.section	.debug_line,"",%progbits
  19              	.Ldebug_line0:
  20 0000 1E020000 		.text
  20      02006501 
  20      00000201 
  20      FB0E0D00 
  20      01010101 
  21              	.Ltext0:
  22              		.cfi_sections	.debug_frame
  23              		.section	.text._port_switch_from_isr,"ax",%progbits
  24              		.align	2
  25              		.p2align 4,,15
  26              		.global	_port_switch_from_isr
  27              		.thumb
  28              		.thumb_func
  29              		.type	_port_switch_from_isr, %function
  30              	_port_switch_from_isr:
  31              	.LFB11:
  32              		.file 1 "../ChibiOS_2.6.2/os/ports/GCC/ARMCMx/chcore_v7m.c"
  33              		.loc 1 207 0
  34              		.cfi_startproc
  35              		@ Naked Function: prologue and epilogue provided by programmer.
  36              		@ args = 0, pretend = 0, frame = 0
  37              		@ frame_needed = 0, uses_anonymous_args = 0
  38              		.loc 1 210 0
  39 0000 FFF7FEFF 		bl	chSchDoReschedule
  40              		.loc 1 212 0
  41              	@ 212 "../ChibiOS_2.6.2/os/ports/GCC/ARMCMx/chcore_v7m.c" 1
  42              		_port_exit_from_isr:
  43              	@ 0 "" 2
  44              		.loc 1 214 0
  45              	@ 214 "../ChibiOS_2.6.2/os/ports/GCC/ARMCMx/chcore_v7m.c" 1
  46 0004 00DF     		svc     #0
  47              	@ 0 "" 2
  48              		.loc 1 221 0
  49              		.thumb
  50              		.cfi_endproc
  51              	.LFE11:
  52              		.size	_port_switch_from_isr, .-_port_switch_from_isr
  53 0006 00BFAFF3 		.section	.text.SVCallVector,"ax",%progbits
ARM GAS  /tmp/cc2Ncbli.s 			page 2


  53      0080AFF3 
  53      0080
  54              		.align	2
  55              		.p2align 4,,15
  56              		.global	SVCallVector
  57              		.thumb
  58              		.thumb_func
  59              		.type	SVCallVector, %function
  60              	SVCallVector:
  61              	.LFB8:
  62              		.loc 1 65 0
  63              		.cfi_startproc
  64              		@ args = 0, pretend = 0, frame = 0
  65              		@ frame_needed = 0, uses_anonymous_args = 0
  66              		@ link register save eliminated.
  67              		.loc 1 69 0
  68              	@ 69 "../ChibiOS_2.6.2/os/ports/GCC/ARMCMx/chcore_v7m.c" 1
  69 0000 EFF30983 		mrs     r3, PSP
  70              	@ 0 "" 2
  71              	.LVL0:
  72              		.loc 1 73 0
  73              		.thumb
  74 0004 2033     		adds	r3, r3, #32
  75              	.LVL1:
  76              		.loc 1 80 0
  77              	@ 80 "../ChibiOS_2.6.2/os/ports/GCC/ARMCMx/chcore_v7m.c" 1
  78 0006 83F30988 		msr     PSP, r3
  79              	@ 0 "" 2
  80              		.thumb
  81              	.LBB2:
  82              		.loc 1 81 0
  83 000a 0023     		movs	r3, #0
  84              	.LVL2:
  85              	@ 81 "../ChibiOS_2.6.2/os/ports/GCC/ARMCMx/chcore_v7m.c" 1
  86 000c 83F31188 		msr     BASEPRI, r3
  87              	@ 0 "" 2
  88              	.LVL3:
  89              		.thumb
  90              	.LBE2:
  91              		.loc 1 82 0
  92 0010 7047     		bx	lr
  93              		.cfi_endproc
  94              	.LFE8:
  95              		.size	SVCallVector, .-SVCallVector
  96 0012 00BFAFF3 		.section	.text._port_init,"ax",%progbits
  96      0080AFF3 
  96      0080AFF3 
  96      0080
  97              		.align	2
  98              		.p2align 4,,15
  99              		.global	_port_init
 100              		.thumb
 101              		.thumb_func
 102              		.type	_port_init, %function
 103              	_port_init:
 104              	.LFB9:
 105              		.loc 1 118 0
ARM GAS  /tmp/cc2Ncbli.s 			page 3


 106              		.cfi_startproc
 107              		@ args = 0, pretend = 0, frame = 0
 108              		@ frame_needed = 0, uses_anonymous_args = 0
 109              		.loc 1 121 0
 110 0000 4FF46D43 		mov	r3, #60672
 111 0004 CEF20003 		movt	r3, 57344
 112              		.loc 1 122 0
 113 0008 4FF44072 		mov	r2, #768
 114 000c C0F2FA52 		movt	r2, 1530
 115              		.loc 1 121 0
 116 0010 0021     		movs	r1, #0
 117              		.loc 1 118 0
 118 0012 10B5     		push	{r4, lr}
 119              	.LCFI0:
 120              		.cfi_def_cfa_offset 8
 121              		.loc 1 125 0
 122 0014 0720     		movs	r0, #7
 123              		.loc 1 121 0
 124 0016 9960     		str	r1, [r3, #8]
 125              		.loc 1 125 0
 126 0018 1021     		movs	r1, #16
 127              		.loc 1 122 0
 128 001a DA60     		str	r2, [r3, #12]
 129              		.loc 1 125 0
 130              		.cfi_offset 14, -4
 131              		.cfi_offset 4, -8
 132 001c FFF7FEFF 		bl	nvicSetSystemHandlerPriority
 133              		.loc 1 127 0
 134 0020 0A20     		movs	r0, #10
 135 0022 2021     		movs	r1, #32
 136 0024 FFF7FEFF 		bl	nvicSetSystemHandlerPriority
 137              		.loc 1 129 0
 138 0028 0B20     		movs	r0, #11
 139 002a 8021     		movs	r1, #128
 140              		.loc 1 131 0
 141 002c BDE81040 		pop	{r4, lr}
 142              		.loc 1 129 0
 143 0030 FFF7FEBF 		b	nvicSetSystemHandlerPriority
 144              		.cfi_endproc
 145              	.LFE9:
 146              		.size	_port_init, .-_port_init
 147 0034 AFF30080 		.section	.text._port_irq_epilogue,"ax",%progbits
 147      AFF30080 
 147      AFF30080 
 148              		.align	2
 149              		.p2align 4,,15
 150              		.global	_port_irq_epilogue
 151              		.thumb
 152              		.thumb_func
 153              		.type	_port_irq_epilogue, %function
 154              	_port_irq_epilogue:
 155              	.LFB10:
 156              		.loc 1 148 0
 157              		.cfi_startproc
 158              		@ args = 0, pretend = 0, frame = 0
 159              		@ frame_needed = 0, uses_anonymous_args = 0
 160              		@ link register save eliminated.
ARM GAS  /tmp/cc2Ncbli.s 			page 4


 161              	.LBB3:
 162              		.loc 1 150 0
 163 0000 2023     		movs	r3, #32
 164              	.LVL4:
 165              	@ 150 "../ChibiOS_2.6.2/os/ports/GCC/ARMCMx/chcore_v7m.c" 1
 166 0002 83F31188 		msr     BASEPRI, r3
 167              	@ 0 "" 2
 168              	.LVL5:
 169              		.thumb
 170              	.LBE3:
 171              		.loc 1 151 0
 172 0006 4FF46D40 		mov	r0, #60672
 173 000a CEF20000 		movt	r0, 57344
 174 000e 4368     		ldr	r3, [r0, #4]
 175              	.LVL6:
 176 0010 13F40063 		ands	r3, r3, #2048
 177 0014 1CD0     		beq	.L5
 178              	.LBB4:
 179              		.loc 1 155 0
 180              	@ 155 "../ChibiOS_2.6.2/os/ports/GCC/ARMCMx/chcore_v7m.c" 1
 181 0016 EFF30982 		mrs     r2, PSP
 182              	@ 0 "" 2
 183              	.LVL7:
 184              		.loc 1 159 0
 185              		.thumb
 186 001a 203A     		subs	r2, r2, #32
 187              	.LVL8:
 188              		.loc 1 160 0
 189              	@ 160 "../ChibiOS_2.6.2/os/ports/GCC/ARMCMx/chcore_v7m.c" 1
 190 001c 82F30988 		msr     PSP, r2
 191              	@ 0 "" 2
 192              		.loc 1 165 0
 193              		.thumb
 194 0020 40F20003 		movw	r3, #:lower16:rlist
 195 0024 C0F20003 		movt	r3, #:upper16:rlist
 196              		.loc 1 161 0
 197 0028 4FF08070 		mov	r0, #16777216
 198              		.loc 1 165 0
 199 002c 9969     		ldr	r1, [r3, #24]
 200              		.loc 1 161 0
 201 002e D061     		str	r0, [r2, #28]
 202              		.loc 1 165 0
 203 0030 C87F     		ldrb	r0, [r1, #31]	@ zero_extendqisi2
 204 0032 80B1     		cbz	r0, .L6
 205              		.loc 1 165 0 is_stmt 0 discriminator 1
 206 0034 1868     		ldr	r0, [r3, #0]
 207 0036 8B68     		ldr	r3, [r1, #8]
 208 0038 8168     		ldr	r1, [r0, #8]
 209 003a 9942     		cmp	r1, r3
 210 003c 94BF     		ite	ls
 211 003e 0023     		movls	r3, #0
 212 0040 0123     		movhi	r3, #1
 213 0042 8BB1     		cbz	r3, .L8
 214              	.L11:
 215              		.loc 1 167 0 is_stmt 1
 216 0044 40F20003 		movw	r3, #:lower16:_port_switch_from_isr
 217 0048 C0F20003 		movt	r3, #:upper16:_port_switch_from_isr
ARM GAS  /tmp/cc2Ncbli.s 			page 5


 218 004c 9361     		str	r3, [r2, #24]
 219 004e 7047     		bx	lr
 220              	.LVL9:
 221              	.L5:
 222              	.LBE4:
 223              	.LBB5:
 224              		.loc 1 197 0
 225              	@ 197 "../ChibiOS_2.6.2/os/ports/GCC/ARMCMx/chcore_v7m.c" 1
 226 0050 83F31188 		msr     BASEPRI, r3
 227              	@ 0 "" 2
 228              	.LVL10:
 229              		.thumb
 230 0054 7047     		bx	lr
 231              	.LVL11:
 232              	.L6:
 233              	.LBE5:
 234              	.LBB6:
 235              		.loc 1 165 0 discriminator 2
 236 0056 1868     		ldr	r0, [r3, #0]
 237 0058 8B68     		ldr	r3, [r1, #8]
 238 005a 8168     		ldr	r1, [r0, #8]
 239 005c 9942     		cmp	r1, r3
 240 005e 34BF     		ite	cc
 241 0060 0023     		movcc	r3, #0
 242 0062 0123     		movcs	r3, #1
 243 0064 002B     		cmp	r3, #0
 244 0066 EDD1     		bne	.L11
 245              	.L8:
 246              		.loc 1 176 0
 247 0068 40F20001 		movw	r1, #:lower16:_port_exit_from_isr
 248 006c C0F20001 		movt	r1, #:upper16:_port_exit_from_isr
 249 0070 9161     		str	r1, [r2, #24]
 250 0072 7047     		bx	lr
 251              	.LBE6:
 252              		.cfi_endproc
 253              	.LFE10:
 254              		.size	_port_irq_epilogue, .-_port_irq_epilogue
 255 0074 AFF30080 		.section	.text.SysTickVector,"ax",%progbits
 255      AFF30080 
 255      AFF30080 
 256              		.align	2
 257              		.p2align 4,,15
 258              		.global	SysTickVector
 259              		.thumb
 260              		.thumb_func
 261              		.type	SysTickVector, %function
 262              	SysTickVector:
 263              	.LFB7:
 264              		.loc 1 47 0
 265              		.cfi_startproc
 266              		@ args = 0, pretend = 0, frame = 0
 267              		@ frame_needed = 0, uses_anonymous_args = 0
 268 0000 10B5     		push	{r4, lr}
 269              	.LCFI1:
 270              		.cfi_def_cfa_offset 8
 271              	.LBB7:
 272              		.loc 1 51 0
ARM GAS  /tmp/cc2Ncbli.s 			page 6


 273 0002 2023     		movs	r3, #32
 274              	.LVL12:
 275              	@ 51 "../ChibiOS_2.6.2/os/ports/GCC/ARMCMx/chcore_v7m.c" 1
 276 0004 83F31188 		msr     BASEPRI, r3
 277              	@ 0 "" 2
 278              	.LVL13:
 279              		.thumb
 280              	.LBE7:
 281              		.loc 1 52 0
 282              		.cfi_offset 14, -4
 283              		.cfi_offset 4, -8
 284 0008 FFF7FEFF 		bl	chSysTimerHandlerI
 285              	.LVL14:
 286              	.LBB8:
 287              		.loc 1 53 0
 288 000c 0023     		movs	r3, #0
 289              	.LVL15:
 290              	@ 53 "../ChibiOS_2.6.2/os/ports/GCC/ARMCMx/chcore_v7m.c" 1
 291 000e 83F31188 		msr     BASEPRI, r3
 292              	@ 0 "" 2
 293              	.LVL16:
 294              		.thumb
 295              	.LBE8:
 296              		.loc 1 56 0
 297 0012 BDE81040 		pop	{r4, lr}
 298              		.loc 1 55 0
 299 0016 FFF7FEBF 		b	_port_irq_epilogue
 300              		.cfi_endproc
 301              	.LFE7:
 302              		.size	SysTickVector, .-SysTickVector
 303 001a 00BFAFF3 		.section	.text._port_switch,"ax",%progbits
 303      0080
 304              		.align	2
 305              		.p2align 4,,15
 306              		.global	_port_switch
 307              		.thumb
 308              		.thumb_func
 309              		.type	_port_switch, %function
 310              	_port_switch:
 311              	.LFB12:
 312              		.loc 1 236 0
 313              		.cfi_startproc
 314              		@ Naked Function: prologue and epilogue provided by programmer.
 315              		@ args = 0, pretend = 0, frame = 0
 316              		@ frame_needed = 0, uses_anonymous_args = 0
 317              	.LVL17:
 318              		.loc 1 238 0
 319              	@ 238 "../ChibiOS_2.6.2/os/ports/GCC/ARMCMx/chcore_v7m.c" 1
 320 0000 2DE9F04F 		push    {r4, r5, r6, r7, r8, r9, r10, r11, lr}
 321              	@ 0 "" 2
 322              		.loc 1 244 0
 323              	@ 244 "../ChibiOS_2.6.2/os/ports/GCC/ARMCMx/chcore_v7m.c" 1
 324 0004 C1F80CD0 		str     sp, [r1, #12]                          
 325 0008 D0F80CD0 		ldr     sp, [r0, #12]
 326              	@ 0 "" 2
 327              		.loc 1 250 0
 328              	@ 250 "../ChibiOS_2.6.2/os/ports/GCC/ARMCMx/chcore_v7m.c" 1
ARM GAS  /tmp/cc2Ncbli.s 			page 7


 329 000c BDE8F08F 		pop     {r4, r5, r6, r7, r8, r9, r10, r11, pc}
 330              	@ 0 "" 2
 331              		.loc 1 252 0
 332              		.thumb
 333              		.cfi_endproc
 334              	.LFE12:
 335              		.size	_port_switch, .-_port_switch
 336              		.section	.text._port_thread_start,"ax",%progbits
 337              		.align	2
 338              		.p2align 4,,15
 339              		.global	_port_thread_start
 340              		.thumb
 341              		.thumb_func
 342              		.type	_port_thread_start, %function
 343              	_port_thread_start:
 344              	.LFB13:
 345              		.loc 1 259 0
 346              		.cfi_startproc
 347              		@ args = 0, pretend = 0, frame = 0
 348              		@ frame_needed = 0, uses_anonymous_args = 0
 349              		@ link register save eliminated.
 350              	.LBB9:
 351              		.loc 1 261 0
 352 0000 0023     		movs	r3, #0
 353              	.LVL18:
 354              	@ 261 "../ChibiOS_2.6.2/os/ports/GCC/ARMCMx/chcore_v7m.c" 1
 355 0002 83F31188 		msr     BASEPRI, r3
 356              	@ 0 "" 2
 357              	.LVL19:
 358              		.thumb
 359              	.LBE9:
 360              		.loc 1 262 0
 361              	@ 262 "../ChibiOS_2.6.2/os/ports/GCC/ARMCMx/chcore_v7m.c" 1
 362 0006 2846     		mov     r0, r5                                 
 363 0008 A047     		blx     r4                                     
 364 000a FFF7FEFF 		bl      chThdExit
 365              	@ 0 "" 2
 366              		.loc 1 265 0
 367              		.thumb
 368 000e 7047     		bx	lr
 369              		.cfi_endproc
 370              	.LFE13:
 371              		.size	_port_thread_start, .-_port_thread_start
 372              		.text
 373              	.Letext0:
 374              		.section	.debug_loc,"",%progbits
 375              	.Ldebug_loc0:
 376              	.LLST0:
 377 0000 04000000 		.4byte	.LVL0
 378 0004 06000000 		.4byte	.LVL1
 379 0008 0300     		.2byte	0x3
 380 000a 73       		.byte	0x73
 381 000b 20       		.sleb128 32
 382 000c 9F       		.byte	0x9f
 383 000d 06000000 		.4byte	.LVL1
 384 0011 0C000000 		.4byte	.LVL2
 385 0015 0100     		.2byte	0x1
ARM GAS  /tmp/cc2Ncbli.s 			page 8


 386 0017 53       		.byte	0x53
 387 0018 00000000 		.4byte	0x0
 388 001c 00000000 		.4byte	0x0
 389              	.LLST1:
 390 0020 10000000 		.4byte	.LVL3
 391 0024 12000000 		.4byte	.LFE8
 392 0028 0100     		.2byte	0x1
 393 002a 53       		.byte	0x53
 394 002b 00000000 		.4byte	0x0
 395 002f 00000000 		.4byte	0x0
 396              	.LLST2:
 397 0033 00000000 		.4byte	.LFB9
 398 0037 14000000 		.4byte	.LCFI0
 399 003b 0200     		.2byte	0x2
 400 003d 7D       		.byte	0x7d
 401 003e 00       		.sleb128 0
 402 003f 14000000 		.4byte	.LCFI0
 403 0043 34000000 		.4byte	.LFE9
 404 0047 0200     		.2byte	0x2
 405 0049 7D       		.byte	0x7d
 406 004a 08       		.sleb128 8
 407 004b 00000000 		.4byte	0x0
 408 004f 00000000 		.4byte	0x0
 409              	.LLST3:
 410 0053 06000000 		.4byte	.LVL5
 411 0057 10000000 		.4byte	.LVL6
 412 005b 0100     		.2byte	0x1
 413 005d 53       		.byte	0x53
 414 005e 00000000 		.4byte	0x0
 415 0062 00000000 		.4byte	0x0
 416              	.LLST4:
 417 0066 1A000000 		.4byte	.LVL7
 418 006a 1C000000 		.4byte	.LVL8
 419 006e 0100     		.2byte	0x1
 420 0070 52       		.byte	0x52
 421 0071 1C000000 		.4byte	.LVL8
 422 0075 50000000 		.4byte	.LVL9
 423 0079 0100     		.2byte	0x1
 424 007b 52       		.byte	0x52
 425 007c 56000000 		.4byte	.LVL11
 426 0080 74000000 		.4byte	.LFE10
 427 0084 0100     		.2byte	0x1
 428 0086 52       		.byte	0x52
 429 0087 00000000 		.4byte	0x0
 430 008b 00000000 		.4byte	0x0
 431              	.LLST5:
 432 008f 54000000 		.4byte	.LVL10
 433 0093 56000000 		.4byte	.LVL11
 434 0097 0100     		.2byte	0x1
 435 0099 53       		.byte	0x53
 436 009a 00000000 		.4byte	0x0
 437 009e 00000000 		.4byte	0x0
 438              	.LLST6:
 439 00a2 00000000 		.4byte	.LFB7
 440 00a6 02000000 		.4byte	.LCFI1
 441 00aa 0200     		.2byte	0x2
 442 00ac 7D       		.byte	0x7d
ARM GAS  /tmp/cc2Ncbli.s 			page 9


 443 00ad 00       		.sleb128 0
 444 00ae 02000000 		.4byte	.LCFI1
 445 00b2 1A000000 		.4byte	.LFE7
 446 00b6 0200     		.2byte	0x2
 447 00b8 7D       		.byte	0x7d
 448 00b9 08       		.sleb128 8
 449 00ba 00000000 		.4byte	0x0
 450 00be 00000000 		.4byte	0x0
 451              	.LLST7:
 452 00c2 08000000 		.4byte	.LVL13
 453 00c6 0B000000 		.4byte	.LVL14-1
 454 00ca 0100     		.2byte	0x1
 455 00cc 53       		.byte	0x53
 456 00cd 00000000 		.4byte	0x0
 457 00d1 00000000 		.4byte	0x0
 458              	.LLST8:
 459 00d5 12000000 		.4byte	.LVL16
 460 00d9 1A000000 		.4byte	.LFE7
 461 00dd 0100     		.2byte	0x1
 462 00df 53       		.byte	0x53
 463 00e0 00000000 		.4byte	0x0
 464 00e4 00000000 		.4byte	0x0
 465              	.LLST9:
 466 00e8 06000000 		.4byte	.LVL19
 467 00ec 10000000 		.4byte	.LFE13
 468 00f0 0100     		.2byte	0x1
 469 00f2 53       		.byte	0x53
 470 00f3 00000000 		.4byte	0x0
 471 00f7 00000000 		.4byte	0x0
 472              		.file 2 "/opt/sgpp-lite-arm-eabi-bin-2010.09.51/bin/../lib/gcc/arm-none-eabi/4.5.1/../../../../arm
 473              		.file 3 "../ChibiOS_2.6.2/os/ports/GCC/ARMCMx/chtypes.h"
 474              		.file 4 "../ChibiOS_2.6.2/os/kernel/include/chlists.h"
 475              		.file 5 "../ChibiOS_2.6.2/os/kernel/include/chthreads.h"
 476              		.file 6 "../ChibiOS_2.6.2/os/ports/GCC/ARMCMx/chcore_v7m.h"
 477              		.file 7 "../ChibiOS_2.6.2/os/ports/common/ARMCMx/nvic.h"
 478              		.file 8 "../ChibiOS_2.6.2/os/kernel/include/chschd.h"
 479              		.file 9 "../ChibiOS_2.6.2/os/kernel/include/chmtx.h"
 480              		.section	.debug_info
 481 0000 EE070000 		.4byte	0x7ee
 482 0004 0200     		.2byte	0x2
 483 0006 00000000 		.4byte	.Ldebug_abbrev0
 484 000a 04       		.byte	0x4
 485 000b 01       		.uleb128 0x1
 486 000c 28030000 		.4byte	.LASF90
 487 0010 01       		.byte	0x1
 488 0011 F6020000 		.4byte	.LASF91
 489 0015 3B030000 		.4byte	.LASF92
 490 0019 00000000 		.4byte	0x0
 491 001d 00000000 		.4byte	0x0
 492 0021 18000000 		.4byte	.Ldebug_ranges0+0x18
 493 0025 00000000 		.4byte	.Ldebug_line0
 494 0029 02       		.uleb128 0x2
 495 002a 04       		.byte	0x4
 496 002b 05       		.byte	0x5
 497 002c 696E7400 		.ascii	"int\000"
 498 0030 03       		.uleb128 0x3
 499 0031 04       		.byte	0x4
ARM GAS  /tmp/cc2Ncbli.s 			page 10


 500 0032 07       		.byte	0x7
 501 0033 CE000000 		.4byte	.LASF0
 502 0037 03       		.uleb128 0x3
 503 0038 01       		.byte	0x1
 504 0039 06       		.byte	0x6
 505 003a 5E000000 		.4byte	.LASF1
 506 003e 04       		.uleb128 0x4
 507 003f E3020000 		.4byte	.LASF5
 508 0043 02       		.byte	0x2
 509 0044 2A       		.byte	0x2a
 510 0045 49000000 		.4byte	0x49
 511 0049 03       		.uleb128 0x3
 512 004a 01       		.byte	0x1
 513 004b 08       		.byte	0x8
 514 004c EF010000 		.4byte	.LASF2
 515 0050 03       		.uleb128 0x3
 516 0051 02       		.byte	0x2
 517 0052 05       		.byte	0x5
 518 0053 0D020000 		.4byte	.LASF3
 519 0057 03       		.uleb128 0x3
 520 0058 02       		.byte	0x2
 521 0059 07       		.byte	0x7
 522 005a 2B010000 		.4byte	.LASF4
 523 005e 04       		.uleb128 0x4
 524 005f E7010000 		.4byte	.LASF6
 525 0063 02       		.byte	0x2
 526 0064 4F       		.byte	0x4f
 527 0065 69000000 		.4byte	0x69
 528 0069 03       		.uleb128 0x3
 529 006a 04       		.byte	0x4
 530 006b 05       		.byte	0x5
 531 006c 8B000000 		.4byte	.LASF7
 532 0070 04       		.uleb128 0x4
 533 0071 5D020000 		.4byte	.LASF8
 534 0075 02       		.byte	0x2
 535 0076 50       		.byte	0x50
 536 0077 7B000000 		.4byte	0x7b
 537 007b 03       		.uleb128 0x3
 538 007c 04       		.byte	0x4
 539 007d 07       		.byte	0x7
 540 007e F6000000 		.4byte	.LASF9
 541 0082 03       		.uleb128 0x3
 542 0083 08       		.byte	0x8
 543 0084 05       		.byte	0x5
 544 0085 50000000 		.4byte	.LASF10
 545 0089 03       		.uleb128 0x3
 546 008a 08       		.byte	0x8
 547 008b 07       		.byte	0x7
 548 008c 23000000 		.4byte	.LASF11
 549 0090 03       		.uleb128 0x3
 550 0091 01       		.byte	0x1
 551 0092 02       		.byte	0x2
 552 0093 E1010000 		.4byte	.LASF12
 553 0097 04       		.uleb128 0x4
 554 0098 6D010000 		.4byte	.LASF13
 555 009c 03       		.byte	0x3
 556 009d 2C       		.byte	0x2c
ARM GAS  /tmp/cc2Ncbli.s 			page 11


 557 009e 3E000000 		.4byte	0x3e
 558 00a2 04       		.uleb128 0x4
 559 00a3 94000000 		.4byte	.LASF14
 560 00a7 03       		.byte	0x3
 561 00a8 2D       		.byte	0x2d
 562 00a9 3E000000 		.4byte	0x3e
 563 00ad 04       		.uleb128 0x4
 564 00ae C5010000 		.4byte	.LASF15
 565 00b2 03       		.byte	0x3
 566 00b3 2E       		.byte	0x2e
 567 00b4 3E000000 		.4byte	0x3e
 568 00b8 04       		.uleb128 0x4
 569 00b9 81000000 		.4byte	.LASF16
 570 00bd 03       		.byte	0x3
 571 00be 2F       		.byte	0x2f
 572 00bf 3E000000 		.4byte	0x3e
 573 00c3 04       		.uleb128 0x4
 574 00c4 D9010000 		.4byte	.LASF17
 575 00c8 03       		.byte	0x3
 576 00c9 30       		.byte	0x30
 577 00ca 70000000 		.4byte	0x70
 578 00ce 04       		.uleb128 0x4
 579 00cf 43010000 		.4byte	.LASF18
 580 00d3 03       		.byte	0x3
 581 00d4 31       		.byte	0x31
 582 00d5 5E000000 		.4byte	0x5e
 583 00d9 04       		.uleb128 0x4
 584 00da 81010000 		.4byte	.LASF19
 585 00de 03       		.byte	0x3
 586 00df 33       		.byte	0x33
 587 00e0 70000000 		.4byte	0x70
 588 00e4 04       		.uleb128 0x4
 589 00e5 87020000 		.4byte	.LASF20
 590 00e9 03       		.byte	0x3
 591 00ea 35       		.byte	0x35
 592 00eb 70000000 		.4byte	0x70
 593 00ef 04       		.uleb128 0x4
 594 00f0 4B020000 		.4byte	.LASF21
 595 00f4 04       		.byte	0x4
 596 00f5 2A       		.byte	0x2a
 597 00f6 FA000000 		.4byte	0xfa
 598 00fa 05       		.uleb128 0x5
 599 00fb 4B020000 		.4byte	.LASF21
 600 00ff 48       		.byte	0x48
 601 0100 05       		.byte	0x5
 602 0101 5E       		.byte	0x5e
 603 0102 1F020000 		.4byte	0x21f
 604 0106 06       		.uleb128 0x6
 605 0107 3C020000 		.4byte	.LASF22
 606 010b 05       		.byte	0x5
 607 010c 5F       		.byte	0x5f
 608 010d 44020000 		.4byte	0x244
 609 0111 02       		.byte	0x2
 610 0112 23       		.byte	0x23
 611 0113 00       		.uleb128 0x0
 612 0114 06       		.uleb128 0x6
 613 0115 D2010000 		.4byte	.LASF23
ARM GAS  /tmp/cc2Ncbli.s 			page 12


 614 0119 05       		.byte	0x5
 615 011a 61       		.byte	0x61
 616 011b 44020000 		.4byte	0x244
 617 011f 02       		.byte	0x2
 618 0120 23       		.byte	0x23
 619 0121 04       		.uleb128 0x4
 620 0122 06       		.uleb128 0x6
 621 0123 49000000 		.4byte	.LASF24
 622 0127 05       		.byte	0x5
 623 0128 63       		.byte	0x63
 624 0129 C3000000 		.4byte	0xc3
 625 012d 02       		.byte	0x2
 626 012e 23       		.byte	0x23
 627 012f 08       		.uleb128 0x8
 628 0130 06       		.uleb128 0x6
 629 0131 68030000 		.4byte	.LASF25
 630 0135 05       		.byte	0x5
 631 0136 64       		.byte	0x64
 632 0137 8A030000 		.4byte	0x38a
 633 013b 02       		.byte	0x2
 634 013c 23       		.byte	0x23
 635 013d 0C       		.uleb128 0xc
 636 013e 06       		.uleb128 0x6
 637 013f B0000000 		.4byte	.LASF26
 638 0143 05       		.byte	0x5
 639 0144 66       		.byte	0x66
 640 0145 44020000 		.4byte	0x244
 641 0149 02       		.byte	0x2
 642 014a 23       		.byte	0x23
 643 014b 10       		.uleb128 0x10
 644 014c 06       		.uleb128 0x6
 645 014d 98010000 		.4byte	.LASF27
 646 0151 05       		.byte	0x5
 647 0152 67       		.byte	0x67
 648 0153 44020000 		.4byte	0x244
 649 0157 02       		.byte	0x2
 650 0158 23       		.byte	0x23
 651 0159 14       		.uleb128 0x14
 652 015a 06       		.uleb128 0x6
 653 015b 34030000 		.4byte	.LASF28
 654 015f 05       		.byte	0x5
 655 0160 6E       		.byte	0x6e
 656 0161 30060000 		.4byte	0x630
 657 0165 02       		.byte	0x2
 658 0166 23       		.byte	0x23
 659 0167 18       		.uleb128 0x18
 660 0168 06       		.uleb128 0x6
 661 0169 17020000 		.4byte	.LASF29
 662 016d 05       		.byte	0x5
 663 016e 79       		.byte	0x79
 664 016f A2000000 		.4byte	0xa2
 665 0173 02       		.byte	0x2
 666 0174 23       		.byte	0x23
 667 0175 1C       		.uleb128 0x1c
 668 0176 06       		.uleb128 0x6
 669 0177 43020000 		.4byte	.LASF30
 670 017b 05       		.byte	0x5
ARM GAS  /tmp/cc2Ncbli.s 			page 13


 671 017c 7D       		.byte	0x7d
 672 017d 97000000 		.4byte	0x97
 673 0181 02       		.byte	0x2
 674 0182 23       		.byte	0x23
 675 0183 1D       		.uleb128 0x1d
 676 0184 06       		.uleb128 0x6
 677 0185 C7020000 		.4byte	.LASF31
 678 0189 05       		.byte	0x5
 679 018a 82       		.byte	0x82
 680 018b AD000000 		.4byte	0xad
 681 018f 02       		.byte	0x2
 682 0190 23       		.byte	0x23
 683 0191 1E       		.uleb128 0x1e
 684 0192 06       		.uleb128 0x6
 685 0193 1F020000 		.4byte	.LASF32
 686 0197 05       		.byte	0x5
 687 0198 88       		.byte	0x88
 688 0199 B8000000 		.4byte	0xb8
 689 019d 02       		.byte	0x2
 690 019e 23       		.byte	0x23
 691 019f 1F       		.uleb128 0x1f
 692 01a0 06       		.uleb128 0x6
 693 01a1 A9020000 		.4byte	.LASF33
 694 01a5 05       		.byte	0x5
 695 01a6 8F       		.byte	0x8f
 696 01a7 46050000 		.4byte	0x546
 697 01ab 02       		.byte	0x2
 698 01ac 23       		.byte	0x23
 699 01ad 20       		.uleb128 0x20
 700 01ae 07       		.uleb128 0x7
 701 01af 705F7500 		.ascii	"p_u\000"
 702 01b3 05       		.byte	0x5
 703 01b4 B4       		.byte	0xb4
 704 01b5 FB050000 		.4byte	0x5fb
 705 01b9 02       		.byte	0x2
 706 01ba 23       		.byte	0x23
 707 01bb 24       		.uleb128 0x24
 708 01bc 06       		.uleb128 0x6
 709 01bd 6E030000 		.4byte	.LASF34
 710 01c1 05       		.byte	0x5
 711 01c2 B9       		.byte	0xb9
 712 01c3 6C020000 		.4byte	0x26c
 713 01c7 02       		.byte	0x2
 714 01c8 23       		.byte	0x23
 715 01c9 28       		.uleb128 0x28
 716 01ca 06       		.uleb128 0x6
 717 01cb BC020000 		.4byte	.LASF35
 718 01cf 05       		.byte	0x5
 719 01d0 BF       		.byte	0xbf
 720 01d1 4A020000 		.4byte	0x24a
 721 01d5 02       		.byte	0x2
 722 01d6 23       		.byte	0x23
 723 01d7 2C       		.uleb128 0x2c
 724 01d8 06       		.uleb128 0x6
 725 01d9 00000000 		.4byte	.LASF36
 726 01dd 05       		.byte	0x5
 727 01de C3       		.byte	0xc3
ARM GAS  /tmp/cc2Ncbli.s 			page 14


 728 01df CE000000 		.4byte	0xce
 729 01e3 02       		.byte	0x2
 730 01e4 23       		.byte	0x23
 731 01e5 34       		.uleb128 0x34
 732 01e6 06       		.uleb128 0x6
 733 01e7 52020000 		.4byte	.LASF37
 734 01eb 05       		.byte	0x5
 735 01ec C9       		.byte	0xc9
 736 01ed D9000000 		.4byte	0xd9
 737 01f1 02       		.byte	0x2
 738 01f2 23       		.byte	0x23
 739 01f3 38       		.uleb128 0x38
 740 01f4 06       		.uleb128 0x6
 741 01f5 03020000 		.4byte	.LASF38
 742 01f9 05       		.byte	0x5
 743 01fa D0       		.byte	0xd0
 744 01fb 42060000 		.4byte	0x642
 745 01ff 02       		.byte	0x2
 746 0200 23       		.byte	0x23
 747 0201 3C       		.uleb128 0x3c
 748 0202 06       		.uleb128 0x6
 749 0203 91020000 		.4byte	.LASF39
 750 0207 05       		.byte	0x5
 751 0208 D4       		.byte	0xd4
 752 0209 C3000000 		.4byte	0xc3
 753 020d 02       		.byte	0x2
 754 020e 23       		.byte	0x23
 755 020f 40       		.uleb128 0x40
 756 0210 06       		.uleb128 0x6
 757 0211 6A000000 		.4byte	.LASF40
 758 0215 05       		.byte	0x5
 759 0216 DA       		.byte	0xda
 760 0217 82020000 		.4byte	0x282
 761 021b 02       		.byte	0x2
 762 021c 23       		.byte	0x23
 763 021d 44       		.uleb128 0x44
 764 021e 00       		.byte	0x0
 765 021f 08       		.uleb128 0x8
 766 0220 08       		.byte	0x8
 767 0221 04       		.byte	0x4
 768 0222 61       		.byte	0x61
 769 0223 44020000 		.4byte	0x244
 770 0227 06       		.uleb128 0x6
 771 0228 3C020000 		.4byte	.LASF22
 772 022c 04       		.byte	0x4
 773 022d 62       		.byte	0x62
 774 022e 44020000 		.4byte	0x244
 775 0232 02       		.byte	0x2
 776 0233 23       		.byte	0x23
 777 0234 00       		.uleb128 0x0
 778 0235 06       		.uleb128 0x6
 779 0236 D2010000 		.4byte	.LASF23
 780 023a 04       		.byte	0x4
 781 023b 64       		.byte	0x64
 782 023c 44020000 		.4byte	0x244
 783 0240 02       		.byte	0x2
 784 0241 23       		.byte	0x23
ARM GAS  /tmp/cc2Ncbli.s 			page 15


 785 0242 04       		.uleb128 0x4
 786 0243 00       		.byte	0x0
 787 0244 09       		.uleb128 0x9
 788 0245 04       		.byte	0x4
 789 0246 EF000000 		.4byte	0xef
 790 024a 04       		.uleb128 0x4
 791 024b A6010000 		.4byte	.LASF41
 792 024f 04       		.byte	0x4
 793 0250 66       		.byte	0x66
 794 0251 1F020000 		.4byte	0x21f
 795 0255 08       		.uleb128 0x8
 796 0256 04       		.byte	0x4
 797 0257 04       		.byte	0x4
 798 0258 6B       		.byte	0x6b
 799 0259 6C020000 		.4byte	0x26c
 800 025d 06       		.uleb128 0x6
 801 025e 3C020000 		.4byte	.LASF22
 802 0262 04       		.byte	0x4
 803 0263 6D       		.byte	0x6d
 804 0264 44020000 		.4byte	0x244
 805 0268 02       		.byte	0x2
 806 0269 23       		.byte	0x23
 807 026a 00       		.uleb128 0x0
 808 026b 00       		.byte	0x0
 809 026c 04       		.uleb128 0x4
 810 026d 75010000 		.4byte	.LASF42
 811 0271 04       		.byte	0x4
 812 0272 70       		.byte	0x70
 813 0273 55020000 		.4byte	0x255
 814 0277 04       		.uleb128 0x4
 815 0278 C5000000 		.4byte	.LASF43
 816 027c 06       		.byte	0x6
 817 027d E5       		.byte	0xe5
 818 027e 82020000 		.4byte	0x282
 819 0282 0A       		.uleb128 0xa
 820 0283 04       		.byte	0x4
 821 0284 05       		.uleb128 0x5
 822 0285 E2000000 		.4byte	.LASF44
 823 0289 20       		.byte	0x20
 824 028a 06       		.byte	0x6
 825 028b ED       		.byte	0xed
 826 028c FC020000 		.4byte	0x2fc
 827 0290 07       		.uleb128 0x7
 828 0291 723000   		.ascii	"r0\000"
 829 0294 06       		.byte	0x6
 830 0295 EE       		.byte	0xee
 831 0296 77020000 		.4byte	0x277
 832 029a 02       		.byte	0x2
 833 029b 23       		.byte	0x23
 834 029c 00       		.uleb128 0x0
 835 029d 07       		.uleb128 0x7
 836 029e 723100   		.ascii	"r1\000"
 837 02a1 06       		.byte	0x6
 838 02a2 EF       		.byte	0xef
 839 02a3 77020000 		.4byte	0x277
 840 02a7 02       		.byte	0x2
 841 02a8 23       		.byte	0x23
ARM GAS  /tmp/cc2Ncbli.s 			page 16


 842 02a9 04       		.uleb128 0x4
 843 02aa 07       		.uleb128 0x7
 844 02ab 723200   		.ascii	"r2\000"
 845 02ae 06       		.byte	0x6
 846 02af F0       		.byte	0xf0
 847 02b0 77020000 		.4byte	0x277
 848 02b4 02       		.byte	0x2
 849 02b5 23       		.byte	0x23
 850 02b6 08       		.uleb128 0x8
 851 02b7 07       		.uleb128 0x7
 852 02b8 723300   		.ascii	"r3\000"
 853 02bb 06       		.byte	0x6
 854 02bc F1       		.byte	0xf1
 855 02bd 77020000 		.4byte	0x277
 856 02c1 02       		.byte	0x2
 857 02c2 23       		.byte	0x23
 858 02c3 0C       		.uleb128 0xc
 859 02c4 07       		.uleb128 0x7
 860 02c5 72313200 		.ascii	"r12\000"
 861 02c9 06       		.byte	0x6
 862 02ca F2       		.byte	0xf2
 863 02cb 77020000 		.4byte	0x277
 864 02cf 02       		.byte	0x2
 865 02d0 23       		.byte	0x23
 866 02d1 10       		.uleb128 0x10
 867 02d2 06       		.uleb128 0x6
 868 02d3 DB000000 		.4byte	.LASF45
 869 02d7 06       		.byte	0x6
 870 02d8 F3       		.byte	0xf3
 871 02d9 77020000 		.4byte	0x277
 872 02dd 02       		.byte	0x2
 873 02de 23       		.byte	0x23
 874 02df 14       		.uleb128 0x14
 875 02e0 07       		.uleb128 0x7
 876 02e1 706300   		.ascii	"pc\000"
 877 02e4 06       		.byte	0x6
 878 02e5 F4       		.byte	0xf4
 879 02e6 77020000 		.4byte	0x277
 880 02ea 02       		.byte	0x2
 881 02eb 23       		.byte	0x23
 882 02ec 18       		.uleb128 0x18
 883 02ed 06       		.uleb128 0x6
 884 02ee 29020000 		.4byte	.LASF46
 885 02f2 06       		.byte	0x6
 886 02f3 F5       		.byte	0xf5
 887 02f4 77020000 		.4byte	0x277
 888 02f8 02       		.byte	0x2
 889 02f9 23       		.byte	0x23
 890 02fa 1C       		.uleb128 0x1c
 891 02fb 00       		.byte	0x0
 892 02fc 0B       		.uleb128 0xb
 893 02fd B5020000 		.4byte	.LASF47
 894 0301 24       		.byte	0x24
 895 0302 06       		.byte	0x6
 896 0303 0C01     		.2byte	0x10c
 897 0305 8A030000 		.4byte	0x38a
 898 0309 0C       		.uleb128 0xc
ARM GAS  /tmp/cc2Ncbli.s 			page 17


 899 030a 723400   		.ascii	"r4\000"
 900 030d 06       		.byte	0x6
 901 030e 1F01     		.2byte	0x11f
 902 0310 77020000 		.4byte	0x277
 903 0314 02       		.byte	0x2
 904 0315 23       		.byte	0x23
 905 0316 00       		.uleb128 0x0
 906 0317 0C       		.uleb128 0xc
 907 0318 723500   		.ascii	"r5\000"
 908 031b 06       		.byte	0x6
 909 031c 2001     		.2byte	0x120
 910 031e 77020000 		.4byte	0x277
 911 0322 02       		.byte	0x2
 912 0323 23       		.byte	0x23
 913 0324 04       		.uleb128 0x4
 914 0325 0C       		.uleb128 0xc
 915 0326 723600   		.ascii	"r6\000"
 916 0329 06       		.byte	0x6
 917 032a 2101     		.2byte	0x121
 918 032c 77020000 		.4byte	0x277
 919 0330 02       		.byte	0x2
 920 0331 23       		.byte	0x23
 921 0332 08       		.uleb128 0x8
 922 0333 0C       		.uleb128 0xc
 923 0334 723700   		.ascii	"r7\000"
 924 0337 06       		.byte	0x6
 925 0338 2201     		.2byte	0x122
 926 033a 77020000 		.4byte	0x277
 927 033e 02       		.byte	0x2
 928 033f 23       		.byte	0x23
 929 0340 0C       		.uleb128 0xc
 930 0341 0C       		.uleb128 0xc
 931 0342 723800   		.ascii	"r8\000"
 932 0345 06       		.byte	0x6
 933 0346 2301     		.2byte	0x123
 934 0348 77020000 		.4byte	0x277
 935 034c 02       		.byte	0x2
 936 034d 23       		.byte	0x23
 937 034e 10       		.uleb128 0x10
 938 034f 0C       		.uleb128 0xc
 939 0350 723900   		.ascii	"r9\000"
 940 0353 06       		.byte	0x6
 941 0354 2401     		.2byte	0x124
 942 0356 77020000 		.4byte	0x277
 943 035a 02       		.byte	0x2
 944 035b 23       		.byte	0x23
 945 035c 14       		.uleb128 0x14
 946 035d 0C       		.uleb128 0xc
 947 035e 72313000 		.ascii	"r10\000"
 948 0362 06       		.byte	0x6
 949 0363 2501     		.2byte	0x125
 950 0365 77020000 		.4byte	0x277
 951 0369 02       		.byte	0x2
 952 036a 23       		.byte	0x23
 953 036b 18       		.uleb128 0x18
 954 036c 0C       		.uleb128 0xc
 955 036d 72313100 		.ascii	"r11\000"
ARM GAS  /tmp/cc2Ncbli.s 			page 18


 956 0371 06       		.byte	0x6
 957 0372 2601     		.2byte	0x126
 958 0374 77020000 		.4byte	0x277
 959 0378 02       		.byte	0x2
 960 0379 23       		.byte	0x23
 961 037a 1C       		.uleb128 0x1c
 962 037b 0C       		.uleb128 0xc
 963 037c 6C7200   		.ascii	"lr\000"
 964 037f 06       		.byte	0x6
 965 0380 2701     		.2byte	0x127
 966 0382 77020000 		.4byte	0x277
 967 0386 02       		.byte	0x2
 968 0387 23       		.byte	0x23
 969 0388 20       		.uleb128 0x20
 970 0389 00       		.byte	0x0
 971 038a 0B       		.uleb128 0xb
 972 038b 23010000 		.4byte	.LASF48
 973 038f 04       		.byte	0x4
 974 0390 06       		.byte	0x6
 975 0391 3101     		.2byte	0x131
 976 0393 A7030000 		.4byte	0x3a7
 977 0397 0C       		.uleb128 0xc
 978 0398 72313300 		.ascii	"r13\000"
 979 039c 06       		.byte	0x6
 980 039d 3201     		.2byte	0x132
 981 039f A7030000 		.4byte	0x3a7
 982 03a3 02       		.byte	0x2
 983 03a4 23       		.byte	0x23
 984 03a5 00       		.uleb128 0x0
 985 03a6 00       		.byte	0x0
 986 03a7 09       		.uleb128 0x9
 987 03a8 04       		.byte	0x4
 988 03a9 FC020000 		.4byte	0x2fc
 989 03ad 0D       		.uleb128 0xd
 990 03ae 7B000000 		.4byte	0x7b
 991 03b2 08       		.uleb128 0x8
 992 03b3 8C       		.byte	0x8c
 993 03b4 07       		.byte	0x7
 994 03b5 89       		.byte	0x89
 995 03b6 E2040000 		.4byte	0x4e2
 996 03ba 06       		.uleb128 0x6
 997 03bb 43000000 		.4byte	.LASF49
 998 03bf 07       		.byte	0x7
 999 03c0 8A       		.byte	0x8a
 1000 03c1 AD030000 		.4byte	0x3ad
 1001 03c5 02       		.byte	0x2
 1002 03c6 23       		.byte	0x23
 1003 03c7 00       		.uleb128 0x0
 1004 03c8 06       		.uleb128 0x6
 1005 03c9 3E010000 		.4byte	.LASF50
 1006 03cd 07       		.byte	0x7
 1007 03ce 8B       		.byte	0x8b
 1008 03cf AD030000 		.4byte	0x3ad
 1009 03d3 02       		.byte	0x2
 1010 03d4 23       		.byte	0x23
 1011 03d5 04       		.uleb128 0x4
 1012 03d6 06       		.uleb128 0x6
ARM GAS  /tmp/cc2Ncbli.s 			page 19


 1013 03d7 08010000 		.4byte	.LASF51
 1014 03db 07       		.byte	0x7
 1015 03dc 8C       		.byte	0x8c
 1016 03dd AD030000 		.4byte	0x3ad
 1017 03e1 02       		.byte	0x2
 1018 03e2 23       		.byte	0x23
 1019 03e3 08       		.uleb128 0x8
 1020 03e4 06       		.uleb128 0x6
 1021 03e5 49010000 		.4byte	.LASF52
 1022 03e9 07       		.byte	0x7
 1023 03ea 8D       		.byte	0x8d
 1024 03eb AD030000 		.4byte	0x3ad
 1025 03ef 02       		.byte	0x2
 1026 03f0 23       		.byte	0x23
 1027 03f1 0C       		.uleb128 0xc
 1028 03f2 07       		.uleb128 0x7
 1029 03f3 53435200 		.ascii	"SCR\000"
 1030 03f7 07       		.byte	0x7
 1031 03f8 8E       		.byte	0x8e
 1032 03f9 AD030000 		.4byte	0x3ad
 1033 03fd 02       		.byte	0x2
 1034 03fe 23       		.byte	0x23
 1035 03ff 10       		.uleb128 0x10
 1036 0400 07       		.uleb128 0x7
 1037 0401 43435200 		.ascii	"CCR\000"
 1038 0405 07       		.byte	0x7
 1039 0406 8F       		.byte	0x8f
 1040 0407 AD030000 		.4byte	0x3ad
 1041 040b 02       		.byte	0x2
 1042 040c 23       		.byte	0x23
 1043 040d 14       		.uleb128 0x14
 1044 040e 06       		.uleb128 0x6
 1045 040f B0020000 		.4byte	.LASF53
 1046 0413 07       		.byte	0x7
 1047 0414 90       		.byte	0x90
 1048 0415 F2040000 		.4byte	0x4f2
 1049 0419 02       		.byte	0x2
 1050 041a 23       		.byte	0x23
 1051 041b 18       		.uleb128 0x18
 1052 041c 06       		.uleb128 0x6
 1053 041d FD010000 		.4byte	.LASF54
 1054 0421 07       		.byte	0x7
 1055 0422 91       		.byte	0x91
 1056 0423 AD030000 		.4byte	0x3ad
 1057 0427 02       		.byte	0x2
 1058 0428 23       		.byte	0x23
 1059 0429 24       		.uleb128 0x24
 1060 042a 06       		.uleb128 0x6
 1061 042b 93010000 		.4byte	.LASF55
 1062 042f 07       		.byte	0x7
 1063 0430 92       		.byte	0x92
 1064 0431 AD030000 		.4byte	0x3ad
 1065 0435 02       		.byte	0x2
 1066 0436 23       		.byte	0x23
 1067 0437 28       		.uleb128 0x28
 1068 0438 06       		.uleb128 0x6
 1069 0439 5B030000 		.4byte	.LASF56
ARM GAS  /tmp/cc2Ncbli.s 			page 20


 1070 043d 07       		.byte	0x7
 1071 043e 93       		.byte	0x93
 1072 043f AD030000 		.4byte	0x3ad
 1073 0443 02       		.byte	0x2
 1074 0444 23       		.byte	0x23
 1075 0445 2C       		.uleb128 0x2c
 1076 0446 06       		.uleb128 0x6
 1077 0447 4F010000 		.4byte	.LASF57
 1078 044b 07       		.byte	0x7
 1079 044c 94       		.byte	0x94
 1080 044d AD030000 		.4byte	0x3ad
 1081 0451 02       		.byte	0x2
 1082 0452 23       		.byte	0x23
 1083 0453 30       		.uleb128 0x30
 1084 0454 06       		.uleb128 0x6
 1085 0455 54010000 		.4byte	.LASF58
 1086 0459 07       		.byte	0x7
 1087 045a 95       		.byte	0x95
 1088 045b AD030000 		.4byte	0x3ad
 1089 045f 02       		.byte	0x2
 1090 0460 23       		.byte	0x23
 1091 0461 34       		.uleb128 0x34
 1092 0462 06       		.uleb128 0x6
 1093 0463 B8000000 		.4byte	.LASF59
 1094 0467 07       		.byte	0x7
 1095 0468 96       		.byte	0x96
 1096 0469 AD030000 		.4byte	0x3ad
 1097 046d 02       		.byte	0x2
 1098 046e 23       		.byte	0x23
 1099 046f 38       		.uleb128 0x38
 1100 0470 06       		.uleb128 0x6
 1101 0471 6E020000 		.4byte	.LASF60
 1102 0475 07       		.byte	0x7
 1103 0476 97       		.byte	0x97
 1104 0477 AD030000 		.4byte	0x3ad
 1105 047b 02       		.byte	0x2
 1106 047c 23       		.byte	0x23
 1107 047d 3C       		.uleb128 0x3c
 1108 047e 07       		.uleb128 0x7
 1109 047f 50465200 		.ascii	"PFR\000"
 1110 0483 07       		.byte	0x7
 1111 0484 98       		.byte	0x98
 1112 0485 07050000 		.4byte	0x507
 1113 0489 02       		.byte	0x2
 1114 048a 23       		.byte	0x23
 1115 048b 40       		.uleb128 0x40
 1116 048c 07       		.uleb128 0x7
 1117 048d 44465200 		.ascii	"DFR\000"
 1118 0491 07       		.byte	0x7
 1119 0492 99       		.byte	0x99
 1120 0493 AD030000 		.4byte	0x3ad
 1121 0497 02       		.byte	0x2
 1122 0498 23       		.byte	0x23
 1123 0499 48       		.uleb128 0x48
 1124 049a 07       		.uleb128 0x7
 1125 049b 41445200 		.ascii	"ADR\000"
 1126 049f 07       		.byte	0x7
ARM GAS  /tmp/cc2Ncbli.s 			page 21


 1127 04a0 9A       		.byte	0x9a
 1128 04a1 AD030000 		.4byte	0x3ad
 1129 04a5 02       		.byte	0x2
 1130 04a6 23       		.byte	0x23
 1131 04a7 4C       		.uleb128 0x4c
 1132 04a8 06       		.uleb128 0x6
 1133 04a9 D8020000 		.4byte	.LASF61
 1134 04ad 07       		.byte	0x7
 1135 04ae 9B       		.byte	0x9b
 1136 04af 1C050000 		.4byte	0x51c
 1137 04b3 02       		.byte	0x2
 1138 04b4 23       		.byte	0x23
 1139 04b5 50       		.uleb128 0x50
 1140 04b6 07       		.uleb128 0x7
 1141 04b7 53415200 		.ascii	"SAR\000"
 1142 04bb 07       		.byte	0x7
 1143 04bc 9C       		.byte	0x9c
 1144 04bd 31050000 		.4byte	0x531
 1145 04c1 02       		.byte	0x2
 1146 04c2 23       		.byte	0x23
 1147 04c3 60       		.uleb128 0x60
 1148 04c4 06       		.uleb128 0x6
 1149 04c5 73020000 		.4byte	.LASF62
 1150 04c9 07       		.byte	0x7
 1151 04ca 9D       		.byte	0x9d
 1152 04cb 36050000 		.4byte	0x536
 1153 04cf 02       		.byte	0x2
 1154 04d0 23       		.byte	0x23
 1155 04d1 74       		.uleb128 0x74
 1156 04d2 06       		.uleb128 0x6
 1157 04d3 55030000 		.4byte	.LASF63
 1158 04d7 07       		.byte	0x7
 1159 04d8 9E       		.byte	0x9e
 1160 04d9 AD030000 		.4byte	0x3ad
 1161 04dd 03       		.byte	0x3
 1162 04de 23       		.byte	0x23
 1163 04df 8801     		.uleb128 0x88
 1164 04e1 00       		.byte	0x0
 1165 04e2 0E       		.uleb128 0xe
 1166 04e3 7B000000 		.4byte	0x7b
 1167 04e7 F2040000 		.4byte	0x4f2
 1168 04eb 0F       		.uleb128 0xf
 1169 04ec 30000000 		.4byte	0x30
 1170 04f0 02       		.byte	0x2
 1171 04f1 00       		.byte	0x0
 1172 04f2 0D       		.uleb128 0xd
 1173 04f3 E2040000 		.4byte	0x4e2
 1174 04f7 0E       		.uleb128 0xe
 1175 04f8 7B000000 		.4byte	0x7b
 1176 04fc 07050000 		.4byte	0x507
 1177 0500 0F       		.uleb128 0xf
 1178 0501 30000000 		.4byte	0x30
 1179 0505 01       		.byte	0x1
 1180 0506 00       		.byte	0x0
 1181 0507 0D       		.uleb128 0xd
 1182 0508 F7040000 		.4byte	0x4f7
 1183 050c 0E       		.uleb128 0xe
ARM GAS  /tmp/cc2Ncbli.s 			page 22


 1184 050d 7B000000 		.4byte	0x7b
 1185 0511 1C050000 		.4byte	0x51c
 1186 0515 0F       		.uleb128 0xf
 1187 0516 30000000 		.4byte	0x30
 1188 051a 03       		.byte	0x3
 1189 051b 00       		.byte	0x0
 1190 051c 0D       		.uleb128 0xd
 1191 051d 0C050000 		.4byte	0x50c
 1192 0521 0E       		.uleb128 0xe
 1193 0522 7B000000 		.4byte	0x7b
 1194 0526 31050000 		.4byte	0x531
 1195 052a 0F       		.uleb128 0xf
 1196 052b 30000000 		.4byte	0x30
 1197 052f 04       		.byte	0x4
 1198 0530 00       		.byte	0x0
 1199 0531 0D       		.uleb128 0xd
 1200 0532 21050000 		.4byte	0x521
 1201 0536 0D       		.uleb128 0xd
 1202 0537 21050000 		.4byte	0x521
 1203 053b 04       		.uleb128 0x4
 1204 053c 0D000000 		.4byte	.LASF64
 1205 0540 07       		.byte	0x7
 1206 0541 9F       		.byte	0x9f
 1207 0542 B2030000 		.4byte	0x3b2
 1208 0546 0D       		.uleb128 0xd
 1209 0547 E4000000 		.4byte	0xe4
 1210 054b 08       		.uleb128 0x8
 1211 054c 1C       		.byte	0x1c
 1212 054d 08       		.byte	0x8
 1213 054e 5E       		.byte	0x5e
 1214 054f A8050000 		.4byte	0x5a8
 1215 0553 06       		.uleb128 0x6
 1216 0554 66020000 		.4byte	.LASF65
 1217 0558 08       		.byte	0x8
 1218 0559 5F       		.byte	0x5f
 1219 055a 4A020000 		.4byte	0x24a
 1220 055e 02       		.byte	0x2
 1221 055f 23       		.byte	0x23
 1222 0560 00       		.uleb128 0x0
 1223 0561 06       		.uleb128 0x6
 1224 0562 2E020000 		.4byte	.LASF66
 1225 0566 08       		.byte	0x8
 1226 0567 60       		.byte	0x60
 1227 0568 C3000000 		.4byte	0xc3
 1228 056c 02       		.byte	0x2
 1229 056d 23       		.byte	0x23
 1230 056e 08       		.uleb128 0x8
 1231 056f 06       		.uleb128 0x6
 1232 0570 A0010000 		.4byte	.LASF67
 1233 0574 08       		.byte	0x8
 1234 0575 62       		.byte	0x62
 1235 0576 8A030000 		.4byte	0x38a
 1236 057a 02       		.byte	0x2
 1237 057b 23       		.byte	0x23
 1238 057c 0C       		.uleb128 0xc
 1239 057d 06       		.uleb128 0x6
 1240 057e BD000000 		.4byte	.LASF68
ARM GAS  /tmp/cc2Ncbli.s 			page 23


 1241 0582 08       		.byte	0x8
 1242 0583 65       		.byte	0x65
 1243 0584 44020000 		.4byte	0x244
 1244 0588 02       		.byte	0x2
 1245 0589 23       		.byte	0x23
 1246 058a 10       		.uleb128 0x10
 1247 058b 06       		.uleb128 0x6
 1248 058c BD010000 		.4byte	.LASF69
 1249 0590 08       		.byte	0x8
 1250 0591 66       		.byte	0x66
 1251 0592 44020000 		.4byte	0x244
 1252 0596 02       		.byte	0x2
 1253 0597 23       		.byte	0x23
 1254 0598 14       		.uleb128 0x14
 1255 0599 06       		.uleb128 0x6
 1256 059a B3010000 		.4byte	.LASF70
 1257 059e 08       		.byte	0x8
 1258 059f 69       		.byte	0x69
 1259 05a0 44020000 		.4byte	0x244
 1260 05a4 02       		.byte	0x2
 1261 05a5 23       		.byte	0x23
 1262 05a6 18       		.uleb128 0x18
 1263 05a7 00       		.byte	0x0
 1264 05a8 04       		.uleb128 0x4
 1265 05a9 CE020000 		.4byte	.LASF71
 1266 05ad 08       		.byte	0x8
 1267 05ae 6B       		.byte	0x6b
 1268 05af 4B050000 		.4byte	0x54b
 1269 05b3 05       		.uleb128 0x5
 1270 05b4 8D010000 		.4byte	.LASF72
 1271 05b8 10       		.byte	0x10
 1272 05b9 09       		.byte	0x9
 1273 05ba 2C       		.byte	0x2c
 1274 05bb EA050000 		.4byte	0x5ea
 1275 05bf 06       		.uleb128 0x6
 1276 05c0 72000000 		.4byte	.LASF73
 1277 05c4 09       		.byte	0x9
 1278 05c5 2D       		.byte	0x2d
 1279 05c6 4A020000 		.4byte	0x24a
 1280 05ca 02       		.byte	0x2
 1281 05cb 23       		.byte	0x23
 1282 05cc 00       		.uleb128 0x0
 1283 05cd 06       		.uleb128 0x6
 1284 05ce 60030000 		.4byte	.LASF74
 1285 05d2 09       		.byte	0x9
 1286 05d3 2F       		.byte	0x2f
 1287 05d4 44020000 		.4byte	0x244
 1288 05d8 02       		.byte	0x2
 1289 05d9 23       		.byte	0x23
 1290 05da 08       		.uleb128 0x8
 1291 05db 06       		.uleb128 0x6
 1292 05dc 80020000 		.4byte	.LASF75
 1293 05e0 09       		.byte	0x9
 1294 05e1 31       		.byte	0x31
 1295 05e2 EA050000 		.4byte	0x5ea
 1296 05e6 02       		.byte	0x2
 1297 05e7 23       		.byte	0x23
ARM GAS  /tmp/cc2Ncbli.s 			page 24


 1298 05e8 0C       		.uleb128 0xc
 1299 05e9 00       		.byte	0x0
 1300 05ea 09       		.uleb128 0x9
 1301 05eb 04       		.byte	0x4
 1302 05ec B3050000 		.4byte	0x5b3
 1303 05f0 04       		.uleb128 0x4
 1304 05f1 8D010000 		.4byte	.LASF72
 1305 05f5 09       		.byte	0x9
 1306 05f6 33       		.byte	0x33
 1307 05f7 B3050000 		.4byte	0x5b3
 1308 05fb 10       		.uleb128 0x10
 1309 05fc 04       		.byte	0x4
 1310 05fd 05       		.byte	0x5
 1311 05fe 96       		.byte	0x96
 1312 05ff 30060000 		.4byte	0x630
 1313 0603 11       		.uleb128 0x11
 1314 0604 06000000 		.4byte	.LASF76
 1315 0608 05       		.byte	0x5
 1316 0609 9D       		.byte	0x9d
 1317 060a CE000000 		.4byte	0xce
 1318 060e 11       		.uleb128 0x11
 1319 060f 3A000000 		.4byte	.LASF77
 1320 0613 05       		.byte	0x5
 1321 0614 A4       		.byte	0xa4
 1322 0615 CE000000 		.4byte	0xce
 1323 0619 11       		.uleb128 0x11
 1324 061a 7A000000 		.4byte	.LASF78
 1325 061e 05       		.byte	0x5
 1326 061f AB       		.byte	0xab
 1327 0620 82020000 		.4byte	0x282
 1328 0624 11       		.uleb128 0x11
 1329 0625 35020000 		.4byte	.LASF79
 1330 0629 05       		.byte	0x5
 1331 062a B2       		.byte	0xb2
 1332 062b D9000000 		.4byte	0xd9
 1333 062f 00       		.byte	0x0
 1334 0630 09       		.uleb128 0x9
 1335 0631 04       		.byte	0x4
 1336 0632 36060000 		.4byte	0x636
 1337 0636 12       		.uleb128 0x12
 1338 0637 3B060000 		.4byte	0x63b
 1339 063b 03       		.uleb128 0x3
 1340 063c 01       		.byte	0x1
 1341 063d 08       		.byte	0x8
 1342 063e 7B020000 		.4byte	.LASF80
 1343 0642 09       		.uleb128 0x9
 1344 0643 04       		.byte	0x4
 1345 0644 F0050000 		.4byte	0x5f0
 1346 0648 13       		.uleb128 0x13
 1347 0649 01       		.byte	0x1
 1348 064a 0D010000 		.4byte	.LASF82
 1349 064e 01       		.byte	0x1
 1350 064f CF       		.byte	0xcf
 1351 0650 01       		.byte	0x1
 1352 0651 00000000 		.4byte	.LFB11
 1353 0655 06000000 		.4byte	.LFE11
 1354 0659 02       		.byte	0x2
ARM GAS  /tmp/cc2Ncbli.s 			page 25


 1355 065a 7D       		.byte	0x7d
 1356 065b 00       		.sleb128 0
 1357 065c 14       		.uleb128 0x14
 1358 065d 01       		.byte	0x1
 1359 065e 9C020000 		.4byte	.LASF84
 1360 0662 01       		.byte	0x1
 1361 0663 41       		.byte	0x41
 1362 0664 01       		.byte	0x1
 1363 0665 00000000 		.4byte	.LFB8
 1364 0669 12000000 		.4byte	.LFE8
 1365 066d 02       		.byte	0x2
 1366 066e 7D       		.byte	0x7d
 1367 066f 00       		.sleb128 0
 1368 0670 9D060000 		.4byte	0x69d
 1369 0674 15       		.uleb128 0x15
 1370 0675 CD010000 		.4byte	.LASF81
 1371 0679 01       		.byte	0x1
 1372 067a 42       		.byte	0x42
 1373 067b 9D060000 		.4byte	0x69d
 1374 067f 00000000 		.4byte	.LLST0
 1375 0683 16       		.uleb128 0x16
 1376 0684 0A000000 		.4byte	.LBB2
 1377 0688 10000000 		.4byte	.LBE2
 1378 068c 17       		.uleb128 0x17
 1379 068d 746D7000 		.ascii	"tmp\000"
 1380 0691 01       		.byte	0x1
 1381 0692 51       		.byte	0x51
 1382 0693 70000000 		.4byte	0x70
 1383 0697 20000000 		.4byte	.LLST1
 1384 069b 00       		.byte	0x0
 1385 069c 00       		.byte	0x0
 1386 069d 09       		.uleb128 0x9
 1387 069e 04       		.byte	0x4
 1388 069f 84020000 		.4byte	0x284
 1389 06a3 18       		.uleb128 0x18
 1390 06a4 01       		.byte	0x1
 1391 06a5 EB020000 		.4byte	.LASF83
 1392 06a9 01       		.byte	0x1
 1393 06aa 76       		.byte	0x76
 1394 06ab 01       		.byte	0x1
 1395 06ac 00000000 		.4byte	.LFB9
 1396 06b0 34000000 		.4byte	.LFE9
 1397 06b4 33000000 		.4byte	.LLST2
 1398 06b8 14       		.uleb128 0x14
 1399 06b9 01       		.byte	0x1
 1400 06ba 5A010000 		.4byte	.LASF85
 1401 06be 01       		.byte	0x1
 1402 06bf 94       		.byte	0x94
 1403 06c0 01       		.byte	0x1
 1404 06c1 00000000 		.4byte	.LFB10
 1405 06c5 74000000 		.4byte	.LFE10
 1406 06c9 02       		.byte	0x2
 1407 06ca 7D       		.byte	0x7d
 1408 06cb 00       		.sleb128 0
 1409 06cc 20070000 		.4byte	0x720
 1410 06d0 19       		.uleb128 0x19
 1411 06d1 00000000 		.4byte	.LBB3
ARM GAS  /tmp/cc2Ncbli.s 			page 26


 1412 06d5 06000000 		.4byte	.LBE3
 1413 06d9 ED060000 		.4byte	0x6ed
 1414 06dd 17       		.uleb128 0x17
 1415 06de 746D7000 		.ascii	"tmp\000"
 1416 06e2 01       		.byte	0x1
 1417 06e3 96       		.byte	0x96
 1418 06e4 70000000 		.4byte	0x70
 1419 06e8 53000000 		.4byte	.LLST3
 1420 06ec 00       		.byte	0x0
 1421 06ed 1A       		.uleb128 0x1a
 1422 06ee 00000000 		.4byte	.Ldebug_ranges0+0x0
 1423 06f2 06070000 		.4byte	0x706
 1424 06f6 15       		.uleb128 0x15
 1425 06f7 CD010000 		.4byte	.LASF81
 1426 06fb 01       		.byte	0x1
 1427 06fc 98       		.byte	0x98
 1428 06fd 9D060000 		.4byte	0x69d
 1429 0701 66000000 		.4byte	.LLST4
 1430 0705 00       		.byte	0x0
 1431 0706 16       		.uleb128 0x16
 1432 0707 50000000 		.4byte	.LBB5
 1433 070b 56000000 		.4byte	.LBE5
 1434 070f 17       		.uleb128 0x17
 1435 0710 746D7000 		.ascii	"tmp\000"
 1436 0714 01       		.byte	0x1
 1437 0715 C5       		.byte	0xc5
 1438 0716 70000000 		.4byte	0x70
 1439 071a 8F000000 		.4byte	.LLST5
 1440 071e 00       		.byte	0x0
 1441 071f 00       		.byte	0x0
 1442 0720 1B       		.uleb128 0x1b
 1443 0721 01       		.byte	0x1
 1444 0722 15000000 		.4byte	.LASF86
 1445 0726 01       		.byte	0x1
 1446 0727 2F       		.byte	0x2f
 1447 0728 01       		.byte	0x1
 1448 0729 00000000 		.4byte	.LFB7
 1449 072d 1A000000 		.4byte	.LFE7
 1450 0731 A2000000 		.4byte	.LLST6
 1451 0735 70070000 		.4byte	0x770
 1452 0739 19       		.uleb128 0x19
 1453 073a 02000000 		.4byte	.LBB7
 1454 073e 08000000 		.4byte	.LBE7
 1455 0742 56070000 		.4byte	0x756
 1456 0746 17       		.uleb128 0x17
 1457 0747 746D7000 		.ascii	"tmp\000"
 1458 074b 01       		.byte	0x1
 1459 074c 33       		.byte	0x33
 1460 074d 70000000 		.4byte	0x70
 1461 0751 C2000000 		.4byte	.LLST7
 1462 0755 00       		.byte	0x0
 1463 0756 16       		.uleb128 0x16
 1464 0757 0C000000 		.4byte	.LBB8
 1465 075b 12000000 		.4byte	.LBE8
 1466 075f 17       		.uleb128 0x17
 1467 0760 746D7000 		.ascii	"tmp\000"
 1468 0764 01       		.byte	0x1
ARM GAS  /tmp/cc2Ncbli.s 			page 27


 1469 0765 35       		.byte	0x35
 1470 0766 70000000 		.4byte	0x70
 1471 076a D5000000 		.4byte	.LLST8
 1472 076e 00       		.byte	0x0
 1473 076f 00       		.byte	0x0
 1474 0770 14       		.uleb128 0x14
 1475 0771 01       		.byte	0x1
 1476 0772 E9000000 		.4byte	.LASF87
 1477 0776 01       		.byte	0x1
 1478 0777 EC       		.byte	0xec
 1479 0778 01       		.byte	0x1
 1480 0779 00000000 		.4byte	.LFB12
 1481 077d 10000000 		.4byte	.LFE12
 1482 0781 02       		.byte	0x2
 1483 0782 7D       		.byte	0x7d
 1484 0783 00       		.sleb128 0
 1485 0784 A3070000 		.4byte	0x7a3
 1486 0788 1C       		.uleb128 0x1c
 1487 0789 6E747000 		.ascii	"ntp\000"
 1488 078d 01       		.byte	0x1
 1489 078e EC       		.byte	0xec
 1490 078f 44020000 		.4byte	0x244
 1491 0793 01       		.byte	0x1
 1492 0794 50       		.byte	0x50
 1493 0795 1C       		.uleb128 0x1c
 1494 0796 6F747000 		.ascii	"otp\000"
 1495 079a 01       		.byte	0x1
 1496 079b EC       		.byte	0xec
 1497 079c 44020000 		.4byte	0x244
 1498 07a0 01       		.byte	0x1
 1499 07a1 51       		.byte	0x51
 1500 07a2 00       		.byte	0x0
 1501 07a3 1D       		.uleb128 0x1d
 1502 07a4 01       		.byte	0x1
 1503 07a5 9D000000 		.4byte	.LASF88
 1504 07a9 01       		.byte	0x1
 1505 07aa 0301     		.2byte	0x103
 1506 07ac 01       		.byte	0x1
 1507 07ad 00000000 		.4byte	.LFB13
 1508 07b1 10000000 		.4byte	.LFE13
 1509 07b5 02       		.byte	0x2
 1510 07b6 7D       		.byte	0x7d
 1511 07b7 00       		.sleb128 0
 1512 07b8 D7070000 		.4byte	0x7d7
 1513 07bc 16       		.uleb128 0x16
 1514 07bd 00000000 		.4byte	.LBB9
 1515 07c1 06000000 		.4byte	.LBE9
 1516 07c5 1E       		.uleb128 0x1e
 1517 07c6 746D7000 		.ascii	"tmp\000"
 1518 07ca 01       		.byte	0x1
 1519 07cb 0501     		.2byte	0x105
 1520 07cd 70000000 		.4byte	0x70
 1521 07d1 E8000000 		.4byte	.LLST9
 1522 07d5 00       		.byte	0x0
 1523 07d6 00       		.byte	0x0
 1524 07d7 1F       		.uleb128 0x1f
 1525 07d8 DD020000 		.4byte	.LASF89
ARM GAS  /tmp/cc2Ncbli.s 			page 28


 1526 07dc 08       		.byte	0x8
 1527 07dd 6F       		.byte	0x6f
 1528 07de A8050000 		.4byte	0x5a8
 1529 07e2 01       		.byte	0x1
 1530 07e3 01       		.byte	0x1
 1531 07e4 1F       		.uleb128 0x1f
 1532 07e5 DD020000 		.4byte	.LASF89
 1533 07e9 08       		.byte	0x8
 1534 07ea 6F       		.byte	0x6f
 1535 07eb A8050000 		.4byte	0x5a8
 1536 07ef 01       		.byte	0x1
 1537 07f0 01       		.byte	0x1
 1538 07f1 00       		.byte	0x0
 1539              		.section	.debug_abbrev
 1540 0000 01       		.uleb128 0x1
 1541 0001 11       		.uleb128 0x11
 1542 0002 01       		.byte	0x1
 1543 0003 25       		.uleb128 0x25
 1544 0004 0E       		.uleb128 0xe
 1545 0005 13       		.uleb128 0x13
 1546 0006 0B       		.uleb128 0xb
 1547 0007 03       		.uleb128 0x3
 1548 0008 0E       		.uleb128 0xe
 1549 0009 1B       		.uleb128 0x1b
 1550 000a 0E       		.uleb128 0xe
 1551 000b 11       		.uleb128 0x11
 1552 000c 01       		.uleb128 0x1
 1553 000d 52       		.uleb128 0x52
 1554 000e 01       		.uleb128 0x1
 1555 000f 55       		.uleb128 0x55
 1556 0010 06       		.uleb128 0x6
 1557 0011 10       		.uleb128 0x10
 1558 0012 06       		.uleb128 0x6
 1559 0013 00       		.byte	0x0
 1560 0014 00       		.byte	0x0
 1561 0015 02       		.uleb128 0x2
 1562 0016 24       		.uleb128 0x24
 1563 0017 00       		.byte	0x0
 1564 0018 0B       		.uleb128 0xb
 1565 0019 0B       		.uleb128 0xb
 1566 001a 3E       		.uleb128 0x3e
 1567 001b 0B       		.uleb128 0xb
 1568 001c 03       		.uleb128 0x3
 1569 001d 08       		.uleb128 0x8
 1570 001e 00       		.byte	0x0
 1571 001f 00       		.byte	0x0
 1572 0020 03       		.uleb128 0x3
 1573 0021 24       		.uleb128 0x24
 1574 0022 00       		.byte	0x0
 1575 0023 0B       		.uleb128 0xb
 1576 0024 0B       		.uleb128 0xb
 1577 0025 3E       		.uleb128 0x3e
 1578 0026 0B       		.uleb128 0xb
 1579 0027 03       		.uleb128 0x3
 1580 0028 0E       		.uleb128 0xe
 1581 0029 00       		.byte	0x0
 1582 002a 00       		.byte	0x0
ARM GAS  /tmp/cc2Ncbli.s 			page 29


 1583 002b 04       		.uleb128 0x4
 1584 002c 16       		.uleb128 0x16
 1585 002d 00       		.byte	0x0
 1586 002e 03       		.uleb128 0x3
 1587 002f 0E       		.uleb128 0xe
 1588 0030 3A       		.uleb128 0x3a
 1589 0031 0B       		.uleb128 0xb
 1590 0032 3B       		.uleb128 0x3b
 1591 0033 0B       		.uleb128 0xb
 1592 0034 49       		.uleb128 0x49
 1593 0035 13       		.uleb128 0x13
 1594 0036 00       		.byte	0x0
 1595 0037 00       		.byte	0x0
 1596 0038 05       		.uleb128 0x5
 1597 0039 13       		.uleb128 0x13
 1598 003a 01       		.byte	0x1
 1599 003b 03       		.uleb128 0x3
 1600 003c 0E       		.uleb128 0xe
 1601 003d 0B       		.uleb128 0xb
 1602 003e 0B       		.uleb128 0xb
 1603 003f 3A       		.uleb128 0x3a
 1604 0040 0B       		.uleb128 0xb
 1605 0041 3B       		.uleb128 0x3b
 1606 0042 0B       		.uleb128 0xb
 1607 0043 01       		.uleb128 0x1
 1608 0044 13       		.uleb128 0x13
 1609 0045 00       		.byte	0x0
 1610 0046 00       		.byte	0x0
 1611 0047 06       		.uleb128 0x6
 1612 0048 0D       		.uleb128 0xd
 1613 0049 00       		.byte	0x0
 1614 004a 03       		.uleb128 0x3
 1615 004b 0E       		.uleb128 0xe
 1616 004c 3A       		.uleb128 0x3a
 1617 004d 0B       		.uleb128 0xb
 1618 004e 3B       		.uleb128 0x3b
 1619 004f 0B       		.uleb128 0xb
 1620 0050 49       		.uleb128 0x49
 1621 0051 13       		.uleb128 0x13
 1622 0052 38       		.uleb128 0x38
 1623 0053 0A       		.uleb128 0xa
 1624 0054 00       		.byte	0x0
 1625 0055 00       		.byte	0x0
 1626 0056 07       		.uleb128 0x7
 1627 0057 0D       		.uleb128 0xd
 1628 0058 00       		.byte	0x0
 1629 0059 03       		.uleb128 0x3
 1630 005a 08       		.uleb128 0x8
 1631 005b 3A       		.uleb128 0x3a
 1632 005c 0B       		.uleb128 0xb
 1633 005d 3B       		.uleb128 0x3b
 1634 005e 0B       		.uleb128 0xb
 1635 005f 49       		.uleb128 0x49
 1636 0060 13       		.uleb128 0x13
 1637 0061 38       		.uleb128 0x38
 1638 0062 0A       		.uleb128 0xa
 1639 0063 00       		.byte	0x0
ARM GAS  /tmp/cc2Ncbli.s 			page 30


 1640 0064 00       		.byte	0x0
 1641 0065 08       		.uleb128 0x8
 1642 0066 13       		.uleb128 0x13
 1643 0067 01       		.byte	0x1
 1644 0068 0B       		.uleb128 0xb
 1645 0069 0B       		.uleb128 0xb
 1646 006a 3A       		.uleb128 0x3a
 1647 006b 0B       		.uleb128 0xb
 1648 006c 3B       		.uleb128 0x3b
 1649 006d 0B       		.uleb128 0xb
 1650 006e 01       		.uleb128 0x1
 1651 006f 13       		.uleb128 0x13
 1652 0070 00       		.byte	0x0
 1653 0071 00       		.byte	0x0
 1654 0072 09       		.uleb128 0x9
 1655 0073 0F       		.uleb128 0xf
 1656 0074 00       		.byte	0x0
 1657 0075 0B       		.uleb128 0xb
 1658 0076 0B       		.uleb128 0xb
 1659 0077 49       		.uleb128 0x49
 1660 0078 13       		.uleb128 0x13
 1661 0079 00       		.byte	0x0
 1662 007a 00       		.byte	0x0
 1663 007b 0A       		.uleb128 0xa
 1664 007c 0F       		.uleb128 0xf
 1665 007d 00       		.byte	0x0
 1666 007e 0B       		.uleb128 0xb
 1667 007f 0B       		.uleb128 0xb
 1668 0080 00       		.byte	0x0
 1669 0081 00       		.byte	0x0
 1670 0082 0B       		.uleb128 0xb
 1671 0083 13       		.uleb128 0x13
 1672 0084 01       		.byte	0x1
 1673 0085 03       		.uleb128 0x3
 1674 0086 0E       		.uleb128 0xe
 1675 0087 0B       		.uleb128 0xb
 1676 0088 0B       		.uleb128 0xb
 1677 0089 3A       		.uleb128 0x3a
 1678 008a 0B       		.uleb128 0xb
 1679 008b 3B       		.uleb128 0x3b
 1680 008c 05       		.uleb128 0x5
 1681 008d 01       		.uleb128 0x1
 1682 008e 13       		.uleb128 0x13
 1683 008f 00       		.byte	0x0
 1684 0090 00       		.byte	0x0
 1685 0091 0C       		.uleb128 0xc
 1686 0092 0D       		.uleb128 0xd
 1687 0093 00       		.byte	0x0
 1688 0094 03       		.uleb128 0x3
 1689 0095 08       		.uleb128 0x8
 1690 0096 3A       		.uleb128 0x3a
 1691 0097 0B       		.uleb128 0xb
 1692 0098 3B       		.uleb128 0x3b
 1693 0099 05       		.uleb128 0x5
 1694 009a 49       		.uleb128 0x49
 1695 009b 13       		.uleb128 0x13
 1696 009c 38       		.uleb128 0x38
ARM GAS  /tmp/cc2Ncbli.s 			page 31


 1697 009d 0A       		.uleb128 0xa
 1698 009e 00       		.byte	0x0
 1699 009f 00       		.byte	0x0
 1700 00a0 0D       		.uleb128 0xd
 1701 00a1 35       		.uleb128 0x35
 1702 00a2 00       		.byte	0x0
 1703 00a3 49       		.uleb128 0x49
 1704 00a4 13       		.uleb128 0x13
 1705 00a5 00       		.byte	0x0
 1706 00a6 00       		.byte	0x0
 1707 00a7 0E       		.uleb128 0xe
 1708 00a8 01       		.uleb128 0x1
 1709 00a9 01       		.byte	0x1
 1710 00aa 49       		.uleb128 0x49
 1711 00ab 13       		.uleb128 0x13
 1712 00ac 01       		.uleb128 0x1
 1713 00ad 13       		.uleb128 0x13
 1714 00ae 00       		.byte	0x0
 1715 00af 00       		.byte	0x0
 1716 00b0 0F       		.uleb128 0xf
 1717 00b1 21       		.uleb128 0x21
 1718 00b2 00       		.byte	0x0
 1719 00b3 49       		.uleb128 0x49
 1720 00b4 13       		.uleb128 0x13
 1721 00b5 2F       		.uleb128 0x2f
 1722 00b6 0B       		.uleb128 0xb
 1723 00b7 00       		.byte	0x0
 1724 00b8 00       		.byte	0x0
 1725 00b9 10       		.uleb128 0x10
 1726 00ba 17       		.uleb128 0x17
 1727 00bb 01       		.byte	0x1
 1728 00bc 0B       		.uleb128 0xb
 1729 00bd 0B       		.uleb128 0xb
 1730 00be 3A       		.uleb128 0x3a
 1731 00bf 0B       		.uleb128 0xb
 1732 00c0 3B       		.uleb128 0x3b
 1733 00c1 0B       		.uleb128 0xb
 1734 00c2 01       		.uleb128 0x1
 1735 00c3 13       		.uleb128 0x13
 1736 00c4 00       		.byte	0x0
 1737 00c5 00       		.byte	0x0
 1738 00c6 11       		.uleb128 0x11
 1739 00c7 0D       		.uleb128 0xd
 1740 00c8 00       		.byte	0x0
 1741 00c9 03       		.uleb128 0x3
 1742 00ca 0E       		.uleb128 0xe
 1743 00cb 3A       		.uleb128 0x3a
 1744 00cc 0B       		.uleb128 0xb
 1745 00cd 3B       		.uleb128 0x3b
 1746 00ce 0B       		.uleb128 0xb
 1747 00cf 49       		.uleb128 0x49
 1748 00d0 13       		.uleb128 0x13
 1749 00d1 00       		.byte	0x0
 1750 00d2 00       		.byte	0x0
 1751 00d3 12       		.uleb128 0x12
 1752 00d4 26       		.uleb128 0x26
 1753 00d5 00       		.byte	0x0
ARM GAS  /tmp/cc2Ncbli.s 			page 32


 1754 00d6 49       		.uleb128 0x49
 1755 00d7 13       		.uleb128 0x13
 1756 00d8 00       		.byte	0x0
 1757 00d9 00       		.byte	0x0
 1758 00da 13       		.uleb128 0x13
 1759 00db 2E       		.uleb128 0x2e
 1760 00dc 00       		.byte	0x0
 1761 00dd 3F       		.uleb128 0x3f
 1762 00de 0C       		.uleb128 0xc
 1763 00df 03       		.uleb128 0x3
 1764 00e0 0E       		.uleb128 0xe
 1765 00e1 3A       		.uleb128 0x3a
 1766 00e2 0B       		.uleb128 0xb
 1767 00e3 3B       		.uleb128 0x3b
 1768 00e4 0B       		.uleb128 0xb
 1769 00e5 27       		.uleb128 0x27
 1770 00e6 0C       		.uleb128 0xc
 1771 00e7 11       		.uleb128 0x11
 1772 00e8 01       		.uleb128 0x1
 1773 00e9 12       		.uleb128 0x12
 1774 00ea 01       		.uleb128 0x1
 1775 00eb 40       		.uleb128 0x40
 1776 00ec 0A       		.uleb128 0xa
 1777 00ed 00       		.byte	0x0
 1778 00ee 00       		.byte	0x0
 1779 00ef 14       		.uleb128 0x14
 1780 00f0 2E       		.uleb128 0x2e
 1781 00f1 01       		.byte	0x1
 1782 00f2 3F       		.uleb128 0x3f
 1783 00f3 0C       		.uleb128 0xc
 1784 00f4 03       		.uleb128 0x3
 1785 00f5 0E       		.uleb128 0xe
 1786 00f6 3A       		.uleb128 0x3a
 1787 00f7 0B       		.uleb128 0xb
 1788 00f8 3B       		.uleb128 0x3b
 1789 00f9 0B       		.uleb128 0xb
 1790 00fa 27       		.uleb128 0x27
 1791 00fb 0C       		.uleb128 0xc
 1792 00fc 11       		.uleb128 0x11
 1793 00fd 01       		.uleb128 0x1
 1794 00fe 12       		.uleb128 0x12
 1795 00ff 01       		.uleb128 0x1
 1796 0100 40       		.uleb128 0x40
 1797 0101 0A       		.uleb128 0xa
 1798 0102 01       		.uleb128 0x1
 1799 0103 13       		.uleb128 0x13
 1800 0104 00       		.byte	0x0
 1801 0105 00       		.byte	0x0
 1802 0106 15       		.uleb128 0x15
 1803 0107 34       		.uleb128 0x34
 1804 0108 00       		.byte	0x0
 1805 0109 03       		.uleb128 0x3
 1806 010a 0E       		.uleb128 0xe
 1807 010b 3A       		.uleb128 0x3a
 1808 010c 0B       		.uleb128 0xb
 1809 010d 3B       		.uleb128 0x3b
 1810 010e 0B       		.uleb128 0xb
ARM GAS  /tmp/cc2Ncbli.s 			page 33


 1811 010f 49       		.uleb128 0x49
 1812 0110 13       		.uleb128 0x13
 1813 0111 02       		.uleb128 0x2
 1814 0112 06       		.uleb128 0x6
 1815 0113 00       		.byte	0x0
 1816 0114 00       		.byte	0x0
 1817 0115 16       		.uleb128 0x16
 1818 0116 0B       		.uleb128 0xb
 1819 0117 01       		.byte	0x1
 1820 0118 11       		.uleb128 0x11
 1821 0119 01       		.uleb128 0x1
 1822 011a 12       		.uleb128 0x12
 1823 011b 01       		.uleb128 0x1
 1824 011c 00       		.byte	0x0
 1825 011d 00       		.byte	0x0
 1826 011e 17       		.uleb128 0x17
 1827 011f 34       		.uleb128 0x34
 1828 0120 00       		.byte	0x0
 1829 0121 03       		.uleb128 0x3
 1830 0122 08       		.uleb128 0x8
 1831 0123 3A       		.uleb128 0x3a
 1832 0124 0B       		.uleb128 0xb
 1833 0125 3B       		.uleb128 0x3b
 1834 0126 0B       		.uleb128 0xb
 1835 0127 49       		.uleb128 0x49
 1836 0128 13       		.uleb128 0x13
 1837 0129 02       		.uleb128 0x2
 1838 012a 06       		.uleb128 0x6
 1839 012b 00       		.byte	0x0
 1840 012c 00       		.byte	0x0
 1841 012d 18       		.uleb128 0x18
 1842 012e 2E       		.uleb128 0x2e
 1843 012f 00       		.byte	0x0
 1844 0130 3F       		.uleb128 0x3f
 1845 0131 0C       		.uleb128 0xc
 1846 0132 03       		.uleb128 0x3
 1847 0133 0E       		.uleb128 0xe
 1848 0134 3A       		.uleb128 0x3a
 1849 0135 0B       		.uleb128 0xb
 1850 0136 3B       		.uleb128 0x3b
 1851 0137 0B       		.uleb128 0xb
 1852 0138 27       		.uleb128 0x27
 1853 0139 0C       		.uleb128 0xc
 1854 013a 11       		.uleb128 0x11
 1855 013b 01       		.uleb128 0x1
 1856 013c 12       		.uleb128 0x12
 1857 013d 01       		.uleb128 0x1
 1858 013e 40       		.uleb128 0x40
 1859 013f 06       		.uleb128 0x6
 1860 0140 00       		.byte	0x0
 1861 0141 00       		.byte	0x0
 1862 0142 19       		.uleb128 0x19
 1863 0143 0B       		.uleb128 0xb
 1864 0144 01       		.byte	0x1
 1865 0145 11       		.uleb128 0x11
 1866 0146 01       		.uleb128 0x1
 1867 0147 12       		.uleb128 0x12
ARM GAS  /tmp/cc2Ncbli.s 			page 34


 1868 0148 01       		.uleb128 0x1
 1869 0149 01       		.uleb128 0x1
 1870 014a 13       		.uleb128 0x13
 1871 014b 00       		.byte	0x0
 1872 014c 00       		.byte	0x0
 1873 014d 1A       		.uleb128 0x1a
 1874 014e 0B       		.uleb128 0xb
 1875 014f 01       		.byte	0x1
 1876 0150 55       		.uleb128 0x55
 1877 0151 06       		.uleb128 0x6
 1878 0152 01       		.uleb128 0x1
 1879 0153 13       		.uleb128 0x13
 1880 0154 00       		.byte	0x0
 1881 0155 00       		.byte	0x0
 1882 0156 1B       		.uleb128 0x1b
 1883 0157 2E       		.uleb128 0x2e
 1884 0158 01       		.byte	0x1
 1885 0159 3F       		.uleb128 0x3f
 1886 015a 0C       		.uleb128 0xc
 1887 015b 03       		.uleb128 0x3
 1888 015c 0E       		.uleb128 0xe
 1889 015d 3A       		.uleb128 0x3a
 1890 015e 0B       		.uleb128 0xb
 1891 015f 3B       		.uleb128 0x3b
 1892 0160 0B       		.uleb128 0xb
 1893 0161 27       		.uleb128 0x27
 1894 0162 0C       		.uleb128 0xc
 1895 0163 11       		.uleb128 0x11
 1896 0164 01       		.uleb128 0x1
 1897 0165 12       		.uleb128 0x12
 1898 0166 01       		.uleb128 0x1
 1899 0167 40       		.uleb128 0x40
 1900 0168 06       		.uleb128 0x6
 1901 0169 01       		.uleb128 0x1
 1902 016a 13       		.uleb128 0x13
 1903 016b 00       		.byte	0x0
 1904 016c 00       		.byte	0x0
 1905 016d 1C       		.uleb128 0x1c
 1906 016e 05       		.uleb128 0x5
 1907 016f 00       		.byte	0x0
 1908 0170 03       		.uleb128 0x3
 1909 0171 08       		.uleb128 0x8
 1910 0172 3A       		.uleb128 0x3a
 1911 0173 0B       		.uleb128 0xb
 1912 0174 3B       		.uleb128 0x3b
 1913 0175 0B       		.uleb128 0xb
 1914 0176 49       		.uleb128 0x49
 1915 0177 13       		.uleb128 0x13
 1916 0178 02       		.uleb128 0x2
 1917 0179 0A       		.uleb128 0xa
 1918 017a 00       		.byte	0x0
 1919 017b 00       		.byte	0x0
 1920 017c 1D       		.uleb128 0x1d
 1921 017d 2E       		.uleb128 0x2e
 1922 017e 01       		.byte	0x1
 1923 017f 3F       		.uleb128 0x3f
 1924 0180 0C       		.uleb128 0xc
ARM GAS  /tmp/cc2Ncbli.s 			page 35


 1925 0181 03       		.uleb128 0x3
 1926 0182 0E       		.uleb128 0xe
 1927 0183 3A       		.uleb128 0x3a
 1928 0184 0B       		.uleb128 0xb
 1929 0185 3B       		.uleb128 0x3b
 1930 0186 05       		.uleb128 0x5
 1931 0187 27       		.uleb128 0x27
 1932 0188 0C       		.uleb128 0xc
 1933 0189 11       		.uleb128 0x11
 1934 018a 01       		.uleb128 0x1
 1935 018b 12       		.uleb128 0x12
 1936 018c 01       		.uleb128 0x1
 1937 018d 40       		.uleb128 0x40
 1938 018e 0A       		.uleb128 0xa
 1939 018f 01       		.uleb128 0x1
 1940 0190 13       		.uleb128 0x13
 1941 0191 00       		.byte	0x0
 1942 0192 00       		.byte	0x0
 1943 0193 1E       		.uleb128 0x1e
 1944 0194 34       		.uleb128 0x34
 1945 0195 00       		.byte	0x0
 1946 0196 03       		.uleb128 0x3
 1947 0197 08       		.uleb128 0x8
 1948 0198 3A       		.uleb128 0x3a
 1949 0199 0B       		.uleb128 0xb
 1950 019a 3B       		.uleb128 0x3b
 1951 019b 05       		.uleb128 0x5
 1952 019c 49       		.uleb128 0x49
 1953 019d 13       		.uleb128 0x13
 1954 019e 02       		.uleb128 0x2
 1955 019f 06       		.uleb128 0x6
 1956 01a0 00       		.byte	0x0
 1957 01a1 00       		.byte	0x0
 1958 01a2 1F       		.uleb128 0x1f
 1959 01a3 34       		.uleb128 0x34
 1960 01a4 00       		.byte	0x0
 1961 01a5 03       		.uleb128 0x3
 1962 01a6 0E       		.uleb128 0xe
 1963 01a7 3A       		.uleb128 0x3a
 1964 01a8 0B       		.uleb128 0xb
 1965 01a9 3B       		.uleb128 0x3b
 1966 01aa 0B       		.uleb128 0xb
 1967 01ab 49       		.uleb128 0x49
 1968 01ac 13       		.uleb128 0x13
 1969 01ad 3F       		.uleb128 0x3f
 1970 01ae 0C       		.uleb128 0xc
 1971 01af 3C       		.uleb128 0x3c
 1972 01b0 0C       		.uleb128 0xc
 1973 01b1 00       		.byte	0x0
 1974 01b2 00       		.byte	0x0
 1975 01b3 00       		.byte	0x0
 1976              		.section	.debug_pubnames,"",%progbits
 1977 0000 99000000 		.4byte	0x99
 1978 0004 0200     		.2byte	0x2
 1979 0006 00000000 		.4byte	.Ldebug_info0
 1980 000a F2070000 		.4byte	0x7f2
 1981 000e 48060000 		.4byte	0x648
ARM GAS  /tmp/cc2Ncbli.s 			page 36


 1982 0012 5F706F72 		.ascii	"_port_switch_from_isr\000"
 1982      745F7377 
 1982      69746368 
 1982      5F66726F 
 1982      6D5F6973 
 1983 0028 5C060000 		.4byte	0x65c
 1984 002c 53564361 		.ascii	"SVCallVector\000"
 1984      6C6C5665 
 1984      63746F72 
 1984      00
 1985 0039 A3060000 		.4byte	0x6a3
 1986 003d 5F706F72 		.ascii	"_port_init\000"
 1986      745F696E 
 1986      697400
 1987 0048 B8060000 		.4byte	0x6b8
 1988 004c 5F706F72 		.ascii	"_port_irq_epilogue\000"
 1988      745F6972 
 1988      715F6570 
 1988      696C6F67 
 1988      756500
 1989 005f 20070000 		.4byte	0x720
 1990 0063 53797354 		.ascii	"SysTickVector\000"
 1990      69636B56 
 1990      6563746F 
 1990      7200
 1991 0071 70070000 		.4byte	0x770
 1992 0075 5F706F72 		.ascii	"_port_switch\000"
 1992      745F7377 
 1992      69746368 
 1992      00
 1993 0082 A3070000 		.4byte	0x7a3
 1994 0086 5F706F72 		.ascii	"_port_thread_start\000"
 1994      745F7468 
 1994      72656164 
 1994      5F737461 
 1994      727400
 1995 0099 00000000 		.4byte	0x0
 1996              		.section	.debug_pubtypes,"",%progbits
 1997 0000 2E010000 		.4byte	0x12e
 1998 0004 0200     		.2byte	0x2
 1999 0006 00000000 		.4byte	.Ldebug_info0
 2000 000a F2070000 		.4byte	0x7f2
 2001 000e 3E000000 		.4byte	0x3e
 2002 0012 75696E74 		.ascii	"uint8_t\000"
 2002      385F7400 
 2003 001a 5E000000 		.4byte	0x5e
 2004 001e 696E7433 		.ascii	"int32_t\000"
 2004      325F7400 
 2005 0026 70000000 		.4byte	0x70
 2006 002a 75696E74 		.ascii	"uint32_t\000"
 2006      33325F74 
 2006      00
 2007 0033 97000000 		.4byte	0x97
 2008 0037 746D6F64 		.ascii	"tmode_t\000"
 2008      655F7400 
 2009 003f A2000000 		.4byte	0xa2
 2010 0043 74737461 		.ascii	"tstate_t\000"
ARM GAS  /tmp/cc2Ncbli.s 			page 37


 2010      74655F74 
 2010      00
 2011 004c AD000000 		.4byte	0xad
 2012 0050 74726566 		.ascii	"trefs_t\000"
 2012      735F7400 
 2013 0058 B8000000 		.4byte	0xb8
 2014 005c 74736C69 		.ascii	"tslices_t\000"
 2014      6365735F 
 2014      7400
 2015 0066 C3000000 		.4byte	0xc3
 2016 006a 74707269 		.ascii	"tprio_t\000"
 2016      6F5F7400 
 2017 0072 CE000000 		.4byte	0xce
 2018 0076 6D73675F 		.ascii	"msg_t\000"
 2018      7400
 2019 007c D9000000 		.4byte	0xd9
 2020 0080 6576656E 		.ascii	"eventmask_t\000"
 2020      746D6173 
 2020      6B5F7400 
 2021 008c E4000000 		.4byte	0xe4
 2022 0090 73797374 		.ascii	"systime_t\000"
 2022      696D655F 
 2022      7400
 2023 009a EF000000 		.4byte	0xef
 2024 009e 54687265 		.ascii	"Thread\000"
 2024      616400
 2025 00a5 4A020000 		.4byte	0x24a
 2026 00a9 54687265 		.ascii	"ThreadsQueue\000"
 2026      61647351 
 2026      75657565 
 2026      00
 2027 00b6 6C020000 		.4byte	0x26c
 2028 00ba 54687265 		.ascii	"ThreadsList\000"
 2028      6164734C 
 2028      69737400 
 2029 00c6 77020000 		.4byte	0x277
 2030 00ca 72656761 		.ascii	"regarm_t\000"
 2030      726D5F74 
 2030      00
 2031 00d3 84020000 		.4byte	0x284
 2032 00d7 65787463 		.ascii	"extctx\000"
 2032      747800
 2033 00de FC020000 		.4byte	0x2fc
 2034 00e2 696E7463 		.ascii	"intctx\000"
 2034      747800
 2035 00e9 8A030000 		.4byte	0x38a
 2036 00ed 636F6E74 		.ascii	"context\000"
 2036      65787400 
 2037 00f5 3B050000 		.4byte	0x53b
 2038 00f9 434D785F 		.ascii	"CMx_SCB\000"
 2038      53434200 
 2039 0101 A8050000 		.4byte	0x5a8
 2040 0105 52656164 		.ascii	"ReadyList\000"
 2040      794C6973 
 2040      7400
 2041 010f B3050000 		.4byte	0x5b3
 2042 0113 4D757465 		.ascii	"Mutex\000"
ARM GAS  /tmp/cc2Ncbli.s 			page 38


 2042      7800
 2043 0119 F0050000 		.4byte	0x5f0
 2044 011d 4D757465 		.ascii	"Mutex\000"
 2044      7800
 2045 0123 FA000000 		.4byte	0xfa
 2046 0127 54687265 		.ascii	"Thread\000"
 2046      616400
 2047 012e 00000000 		.4byte	0x0
 2048              		.section	.debug_aranges,"",%progbits
 2049 0000 4C000000 		.4byte	0x4c
 2050 0004 0200     		.2byte	0x2
 2051 0006 00000000 		.4byte	.Ldebug_info0
 2052 000a 04       		.byte	0x4
 2053 000b 00       		.byte	0x0
 2054 000c 0000     		.2byte	0x0
 2055 000e 0000     		.2byte	0x0
 2056 0010 00000000 		.4byte	.LFB11
 2057 0014 06000000 		.4byte	.LFE11-.LFB11
 2058 0018 00000000 		.4byte	.LFB8
 2059 001c 12000000 		.4byte	.LFE8-.LFB8
 2060 0020 00000000 		.4byte	.LFB9
 2061 0024 34000000 		.4byte	.LFE9-.LFB9
 2062 0028 00000000 		.4byte	.LFB10
 2063 002c 74000000 		.4byte	.LFE10-.LFB10
 2064 0030 00000000 		.4byte	.LFB7
 2065 0034 1A000000 		.4byte	.LFE7-.LFB7
 2066 0038 00000000 		.4byte	.LFB12
 2067 003c 10000000 		.4byte	.LFE12-.LFB12
 2068 0040 00000000 		.4byte	.LFB13
 2069 0044 10000000 		.4byte	.LFE13-.LFB13
 2070 0048 00000000 		.4byte	0x0
 2071 004c 00000000 		.4byte	0x0
 2072              		.section	.debug_ranges,"",%progbits
 2073              	.Ldebug_ranges0:
 2074 0000 16000000 		.4byte	.LBB4
 2075 0004 50000000 		.4byte	.LBE4
 2076 0008 56000000 		.4byte	.LBB6
 2077 000c 74000000 		.4byte	.LBE6
 2078 0010 00000000 		.4byte	0x0
 2079 0014 00000000 		.4byte	0x0
 2080 0018 00000000 		.4byte	.LFB11
 2081 001c 06000000 		.4byte	.LFE11
 2082 0020 00000000 		.4byte	.LFB8
 2083 0024 12000000 		.4byte	.LFE8
 2084 0028 00000000 		.4byte	.LFB9
 2085 002c 34000000 		.4byte	.LFE9
 2086 0030 00000000 		.4byte	.LFB10
 2087 0034 74000000 		.4byte	.LFE10
 2088 0038 00000000 		.4byte	.LFB7
 2089 003c 1A000000 		.4byte	.LFE7
 2090 0040 00000000 		.4byte	.LFB12
 2091 0044 10000000 		.4byte	.LFE12
 2092 0048 00000000 		.4byte	.LFB13
 2093 004c 10000000 		.4byte	.LFE13
 2094 0050 00000000 		.4byte	0x0
 2095 0054 00000000 		.4byte	0x0
 2096              		.section	.debug_str,"MS",%progbits,1
ARM GAS  /tmp/cc2Ncbli.s 			page 39


 2097              	.LASF36:
 2098 0000 705F6D73 		.ascii	"p_msg\000"
 2098      6700
 2099              	.LASF76:
 2100 0006 7264796D 		.ascii	"rdymsg\000"
 2100      736700
 2101              	.LASF64:
 2102 000d 434D785F 		.ascii	"CMx_SCB\000"
 2102      53434200 
 2103              	.LASF86:
 2104 0015 53797354 		.ascii	"SysTickVector\000"
 2104      69636B56 
 2104      6563746F 
 2104      7200
 2105              	.LASF11:
 2106 0023 6C6F6E67 		.ascii	"long long unsigned int\000"
 2106      206C6F6E 
 2106      6720756E 
 2106      7369676E 
 2106      65642069 
 2107              	.LASF77:
 2108 003a 65786974 		.ascii	"exitcode\000"
 2108      636F6465 
 2108      00
 2109              	.LASF49:
 2110 0043 43505549 		.ascii	"CPUID\000"
 2110      4400
 2111              	.LASF24:
 2112 0049 705F7072 		.ascii	"p_prio\000"
 2112      696F00
 2113              	.LASF10:
 2114 0050 6C6F6E67 		.ascii	"long long int\000"
 2114      206C6F6E 
 2114      6720696E 
 2114      7400
 2115              	.LASF1:
 2116 005e 7369676E 		.ascii	"signed char\000"
 2116      65642063 
 2116      68617200 
 2117              	.LASF40:
 2118 006a 705F6D70 		.ascii	"p_mpool\000"
 2118      6F6F6C00 
 2119              	.LASF73:
 2120 0072 6D5F7175 		.ascii	"m_queue\000"
 2120      65756500 
 2121              	.LASF78:
 2122 007a 77746F62 		.ascii	"wtobjp\000"
 2122      6A7000
 2123              	.LASF16:
 2124 0081 74736C69 		.ascii	"tslices_t\000"
 2124      6365735F 
 2124      7400
 2125              	.LASF7:
 2126 008b 6C6F6E67 		.ascii	"long int\000"
 2126      20696E74 
 2126      00
 2127              	.LASF14:
ARM GAS  /tmp/cc2Ncbli.s 			page 40


 2128 0094 74737461 		.ascii	"tstate_t\000"
 2128      74655F74 
 2128      00
 2129              	.LASF88:
 2130 009d 5F706F72 		.ascii	"_port_thread_start\000"
 2130      745F7468 
 2130      72656164 
 2130      5F737461 
 2130      727400
 2131              	.LASF26:
 2132 00b0 705F6E65 		.ascii	"p_newer\000"
 2132      77657200 
 2133              	.LASF59:
 2134 00b8 42464152 		.ascii	"BFAR\000"
 2134      00
 2135              	.LASF68:
 2136 00bd 725F6E65 		.ascii	"r_newer\000"
 2136      77657200 
 2137              	.LASF43:
 2138 00c5 72656761 		.ascii	"regarm_t\000"
 2138      726D5F74 
 2138      00
 2139              	.LASF0:
 2140 00ce 756E7369 		.ascii	"unsigned int\000"
 2140      676E6564 
 2140      20696E74 
 2140      00
 2141              	.LASF45:
 2142 00db 6C725F74 		.ascii	"lr_thd\000"
 2142      686400
 2143              	.LASF44:
 2144 00e2 65787463 		.ascii	"extctx\000"
 2144      747800
 2145              	.LASF87:
 2146 00e9 5F706F72 		.ascii	"_port_switch\000"
 2146      745F7377 
 2146      69746368 
 2146      00
 2147              	.LASF9:
 2148 00f6 6C6F6E67 		.ascii	"long unsigned int\000"
 2148      20756E73 
 2148      69676E65 
 2148      6420696E 
 2148      7400
 2149              	.LASF51:
 2150 0108 56544F52 		.ascii	"VTOR\000"
 2150      00
 2151              	.LASF82:
 2152 010d 5F706F72 		.ascii	"_port_switch_from_isr\000"
 2152      745F7377 
 2152      69746368 
 2152      5F66726F 
 2152      6D5F6973 
 2153              	.LASF48:
 2154 0123 636F6E74 		.ascii	"context\000"
 2154      65787400 
 2155              	.LASF4:
ARM GAS  /tmp/cc2Ncbli.s 			page 41


 2156 012b 73686F72 		.ascii	"short unsigned int\000"
 2156      7420756E 
 2156      7369676E 
 2156      65642069 
 2156      6E7400
 2157              	.LASF50:
 2158 013e 49435352 		.ascii	"ICSR\000"
 2158      00
 2159              	.LASF18:
 2160 0143 6D73675F 		.ascii	"msg_t\000"
 2160      7400
 2161              	.LASF52:
 2162 0149 41495243 		.ascii	"AIRCR\000"
 2162      5200
 2163              	.LASF57:
 2164 014f 44465352 		.ascii	"DFSR\000"
 2164      00
 2165              	.LASF58:
 2166 0154 4D4D4641 		.ascii	"MMFAR\000"
 2166      5200
 2167              	.LASF85:
 2168 015a 5F706F72 		.ascii	"_port_irq_epilogue\000"
 2168      745F6972 
 2168      715F6570 
 2168      696C6F67 
 2168      756500
 2169              	.LASF13:
 2170 016d 746D6F64 		.ascii	"tmode_t\000"
 2170      655F7400 
 2171              	.LASF42:
 2172 0175 54687265 		.ascii	"ThreadsList\000"
 2172      6164734C 
 2172      69737400 
 2173              	.LASF19:
 2174 0181 6576656E 		.ascii	"eventmask_t\000"
 2174      746D6173 
 2174      6B5F7400 
 2175              	.LASF72:
 2176 018d 4D757465 		.ascii	"Mutex\000"
 2176      7800
 2177              	.LASF55:
 2178 0193 43465352 		.ascii	"CFSR\000"
 2178      00
 2179              	.LASF27:
 2180 0198 705F6F6C 		.ascii	"p_older\000"
 2180      64657200 
 2181              	.LASF67:
 2182 01a0 725F6374 		.ascii	"r_ctx\000"
 2182      7800
 2183              	.LASF41:
 2184 01a6 54687265 		.ascii	"ThreadsQueue\000"
 2184      61647351 
 2184      75657565 
 2184      00
 2185              	.LASF70:
 2186 01b3 725F6375 		.ascii	"r_current\000"
 2186      7272656E 
ARM GAS  /tmp/cc2Ncbli.s 			page 42


 2186      7400
 2187              	.LASF69:
 2188 01bd 725F6F6C 		.ascii	"r_older\000"
 2188      64657200 
 2189              	.LASF15:
 2190 01c5 74726566 		.ascii	"trefs_t\000"
 2190      735F7400 
 2191              	.LASF81:
 2192 01cd 63747870 		.ascii	"ctxp\000"
 2192      00
 2193              	.LASF23:
 2194 01d2 705F7072 		.ascii	"p_prev\000"
 2194      657600
 2195              	.LASF17:
 2196 01d9 74707269 		.ascii	"tprio_t\000"
 2196      6F5F7400 
 2197              	.LASF12:
 2198 01e1 5F426F6F 		.ascii	"_Bool\000"
 2198      6C00
 2199              	.LASF6:
 2200 01e7 696E7433 		.ascii	"int32_t\000"
 2200      325F7400 
 2201              	.LASF2:
 2202 01ef 756E7369 		.ascii	"unsigned char\000"
 2202      676E6564 
 2202      20636861 
 2202      7200
 2203              	.LASF54:
 2204 01fd 53484353 		.ascii	"SHCSR\000"
 2204      5200
 2205              	.LASF38:
 2206 0203 705F6D74 		.ascii	"p_mtxlist\000"
 2206      786C6973 
 2206      7400
 2207              	.LASF3:
 2208 020d 73686F72 		.ascii	"short int\000"
 2208      7420696E 
 2208      7400
 2209              	.LASF29:
 2210 0217 705F7374 		.ascii	"p_state\000"
 2210      61746500 
 2211              	.LASF32:
 2212 021f 705F7072 		.ascii	"p_preempt\000"
 2212      65656D70 
 2212      7400
 2213              	.LASF46:
 2214 0229 78707372 		.ascii	"xpsr\000"
 2214      00
 2215              	.LASF66:
 2216 022e 725F7072 		.ascii	"r_prio\000"
 2216      696F00
 2217              	.LASF79:
 2218 0235 65776D61 		.ascii	"ewmask\000"
 2218      736B00
 2219              	.LASF22:
 2220 023c 705F6E65 		.ascii	"p_next\000"
 2220      787400
ARM GAS  /tmp/cc2Ncbli.s 			page 43


 2221              	.LASF30:
 2222 0243 705F666C 		.ascii	"p_flags\000"
 2222      61677300 
 2223              	.LASF21:
 2224 024b 54687265 		.ascii	"Thread\000"
 2224      616400
 2225              	.LASF37:
 2226 0252 705F6570 		.ascii	"p_epending\000"
 2226      656E6469 
 2226      6E6700
 2227              	.LASF8:
 2228 025d 75696E74 		.ascii	"uint32_t\000"
 2228      33325F74 
 2228      00
 2229              	.LASF65:
 2230 0266 725F7175 		.ascii	"r_queue\000"
 2230      65756500 
 2231              	.LASF60:
 2232 026e 41465352 		.ascii	"AFSR\000"
 2232      00
 2233              	.LASF62:
 2234 0273 756E7573 		.ascii	"unused1\000"
 2234      65643100 
 2235              	.LASF80:
 2236 027b 63686172 		.ascii	"char\000"
 2236      00
 2237              	.LASF75:
 2238 0280 6D5F6E65 		.ascii	"m_next\000"
 2238      787400
 2239              	.LASF20:
 2240 0287 73797374 		.ascii	"systime_t\000"
 2240      696D655F 
 2240      7400
 2241              	.LASF39:
 2242 0291 705F7265 		.ascii	"p_realprio\000"
 2242      616C7072 
 2242      696F00
 2243              	.LASF84:
 2244 029c 53564361 		.ascii	"SVCallVector\000"
 2244      6C6C5665 
 2244      63746F72 
 2244      00
 2245              	.LASF33:
 2246 02a9 705F7469 		.ascii	"p_time\000"
 2246      6D6500
 2247              	.LASF53:
 2248 02b0 53485052 		.ascii	"SHPR\000"
 2248      00
 2249              	.LASF47:
 2250 02b5 696E7463 		.ascii	"intctx\000"
 2250      747800
 2251              	.LASF35:
 2252 02bc 705F6D73 		.ascii	"p_msgqueue\000"
 2252      67717565 
 2252      756500
 2253              	.LASF31:
 2254 02c7 705F7265 		.ascii	"p_refs\000"
ARM GAS  /tmp/cc2Ncbli.s 			page 44


 2254      667300
 2255              	.LASF71:
 2256 02ce 52656164 		.ascii	"ReadyList\000"
 2256      794C6973 
 2256      7400
 2257              	.LASF61:
 2258 02d8 4D4D4652 		.ascii	"MMFR\000"
 2258      00
 2259              	.LASF89:
 2260 02dd 726C6973 		.ascii	"rlist\000"
 2260      7400
 2261              	.LASF5:
 2262 02e3 75696E74 		.ascii	"uint8_t\000"
 2262      385F7400 
 2263              	.LASF83:
 2264 02eb 5F706F72 		.ascii	"_port_init\000"
 2264      745F696E 
 2264      697400
 2265              	.LASF91:
 2266 02f6 2E2E2F43 		.ascii	"../ChibiOS_2.6.2/os/ports/GCC/ARMCMx/chcore_v7m.c\000"
 2266      68696269 
 2266      4F535F32 
 2266      2E362E32 
 2266      2F6F732F 
 2267              	.LASF90:
 2268 0328 474E5520 		.ascii	"GNU C 4.5.1\000"
 2268      4320342E 
 2268      352E3100 
 2269              	.LASF28:
 2270 0334 705F6E61 		.ascii	"p_name\000"
 2270      6D6500
 2271              	.LASF92:
 2272 033b 2F686F6D 		.ascii	"/home/nis/stm32f407d_neko\000"
 2272      652F6E69 
 2272      732F7374 
 2272      6D333266 
 2272      34303764 
 2273              	.LASF63:
 2274 0355 43504143 		.ascii	"CPACR\000"
 2274      5200
 2275              	.LASF56:
 2276 035b 48465352 		.ascii	"HFSR\000"
 2276      00
 2277              	.LASF74:
 2278 0360 6D5F6F77 		.ascii	"m_owner\000"
 2278      6E657200 
 2279              	.LASF25:
 2280 0368 705F6374 		.ascii	"p_ctx\000"
 2280      7800
 2281              	.LASF34:
 2282 036e 705F7761 		.ascii	"p_waiting\000"
 2282      6974696E 
 2282      6700
 2283              		.ident	"GCC: (Sourcery G++ Lite 2010.09-51) 4.5.1"
ARM GAS  /tmp/cc2Ncbli.s 			page 45


DEFINED SYMBOLS
                            *ABS*:00000000 chcore_v7m.c
     /tmp/cc2Ncbli.s:24     .text._port_switch_from_isr:00000000 $t
     /tmp/cc2Ncbli.s:30     .text._port_switch_from_isr:00000000 _port_switch_from_isr
     /tmp/cc2Ncbli.s:42     .text._port_switch_from_isr:00000004 _port_exit_from_isr
     /tmp/cc2Ncbli.s:54     .text.SVCallVector:00000000 $t
     /tmp/cc2Ncbli.s:60     .text.SVCallVector:00000000 SVCallVector
     /tmp/cc2Ncbli.s:97     .text._port_init:00000000 $t
     /tmp/cc2Ncbli.s:103    .text._port_init:00000000 _port_init
     /tmp/cc2Ncbli.s:148    .text._port_irq_epilogue:00000000 $t
     /tmp/cc2Ncbli.s:154    .text._port_irq_epilogue:00000000 _port_irq_epilogue
     /tmp/cc2Ncbli.s:256    .text.SysTickVector:00000000 $t
     /tmp/cc2Ncbli.s:262    .text.SysTickVector:00000000 SysTickVector
     /tmp/cc2Ncbli.s:304    .text._port_switch:00000000 $t
     /tmp/cc2Ncbli.s:310    .text._port_switch:00000000 _port_switch
     /tmp/cc2Ncbli.s:337    .text._port_thread_start:00000000 $t
     /tmp/cc2Ncbli.s:343    .text._port_thread_start:00000000 _port_thread_start
                     .debug_frame:00000010 $d

UNDEFINED SYMBOLS
chSchDoReschedule
nvicSetSystemHandlerPriority
rlist
chSysTimerHandlerI
chThdExit
