ARM GAS  /tmp/ccNL5kLt.s 			page 1


   1              		.syntax unified
   2              		.cpu cortex-m4
   3              		.fpu softvfp
   4              		.eabi_attribute 20, 1
   5              		.eabi_attribute 21, 1
   6              		.eabi_attribute 23, 3
   7              		.eabi_attribute 24, 1
   8              		.eabi_attribute 25, 1
   9              		.eabi_attribute 26, 1
  10              		.eabi_attribute 30, 2
  11              		.eabi_attribute 18, 4
  12              		.thumb
  13              		.file	"chheap.c"
  14              		.section	.debug_abbrev,"",%progbits
  15              	.Ldebug_abbrev0:
  16              		.section	.debug_info,"",%progbits
  17              	.Ldebug_info0:
  18              		.section	.debug_line,"",%progbits
  19              	.Ldebug_line0:
  20 0000 A5020000 		.text
  20      0200BB01 
  20      00000201 
  20      FB0E0D00 
  20      01010101 
  21              	.Ltext0:
  22              		.cfi_sections	.debug_frame
  23              		.section	.text._heap_init,"ax",%progbits
  24              		.align	2
  25              		.p2align 4,,15
  26              		.global	_heap_init
  27              		.thumb
  28              		.thumb_func
  29              		.type	_heap_init, %function
  30              	_heap_init:
  31              	.LFB7:
  32              		.file 1 "../ChibiOS_2.6.2/os/kernel/src/chheap.c"
  33              		.loc 1 75 0
  34              		.cfi_startproc
  35              		@ args = 0, pretend = 0, frame = 0
  36              		@ frame_needed = 0, uses_anonymous_args = 0
  37              		@ link register save eliminated.
  38              		.loc 1 76 0
  39 0000 40F20003 		movw	r3, #:lower16:.LANCHOR0
  40 0004 C0F20003 		movt	r3, #:upper16:.LANCHOR0
  41 0008 40F20002 		movw	r2, #:lower16:chCoreAlloc
  42              		.loc 1 77 0
  43 000c 0021     		movs	r1, #0
  44              		.loc 1 76 0
  45 000e C0F20002 		movt	r2, #:upper16:chCoreAlloc
  46              		.loc 1 80 0
  47 0012 03F11000 		add	r0, r3, #16
  48              		.loc 1 76 0
  49 0016 1A60     		str	r2, [r3, #0]
  50              		.loc 1 77 0
  51 0018 9960     		str	r1, [r3, #8]
  52              		.loc 1 78 0
  53 001a D960     		str	r1, [r3, #12]
ARM GAS  /tmp/ccNL5kLt.s 			page 2


  54              		.loc 1 84 0
  55              		.loc 1 80 0
  56 001c FFF7FEBF 		b	chMtxInit
  57              		.cfi_endproc
  58              	.LFE7:
  59              		.size	_heap_init, .-_heap_init
  60              		.section	.text.chHeapInit,"ax",%progbits
  61              		.align	2
  62              		.p2align 4,,15
  63              		.global	chHeapInit
  64              		.thumb
  65              		.thumb_func
  66              		.type	chHeapInit, %function
  67              	chHeapInit:
  68              	.LFB8:
  69              		.loc 1 99 0
  70              		.cfi_startproc
  71              		@ args = 0, pretend = 0, frame = 0
  72              		@ frame_needed = 0, uses_anonymous_args = 0
  73              		@ link register save eliminated.
  74              	.LVL0:
  75              		.loc 1 104 0
  76 0000 0023     		movs	r3, #0
  77 0002 0360     		str	r3, [r0, #0]
  78              	.LVL1:
  79              		.loc 1 105 0
  80 0004 8160     		str	r1, [r0, #8]
  81              		.loc 1 106 0
  82 0006 C360     		str	r3, [r0, #12]
  83              		.loc 1 108 0
  84 0008 083A     		subs	r2, r2, #8
  85              	.LVL2:
  86              		.loc 1 110 0
  87 000a 1030     		adds	r0, r0, #16
  88              	.LVL3:
  89              		.loc 1 107 0
  90 000c 0B60     		str	r3, [r1, #0]
  91              		.loc 1 108 0
  92 000e 4A60     		str	r2, [r1, #4]
  93              		.loc 1 114 0
  94              		.loc 1 110 0
  95 0010 FFF7FEBF 		b	chMtxInit
  96              		.cfi_endproc
  97              	.LFE8:
  98              		.size	chHeapInit, .-chHeapInit
  99 0014 AFF30080 		.section	.text.chHeapAlloc,"ax",%progbits
  99      AFF30080 
  99      AFF30080 
 100              		.align	2
 101              		.p2align 4,,15
 102              		.global	chHeapAlloc
 103              		.thumb
 104              		.thumb_func
 105              		.type	chHeapAlloc, %function
 106              	chHeapAlloc:
 107              	.LFB9:
 108              		.loc 1 132 0
ARM GAS  /tmp/ccNL5kLt.s 			page 3


 109              		.cfi_startproc
 110              		@ args = 0, pretend = 0, frame = 0
 111              		@ frame_needed = 0, uses_anonymous_args = 0
 112              	.LVL4:
 113 0000 F8B5     		push	{r3, r4, r5, r6, r7, lr}
 114              	.LCFI0:
 115              		.cfi_def_cfa_offset 24
 116              		.loc 1 136 0
 117 0002 40F20004 		movw	r4, #:lower16:.LANCHOR0
 118              		.cfi_offset 14, -4
 119              		.cfi_offset 7, -8
 120              		.cfi_offset 6, -12
 121              		.cfi_offset 5, -16
 122              		.cfi_offset 4, -20
 123              		.cfi_offset 3, -24
 124 0006 C0F20004 		movt	r4, #:upper16:.LANCHOR0
 125 000a 0028     		cmp	r0, #0
 126 000c 18BF     		it	ne
 127 000e 0446     		movne	r4, r0
 128              	.LVL5:
 129              		.loc 1 138 0
 130 0010 0731     		adds	r1, r1, #7
 131              	.LVL6:
 132              		.loc 1 140 0
 133 0012 04F11000 		add	r0, r4, #16
 134              		.loc 1 138 0
 135 0016 21F00706 		bic	r6, r1, #7
 136              	.LVL7:
 137              		.loc 1 139 0
 138 001a 04F10805 		add	r5, r4, #8
 139              	.LVL8:
 140              		.loc 1 140 0
 141 001e FFF7FEFF 		bl	chMtxLock
 142              		.loc 1 142 0
 143 0022 00E0     		b	.L5
 144              	.LVL9:
 145              	.L11:
 146              		.loc 1 144 0
 147 0024 1D46     		mov	r5, r3
 148              	.LVL10:
 149              	.L5:
 150              		.loc 1 142 0 discriminator 1
 151 0026 2B68     		ldr	r3, [r5, #0]
 152 0028 03B3     		cbz	r3, .L15
 153              	.LVL11:
 154              		.loc 1 144 0
 155 002a 5A68     		ldr	r2, [r3, #4]
 156 002c 9642     		cmp	r6, r2
 157 002e F9D8     		bhi	.L11
 158              		.loc 1 145 0
 159 0030 06F10801 		add	r1, r6, #8
 160 0034 8A42     		cmp	r2, r1
 161 0036 16D3     		bcc	.L16
 162              		.loc 1 155 0
 163 0038 4FF6F870 		movw	r0, #65528
 164 003c CFF6FF70 		movt	r0, 65535
 165              		.loc 1 153 0
ARM GAS  /tmp/ccNL5kLt.s 			page 4


 166 0040 5F18     		adds	r7, r3, r1
 167              	.LVL12:
 168              		.loc 1 154 0
 169 0042 D3F800E0 		ldr	lr, [r3, #0]
 170              		.loc 1 155 0
 171 0046 C6EB000C 		rsb	ip, r6, r0
 172 004a 0CEB0200 		add	r0, ip, r2
 173              		.loc 1 154 0
 174 004e 43F801E0 		str	lr, [r3, r1]
 175              		.loc 1 155 0
 176 0052 7860     		str	r0, [r7, #4]
 177              		.loc 1 156 0
 178 0054 2F60     		str	r7, [r5, #0]
 179              		.loc 1 157 0
 180 0056 5E60     		str	r6, [r3, #4]
 181              	.LVL13:
 182              	.L7:
 183              		.loc 1 159 0
 184 0058 1D46     		mov	r5, r3
 185              	.LVL14:
 186 005a 45F8084B 		str	r4, [r5], #8
 187              		.loc 1 161 0
 188 005e FFF7FEFF 		bl	chMtxUnlock
 189              	.LVL15:
 190              	.L8:
 191              		.loc 1 181 0
 192 0062 2846     		mov	r0, r5
 193 0064 F8BD     		pop	{r3, r4, r5, r6, r7, pc}
 194              	.LVL16:
 195              	.L16:
 196              		.loc 1 149 0
 197 0066 1A68     		ldr	r2, [r3, #0]
 198 0068 2A60     		str	r2, [r5, #0]
 199 006a F5E7     		b	.L7
 200              	.LVL17:
 201              	.L15:
 202              		.loc 1 167 0
 203 006c FFF7FEFF 		bl	chMtxUnlock
 204              		.loc 1 171 0
 205 0070 2568     		ldr	r5, [r4, #0]
 206              	.LVL18:
 207 0072 002D     		cmp	r5, #0
 208 0074 F5D0     		beq	.L8
 209              		.loc 1 172 0
 210 0076 06F10800 		add	r0, r6, #8
 211 007a A847     		blx	r5
 212              	.LVL19:
 213              		.loc 1 180 0
 214 007c 0546     		mov	r5, r0
 215              		.loc 1 173 0
 216 007e 0028     		cmp	r0, #0
 217 0080 EFD0     		beq	.L8
 218              		.loc 1 174 0
 219 0082 0460     		str	r4, [r0, #0]
 220              		.loc 1 175 0
 221 0084 4660     		str	r6, [r0, #4]
 222              		.loc 1 176 0
ARM GAS  /tmp/ccNL5kLt.s 			page 5


 223 0086 00F10805 		add	r5, r0, #8
 224              	.LVL20:
 225              		.loc 1 177 0
 226 008a EAE7     		b	.L8
 227              		.cfi_endproc
 228              	.LFE9:
 229              		.size	chHeapAlloc, .-chHeapAlloc
 230 008c AFF30080 		.section	.text.chHeapFree,"ax",%progbits
 231              		.align	2
 232              		.p2align 4,,15
 233              		.global	chHeapFree
 234              		.thumb
 235              		.thumb_func
 236              		.type	chHeapFree, %function
 237              	chHeapFree:
 238              	.LFB10:
 239              		.loc 1 194 0
 240              		.cfi_startproc
 241              		@ args = 0, pretend = 0, frame = 0
 242              		@ frame_needed = 0, uses_anonymous_args = 0
 243              	.LVL21:
 244 0000 70B5     		push	{r4, r5, r6, lr}
 245              	.LCFI1:
 246              		.cfi_def_cfa_offset 16
 247              		.loc 1 194 0
 248 0002 0646     		mov	r6, r0
 249              		.cfi_offset 14, -4
 250              		.cfi_offset 6, -8
 251              		.cfi_offset 5, -12
 252              		.cfi_offset 4, -16
 253              		.loc 1 200 0
 254 0004 A0F10804 		sub	r4, r0, #8
 255              	.LVL22:
 256              		.loc 1 201 0
 257 0008 50F8080C 		ldr	r0, [r0, #-8]
 258              	.LVL23:
 259              		.loc 1 202 0
 260 000c 00F10805 		add	r5, r0, #8
 261              	.LVL24:
 262              		.loc 1 203 0
 263 0010 1030     		adds	r0, r0, #16
 264 0012 FFF7FEFF 		bl	chMtxLock
 265              	.LVL25:
 266              		.loc 1 202 0
 267 0016 2B46     		mov	r3, r5
 268              	.LVL26:
 269              	.L25:
 270              		.loc 1 210 0
 271 0018 591B     		subs	r1, r3, r5
 272 001a 4842     		rsbs	r0, r1, #0
 273 001c 40EB0102 		adc	r2, r0, r1
 274 0020 9C42     		cmp	r4, r3
 275 0022 88BF     		it	hi
 276 0024 42F00102 		orrhi	r2, r2, #1
 277 0028 72B1     		cbz	r2, .L18
 278              	.L26:
 279              		.loc 1 211 0 discriminator 1
ARM GAS  /tmp/ccNL5kLt.s 			page 6


 280 002a 1A68     		ldr	r2, [r3, #0]
 281              		.loc 1 210 0 discriminator 1
 282 002c 72B1     		cbz	r2, .L19
 283              		.loc 1 211 0
 284 002e 9442     		cmp	r4, r2
 285 0030 0CD3     		bcc	.L19
 286 0032 1346     		mov	r3, r2
 287              	.LVL27:
 288              		.loc 1 210 0
 289 0034 591B     		subs	r1, r3, r5
 290 0036 4842     		rsbs	r0, r1, #0
 291 0038 40EB0102 		adc	r2, r0, r1
 292              	.LVL28:
 293 003c 9C42     		cmp	r4, r3
 294 003e 88BF     		it	hi
 295 0040 42F00102 		orrhi	r2, r2, #1
 296 0044 002A     		cmp	r2, #0
 297 0046 F0D1     		bne	.L26
 298              	.L18:
 299              		.loc 1 224 0
 300 0048 1B68     		ldr	r3, [r3, #0]
 301              	.LVL29:
 302 004a E5E7     		b	.L25
 303              	.LVL30:
 304              	.L19:
 305              		.loc 1 216 0
 306 004c 6168     		ldr	r1, [r4, #4]
 307              		.loc 1 213 0
 308 004e 46F8082C 		str	r2, [r6, #-8]
 309              		.loc 1 214 0
 310 0052 1C60     		str	r4, [r3, #0]
 311              		.loc 1 216 0
 312 0054 01F10802 		add	r2, r1, #8
 313 0058 56F8085C 		ldr	r5, [r6, #-8]
 314              	.LVL31:
 315 005c A018     		adds	r0, r4, r2
 316 005e A842     		cmp	r0, r5
 317 0060 0AD0     		beq	.L27
 318              		.loc 1 221 0
 319 0062 5A68     		ldr	r2, [r3, #4]
 320 0064 02F1080E 		add	lr, r2, #8
 321 0068 03EB0E0C 		add	ip, r3, lr
 322 006c A445     		cmp	ip, r4
 323 006e 11D0     		beq	.L28
 324              	.L22:
 325              		.loc 1 233 0
 326 0070 BDE87040 		pop	{r4, r5, r6, lr}
 327              		.loc 1 231 0
 328 0074 FFF7FEBF 		b	chMtxUnlock
 329              	.LVL32:
 330              	.L27:
 331              		.loc 1 218 0
 332 0078 4068     		ldr	r0, [r0, #4]
 333              		.loc 1 219 0
 334 007a A258     		ldr	r2, [r4, r2]
 335              		.loc 1 218 0
 336 007c 0818     		adds	r0, r1, r0
ARM GAS  /tmp/ccNL5kLt.s 			page 7


 337 007e 0830     		adds	r0, r0, #8
 338 0080 6060     		str	r0, [r4, #4]
 339              		.loc 1 219 0
 340 0082 46F8082C 		str	r2, [r6, #-8]
 341              		.loc 1 221 0
 342 0086 5A68     		ldr	r2, [r3, #4]
 343 0088 02F1080E 		add	lr, r2, #8
 344 008c 03EB0E0C 		add	ip, r3, lr
 345 0090 A445     		cmp	ip, r4
 346 0092 EDD1     		bne	.L22
 347              	.L28:
 348              		.loc 1 223 0
 349 0094 6068     		ldr	r0, [r4, #4]
 350              		.loc 1 224 0
 351 0096 56F8081C 		ldr	r1, [r6, #-8]
 352              		.loc 1 223 0
 353 009a 1218     		adds	r2, r2, r0
 354 009c 0832     		adds	r2, r2, #8
 355 009e 5A60     		str	r2, [r3, #4]
 356              		.loc 1 224 0
 357 00a0 1960     		str	r1, [r3, #0]
 358 00a2 E5E7     		b	.L22
 359              		.cfi_endproc
 360              	.LFE10:
 361              		.size	chHeapFree, .-chHeapFree
 362 00a4 AFF30080 		.section	.text.chHeapStatus,"ax",%progbits
 362      AFF30080 
 362      AFF30080 
 363              		.align	2
 364              		.p2align 4,,15
 365              		.global	chHeapStatus
 366              		.thumb
 367              		.thumb_func
 368              		.type	chHeapStatus, %function
 369              	chHeapStatus:
 370              	.LFB11:
 371              		.loc 1 250 0
 372              		.cfi_startproc
 373              		@ args = 0, pretend = 0, frame = 0
 374              		@ frame_needed = 0, uses_anonymous_args = 0
 375              	.LVL33:
 376 0000 38B5     		push	{r3, r4, r5, lr}
 377              	.LCFI2:
 378              		.cfi_def_cfa_offset 16
 379              		.loc 1 255 0
 380 0002 40F20004 		movw	r4, #:lower16:.LANCHOR0
 381              		.cfi_offset 14, -4
 382              		.cfi_offset 5, -8
 383              		.cfi_offset 4, -12
 384              		.cfi_offset 3, -16
 385 0006 C0F20004 		movt	r4, #:upper16:.LANCHOR0
 386 000a 0028     		cmp	r0, #0
 387 000c 18BF     		it	ne
 388 000e 0446     		movne	r4, r0
 389              	.LVL34:
 390              		.loc 1 257 0
 391 0010 04F11000 		add	r0, r4, #16
ARM GAS  /tmp/ccNL5kLt.s 			page 8


 392              		.loc 1 250 0
 393 0014 0D46     		mov	r5, r1
 394              		.loc 1 257 0
 395 0016 FFF7FEFF 		bl	chMtxLock
 396              	.LVL35:
 397              		.loc 1 260 0
 398 001a A368     		ldr	r3, [r4, #8]
 399              		.loc 1 259 0
 400 001c 1A46     		mov	r2, r3
 401              		.loc 1 260 0
 402 001e 1C46     		mov	r4, r3
 403 0020 3BB1     		cbz	r3, .L31
 404              		.loc 1 260 0 is_stmt 0 discriminator 2
 405 0022 0022     		movs	r2, #0
 406 0024 1446     		mov	r4, r2
 407              	.LVL36:
 408              	.L32:
 409              		.loc 1 261 0 is_stmt 1 discriminator 2
 410 0026 5968     		ldr	r1, [r3, #4]
 411              		.loc 1 260 0 discriminator 2
 412 0028 1B68     		ldr	r3, [r3, #0]
 413              		.loc 1 261 0 discriminator 2
 414 002a 5218     		adds	r2, r2, r1
 415              	.LVL37:
 416              		.loc 1 260 0 discriminator 2
 417 002c 0134     		adds	r4, r4, #1
 418              	.LVL38:
 419 002e 002B     		cmp	r3, #0
 420 0030 F9D1     		bne	.L32
 421              	.LVL39:
 422              	.L31:
 423              		.loc 1 262 0
 424 0032 05B1     		cbz	r5, .L33
 425              		.loc 1 263 0
 426 0034 2A60     		str	r2, [r5, #0]
 427              	.L33:
 428              		.loc 1 265 0
 429 0036 FFF7FEFF 		bl	chMtxUnlock
 430              		.loc 1 267 0
 431 003a 2046     		mov	r0, r4
 432 003c 38BD     		pop	{r3, r4, r5, pc}
 433              		.cfi_endproc
 434              	.LFE11:
 435              		.size	chHeapStatus, .-chHeapStatus
 436 003e 00BF     		.section	.bss.default_heap,"aw",%nobits
 437              		.align	3
 438              		.set	.LANCHOR0,. + 0
 439              		.type	default_heap, %object
 440              		.size	default_heap, 32
 441              	default_heap:
 442 0000 00000000 		.space	32
 442      00000000 
 442      00000000 
 442      00000000 
 442      00000000 
 443              		.text
 444              	.Letext0:
ARM GAS  /tmp/ccNL5kLt.s 			page 9


 445              		.section	.debug_loc,"",%progbits
 446              	.Ldebug_loc0:
 447              	.LLST0:
 448 0000 00000000 		.4byte	.LVL0
 449 0004 0C000000 		.4byte	.LVL3
 450 0008 0100     		.2byte	0x1
 451 000a 50       		.byte	0x50
 452 000b 0C000000 		.4byte	.LVL3
 453 000f 14000000 		.4byte	.LFE8
 454 0013 0300     		.2byte	0x3
 455 0015 70       		.byte	0x70
 456 0016 70       		.sleb128 -16
 457 0017 9F       		.byte	0x9f
 458 0018 00000000 		.4byte	0x0
 459 001c 00000000 		.4byte	0x0
 460              	.LLST1:
 461 0020 00000000 		.4byte	.LVL0
 462 0024 0A000000 		.4byte	.LVL2
 463 0028 0100     		.2byte	0x1
 464 002a 52       		.byte	0x52
 465 002b 0A000000 		.4byte	.LVL2
 466 002f 14000000 		.4byte	.LFE8
 467 0033 0300     		.2byte	0x3
 468 0035 72       		.byte	0x72
 469 0036 08       		.sleb128 8
 470 0037 9F       		.byte	0x9f
 471 0038 00000000 		.4byte	0x0
 472 003c 00000000 		.4byte	0x0
 473              	.LLST2:
 474 0040 00000000 		.4byte	.LFB9
 475 0044 02000000 		.4byte	.LCFI0
 476 0048 0200     		.2byte	0x2
 477 004a 7D       		.byte	0x7d
 478 004b 00       		.sleb128 0
 479 004c 02000000 		.4byte	.LCFI0
 480 0050 8C000000 		.4byte	.LFE9
 481 0054 0200     		.2byte	0x2
 482 0056 7D       		.byte	0x7d
 483 0057 18       		.sleb128 24
 484 0058 00000000 		.4byte	0x0
 485 005c 00000000 		.4byte	0x0
 486              	.LLST3:
 487 0060 00000000 		.4byte	.LVL4
 488 0064 10000000 		.4byte	.LVL5
 489 0068 0100     		.2byte	0x1
 490 006a 50       		.byte	0x50
 491 006b 00000000 		.4byte	0x0
 492 006f 00000000 		.4byte	0x0
 493              	.LLST4:
 494 0073 00000000 		.4byte	.LVL4
 495 0077 12000000 		.4byte	.LVL6
 496 007b 0100     		.2byte	0x1
 497 007d 51       		.byte	0x51
 498 007e 12000000 		.4byte	.LVL6
 499 0082 1A000000 		.4byte	.LVL7
 500 0086 0300     		.2byte	0x3
 501 0088 71       		.byte	0x71
ARM GAS  /tmp/ccNL5kLt.s 			page 10


 502 0089 79       		.sleb128 -7
 503 008a 9F       		.byte	0x9f
 504 008b 1A000000 		.4byte	.LVL7
 505 008f 8C000000 		.4byte	.LFE9
 506 0093 0100     		.2byte	0x1
 507 0095 56       		.byte	0x56
 508 0096 00000000 		.4byte	0x0
 509 009a 00000000 		.4byte	0x0
 510              	.LLST5:
 511 009e 1E000000 		.4byte	.LVL8
 512 00a2 26000000 		.4byte	.LVL10
 513 00a6 0100     		.2byte	0x1
 514 00a8 55       		.byte	0x55
 515 00a9 26000000 		.4byte	.LVL10
 516 00ad 5A000000 		.4byte	.LVL14
 517 00b1 0100     		.2byte	0x1
 518 00b3 55       		.byte	0x55
 519 00b4 66000000 		.4byte	.LVL16
 520 00b8 72000000 		.4byte	.LVL18
 521 00bc 0100     		.2byte	0x1
 522 00be 55       		.byte	0x55
 523 00bf 00000000 		.4byte	0x0
 524 00c3 00000000 		.4byte	0x0
 525              	.LLST6:
 526 00c7 24000000 		.4byte	.LVL9
 527 00cb 26000000 		.4byte	.LVL10
 528 00cf 0100     		.2byte	0x1
 529 00d1 53       		.byte	0x53
 530 00d2 2A000000 		.4byte	.LVL11
 531 00d6 5A000000 		.4byte	.LVL14
 532 00da 0200     		.2byte	0x2
 533 00dc 75       		.byte	0x75
 534 00dd 00       		.sleb128 0
 535 00de 5A000000 		.4byte	.LVL14
 536 00e2 61000000 		.4byte	.LVL15-1
 537 00e6 0100     		.2byte	0x1
 538 00e8 53       		.byte	0x53
 539 00e9 61000000 		.4byte	.LVL15-1
 540 00ed 62000000 		.4byte	.LVL15
 541 00f1 0300     		.2byte	0x3
 542 00f3 75       		.byte	0x75
 543 00f4 78       		.sleb128 -8
 544 00f5 9F       		.byte	0x9f
 545 00f6 66000000 		.4byte	.LVL16
 546 00fa 6C000000 		.4byte	.LVL17
 547 00fe 0100     		.2byte	0x1
 548 0100 53       		.byte	0x53
 549 0101 7C000000 		.4byte	.LVL19
 550 0105 8A000000 		.4byte	.LVL20
 551 0109 0100     		.2byte	0x1
 552 010b 50       		.byte	0x50
 553 010c 00000000 		.4byte	0x0
 554 0110 00000000 		.4byte	0x0
 555              	.LLST7:
 556 0114 42000000 		.4byte	.LVL12
 557 0118 58000000 		.4byte	.LVL13
 558 011c 0100     		.2byte	0x1
ARM GAS  /tmp/ccNL5kLt.s 			page 11


 559 011e 57       		.byte	0x57
 560 011f 00000000 		.4byte	0x0
 561 0123 00000000 		.4byte	0x0
 562              	.LLST8:
 563 0127 00000000 		.4byte	.LFB10
 564 012b 02000000 		.4byte	.LCFI1
 565 012f 0200     		.2byte	0x2
 566 0131 7D       		.byte	0x7d
 567 0132 00       		.sleb128 0
 568 0133 02000000 		.4byte	.LCFI1
 569 0137 A4000000 		.4byte	.LFE10
 570 013b 0200     		.2byte	0x2
 571 013d 7D       		.byte	0x7d
 572 013e 10       		.sleb128 16
 573 013f 00000000 		.4byte	0x0
 574 0143 00000000 		.4byte	0x0
 575              	.LLST9:
 576 0147 00000000 		.4byte	.LVL21
 577 014b 0C000000 		.4byte	.LVL23
 578 014f 0100     		.2byte	0x1
 579 0151 50       		.byte	0x50
 580 0152 0C000000 		.4byte	.LVL23
 581 0156 A4000000 		.4byte	.LFE10
 582 015a 0100     		.2byte	0x1
 583 015c 56       		.byte	0x56
 584 015d 00000000 		.4byte	0x0
 585 0161 00000000 		.4byte	0x0
 586              	.LLST10:
 587 0165 10000000 		.4byte	.LVL24
 588 0169 18000000 		.4byte	.LVL26
 589 016d 0100     		.2byte	0x1
 590 016f 55       		.byte	0x55
 591 0170 18000000 		.4byte	.LVL26
 592 0174 34000000 		.4byte	.LVL27
 593 0178 0100     		.2byte	0x1
 594 017a 53       		.byte	0x53
 595 017b 34000000 		.4byte	.LVL27
 596 017f 3C000000 		.4byte	.LVL28
 597 0183 0100     		.2byte	0x1
 598 0185 52       		.byte	0x52
 599 0186 3C000000 		.4byte	.LVL28
 600 018a 4A000000 		.4byte	.LVL29
 601 018e 0100     		.2byte	0x1
 602 0190 53       		.byte	0x53
 603 0191 4C000000 		.4byte	.LVL30
 604 0195 77000000 		.4byte	.LVL32-1
 605 0199 0100     		.2byte	0x1
 606 019b 53       		.byte	0x53
 607 019c 78000000 		.4byte	.LVL32
 608 01a0 A4000000 		.4byte	.LFE10
 609 01a4 0100     		.2byte	0x1
 610 01a6 53       		.byte	0x53
 611 01a7 00000000 		.4byte	0x0
 612 01ab 00000000 		.4byte	0x0
 613              	.LLST11:
 614 01af 0C000000 		.4byte	.LVL23
 615 01b3 15000000 		.4byte	.LVL25-1
ARM GAS  /tmp/ccNL5kLt.s 			page 12


 616 01b7 0200     		.2byte	0x2
 617 01b9 74       		.byte	0x74
 618 01ba 00       		.sleb128 0
 619 01bb 15000000 		.4byte	.LVL25-1
 620 01bf 5C000000 		.4byte	.LVL31
 621 01c3 0300     		.2byte	0x3
 622 01c5 75       		.byte	0x75
 623 01c6 78       		.sleb128 -8
 624 01c7 9F       		.byte	0x9f
 625 01c8 00000000 		.4byte	0x0
 626 01cc 00000000 		.4byte	0x0
 627              	.LLST12:
 628 01d0 00000000 		.4byte	.LFB11
 629 01d4 02000000 		.4byte	.LCFI2
 630 01d8 0200     		.2byte	0x2
 631 01da 7D       		.byte	0x7d
 632 01db 00       		.sleb128 0
 633 01dc 02000000 		.4byte	.LCFI2
 634 01e0 3E000000 		.4byte	.LFE11
 635 01e4 0200     		.2byte	0x2
 636 01e6 7D       		.byte	0x7d
 637 01e7 10       		.sleb128 16
 638 01e8 00000000 		.4byte	0x0
 639 01ec 00000000 		.4byte	0x0
 640              	.LLST13:
 641 01f0 00000000 		.4byte	.LVL33
 642 01f4 10000000 		.4byte	.LVL34
 643 01f8 0100     		.2byte	0x1
 644 01fa 50       		.byte	0x50
 645 01fb 00000000 		.4byte	0x0
 646 01ff 00000000 		.4byte	0x0
 647              	.LLST14:
 648 0203 00000000 		.4byte	.LVL33
 649 0207 19000000 		.4byte	.LVL35-1
 650 020b 0100     		.2byte	0x1
 651 020d 51       		.byte	0x51
 652 020e 19000000 		.4byte	.LVL35-1
 653 0212 3E000000 		.4byte	.LFE11
 654 0216 0100     		.2byte	0x1
 655 0218 55       		.byte	0x55
 656 0219 00000000 		.4byte	0x0
 657 021d 00000000 		.4byte	0x0
 658              	.LLST15:
 659 0221 1A000000 		.4byte	.LVL35
 660 0225 26000000 		.4byte	.LVL36
 661 0229 0200     		.2byte	0x2
 662 022b 30       		.byte	0x30
 663 022c 9F       		.byte	0x9f
 664 022d 2E000000 		.4byte	.LVL38
 665 0231 32000000 		.4byte	.LVL39
 666 0235 0100     		.2byte	0x1
 667 0237 54       		.byte	0x54
 668 0238 00000000 		.4byte	0x0
 669 023c 00000000 		.4byte	0x0
 670              	.LLST16:
 671 0240 1A000000 		.4byte	.LVL35
 672 0244 26000000 		.4byte	.LVL36
ARM GAS  /tmp/ccNL5kLt.s 			page 13


 673 0248 0200     		.2byte	0x2
 674 024a 30       		.byte	0x30
 675 024b 9F       		.byte	0x9f
 676 024c 2C000000 		.4byte	.LVL37
 677 0250 32000000 		.4byte	.LVL39
 678 0254 0100     		.2byte	0x1
 679 0256 52       		.byte	0x52
 680 0257 00000000 		.4byte	0x0
 681 025b 00000000 		.4byte	0x0
 682              		.file 2 "/opt/sgpp-lite-arm-eabi-bin-2010.09.51/bin/../lib/gcc/arm-none-eabi/4.5.1/include/stddef.
 683              		.file 3 "/opt/sgpp-lite-arm-eabi-bin-2010.09.51/bin/../lib/gcc/arm-none-eabi/4.5.1/../../../../arm
 684              		.file 4 "../ChibiOS_2.6.2/os/ports/GCC/ARMCMx/chtypes.h"
 685              		.file 5 "../ChibiOS_2.6.2/os/kernel/include/chlists.h"
 686              		.file 6 "../ChibiOS_2.6.2/os/kernel/include/chthreads.h"
 687              		.file 7 "../ChibiOS_2.6.2/os/ports/GCC/ARMCMx/chcore_v7m.h"
 688              		.file 8 "../ChibiOS_2.6.2/os/kernel/include/chmtx.h"
 689              		.file 9 "../ChibiOS_2.6.2/os/kernel/include/chmemcore.h"
 690              		.file 10 "../ChibiOS_2.6.2/os/kernel/include/chheap.h"
 691              		.section	.debug_info
 692 0000 51060000 		.4byte	0x651
 693 0004 0200     		.2byte	0x2
 694 0006 00000000 		.4byte	.Ldebug_abbrev0
 695 000a 04       		.byte	0x4
 696 000b 01       		.uleb128 0x1
 697 000c B6020000 		.4byte	.LASF75
 698 0010 01       		.byte	0x1
 699 0011 7F020000 		.4byte	.LASF76
 700 0015 CF020000 		.4byte	.LASF77
 701 0019 00000000 		.4byte	0x0
 702 001d 00000000 		.4byte	0x0
 703 0021 00000000 		.4byte	.Ldebug_ranges0+0x0
 704 0025 00000000 		.4byte	.Ldebug_line0
 705 0029 02       		.uleb128 0x2
 706 002a 04       		.byte	0x4
 707 002b 05       		.byte	0x5
 708 002c 696E7400 		.ascii	"int\000"
 709 0030 03       		.uleb128 0x3
 710 0031 06000000 		.4byte	.LASF2
 711 0035 02       		.byte	0x2
 712 0036 D3       		.byte	0xd3
 713 0037 3B000000 		.4byte	0x3b
 714 003b 04       		.uleb128 0x4
 715 003c 04       		.byte	0x4
 716 003d 07       		.byte	0x7
 717 003e E3000000 		.4byte	.LASF0
 718 0042 04       		.uleb128 0x4
 719 0043 01       		.byte	0x1
 720 0044 06       		.byte	0x6
 721 0045 7C000000 		.4byte	.LASF1
 722 0049 03       		.uleb128 0x3
 723 004a AE020000 		.4byte	.LASF3
 724 004e 03       		.byte	0x3
 725 004f 2A       		.byte	0x2a
 726 0050 54000000 		.4byte	0x54
 727 0054 04       		.uleb128 0x4
 728 0055 01       		.byte	0x1
 729 0056 08       		.byte	0x8
ARM GAS  /tmp/ccNL5kLt.s 			page 14


 730 0057 9E010000 		.4byte	.LASF4
 731 005b 04       		.uleb128 0x4
 732 005c 02       		.byte	0x2
 733 005d 05       		.byte	0x5
 734 005e C1010000 		.4byte	.LASF5
 735 0062 04       		.uleb128 0x4
 736 0063 02       		.byte	0x2
 737 0064 07       		.byte	0x7
 738 0065 0F010000 		.4byte	.LASF6
 739 0069 03       		.uleb128 0x3
 740 006a 96010000 		.4byte	.LASF7
 741 006e 03       		.byte	0x3
 742 006f 4F       		.byte	0x4f
 743 0070 74000000 		.4byte	0x74
 744 0074 04       		.uleb128 0x4
 745 0075 04       		.byte	0x4
 746 0076 05       		.byte	0x5
 747 0077 BA000000 		.4byte	.LASF8
 748 007b 03       		.uleb128 0x3
 749 007c 1D020000 		.4byte	.LASF9
 750 0080 03       		.byte	0x3
 751 0081 50       		.byte	0x50
 752 0082 86000000 		.4byte	0x86
 753 0086 04       		.uleb128 0x4
 754 0087 04       		.byte	0x4
 755 0088 07       		.byte	0x7
 756 0089 F0000000 		.4byte	.LASF10
 757 008d 04       		.uleb128 0x4
 758 008e 08       		.byte	0x8
 759 008f 05       		.byte	0x5
 760 0090 6E000000 		.4byte	.LASF11
 761 0094 03       		.uleb128 0x3
 762 0095 14000000 		.4byte	.LASF12
 763 0099 03       		.byte	0x3
 764 009a 78       		.byte	0x78
 765 009b 9F000000 		.4byte	0x9f
 766 009f 04       		.uleb128 0x4
 767 00a0 08       		.byte	0x8
 768 00a1 07       		.byte	0x7
 769 00a2 2A000000 		.4byte	.LASF13
 770 00a6 04       		.uleb128 0x4
 771 00a7 01       		.byte	0x1
 772 00a8 02       		.byte	0x2
 773 00a9 90010000 		.4byte	.LASF14
 774 00ad 03       		.uleb128 0x3
 775 00ae 28010000 		.4byte	.LASF15
 776 00b2 04       		.byte	0x4
 777 00b3 2C       		.byte	0x2c
 778 00b4 49000000 		.4byte	0x49
 779 00b8 03       		.uleb128 0x3
 780 00b9 C3000000 		.4byte	.LASF16
 781 00bd 04       		.byte	0x4
 782 00be 2D       		.byte	0x2d
 783 00bf 49000000 		.4byte	0x49
 784 00c3 03       		.uleb128 0x3
 785 00c4 79010000 		.4byte	.LASF17
 786 00c8 04       		.byte	0x4
ARM GAS  /tmp/ccNL5kLt.s 			page 15


 787 00c9 2E       		.byte	0x2e
 788 00ca 49000000 		.4byte	0x49
 789 00ce 03       		.uleb128 0x3
 790 00cf B0000000 		.4byte	.LASF18
 791 00d3 04       		.byte	0x4
 792 00d4 2F       		.byte	0x2f
 793 00d5 49000000 		.4byte	0x49
 794 00d9 03       		.uleb128 0x3
 795 00da 88010000 		.4byte	.LASF19
 796 00de 04       		.byte	0x4
 797 00df 30       		.byte	0x30
 798 00e0 7B000000 		.4byte	0x7b
 799 00e4 03       		.uleb128 0x3
 800 00e5 22010000 		.4byte	.LASF20
 801 00e9 04       		.byte	0x4
 802 00ea 31       		.byte	0x31
 803 00eb 69000000 		.4byte	0x69
 804 00ef 03       		.uleb128 0x3
 805 00f0 3C010000 		.4byte	.LASF21
 806 00f4 04       		.byte	0x4
 807 00f5 33       		.byte	0x33
 808 00f6 7B000000 		.4byte	0x7b
 809 00fa 03       		.uleb128 0x3
 810 00fb 51020000 		.4byte	.LASF22
 811 00ff 04       		.byte	0x4
 812 0100 35       		.byte	0x35
 813 0101 7B000000 		.4byte	0x7b
 814 0105 03       		.uleb128 0x3
 815 0106 FF010000 		.4byte	.LASF23
 816 010a 05       		.byte	0x5
 817 010b 2A       		.byte	0x2a
 818 010c 10010000 		.4byte	0x110
 819 0110 05       		.uleb128 0x5
 820 0111 FF010000 		.4byte	.LASF23
 821 0115 48       		.byte	0x48
 822 0116 06       		.byte	0x6
 823 0117 5E       		.byte	0x5e
 824 0118 35020000 		.4byte	0x235
 825 011c 06       		.uleb128 0x6
 826 011d F0010000 		.4byte	.LASF24
 827 0121 06       		.byte	0x6
 828 0122 5F       		.byte	0x5f
 829 0123 5A020000 		.4byte	0x25a
 830 0127 02       		.byte	0x2
 831 0128 23       		.byte	0x23
 832 0129 00       		.uleb128 0x0
 833 012a 06       		.uleb128 0x6
 834 012b 81010000 		.4byte	.LASF25
 835 012f 06       		.byte	0x6
 836 0130 61       		.byte	0x61
 837 0131 5A020000 		.4byte	0x25a
 838 0135 02       		.byte	0x2
 839 0136 23       		.byte	0x23
 840 0137 04       		.uleb128 0x4
 841 0138 06       		.uleb128 0x6
 842 0139 67000000 		.4byte	.LASF26
 843 013d 06       		.byte	0x6
ARM GAS  /tmp/ccNL5kLt.s 			page 16


 844 013e 63       		.byte	0x63
 845 013f D9000000 		.4byte	0xd9
 846 0143 02       		.byte	0x2
 847 0144 23       		.byte	0x23
 848 0145 08       		.uleb128 0x8
 849 0146 06       		.uleb128 0x6
 850 0147 FC020000 		.4byte	.LASF27
 851 014b 06       		.byte	0x6
 852 014c 64       		.byte	0x64
 853 014d 33030000 		.4byte	0x333
 854 0151 02       		.byte	0x2
 855 0152 23       		.byte	0x23
 856 0153 0C       		.uleb128 0xc
 857 0154 06       		.uleb128 0x6
 858 0155 CC000000 		.4byte	.LASF28
 859 0159 06       		.byte	0x6
 860 015a 66       		.byte	0x66
 861 015b 5A020000 		.4byte	0x25a
 862 015f 02       		.byte	0x2
 863 0160 23       		.byte	0x23
 864 0161 10       		.uleb128 0x10
 865 0162 06       		.uleb128 0x6
 866 0163 59010000 		.4byte	.LASF29
 867 0167 06       		.byte	0x6
 868 0168 67       		.byte	0x67
 869 0169 5A020000 		.4byte	0x25a
 870 016d 02       		.byte	0x2
 871 016e 23       		.byte	0x23
 872 016f 14       		.uleb128 0x14
 873 0170 06       		.uleb128 0x6
 874 0171 C8020000 		.4byte	.LASF30
 875 0175 06       		.byte	0x6
 876 0176 6E       		.byte	0x6e
 877 0177 AA040000 		.4byte	0x4aa
 878 017b 02       		.byte	0x2
 879 017c 23       		.byte	0x23
 880 017d 18       		.uleb128 0x18
 881 017e 06       		.uleb128 0x6
 882 017f CB010000 		.4byte	.LASF31
 883 0183 06       		.byte	0x6
 884 0184 79       		.byte	0x79
 885 0185 B8000000 		.4byte	0xb8
 886 0189 02       		.byte	0x2
 887 018a 23       		.byte	0x23
 888 018b 1C       		.uleb128 0x1c
 889 018c 06       		.uleb128 0x6
 890 018d F7010000 		.4byte	.LASF32
 891 0191 06       		.byte	0x6
 892 0192 7D       		.byte	0x7d
 893 0193 AD000000 		.4byte	0xad
 894 0197 02       		.byte	0x2
 895 0198 23       		.byte	0x23
 896 0199 1D       		.uleb128 0x1d
 897 019a 06       		.uleb128 0x6
 898 019b A7020000 		.4byte	.LASF33
 899 019f 06       		.byte	0x6
 900 01a0 82       		.byte	0x82
ARM GAS  /tmp/ccNL5kLt.s 			page 17


 901 01a1 C3000000 		.4byte	0xc3
 902 01a5 02       		.byte	0x2
 903 01a6 23       		.byte	0x23
 904 01a7 1E       		.uleb128 0x1e
 905 01a8 06       		.uleb128 0x6
 906 01a9 D3010000 		.4byte	.LASF34
 907 01ad 06       		.byte	0x6
 908 01ae 88       		.byte	0x88
 909 01af CE000000 		.4byte	0xce
 910 01b3 02       		.byte	0x2
 911 01b4 23       		.byte	0x23
 912 01b5 1F       		.uleb128 0x1f
 913 01b6 06       		.uleb128 0x6
 914 01b7 66020000 		.4byte	.LASF35
 915 01bb 06       		.byte	0x6
 916 01bc 8F       		.byte	0x8f
 917 01bd 56030000 		.4byte	0x356
 918 01c1 02       		.byte	0x2
 919 01c2 23       		.byte	0x23
 920 01c3 20       		.uleb128 0x20
 921 01c4 07       		.uleb128 0x7
 922 01c5 705F7500 		.ascii	"p_u\000"
 923 01c9 06       		.byte	0x6
 924 01ca B4       		.byte	0xb4
 925 01cb 75040000 		.4byte	0x475
 926 01cf 02       		.byte	0x2
 927 01d0 23       		.byte	0x23
 928 01d1 24       		.uleb128 0x24
 929 01d2 06       		.uleb128 0x6
 930 01d3 02030000 		.4byte	.LASF36
 931 01d7 06       		.byte	0x6
 932 01d8 B9       		.byte	0xb9
 933 01d9 82020000 		.4byte	0x282
 934 01dd 02       		.byte	0x2
 935 01de 23       		.byte	0x23
 936 01df 28       		.uleb128 0x28
 937 01e0 06       		.uleb128 0x6
 938 01e1 74020000 		.4byte	.LASF37
 939 01e5 06       		.byte	0x6
 940 01e6 BF       		.byte	0xbf
 941 01e7 60020000 		.4byte	0x260
 942 01eb 02       		.byte	0x2
 943 01ec 23       		.byte	0x23
 944 01ed 2C       		.uleb128 0x2c
 945 01ee 06       		.uleb128 0x6
 946 01ef 00000000 		.4byte	.LASF38
 947 01f3 06       		.byte	0x6
 948 01f4 C3       		.byte	0xc3
 949 01f5 E4000000 		.4byte	0xe4
 950 01f9 02       		.byte	0x2
 951 01fa 23       		.byte	0x23
 952 01fb 34       		.uleb128 0x34
 953 01fc 06       		.uleb128 0x6
 954 01fd 12020000 		.4byte	.LASF39
 955 0201 06       		.byte	0x6
 956 0202 C9       		.byte	0xc9
 957 0203 EF000000 		.4byte	0xef
ARM GAS  /tmp/ccNL5kLt.s 			page 18


 958 0207 02       		.byte	0x2
 959 0208 23       		.byte	0x23
 960 0209 38       		.uleb128 0x38
 961 020a 06       		.uleb128 0x6
 962 020b B7010000 		.4byte	.LASF40
 963 020f 06       		.byte	0x6
 964 0210 D0       		.byte	0xd0
 965 0211 BC040000 		.4byte	0x4bc
 966 0215 02       		.byte	0x2
 967 0216 23       		.byte	0x23
 968 0217 3C       		.uleb128 0x3c
 969 0218 06       		.uleb128 0x6
 970 0219 5B020000 		.4byte	.LASF41
 971 021d 06       		.byte	0x6
 972 021e D4       		.byte	0xd4
 973 021f D9000000 		.4byte	0xd9
 974 0223 02       		.byte	0x2
 975 0224 23       		.byte	0x23
 976 0225 40       		.uleb128 0x40
 977 0226 06       		.uleb128 0x6
 978 0227 8E000000 		.4byte	.LASF42
 979 022b 06       		.byte	0x6
 980 022c DA       		.byte	0xda
 981 022d 98020000 		.4byte	0x298
 982 0231 02       		.byte	0x2
 983 0232 23       		.byte	0x23
 984 0233 44       		.uleb128 0x44
 985 0234 00       		.byte	0x0
 986 0235 08       		.uleb128 0x8
 987 0236 08       		.byte	0x8
 988 0237 05       		.byte	0x5
 989 0238 61       		.byte	0x61
 990 0239 5A020000 		.4byte	0x25a
 991 023d 06       		.uleb128 0x6
 992 023e F0010000 		.4byte	.LASF24
 993 0242 05       		.byte	0x5
 994 0243 62       		.byte	0x62
 995 0244 5A020000 		.4byte	0x25a
 996 0248 02       		.byte	0x2
 997 0249 23       		.byte	0x23
 998 024a 00       		.uleb128 0x0
 999 024b 06       		.uleb128 0x6
 1000 024c 81010000 		.4byte	.LASF25
 1001 0250 05       		.byte	0x5
 1002 0251 64       		.byte	0x64
 1003 0252 5A020000 		.4byte	0x25a
 1004 0256 02       		.byte	0x2
 1005 0257 23       		.byte	0x23
 1006 0258 04       		.uleb128 0x4
 1007 0259 00       		.byte	0x0
 1008 025a 09       		.uleb128 0x9
 1009 025b 04       		.byte	0x4
 1010 025c 05010000 		.4byte	0x105
 1011 0260 03       		.uleb128 0x3
 1012 0261 61010000 		.4byte	.LASF43
 1013 0265 05       		.byte	0x5
 1014 0266 66       		.byte	0x66
ARM GAS  /tmp/ccNL5kLt.s 			page 19


 1015 0267 35020000 		.4byte	0x235
 1016 026b 08       		.uleb128 0x8
 1017 026c 04       		.byte	0x4
 1018 026d 05       		.byte	0x5
 1019 026e 6B       		.byte	0x6b
 1020 026f 82020000 		.4byte	0x282
 1021 0273 06       		.uleb128 0x6
 1022 0274 F0010000 		.4byte	.LASF24
 1023 0278 05       		.byte	0x5
 1024 0279 6D       		.byte	0x6d
 1025 027a 5A020000 		.4byte	0x25a
 1026 027e 02       		.byte	0x2
 1027 027f 23       		.byte	0x23
 1028 0280 00       		.uleb128 0x0
 1029 0281 00       		.byte	0x0
 1030 0282 03       		.uleb128 0x3
 1031 0283 30010000 		.4byte	.LASF44
 1032 0287 05       		.byte	0x5
 1033 0288 70       		.byte	0x70
 1034 0289 6B020000 		.4byte	0x26b
 1035 028d 03       		.uleb128 0x3
 1036 028e D4000000 		.4byte	.LASF45
 1037 0292 07       		.byte	0x7
 1038 0293 E5       		.byte	0xe5
 1039 0294 98020000 		.4byte	0x298
 1040 0298 0A       		.uleb128 0xa
 1041 0299 04       		.byte	0x4
 1042 029a 03       		.uleb128 0x3
 1043 029b 4E010000 		.4byte	.LASF46
 1044 029f 07       		.byte	0x7
 1045 02a0 EB       		.byte	0xeb
 1046 02a1 94000000 		.4byte	0x94
 1047 02a5 0B       		.uleb128 0xb
 1048 02a6 6D020000 		.4byte	.LASF47
 1049 02aa 24       		.byte	0x24
 1050 02ab 07       		.byte	0x7
 1051 02ac 0C01     		.2byte	0x10c
 1052 02ae 33030000 		.4byte	0x333
 1053 02b2 0C       		.uleb128 0xc
 1054 02b3 723400   		.ascii	"r4\000"
 1055 02b6 07       		.byte	0x7
 1056 02b7 1F01     		.2byte	0x11f
 1057 02b9 8D020000 		.4byte	0x28d
 1058 02bd 02       		.byte	0x2
 1059 02be 23       		.byte	0x23
 1060 02bf 00       		.uleb128 0x0
 1061 02c0 0C       		.uleb128 0xc
 1062 02c1 723500   		.ascii	"r5\000"
 1063 02c4 07       		.byte	0x7
 1064 02c5 2001     		.2byte	0x120
 1065 02c7 8D020000 		.4byte	0x28d
 1066 02cb 02       		.byte	0x2
 1067 02cc 23       		.byte	0x23
 1068 02cd 04       		.uleb128 0x4
 1069 02ce 0C       		.uleb128 0xc
 1070 02cf 723600   		.ascii	"r6\000"
 1071 02d2 07       		.byte	0x7
ARM GAS  /tmp/ccNL5kLt.s 			page 20


 1072 02d3 2101     		.2byte	0x121
 1073 02d5 8D020000 		.4byte	0x28d
 1074 02d9 02       		.byte	0x2
 1075 02da 23       		.byte	0x23
 1076 02db 08       		.uleb128 0x8
 1077 02dc 0C       		.uleb128 0xc
 1078 02dd 723700   		.ascii	"r7\000"
 1079 02e0 07       		.byte	0x7
 1080 02e1 2201     		.2byte	0x122
 1081 02e3 8D020000 		.4byte	0x28d
 1082 02e7 02       		.byte	0x2
 1083 02e8 23       		.byte	0x23
 1084 02e9 0C       		.uleb128 0xc
 1085 02ea 0C       		.uleb128 0xc
 1086 02eb 723800   		.ascii	"r8\000"
 1087 02ee 07       		.byte	0x7
 1088 02ef 2301     		.2byte	0x123
 1089 02f1 8D020000 		.4byte	0x28d
 1090 02f5 02       		.byte	0x2
 1091 02f6 23       		.byte	0x23
 1092 02f7 10       		.uleb128 0x10
 1093 02f8 0C       		.uleb128 0xc
 1094 02f9 723900   		.ascii	"r9\000"
 1095 02fc 07       		.byte	0x7
 1096 02fd 2401     		.2byte	0x124
 1097 02ff 8D020000 		.4byte	0x28d
 1098 0303 02       		.byte	0x2
 1099 0304 23       		.byte	0x23
 1100 0305 14       		.uleb128 0x14
 1101 0306 0C       		.uleb128 0xc
 1102 0307 72313000 		.ascii	"r10\000"
 1103 030b 07       		.byte	0x7
 1104 030c 2501     		.2byte	0x125
 1105 030e 8D020000 		.4byte	0x28d
 1106 0312 02       		.byte	0x2
 1107 0313 23       		.byte	0x23
 1108 0314 18       		.uleb128 0x18
 1109 0315 0C       		.uleb128 0xc
 1110 0316 72313100 		.ascii	"r11\000"
 1111 031a 07       		.byte	0x7
 1112 031b 2601     		.2byte	0x126
 1113 031d 8D020000 		.4byte	0x28d
 1114 0321 02       		.byte	0x2
 1115 0322 23       		.byte	0x23
 1116 0323 1C       		.uleb128 0x1c
 1117 0324 0C       		.uleb128 0xc
 1118 0325 6C7200   		.ascii	"lr\000"
 1119 0328 07       		.byte	0x7
 1120 0329 2701     		.2byte	0x127
 1121 032b 8D020000 		.4byte	0x28d
 1122 032f 02       		.byte	0x2
 1123 0330 23       		.byte	0x23
 1124 0331 20       		.uleb128 0x20
 1125 0332 00       		.byte	0x0
 1126 0333 0B       		.uleb128 0xb
 1127 0334 02010000 		.4byte	.LASF48
 1128 0338 04       		.byte	0x4
ARM GAS  /tmp/ccNL5kLt.s 			page 21


 1129 0339 07       		.byte	0x7
 1130 033a 3101     		.2byte	0x131
 1131 033c 50030000 		.4byte	0x350
 1132 0340 0C       		.uleb128 0xc
 1133 0341 72313300 		.ascii	"r13\000"
 1134 0345 07       		.byte	0x7
 1135 0346 3201     		.2byte	0x132
 1136 0348 50030000 		.4byte	0x350
 1137 034c 02       		.byte	0x2
 1138 034d 23       		.byte	0x23
 1139 034e 00       		.uleb128 0x0
 1140 034f 00       		.byte	0x0
 1141 0350 09       		.uleb128 0x9
 1142 0351 04       		.byte	0x4
 1143 0352 A5020000 		.4byte	0x2a5
 1144 0356 0D       		.uleb128 0xd
 1145 0357 FA000000 		.4byte	0xfa
 1146 035b 05       		.uleb128 0x5
 1147 035c 48010000 		.4byte	.LASF49
 1148 0360 10       		.byte	0x10
 1149 0361 08       		.byte	0x8
 1150 0362 2C       		.byte	0x2c
 1151 0363 92030000 		.4byte	0x392
 1152 0367 06       		.uleb128 0x6
 1153 0368 96000000 		.4byte	.LASF50
 1154 036c 08       		.byte	0x8
 1155 036d 2D       		.byte	0x2d
 1156 036e 60020000 		.4byte	0x260
 1157 0372 02       		.byte	0x2
 1158 0373 23       		.byte	0x23
 1159 0374 00       		.uleb128 0x0
 1160 0375 06       		.uleb128 0x6
 1161 0376 F4020000 		.4byte	.LASF51
 1162 037a 08       		.byte	0x8
 1163 037b 2F       		.byte	0x2f
 1164 037c 5A020000 		.4byte	0x25a
 1165 0380 02       		.byte	0x2
 1166 0381 23       		.byte	0x23
 1167 0382 08       		.uleb128 0x8
 1168 0383 06       		.uleb128 0x6
 1169 0384 4A020000 		.4byte	.LASF52
 1170 0388 08       		.byte	0x8
 1171 0389 31       		.byte	0x31
 1172 038a 92030000 		.4byte	0x392
 1173 038e 02       		.byte	0x2
 1174 038f 23       		.byte	0x23
 1175 0390 0C       		.uleb128 0xc
 1176 0391 00       		.byte	0x0
 1177 0392 09       		.uleb128 0x9
 1178 0393 04       		.byte	0x4
 1179 0394 5B030000 		.4byte	0x35b
 1180 0398 03       		.uleb128 0x3
 1181 0399 48010000 		.4byte	.LASF49
 1182 039d 08       		.byte	0x8
 1183 039e 33       		.byte	0x33
 1184 039f 5B030000 		.4byte	0x35b
 1185 03a3 03       		.uleb128 0x3
ARM GAS  /tmp/ccNL5kLt.s 			page 22


 1186 03a4 1D000000 		.4byte	.LASF53
 1187 03a8 09       		.byte	0x9
 1188 03a9 2C       		.byte	0x2c
 1189 03aa AE030000 		.4byte	0x3ae
 1190 03ae 09       		.uleb128 0x9
 1191 03af 04       		.byte	0x4
 1192 03b0 B4030000 		.4byte	0x3b4
 1193 03b4 0E       		.uleb128 0xe
 1194 03b5 01       		.byte	0x1
 1195 03b6 98020000 		.4byte	0x298
 1196 03ba C4030000 		.4byte	0x3c4
 1197 03be 0F       		.uleb128 0xf
 1198 03bf 30000000 		.4byte	0x30
 1199 03c3 00       		.byte	0x0
 1200 03c4 03       		.uleb128 0x3
 1201 03c5 6E010000 		.4byte	.LASF54
 1202 03c9 0A       		.byte	0xa
 1203 03ca 34       		.byte	0x34
 1204 03cb CF030000 		.4byte	0x3cf
 1205 03cf 05       		.uleb128 0x5
 1206 03d0 0C030000 		.4byte	.LASF55
 1207 03d4 20       		.byte	0x20
 1208 03d5 0A       		.byte	0xa
 1209 03d6 47       		.byte	0x47
 1210 03d7 06040000 		.4byte	0x406
 1211 03db 06       		.uleb128 0x6
 1212 03dc AC010000 		.4byte	.LASF56
 1213 03e0 0A       		.byte	0xa
 1214 03e1 48       		.byte	0x48
 1215 03e2 A3030000 		.4byte	0x3a3
 1216 03e6 02       		.byte	0x2
 1217 03e7 23       		.byte	0x23
 1218 03e8 00       		.uleb128 0x0
 1219 03e9 06       		.uleb128 0x6
 1220 03ea 4A000000 		.4byte	.LASF57
 1221 03ee 0A       		.byte	0xa
 1222 03ef 4A       		.byte	0x4a
 1223 03f0 25040000 		.4byte	0x425
 1224 03f4 02       		.byte	0x2
 1225 03f5 23       		.byte	0x23
 1226 03f6 08       		.uleb128 0x8
 1227 03f7 06       		.uleb128 0x6
 1228 03f8 88000000 		.4byte	.LASF58
 1229 03fc 0A       		.byte	0xa
 1230 03fd 4C       		.byte	0x4c
 1231 03fe 98030000 		.4byte	0x398
 1232 0402 02       		.byte	0x2
 1233 0403 23       		.byte	0x23
 1234 0404 10       		.uleb128 0x10
 1235 0405 00       		.byte	0x0
 1236 0406 10       		.uleb128 0x10
 1237 0407 04       		.byte	0x4
 1238 0408 0A       		.byte	0xa
 1239 0409 3C       		.byte	0x3c
 1240 040a 25040000 		.4byte	0x425
 1241 040e 11       		.uleb128 0x11
 1242 040f 62000000 		.4byte	.LASF59
ARM GAS  /tmp/ccNL5kLt.s 			page 23


 1243 0413 0A       		.byte	0xa
 1244 0414 3D       		.byte	0x3d
 1245 0415 46040000 		.4byte	0x446
 1246 0419 11       		.uleb128 0x11
 1247 041a 26020000 		.4byte	.LASF60
 1248 041e 0A       		.byte	0xa
 1249 041f 3E       		.byte	0x3e
 1250 0420 4C040000 		.4byte	0x44c
 1251 0424 00       		.byte	0x0
 1252 0425 12       		.uleb128 0x12
 1253 0426 DD010000 		.4byte	.LASF78
 1254 042a 08       		.byte	0x8
 1255 042b 0A       		.byte	0xa
 1256 042c 39       		.byte	0x39
 1257 042d 46040000 		.4byte	0x446
 1258 0431 11       		.uleb128 0x11
 1259 0432 DD000000 		.4byte	.LASF61
 1260 0436 0A       		.byte	0xa
 1261 0437 3A       		.byte	0x3a
 1262 0438 9A020000 		.4byte	0x29a
 1263 043c 13       		.uleb128 0x13
 1264 043d 6800     		.ascii	"h\000"
 1265 043f 0A       		.byte	0xa
 1266 0440 41       		.byte	0x41
 1267 0441 52040000 		.4byte	0x452
 1268 0445 00       		.byte	0x0
 1269 0446 09       		.uleb128 0x9
 1270 0447 04       		.byte	0x4
 1271 0448 25040000 		.4byte	0x425
 1272 044c 09       		.uleb128 0x9
 1273 044d 04       		.byte	0x4
 1274 044e C4030000 		.4byte	0x3c4
 1275 0452 08       		.uleb128 0x8
 1276 0453 08       		.byte	0x8
 1277 0454 0A       		.byte	0xa
 1278 0455 3B       		.byte	0x3b
 1279 0456 75040000 		.4byte	0x475
 1280 045a 07       		.uleb128 0x7
 1281 045b 7500     		.ascii	"u\000"
 1282 045d 0A       		.byte	0xa
 1283 045e 3F       		.byte	0x3f
 1284 045f 06040000 		.4byte	0x406
 1285 0463 02       		.byte	0x2
 1286 0464 23       		.byte	0x23
 1287 0465 00       		.uleb128 0x0
 1288 0466 06       		.uleb128 0x6
 1289 0467 0A010000 		.4byte	.LASF62
 1290 046b 0A       		.byte	0xa
 1291 046c 40       		.byte	0x40
 1292 046d 30000000 		.4byte	0x30
 1293 0471 02       		.byte	0x2
 1294 0472 23       		.byte	0x23
 1295 0473 04       		.uleb128 0x4
 1296 0474 00       		.byte	0x0
 1297 0475 10       		.uleb128 0x10
 1298 0476 04       		.byte	0x4
 1299 0477 06       		.byte	0x6
ARM GAS  /tmp/ccNL5kLt.s 			page 24


 1300 0478 96       		.byte	0x96
 1301 0479 AA040000 		.4byte	0x4aa
 1302 047d 11       		.uleb128 0x11
 1303 047e 0D000000 		.4byte	.LASF63
 1304 0482 06       		.byte	0x6
 1305 0483 9D       		.byte	0x9d
 1306 0484 E4000000 		.4byte	0xe4
 1307 0488 11       		.uleb128 0x11
 1308 0489 41000000 		.4byte	.LASF64
 1309 048d 06       		.byte	0x6
 1310 048e A4       		.byte	0xa4
 1311 048f E4000000 		.4byte	0xe4
 1312 0493 11       		.uleb128 0x11
 1313 0494 A9000000 		.4byte	.LASF65
 1314 0498 06       		.byte	0x6
 1315 0499 AB       		.byte	0xab
 1316 049a 98020000 		.4byte	0x298
 1317 049e 11       		.uleb128 0x11
 1318 049f E9010000 		.4byte	.LASF66
 1319 04a3 06       		.byte	0x6
 1320 04a4 B2       		.byte	0xb2
 1321 04a5 EF000000 		.4byte	0xef
 1322 04a9 00       		.byte	0x0
 1323 04aa 09       		.uleb128 0x9
 1324 04ab 04       		.byte	0x4
 1325 04ac B0040000 		.4byte	0x4b0
 1326 04b0 14       		.uleb128 0x14
 1327 04b1 B5040000 		.4byte	0x4b5
 1328 04b5 04       		.uleb128 0x4
 1329 04b6 01       		.byte	0x1
 1330 04b7 08       		.byte	0x8
 1331 04b8 38020000 		.4byte	.LASF67
 1332 04bc 09       		.uleb128 0x9
 1333 04bd 04       		.byte	0x4
 1334 04be 98030000 		.4byte	0x398
 1335 04c2 15       		.uleb128 0x15
 1336 04c3 01       		.byte	0x1
 1337 04c4 E9020000 		.4byte	.LASF79
 1338 04c8 01       		.byte	0x1
 1339 04c9 4B       		.byte	0x4b
 1340 04ca 01       		.byte	0x1
 1341 04cb 00000000 		.4byte	.LFB7
 1342 04cf 20000000 		.4byte	.LFE7
 1343 04d3 02       		.byte	0x2
 1344 04d4 7D       		.byte	0x7d
 1345 04d5 00       		.sleb128 0
 1346 04d6 16       		.uleb128 0x16
 1347 04d7 01       		.byte	0x1
 1348 04d8 57000000 		.4byte	.LASF69
 1349 04dc 01       		.byte	0x1
 1350 04dd 63       		.byte	0x63
 1351 04de 01       		.byte	0x1
 1352 04df 00000000 		.4byte	.LFB8
 1353 04e3 14000000 		.4byte	.LFE8
 1354 04e7 02       		.byte	0x2
 1355 04e8 7D       		.byte	0x7d
 1356 04e9 00       		.sleb128 0
ARM GAS  /tmp/ccNL5kLt.s 			page 25


 1357 04ea 26050000 		.4byte	0x526
 1358 04ee 17       		.uleb128 0x17
 1359 04ef 51000000 		.4byte	.LASF68
 1360 04f3 01       		.byte	0x1
 1361 04f4 63       		.byte	0x63
 1362 04f5 4C040000 		.4byte	0x44c
 1363 04f9 00000000 		.4byte	.LLST0
 1364 04fd 18       		.uleb128 0x18
 1365 04fe 62756600 		.ascii	"buf\000"
 1366 0502 01       		.byte	0x1
 1367 0503 63       		.byte	0x63
 1368 0504 98020000 		.4byte	0x298
 1369 0508 01       		.byte	0x1
 1370 0509 51       		.byte	0x51
 1371 050a 17       		.uleb128 0x17
 1372 050b 0A010000 		.4byte	.LASF62
 1373 050f 01       		.byte	0x1
 1374 0510 63       		.byte	0x63
 1375 0511 30000000 		.4byte	0x30
 1376 0515 20000000 		.4byte	.LLST1
 1377 0519 19       		.uleb128 0x19
 1378 051a 687000   		.ascii	"hp\000"
 1379 051d 01       		.byte	0x1
 1380 051e 64       		.byte	0x64
 1381 051f 46040000 		.4byte	0x446
 1382 0523 01       		.byte	0x1
 1383 0524 51       		.byte	0x51
 1384 0525 00       		.byte	0x0
 1385 0526 1A       		.uleb128 0x1a
 1386 0527 01       		.byte	0x1
 1387 0528 06020000 		.4byte	.LASF71
 1388 052c 01       		.byte	0x1
 1389 052d 84       		.byte	0x84
 1390 052e 01       		.byte	0x1
 1391 052f 98020000 		.4byte	0x298
 1392 0533 00000000 		.4byte	.LFB9
 1393 0537 8C000000 		.4byte	.LFE9
 1394 053b 40000000 		.4byte	.LLST2
 1395 053f 8C050000 		.4byte	0x58c
 1396 0543 17       		.uleb128 0x17
 1397 0544 51000000 		.4byte	.LASF68
 1398 0548 01       		.byte	0x1
 1399 0549 84       		.byte	0x84
 1400 054a 4C040000 		.4byte	0x44c
 1401 054e 60000000 		.4byte	.LLST3
 1402 0552 17       		.uleb128 0x17
 1403 0553 0A010000 		.4byte	.LASF62
 1404 0557 01       		.byte	0x1
 1405 0558 84       		.byte	0x84
 1406 0559 30000000 		.4byte	0x30
 1407 055d 73000000 		.4byte	.LLST4
 1408 0561 1B       		.uleb128 0x1b
 1409 0562 717000   		.ascii	"qp\000"
 1410 0565 01       		.byte	0x1
 1411 0566 85       		.byte	0x85
 1412 0567 46040000 		.4byte	0x446
 1413 056b 9E000000 		.4byte	.LLST5
ARM GAS  /tmp/ccNL5kLt.s 			page 26


 1414 056f 1B       		.uleb128 0x1b
 1415 0570 687000   		.ascii	"hp\000"
 1416 0573 01       		.byte	0x1
 1417 0574 85       		.byte	0x85
 1418 0575 46040000 		.4byte	0x446
 1419 0579 C7000000 		.4byte	.LLST6
 1420 057d 1B       		.uleb128 0x1b
 1421 057e 667000   		.ascii	"fp\000"
 1422 0581 01       		.byte	0x1
 1423 0582 85       		.byte	0x85
 1424 0583 46040000 		.4byte	0x446
 1425 0587 14010000 		.4byte	.LLST7
 1426 058b 00       		.byte	0x0
 1427 058c 1C       		.uleb128 0x1c
 1428 058d 01       		.byte	0x1
 1429 058e 9E000000 		.4byte	.LASF70
 1430 0592 01       		.byte	0x1
 1431 0593 C2       		.byte	0xc2
 1432 0594 01       		.byte	0x1
 1433 0595 00000000 		.4byte	.LFB10
 1434 0599 A4000000 		.4byte	.LFE10
 1435 059d 27010000 		.4byte	.LLST8
 1436 05a1 DC050000 		.4byte	0x5dc
 1437 05a5 1D       		.uleb128 0x1d
 1438 05a6 7000     		.ascii	"p\000"
 1439 05a8 01       		.byte	0x1
 1440 05a9 C2       		.byte	0xc2
 1441 05aa 98020000 		.4byte	0x298
 1442 05ae 47010000 		.4byte	.LLST9
 1443 05b2 1B       		.uleb128 0x1b
 1444 05b3 717000   		.ascii	"qp\000"
 1445 05b6 01       		.byte	0x1
 1446 05b7 C3       		.byte	0xc3
 1447 05b8 46040000 		.4byte	0x446
 1448 05bc 65010000 		.4byte	.LLST10
 1449 05c0 19       		.uleb128 0x19
 1450 05c1 687000   		.ascii	"hp\000"
 1451 05c4 01       		.byte	0x1
 1452 05c5 C3       		.byte	0xc3
 1453 05c6 46040000 		.4byte	0x446
 1454 05ca 01       		.byte	0x1
 1455 05cb 54       		.byte	0x54
 1456 05cc 1E       		.uleb128 0x1e
 1457 05cd 51000000 		.4byte	.LASF68
 1458 05d1 01       		.byte	0x1
 1459 05d2 C4       		.byte	0xc4
 1460 05d3 4C040000 		.4byte	0x44c
 1461 05d7 AF010000 		.4byte	.LLST11
 1462 05db 00       		.byte	0x0
 1463 05dc 1A       		.uleb128 0x1a
 1464 05dd 01       		.byte	0x1
 1465 05de 3D020000 		.4byte	.LASF72
 1466 05e2 01       		.byte	0x1
 1467 05e3 FA       		.byte	0xfa
 1468 05e4 01       		.byte	0x1
 1469 05e5 30000000 		.4byte	0x30
 1470 05e9 00000000 		.4byte	.LFB11
ARM GAS  /tmp/ccNL5kLt.s 			page 27


 1471 05ed 3E000000 		.4byte	.LFE11
 1472 05f1 D0010000 		.4byte	.LLST12
 1473 05f5 3D060000 		.4byte	0x63d
 1474 05f9 17       		.uleb128 0x17
 1475 05fa 51000000 		.4byte	.LASF68
 1476 05fe 01       		.byte	0x1
 1477 05ff FA       		.byte	0xfa
 1478 0600 4C040000 		.4byte	0x44c
 1479 0604 F0010000 		.4byte	.LLST13
 1480 0608 17       		.uleb128 0x17
 1481 0609 C2020000 		.4byte	.LASF73
 1482 060d 01       		.byte	0x1
 1483 060e FA       		.byte	0xfa
 1484 060f 3D060000 		.4byte	0x63d
 1485 0613 03020000 		.4byte	.LLST14
 1486 0617 1F       		.uleb128 0x1f
 1487 0618 717000   		.ascii	"qp\000"
 1488 061b 01       		.byte	0x1
 1489 061c FB       		.byte	0xfb
 1490 061d 46040000 		.4byte	0x446
 1491 0621 1B       		.uleb128 0x1b
 1492 0622 6E00     		.ascii	"n\000"
 1493 0624 01       		.byte	0x1
 1494 0625 FC       		.byte	0xfc
 1495 0626 30000000 		.4byte	0x30
 1496 062a 21020000 		.4byte	.LLST15
 1497 062e 1B       		.uleb128 0x1b
 1498 062f 737A00   		.ascii	"sz\000"
 1499 0632 01       		.byte	0x1
 1500 0633 FC       		.byte	0xfc
 1501 0634 30000000 		.4byte	0x30
 1502 0638 40020000 		.4byte	.LLST16
 1503 063c 00       		.byte	0x0
 1504 063d 09       		.uleb128 0x9
 1505 063e 04       		.byte	0x4
 1506 063f 30000000 		.4byte	0x30
 1507 0643 20       		.uleb128 0x20
 1508 0644 2B020000 		.4byte	.LASF74
 1509 0648 01       		.byte	0x1
 1510 0649 44       		.byte	0x44
 1511 064a C4030000 		.4byte	0x3c4
 1512 064e 05       		.byte	0x5
 1513 064f 03       		.byte	0x3
 1514 0650 00000000 		.4byte	default_heap
 1515 0654 00       		.byte	0x0
 1516              		.section	.debug_abbrev
 1517 0000 01       		.uleb128 0x1
 1518 0001 11       		.uleb128 0x11
 1519 0002 01       		.byte	0x1
 1520 0003 25       		.uleb128 0x25
 1521 0004 0E       		.uleb128 0xe
 1522 0005 13       		.uleb128 0x13
 1523 0006 0B       		.uleb128 0xb
 1524 0007 03       		.uleb128 0x3
 1525 0008 0E       		.uleb128 0xe
 1526 0009 1B       		.uleb128 0x1b
 1527 000a 0E       		.uleb128 0xe
ARM GAS  /tmp/ccNL5kLt.s 			page 28


 1528 000b 11       		.uleb128 0x11
 1529 000c 01       		.uleb128 0x1
 1530 000d 52       		.uleb128 0x52
 1531 000e 01       		.uleb128 0x1
 1532 000f 55       		.uleb128 0x55
 1533 0010 06       		.uleb128 0x6
 1534 0011 10       		.uleb128 0x10
 1535 0012 06       		.uleb128 0x6
 1536 0013 00       		.byte	0x0
 1537 0014 00       		.byte	0x0
 1538 0015 02       		.uleb128 0x2
 1539 0016 24       		.uleb128 0x24
 1540 0017 00       		.byte	0x0
 1541 0018 0B       		.uleb128 0xb
 1542 0019 0B       		.uleb128 0xb
 1543 001a 3E       		.uleb128 0x3e
 1544 001b 0B       		.uleb128 0xb
 1545 001c 03       		.uleb128 0x3
 1546 001d 08       		.uleb128 0x8
 1547 001e 00       		.byte	0x0
 1548 001f 00       		.byte	0x0
 1549 0020 03       		.uleb128 0x3
 1550 0021 16       		.uleb128 0x16
 1551 0022 00       		.byte	0x0
 1552 0023 03       		.uleb128 0x3
 1553 0024 0E       		.uleb128 0xe
 1554 0025 3A       		.uleb128 0x3a
 1555 0026 0B       		.uleb128 0xb
 1556 0027 3B       		.uleb128 0x3b
 1557 0028 0B       		.uleb128 0xb
 1558 0029 49       		.uleb128 0x49
 1559 002a 13       		.uleb128 0x13
 1560 002b 00       		.byte	0x0
 1561 002c 00       		.byte	0x0
 1562 002d 04       		.uleb128 0x4
 1563 002e 24       		.uleb128 0x24
 1564 002f 00       		.byte	0x0
 1565 0030 0B       		.uleb128 0xb
 1566 0031 0B       		.uleb128 0xb
 1567 0032 3E       		.uleb128 0x3e
 1568 0033 0B       		.uleb128 0xb
 1569 0034 03       		.uleb128 0x3
 1570 0035 0E       		.uleb128 0xe
 1571 0036 00       		.byte	0x0
 1572 0037 00       		.byte	0x0
 1573 0038 05       		.uleb128 0x5
 1574 0039 13       		.uleb128 0x13
 1575 003a 01       		.byte	0x1
 1576 003b 03       		.uleb128 0x3
 1577 003c 0E       		.uleb128 0xe
 1578 003d 0B       		.uleb128 0xb
 1579 003e 0B       		.uleb128 0xb
 1580 003f 3A       		.uleb128 0x3a
 1581 0040 0B       		.uleb128 0xb
 1582 0041 3B       		.uleb128 0x3b
 1583 0042 0B       		.uleb128 0xb
 1584 0043 01       		.uleb128 0x1
ARM GAS  /tmp/ccNL5kLt.s 			page 29


 1585 0044 13       		.uleb128 0x13
 1586 0045 00       		.byte	0x0
 1587 0046 00       		.byte	0x0
 1588 0047 06       		.uleb128 0x6
 1589 0048 0D       		.uleb128 0xd
 1590 0049 00       		.byte	0x0
 1591 004a 03       		.uleb128 0x3
 1592 004b 0E       		.uleb128 0xe
 1593 004c 3A       		.uleb128 0x3a
 1594 004d 0B       		.uleb128 0xb
 1595 004e 3B       		.uleb128 0x3b
 1596 004f 0B       		.uleb128 0xb
 1597 0050 49       		.uleb128 0x49
 1598 0051 13       		.uleb128 0x13
 1599 0052 38       		.uleb128 0x38
 1600 0053 0A       		.uleb128 0xa
 1601 0054 00       		.byte	0x0
 1602 0055 00       		.byte	0x0
 1603 0056 07       		.uleb128 0x7
 1604 0057 0D       		.uleb128 0xd
 1605 0058 00       		.byte	0x0
 1606 0059 03       		.uleb128 0x3
 1607 005a 08       		.uleb128 0x8
 1608 005b 3A       		.uleb128 0x3a
 1609 005c 0B       		.uleb128 0xb
 1610 005d 3B       		.uleb128 0x3b
 1611 005e 0B       		.uleb128 0xb
 1612 005f 49       		.uleb128 0x49
 1613 0060 13       		.uleb128 0x13
 1614 0061 38       		.uleb128 0x38
 1615 0062 0A       		.uleb128 0xa
 1616 0063 00       		.byte	0x0
 1617 0064 00       		.byte	0x0
 1618 0065 08       		.uleb128 0x8
 1619 0066 13       		.uleb128 0x13
 1620 0067 01       		.byte	0x1
 1621 0068 0B       		.uleb128 0xb
 1622 0069 0B       		.uleb128 0xb
 1623 006a 3A       		.uleb128 0x3a
 1624 006b 0B       		.uleb128 0xb
 1625 006c 3B       		.uleb128 0x3b
 1626 006d 0B       		.uleb128 0xb
 1627 006e 01       		.uleb128 0x1
 1628 006f 13       		.uleb128 0x13
 1629 0070 00       		.byte	0x0
 1630 0071 00       		.byte	0x0
 1631 0072 09       		.uleb128 0x9
 1632 0073 0F       		.uleb128 0xf
 1633 0074 00       		.byte	0x0
 1634 0075 0B       		.uleb128 0xb
 1635 0076 0B       		.uleb128 0xb
 1636 0077 49       		.uleb128 0x49
 1637 0078 13       		.uleb128 0x13
 1638 0079 00       		.byte	0x0
 1639 007a 00       		.byte	0x0
 1640 007b 0A       		.uleb128 0xa
 1641 007c 0F       		.uleb128 0xf
ARM GAS  /tmp/ccNL5kLt.s 			page 30


 1642 007d 00       		.byte	0x0
 1643 007e 0B       		.uleb128 0xb
 1644 007f 0B       		.uleb128 0xb
 1645 0080 00       		.byte	0x0
 1646 0081 00       		.byte	0x0
 1647 0082 0B       		.uleb128 0xb
 1648 0083 13       		.uleb128 0x13
 1649 0084 01       		.byte	0x1
 1650 0085 03       		.uleb128 0x3
 1651 0086 0E       		.uleb128 0xe
 1652 0087 0B       		.uleb128 0xb
 1653 0088 0B       		.uleb128 0xb
 1654 0089 3A       		.uleb128 0x3a
 1655 008a 0B       		.uleb128 0xb
 1656 008b 3B       		.uleb128 0x3b
 1657 008c 05       		.uleb128 0x5
 1658 008d 01       		.uleb128 0x1
 1659 008e 13       		.uleb128 0x13
 1660 008f 00       		.byte	0x0
 1661 0090 00       		.byte	0x0
 1662 0091 0C       		.uleb128 0xc
 1663 0092 0D       		.uleb128 0xd
 1664 0093 00       		.byte	0x0
 1665 0094 03       		.uleb128 0x3
 1666 0095 08       		.uleb128 0x8
 1667 0096 3A       		.uleb128 0x3a
 1668 0097 0B       		.uleb128 0xb
 1669 0098 3B       		.uleb128 0x3b
 1670 0099 05       		.uleb128 0x5
 1671 009a 49       		.uleb128 0x49
 1672 009b 13       		.uleb128 0x13
 1673 009c 38       		.uleb128 0x38
 1674 009d 0A       		.uleb128 0xa
 1675 009e 00       		.byte	0x0
 1676 009f 00       		.byte	0x0
 1677 00a0 0D       		.uleb128 0xd
 1678 00a1 35       		.uleb128 0x35
 1679 00a2 00       		.byte	0x0
 1680 00a3 49       		.uleb128 0x49
 1681 00a4 13       		.uleb128 0x13
 1682 00a5 00       		.byte	0x0
 1683 00a6 00       		.byte	0x0
 1684 00a7 0E       		.uleb128 0xe
 1685 00a8 15       		.uleb128 0x15
 1686 00a9 01       		.byte	0x1
 1687 00aa 27       		.uleb128 0x27
 1688 00ab 0C       		.uleb128 0xc
 1689 00ac 49       		.uleb128 0x49
 1690 00ad 13       		.uleb128 0x13
 1691 00ae 01       		.uleb128 0x1
 1692 00af 13       		.uleb128 0x13
 1693 00b0 00       		.byte	0x0
 1694 00b1 00       		.byte	0x0
 1695 00b2 0F       		.uleb128 0xf
 1696 00b3 05       		.uleb128 0x5
 1697 00b4 00       		.byte	0x0
 1698 00b5 49       		.uleb128 0x49
ARM GAS  /tmp/ccNL5kLt.s 			page 31


 1699 00b6 13       		.uleb128 0x13
 1700 00b7 00       		.byte	0x0
 1701 00b8 00       		.byte	0x0
 1702 00b9 10       		.uleb128 0x10
 1703 00ba 17       		.uleb128 0x17
 1704 00bb 01       		.byte	0x1
 1705 00bc 0B       		.uleb128 0xb
 1706 00bd 0B       		.uleb128 0xb
 1707 00be 3A       		.uleb128 0x3a
 1708 00bf 0B       		.uleb128 0xb
 1709 00c0 3B       		.uleb128 0x3b
 1710 00c1 0B       		.uleb128 0xb
 1711 00c2 01       		.uleb128 0x1
 1712 00c3 13       		.uleb128 0x13
 1713 00c4 00       		.byte	0x0
 1714 00c5 00       		.byte	0x0
 1715 00c6 11       		.uleb128 0x11
 1716 00c7 0D       		.uleb128 0xd
 1717 00c8 00       		.byte	0x0
 1718 00c9 03       		.uleb128 0x3
 1719 00ca 0E       		.uleb128 0xe
 1720 00cb 3A       		.uleb128 0x3a
 1721 00cc 0B       		.uleb128 0xb
 1722 00cd 3B       		.uleb128 0x3b
 1723 00ce 0B       		.uleb128 0xb
 1724 00cf 49       		.uleb128 0x49
 1725 00d0 13       		.uleb128 0x13
 1726 00d1 00       		.byte	0x0
 1727 00d2 00       		.byte	0x0
 1728 00d3 12       		.uleb128 0x12
 1729 00d4 17       		.uleb128 0x17
 1730 00d5 01       		.byte	0x1
 1731 00d6 03       		.uleb128 0x3
 1732 00d7 0E       		.uleb128 0xe
 1733 00d8 0B       		.uleb128 0xb
 1734 00d9 0B       		.uleb128 0xb
 1735 00da 3A       		.uleb128 0x3a
 1736 00db 0B       		.uleb128 0xb
 1737 00dc 3B       		.uleb128 0x3b
 1738 00dd 0B       		.uleb128 0xb
 1739 00de 01       		.uleb128 0x1
 1740 00df 13       		.uleb128 0x13
 1741 00e0 00       		.byte	0x0
 1742 00e1 00       		.byte	0x0
 1743 00e2 13       		.uleb128 0x13
 1744 00e3 0D       		.uleb128 0xd
 1745 00e4 00       		.byte	0x0
 1746 00e5 03       		.uleb128 0x3
 1747 00e6 08       		.uleb128 0x8
 1748 00e7 3A       		.uleb128 0x3a
 1749 00e8 0B       		.uleb128 0xb
 1750 00e9 3B       		.uleb128 0x3b
 1751 00ea 0B       		.uleb128 0xb
 1752 00eb 49       		.uleb128 0x49
 1753 00ec 13       		.uleb128 0x13
 1754 00ed 00       		.byte	0x0
 1755 00ee 00       		.byte	0x0
ARM GAS  /tmp/ccNL5kLt.s 			page 32


 1756 00ef 14       		.uleb128 0x14
 1757 00f0 26       		.uleb128 0x26
 1758 00f1 00       		.byte	0x0
 1759 00f2 49       		.uleb128 0x49
 1760 00f3 13       		.uleb128 0x13
 1761 00f4 00       		.byte	0x0
 1762 00f5 00       		.byte	0x0
 1763 00f6 15       		.uleb128 0x15
 1764 00f7 2E       		.uleb128 0x2e
 1765 00f8 00       		.byte	0x0
 1766 00f9 3F       		.uleb128 0x3f
 1767 00fa 0C       		.uleb128 0xc
 1768 00fb 03       		.uleb128 0x3
 1769 00fc 0E       		.uleb128 0xe
 1770 00fd 3A       		.uleb128 0x3a
 1771 00fe 0B       		.uleb128 0xb
 1772 00ff 3B       		.uleb128 0x3b
 1773 0100 0B       		.uleb128 0xb
 1774 0101 27       		.uleb128 0x27
 1775 0102 0C       		.uleb128 0xc
 1776 0103 11       		.uleb128 0x11
 1777 0104 01       		.uleb128 0x1
 1778 0105 12       		.uleb128 0x12
 1779 0106 01       		.uleb128 0x1
 1780 0107 40       		.uleb128 0x40
 1781 0108 0A       		.uleb128 0xa
 1782 0109 00       		.byte	0x0
 1783 010a 00       		.byte	0x0
 1784 010b 16       		.uleb128 0x16
 1785 010c 2E       		.uleb128 0x2e
 1786 010d 01       		.byte	0x1
 1787 010e 3F       		.uleb128 0x3f
 1788 010f 0C       		.uleb128 0xc
 1789 0110 03       		.uleb128 0x3
 1790 0111 0E       		.uleb128 0xe
 1791 0112 3A       		.uleb128 0x3a
 1792 0113 0B       		.uleb128 0xb
 1793 0114 3B       		.uleb128 0x3b
 1794 0115 0B       		.uleb128 0xb
 1795 0116 27       		.uleb128 0x27
 1796 0117 0C       		.uleb128 0xc
 1797 0118 11       		.uleb128 0x11
 1798 0119 01       		.uleb128 0x1
 1799 011a 12       		.uleb128 0x12
 1800 011b 01       		.uleb128 0x1
 1801 011c 40       		.uleb128 0x40
 1802 011d 0A       		.uleb128 0xa
 1803 011e 01       		.uleb128 0x1
 1804 011f 13       		.uleb128 0x13
 1805 0120 00       		.byte	0x0
 1806 0121 00       		.byte	0x0
 1807 0122 17       		.uleb128 0x17
 1808 0123 05       		.uleb128 0x5
 1809 0124 00       		.byte	0x0
 1810 0125 03       		.uleb128 0x3
 1811 0126 0E       		.uleb128 0xe
 1812 0127 3A       		.uleb128 0x3a
ARM GAS  /tmp/ccNL5kLt.s 			page 33


 1813 0128 0B       		.uleb128 0xb
 1814 0129 3B       		.uleb128 0x3b
 1815 012a 0B       		.uleb128 0xb
 1816 012b 49       		.uleb128 0x49
 1817 012c 13       		.uleb128 0x13
 1818 012d 02       		.uleb128 0x2
 1819 012e 06       		.uleb128 0x6
 1820 012f 00       		.byte	0x0
 1821 0130 00       		.byte	0x0
 1822 0131 18       		.uleb128 0x18
 1823 0132 05       		.uleb128 0x5
 1824 0133 00       		.byte	0x0
 1825 0134 03       		.uleb128 0x3
 1826 0135 08       		.uleb128 0x8
 1827 0136 3A       		.uleb128 0x3a
 1828 0137 0B       		.uleb128 0xb
 1829 0138 3B       		.uleb128 0x3b
 1830 0139 0B       		.uleb128 0xb
 1831 013a 49       		.uleb128 0x49
 1832 013b 13       		.uleb128 0x13
 1833 013c 02       		.uleb128 0x2
 1834 013d 0A       		.uleb128 0xa
 1835 013e 00       		.byte	0x0
 1836 013f 00       		.byte	0x0
 1837 0140 19       		.uleb128 0x19
 1838 0141 34       		.uleb128 0x34
 1839 0142 00       		.byte	0x0
 1840 0143 03       		.uleb128 0x3
 1841 0144 08       		.uleb128 0x8
 1842 0145 3A       		.uleb128 0x3a
 1843 0146 0B       		.uleb128 0xb
 1844 0147 3B       		.uleb128 0x3b
 1845 0148 0B       		.uleb128 0xb
 1846 0149 49       		.uleb128 0x49
 1847 014a 13       		.uleb128 0x13
 1848 014b 02       		.uleb128 0x2
 1849 014c 0A       		.uleb128 0xa
 1850 014d 00       		.byte	0x0
 1851 014e 00       		.byte	0x0
 1852 014f 1A       		.uleb128 0x1a
 1853 0150 2E       		.uleb128 0x2e
 1854 0151 01       		.byte	0x1
 1855 0152 3F       		.uleb128 0x3f
 1856 0153 0C       		.uleb128 0xc
 1857 0154 03       		.uleb128 0x3
 1858 0155 0E       		.uleb128 0xe
 1859 0156 3A       		.uleb128 0x3a
 1860 0157 0B       		.uleb128 0xb
 1861 0158 3B       		.uleb128 0x3b
 1862 0159 0B       		.uleb128 0xb
 1863 015a 27       		.uleb128 0x27
 1864 015b 0C       		.uleb128 0xc
 1865 015c 49       		.uleb128 0x49
 1866 015d 13       		.uleb128 0x13
 1867 015e 11       		.uleb128 0x11
 1868 015f 01       		.uleb128 0x1
 1869 0160 12       		.uleb128 0x12
ARM GAS  /tmp/ccNL5kLt.s 			page 34


 1870 0161 01       		.uleb128 0x1
 1871 0162 40       		.uleb128 0x40
 1872 0163 06       		.uleb128 0x6
 1873 0164 01       		.uleb128 0x1
 1874 0165 13       		.uleb128 0x13
 1875 0166 00       		.byte	0x0
 1876 0167 00       		.byte	0x0
 1877 0168 1B       		.uleb128 0x1b
 1878 0169 34       		.uleb128 0x34
 1879 016a 00       		.byte	0x0
 1880 016b 03       		.uleb128 0x3
 1881 016c 08       		.uleb128 0x8
 1882 016d 3A       		.uleb128 0x3a
 1883 016e 0B       		.uleb128 0xb
 1884 016f 3B       		.uleb128 0x3b
 1885 0170 0B       		.uleb128 0xb
 1886 0171 49       		.uleb128 0x49
 1887 0172 13       		.uleb128 0x13
 1888 0173 02       		.uleb128 0x2
 1889 0174 06       		.uleb128 0x6
 1890 0175 00       		.byte	0x0
 1891 0176 00       		.byte	0x0
 1892 0177 1C       		.uleb128 0x1c
 1893 0178 2E       		.uleb128 0x2e
 1894 0179 01       		.byte	0x1
 1895 017a 3F       		.uleb128 0x3f
 1896 017b 0C       		.uleb128 0xc
 1897 017c 03       		.uleb128 0x3
 1898 017d 0E       		.uleb128 0xe
 1899 017e 3A       		.uleb128 0x3a
 1900 017f 0B       		.uleb128 0xb
 1901 0180 3B       		.uleb128 0x3b
 1902 0181 0B       		.uleb128 0xb
 1903 0182 27       		.uleb128 0x27
 1904 0183 0C       		.uleb128 0xc
 1905 0184 11       		.uleb128 0x11
 1906 0185 01       		.uleb128 0x1
 1907 0186 12       		.uleb128 0x12
 1908 0187 01       		.uleb128 0x1
 1909 0188 40       		.uleb128 0x40
 1910 0189 06       		.uleb128 0x6
 1911 018a 01       		.uleb128 0x1
 1912 018b 13       		.uleb128 0x13
 1913 018c 00       		.byte	0x0
 1914 018d 00       		.byte	0x0
 1915 018e 1D       		.uleb128 0x1d
 1916 018f 05       		.uleb128 0x5
 1917 0190 00       		.byte	0x0
 1918 0191 03       		.uleb128 0x3
 1919 0192 08       		.uleb128 0x8
 1920 0193 3A       		.uleb128 0x3a
 1921 0194 0B       		.uleb128 0xb
 1922 0195 3B       		.uleb128 0x3b
 1923 0196 0B       		.uleb128 0xb
 1924 0197 49       		.uleb128 0x49
 1925 0198 13       		.uleb128 0x13
 1926 0199 02       		.uleb128 0x2
ARM GAS  /tmp/ccNL5kLt.s 			page 35


 1927 019a 06       		.uleb128 0x6
 1928 019b 00       		.byte	0x0
 1929 019c 00       		.byte	0x0
 1930 019d 1E       		.uleb128 0x1e
 1931 019e 34       		.uleb128 0x34
 1932 019f 00       		.byte	0x0
 1933 01a0 03       		.uleb128 0x3
 1934 01a1 0E       		.uleb128 0xe
 1935 01a2 3A       		.uleb128 0x3a
 1936 01a3 0B       		.uleb128 0xb
 1937 01a4 3B       		.uleb128 0x3b
 1938 01a5 0B       		.uleb128 0xb
 1939 01a6 49       		.uleb128 0x49
 1940 01a7 13       		.uleb128 0x13
 1941 01a8 02       		.uleb128 0x2
 1942 01a9 06       		.uleb128 0x6
 1943 01aa 00       		.byte	0x0
 1944 01ab 00       		.byte	0x0
 1945 01ac 1F       		.uleb128 0x1f
 1946 01ad 34       		.uleb128 0x34
 1947 01ae 00       		.byte	0x0
 1948 01af 03       		.uleb128 0x3
 1949 01b0 08       		.uleb128 0x8
 1950 01b1 3A       		.uleb128 0x3a
 1951 01b2 0B       		.uleb128 0xb
 1952 01b3 3B       		.uleb128 0x3b
 1953 01b4 0B       		.uleb128 0xb
 1954 01b5 49       		.uleb128 0x49
 1955 01b6 13       		.uleb128 0x13
 1956 01b7 00       		.byte	0x0
 1957 01b8 00       		.byte	0x0
 1958 01b9 20       		.uleb128 0x20
 1959 01ba 34       		.uleb128 0x34
 1960 01bb 00       		.byte	0x0
 1961 01bc 03       		.uleb128 0x3
 1962 01bd 0E       		.uleb128 0xe
 1963 01be 3A       		.uleb128 0x3a
 1964 01bf 0B       		.uleb128 0xb
 1965 01c0 3B       		.uleb128 0x3b
 1966 01c1 0B       		.uleb128 0xb
 1967 01c2 49       		.uleb128 0x49
 1968 01c3 13       		.uleb128 0x13
 1969 01c4 02       		.uleb128 0x2
 1970 01c5 0A       		.uleb128 0xa
 1971 01c6 00       		.byte	0x0
 1972 01c7 00       		.byte	0x0
 1973 01c8 00       		.byte	0x0
 1974              		.section	.debug_pubnames,"",%progbits
 1975 0000 5C000000 		.4byte	0x5c
 1976 0004 0200     		.2byte	0x2
 1977 0006 00000000 		.4byte	.Ldebug_info0
 1978 000a 55060000 		.4byte	0x655
 1979 000e C2040000 		.4byte	0x4c2
 1980 0012 5F686561 		.ascii	"_heap_init\000"
 1980      705F696E 
 1980      697400
 1981 001d D6040000 		.4byte	0x4d6
ARM GAS  /tmp/ccNL5kLt.s 			page 36


 1982 0021 63684865 		.ascii	"chHeapInit\000"
 1982      6170496E 
 1982      697400
 1983 002c 26050000 		.4byte	0x526
 1984 0030 63684865 		.ascii	"chHeapAlloc\000"
 1984      6170416C 
 1984      6C6F6300 
 1985 003c 8C050000 		.4byte	0x58c
 1986 0040 63684865 		.ascii	"chHeapFree\000"
 1986      61704672 
 1986      656500
 1987 004b DC050000 		.4byte	0x5dc
 1988 004f 63684865 		.ascii	"chHeapStatus\000"
 1988      61705374 
 1988      61747573 
 1988      00
 1989 005c 00000000 		.4byte	0x0
 1990              		.section	.debug_pubtypes,"",%progbits
 1991 0000 70010000 		.4byte	0x170
 1992 0004 0200     		.2byte	0x2
 1993 0006 00000000 		.4byte	.Ldebug_info0
 1994 000a 55060000 		.4byte	0x655
 1995 000e 30000000 		.4byte	0x30
 1996 0012 73697A65 		.ascii	"size_t\000"
 1996      5F7400
 1997 0019 49000000 		.4byte	0x49
 1998 001d 75696E74 		.ascii	"uint8_t\000"
 1998      385F7400 
 1999 0025 69000000 		.4byte	0x69
 2000 0029 696E7433 		.ascii	"int32_t\000"
 2000      325F7400 
 2001 0031 7B000000 		.4byte	0x7b
 2002 0035 75696E74 		.ascii	"uint32_t\000"
 2002      33325F74 
 2002      00
 2003 003e 94000000 		.4byte	0x94
 2004 0042 75696E74 		.ascii	"uint64_t\000"
 2004      36345F74 
 2004      00
 2005 004b AD000000 		.4byte	0xad
 2006 004f 746D6F64 		.ascii	"tmode_t\000"
 2006      655F7400 
 2007 0057 B8000000 		.4byte	0xb8
 2008 005b 74737461 		.ascii	"tstate_t\000"
 2008      74655F74 
 2008      00
 2009 0064 C3000000 		.4byte	0xc3
 2010 0068 74726566 		.ascii	"trefs_t\000"
 2010      735F7400 
 2011 0070 CE000000 		.4byte	0xce
 2012 0074 74736C69 		.ascii	"tslices_t\000"
 2012      6365735F 
 2012      7400
 2013 007e D9000000 		.4byte	0xd9
 2014 0082 74707269 		.ascii	"tprio_t\000"
 2014      6F5F7400 
 2015 008a E4000000 		.4byte	0xe4
ARM GAS  /tmp/ccNL5kLt.s 			page 37


 2016 008e 6D73675F 		.ascii	"msg_t\000"
 2016      7400
 2017 0094 EF000000 		.4byte	0xef
 2018 0098 6576656E 		.ascii	"eventmask_t\000"
 2018      746D6173 
 2018      6B5F7400 
 2019 00a4 FA000000 		.4byte	0xfa
 2020 00a8 73797374 		.ascii	"systime_t\000"
 2020      696D655F 
 2020      7400
 2021 00b2 05010000 		.4byte	0x105
 2022 00b6 54687265 		.ascii	"Thread\000"
 2022      616400
 2023 00bd 60020000 		.4byte	0x260
 2024 00c1 54687265 		.ascii	"ThreadsQueue\000"
 2024      61647351 
 2024      75657565 
 2024      00
 2025 00ce 82020000 		.4byte	0x282
 2026 00d2 54687265 		.ascii	"ThreadsList\000"
 2026      6164734C 
 2026      69737400 
 2027 00de 8D020000 		.4byte	0x28d
 2028 00e2 72656761 		.ascii	"regarm_t\000"
 2028      726D5F74 
 2028      00
 2029 00eb 9A020000 		.4byte	0x29a
 2030 00ef 73746B61 		.ascii	"stkalign_t\000"
 2030      6C69676E 
 2030      5F7400
 2031 00fa A5020000 		.4byte	0x2a5
 2032 00fe 696E7463 		.ascii	"intctx\000"
 2032      747800
 2033 0105 33030000 		.4byte	0x333
 2034 0109 636F6E74 		.ascii	"context\000"
 2034      65787400 
 2035 0111 5B030000 		.4byte	0x35b
 2036 0115 4D757465 		.ascii	"Mutex\000"
 2036      7800
 2037 011b 98030000 		.4byte	0x398
 2038 011f 4D757465 		.ascii	"Mutex\000"
 2038      7800
 2039 0125 A3030000 		.4byte	0x3a3
 2040 0129 6D656D67 		.ascii	"memgetfunc_t\000"
 2040      65746675 
 2040      6E635F74 
 2040      00
 2041 0136 C4030000 		.4byte	0x3c4
 2042 013a 4D656D6F 		.ascii	"MemoryHeap\000"
 2042      72794865 
 2042      617000
 2043 0145 25040000 		.4byte	0x425
 2044 0149 68656170 		.ascii	"heap_header\000"
 2044      5F686561 
 2044      64657200 
 2045 0155 CF030000 		.4byte	0x3cf
 2046 0159 6D656D6F 		.ascii	"memory_heap\000"
ARM GAS  /tmp/ccNL5kLt.s 			page 38


 2046      72795F68 
 2046      65617000 
 2047 0165 10010000 		.4byte	0x110
 2048 0169 54687265 		.ascii	"Thread\000"
 2048      616400
 2049 0170 00000000 		.4byte	0x0
 2050              		.section	.debug_aranges,"",%progbits
 2051 0000 3C000000 		.4byte	0x3c
 2052 0004 0200     		.2byte	0x2
 2053 0006 00000000 		.4byte	.Ldebug_info0
 2054 000a 04       		.byte	0x4
 2055 000b 00       		.byte	0x0
 2056 000c 0000     		.2byte	0x0
 2057 000e 0000     		.2byte	0x0
 2058 0010 00000000 		.4byte	.LFB7
 2059 0014 20000000 		.4byte	.LFE7-.LFB7
 2060 0018 00000000 		.4byte	.LFB8
 2061 001c 14000000 		.4byte	.LFE8-.LFB8
 2062 0020 00000000 		.4byte	.LFB9
 2063 0024 8C000000 		.4byte	.LFE9-.LFB9
 2064 0028 00000000 		.4byte	.LFB10
 2065 002c A4000000 		.4byte	.LFE10-.LFB10
 2066 0030 00000000 		.4byte	.LFB11
 2067 0034 3E000000 		.4byte	.LFE11-.LFB11
 2068 0038 00000000 		.4byte	0x0
 2069 003c 00000000 		.4byte	0x0
 2070              		.section	.debug_ranges,"",%progbits
 2071              	.Ldebug_ranges0:
 2072 0000 00000000 		.4byte	.LFB7
 2073 0004 20000000 		.4byte	.LFE7
 2074 0008 00000000 		.4byte	.LFB8
 2075 000c 14000000 		.4byte	.LFE8
 2076 0010 00000000 		.4byte	.LFB9
 2077 0014 8C000000 		.4byte	.LFE9
 2078 0018 00000000 		.4byte	.LFB10
 2079 001c A4000000 		.4byte	.LFE10
 2080 0020 00000000 		.4byte	.LFB11
 2081 0024 3E000000 		.4byte	.LFE11
 2082 0028 00000000 		.4byte	0x0
 2083 002c 00000000 		.4byte	0x0
 2084              		.section	.debug_str,"MS",%progbits,1
 2085              	.LASF38:
 2086 0000 705F6D73 		.ascii	"p_msg\000"
 2086      6700
 2087              	.LASF2:
 2088 0006 73697A65 		.ascii	"size_t\000"
 2088      5F7400
 2089              	.LASF63:
 2090 000d 7264796D 		.ascii	"rdymsg\000"
 2090      736700
 2091              	.LASF12:
 2092 0014 75696E74 		.ascii	"uint64_t\000"
 2092      36345F74 
 2092      00
 2093              	.LASF53:
 2094 001d 6D656D67 		.ascii	"memgetfunc_t\000"
 2094      65746675 
ARM GAS  /tmp/ccNL5kLt.s 			page 39


 2094      6E635F74 
 2094      00
 2095              	.LASF13:
 2096 002a 6C6F6E67 		.ascii	"long long unsigned int\000"
 2096      206C6F6E 
 2096      6720756E 
 2096      7369676E 
 2096      65642069 
 2097              	.LASF64:
 2098 0041 65786974 		.ascii	"exitcode\000"
 2098      636F6465 
 2098      00
 2099              	.LASF57:
 2100 004a 685F6672 		.ascii	"h_free\000"
 2100      656500
 2101              	.LASF68:
 2102 0051 68656170 		.ascii	"heapp\000"
 2102      7000
 2103              	.LASF69:
 2104 0057 63684865 		.ascii	"chHeapInit\000"
 2104      6170496E 
 2104      697400
 2105              	.LASF59:
 2106 0062 6E657874 		.ascii	"next\000"
 2106      00
 2107              	.LASF26:
 2108 0067 705F7072 		.ascii	"p_prio\000"
 2108      696F00
 2109              	.LASF11:
 2110 006e 6C6F6E67 		.ascii	"long long int\000"
 2110      206C6F6E 
 2110      6720696E 
 2110      7400
 2111              	.LASF1:
 2112 007c 7369676E 		.ascii	"signed char\000"
 2112      65642063 
 2112      68617200 
 2113              	.LASF58:
 2114 0088 685F6D74 		.ascii	"h_mtx\000"
 2114      7800
 2115              	.LASF42:
 2116 008e 705F6D70 		.ascii	"p_mpool\000"
 2116      6F6F6C00 
 2117              	.LASF50:
 2118 0096 6D5F7175 		.ascii	"m_queue\000"
 2118      65756500 
 2119              	.LASF70:
 2120 009e 63684865 		.ascii	"chHeapFree\000"
 2120      61704672 
 2120      656500
 2121              	.LASF65:
 2122 00a9 77746F62 		.ascii	"wtobjp\000"
 2122      6A7000
 2123              	.LASF18:
 2124 00b0 74736C69 		.ascii	"tslices_t\000"
 2124      6365735F 
 2124      7400
ARM GAS  /tmp/ccNL5kLt.s 			page 40


 2125              	.LASF8:
 2126 00ba 6C6F6E67 		.ascii	"long int\000"
 2126      20696E74 
 2126      00
 2127              	.LASF16:
 2128 00c3 74737461 		.ascii	"tstate_t\000"
 2128      74655F74 
 2128      00
 2129              	.LASF28:
 2130 00cc 705F6E65 		.ascii	"p_newer\000"
 2130      77657200 
 2131              	.LASF45:
 2132 00d4 72656761 		.ascii	"regarm_t\000"
 2132      726D5F74 
 2132      00
 2133              	.LASF61:
 2134 00dd 616C6967 		.ascii	"align\000"
 2134      6E00
 2135              	.LASF0:
 2136 00e3 756E7369 		.ascii	"unsigned int\000"
 2136      676E6564 
 2136      20696E74 
 2136      00
 2137              	.LASF10:
 2138 00f0 6C6F6E67 		.ascii	"long unsigned int\000"
 2138      20756E73 
 2138      69676E65 
 2138      6420696E 
 2138      7400
 2139              	.LASF48:
 2140 0102 636F6E74 		.ascii	"context\000"
 2140      65787400 
 2141              	.LASF62:
 2142 010a 73697A65 		.ascii	"size\000"
 2142      00
 2143              	.LASF6:
 2144 010f 73686F72 		.ascii	"short unsigned int\000"
 2144      7420756E 
 2144      7369676E 
 2144      65642069 
 2144      6E7400
 2145              	.LASF20:
 2146 0122 6D73675F 		.ascii	"msg_t\000"
 2146      7400
 2147              	.LASF15:
 2148 0128 746D6F64 		.ascii	"tmode_t\000"
 2148      655F7400 
 2149              	.LASF44:
 2150 0130 54687265 		.ascii	"ThreadsList\000"
 2150      6164734C 
 2150      69737400 
 2151              	.LASF21:
 2152 013c 6576656E 		.ascii	"eventmask_t\000"
 2152      746D6173 
 2152      6B5F7400 
 2153              	.LASF49:
 2154 0148 4D757465 		.ascii	"Mutex\000"
ARM GAS  /tmp/ccNL5kLt.s 			page 41


 2154      7800
 2155              	.LASF46:
 2156 014e 73746B61 		.ascii	"stkalign_t\000"
 2156      6C69676E 
 2156      5F7400
 2157              	.LASF29:
 2158 0159 705F6F6C 		.ascii	"p_older\000"
 2158      64657200 
 2159              	.LASF43:
 2160 0161 54687265 		.ascii	"ThreadsQueue\000"
 2160      61647351 
 2160      75657565 
 2160      00
 2161              	.LASF54:
 2162 016e 4D656D6F 		.ascii	"MemoryHeap\000"
 2162      72794865 
 2162      617000
 2163              	.LASF17:
 2164 0179 74726566 		.ascii	"trefs_t\000"
 2164      735F7400 
 2165              	.LASF25:
 2166 0181 705F7072 		.ascii	"p_prev\000"
 2166      657600
 2167              	.LASF19:
 2168 0188 74707269 		.ascii	"tprio_t\000"
 2168      6F5F7400 
 2169              	.LASF14:
 2170 0190 5F426F6F 		.ascii	"_Bool\000"
 2170      6C00
 2171              	.LASF7:
 2172 0196 696E7433 		.ascii	"int32_t\000"
 2172      325F7400 
 2173              	.LASF4:
 2174 019e 756E7369 		.ascii	"unsigned char\000"
 2174      676E6564 
 2174      20636861 
 2174      7200
 2175              	.LASF56:
 2176 01ac 685F7072 		.ascii	"h_provider\000"
 2176      6F766964 
 2176      657200
 2177              	.LASF40:
 2178 01b7 705F6D74 		.ascii	"p_mtxlist\000"
 2178      786C6973 
 2178      7400
 2179              	.LASF5:
 2180 01c1 73686F72 		.ascii	"short int\000"
 2180      7420696E 
 2180      7400
 2181              	.LASF31:
 2182 01cb 705F7374 		.ascii	"p_state\000"
 2182      61746500 
 2183              	.LASF34:
 2184 01d3 705F7072 		.ascii	"p_preempt\000"
 2184      65656D70 
 2184      7400
 2185              	.LASF78:
ARM GAS  /tmp/ccNL5kLt.s 			page 42


 2186 01dd 68656170 		.ascii	"heap_header\000"
 2186      5F686561 
 2186      64657200 
 2187              	.LASF66:
 2188 01e9 65776D61 		.ascii	"ewmask\000"
 2188      736B00
 2189              	.LASF24:
 2190 01f0 705F6E65 		.ascii	"p_next\000"
 2190      787400
 2191              	.LASF32:
 2192 01f7 705F666C 		.ascii	"p_flags\000"
 2192      61677300 
 2193              	.LASF23:
 2194 01ff 54687265 		.ascii	"Thread\000"
 2194      616400
 2195              	.LASF71:
 2196 0206 63684865 		.ascii	"chHeapAlloc\000"
 2196      6170416C 
 2196      6C6F6300 
 2197              	.LASF39:
 2198 0212 705F6570 		.ascii	"p_epending\000"
 2198      656E6469 
 2198      6E6700
 2199              	.LASF9:
 2200 021d 75696E74 		.ascii	"uint32_t\000"
 2200      33325F74 
 2200      00
 2201              	.LASF60:
 2202 0226 68656170 		.ascii	"heap\000"
 2202      00
 2203              	.LASF74:
 2204 022b 64656661 		.ascii	"default_heap\000"
 2204      756C745F 
 2204      68656170 
 2204      00
 2205              	.LASF67:
 2206 0238 63686172 		.ascii	"char\000"
 2206      00
 2207              	.LASF72:
 2208 023d 63684865 		.ascii	"chHeapStatus\000"
 2208      61705374 
 2208      61747573 
 2208      00
 2209              	.LASF52:
 2210 024a 6D5F6E65 		.ascii	"m_next\000"
 2210      787400
 2211              	.LASF22:
 2212 0251 73797374 		.ascii	"systime_t\000"
 2212      696D655F 
 2212      7400
 2213              	.LASF41:
 2214 025b 705F7265 		.ascii	"p_realprio\000"
 2214      616C7072 
 2214      696F00
 2215              	.LASF35:
 2216 0266 705F7469 		.ascii	"p_time\000"
 2216      6D6500
ARM GAS  /tmp/ccNL5kLt.s 			page 43


 2217              	.LASF47:
 2218 026d 696E7463 		.ascii	"intctx\000"
 2218      747800
 2219              	.LASF37:
 2220 0274 705F6D73 		.ascii	"p_msgqueue\000"
 2220      67717565 
 2220      756500
 2221              	.LASF76:
 2222 027f 2E2E2F43 		.ascii	"../ChibiOS_2.6.2/os/kernel/src/chheap.c\000"
 2222      68696269 
 2222      4F535F32 
 2222      2E362E32 
 2222      2F6F732F 
 2223              	.LASF33:
 2224 02a7 705F7265 		.ascii	"p_refs\000"
 2224      667300
 2225              	.LASF3:
 2226 02ae 75696E74 		.ascii	"uint8_t\000"
 2226      385F7400 
 2227              	.LASF75:
 2228 02b6 474E5520 		.ascii	"GNU C 4.5.1\000"
 2228      4320342E 
 2228      352E3100 
 2229              	.LASF73:
 2230 02c2 73697A65 		.ascii	"sizep\000"
 2230      7000
 2231              	.LASF30:
 2232 02c8 705F6E61 		.ascii	"p_name\000"
 2232      6D6500
 2233              	.LASF77:
 2234 02cf 2F686F6D 		.ascii	"/home/nis/stm32f407d_neko\000"
 2234      652F6E69 
 2234      732F7374 
 2234      6D333266 
 2234      34303764 
 2235              	.LASF79:
 2236 02e9 5F686561 		.ascii	"_heap_init\000"
 2236      705F696E 
 2236      697400
 2237              	.LASF51:
 2238 02f4 6D5F6F77 		.ascii	"m_owner\000"
 2238      6E657200 
 2239              	.LASF27:
 2240 02fc 705F6374 		.ascii	"p_ctx\000"
 2240      7800
 2241              	.LASF36:
 2242 0302 705F7761 		.ascii	"p_waiting\000"
 2242      6974696E 
 2242      6700
 2243              	.LASF55:
 2244 030c 6D656D6F 		.ascii	"memory_heap\000"
 2244      72795F68 
 2244      65617000 
 2245              		.ident	"GCC: (Sourcery G++ Lite 2010.09-51) 4.5.1"
ARM GAS  /tmp/ccNL5kLt.s 			page 44


DEFINED SYMBOLS
                            *ABS*:00000000 chheap.c
     /tmp/ccNL5kLt.s:24     .text._heap_init:00000000 $t
     /tmp/ccNL5kLt.s:30     .text._heap_init:00000000 _heap_init
     /tmp/ccNL5kLt.s:438    .bss.default_heap:00000000 .LANCHOR0
     /tmp/ccNL5kLt.s:61     .text.chHeapInit:00000000 $t
     /tmp/ccNL5kLt.s:67     .text.chHeapInit:00000000 chHeapInit
     /tmp/ccNL5kLt.s:100    .text.chHeapAlloc:00000000 $t
     /tmp/ccNL5kLt.s:106    .text.chHeapAlloc:00000000 chHeapAlloc
     /tmp/ccNL5kLt.s:231    .text.chHeapFree:00000000 $t
     /tmp/ccNL5kLt.s:237    .text.chHeapFree:00000000 chHeapFree
     /tmp/ccNL5kLt.s:363    .text.chHeapStatus:00000000 $t
     /tmp/ccNL5kLt.s:369    .text.chHeapStatus:00000000 chHeapStatus
     /tmp/ccNL5kLt.s:437    .bss.default_heap:00000000 $d
     /tmp/ccNL5kLt.s:441    .bss.default_heap:00000000 default_heap
                     .debug_frame:00000010 $d

UNDEFINED SYMBOLS
chCoreAlloc
chMtxInit
chMtxLock
chMtxUnlock
