ARM GAS  /tmp/ccl9pnUx.s 			page 1


   1              		.syntax unified
   2              		.cpu cortex-m4
   3              		.fpu softvfp
   4              		.eabi_attribute 20, 1
   5              		.eabi_attribute 21, 1
   6              		.eabi_attribute 23, 3
   7              		.eabi_attribute 24, 1
   8              		.eabi_attribute 25, 1
   9              		.eabi_attribute 26, 1
  10              		.eabi_attribute 30, 2
  11              		.eabi_attribute 18, 4
  12              		.thumb
  13              		.file	"chmempools.c"
  14              		.section	.debug_abbrev,"",%progbits
  15              	.Ldebug_abbrev0:
  16              		.section	.debug_info,"",%progbits
  17              	.Ldebug_info0:
  18              		.section	.debug_line,"",%progbits
  19              	.Ldebug_line0:
  20 0000 4F020000 		.text
  20      02005A01 
  20      00000201 
  20      FB0E0D00 
  20      01010101 
  21              	.Ltext0:
  22              		.cfi_sections	.debug_frame
  23              		.section	.text.chPoolInit,"ax",%progbits
  24              		.align	2
  25              		.p2align 4,,15
  26              		.global	chPoolInit
  27              		.thumb
  28              		.thumb_func
  29              		.type	chPoolInit, %function
  30              	chPoolInit:
  31              	.LFB7:
  32              		.file 1 "../ChibiOS_2.6.2/os/kernel/src/chmempools.c"
  33              		.loc 1 62 0
  34              		.cfi_startproc
  35              		@ args = 0, pretend = 0, frame = 0
  36              		@ frame_needed = 0, uses_anonymous_args = 0
  37              		@ link register save eliminated.
  38              	.LVL0:
  39              		.loc 1 66 0
  40 0000 0023     		movs	r3, #0
  41 0002 0360     		str	r3, [r0, #0]
  42              		.loc 1 67 0
  43 0004 4160     		str	r1, [r0, #4]
  44              		.loc 1 68 0
  45 0006 8260     		str	r2, [r0, #8]
  46              		.loc 1 69 0
  47 0008 7047     		bx	lr
  48              		.cfi_endproc
  49              	.LFE7:
  50              		.size	chPoolInit, .-chPoolInit
  51 000a 00BFAFF3 		.section	.text.chPoolLoadArray,"ax",%progbits
  51      0080
  52              		.align	2
ARM GAS  /tmp/ccl9pnUx.s 			page 2


  53              		.p2align 4,,15
  54              		.global	chPoolLoadArray
  55              		.thumb
  56              		.thumb_func
  57              		.type	chPoolLoadArray, %function
  58              	chPoolLoadArray:
  59              	.LFB8:
  60              		.loc 1 84 0
  61              		.cfi_startproc
  62              		@ args = 0, pretend = 0, frame = 0
  63              		@ frame_needed = 0, uses_anonymous_args = 0
  64              		@ link register save eliminated.
  65              	.LVL1:
  66 0000 70B4     		push	{r4, r5, r6}
  67              	.LCFI0:
  68              		.cfi_def_cfa_offset 12
  69              		.loc 1 88 0
  70 0002 002A     		cmp	r2, #0
  71 0004 35D0     		beq	.L2
  72              		.cfi_offset 6, -4
  73              		.cfi_offset 5, -8
  74              		.cfi_offset 4, -12
  75 0006 013A     		subs	r2, r2, #1
  76              	.LVL2:
  77 0008 02F00105 		and	r5, r2, #1
  78              	.LVL3:
  79              	.LBB16:
  80              	.LBB34:
  81              		.loc 1 173 0
  82 000c 2023     		movs	r3, #32
  83              	.LVL4:
  84              	@ 173 "../ChibiOS_2.6.2/os/kernel/src/chmempools.c" 1
  85 000e 83F31188 		msr     BASEPRI, r3
  86              	@ 0 "" 2
  87              	.LVL5:
  88              		.thumb
  89              	.LBE34:
  90              	.LBB25:
  91              	.LBB29:
  92              		.loc 1 155 0
  93 0012 0468     		ldr	r4, [r0, #0]
  94              	.LBE29:
  95              	.LBE25:
  96              	.LBB24:
  97              		.loc 1 175 0
  98 0014 0023     		movs	r3, #0
  99              	.LVL6:
 100              	.LBE24:
 101              	.LBB23:
 102              	.LBB30:
 103              		.loc 1 155 0
 104 0016 0C60     		str	r4, [r1, #0]
 105              		.loc 1 156 0
 106 0018 0160     		str	r1, [r0, #0]
 107              	.LBE30:
 108              	.LBE23:
 109              	.LBB22:
ARM GAS  /tmp/ccl9pnUx.s 			page 3


 110              		.loc 1 175 0
 111              	@ 175 "../ChibiOS_2.6.2/os/kernel/src/chmempools.c" 1
 112 001a 83F31188 		msr     BASEPRI, r3
 113              	@ 0 "" 2
 114              	.LVL7:
 115              		.thumb
 116              	.LBE22:
 117              	.LBE16:
 118              		.loc 1 90 0
 119 001e 4368     		ldr	r3, [r0, #4]
 120              	.LVL8:
 121 0020 C918     		adds	r1, r1, r3
 122              	.LVL9:
 123              		.loc 1 88 0
 124 0022 32B3     		cbz	r2, .L2
 125              	.LVL10:
 126 0024 65B1     		cbz	r5, .L5
 127              	.LVL11:
 128              	.LBB45:
 129              	.LBB35:
 130              		.loc 1 173 0
 131 0026 2023     		movs	r3, #32
 132              	@ 173 "../ChibiOS_2.6.2/os/kernel/src/chmempools.c" 1
 133 0028 83F31188 		msr     BASEPRI, r3
 134              	@ 0 "" 2
 135              	.LVL12:
 136              		.thumb
 137              	.LBE35:
 138              	.LBB36:
 139              	.LBB28:
 140              		.loc 1 155 0
 141 002c 0468     		ldr	r4, [r0, #0]
 142              	.LBE28:
 143              	.LBE36:
 144              	.LBB37:
 145              		.loc 1 175 0
 146 002e 0023     		movs	r3, #0
 147              	.LVL13:
 148              	.LBE37:
 149              	.LBB38:
 150              	.LBB31:
 151              		.loc 1 155 0
 152 0030 0C60     		str	r4, [r1, #0]
 153              		.loc 1 156 0
 154 0032 0160     		str	r1, [r0, #0]
 155              	.LBE31:
 156              	.LBE38:
 157              	.LBB39:
 158              		.loc 1 175 0
 159              	@ 175 "../ChibiOS_2.6.2/os/kernel/src/chmempools.c" 1
 160 0034 83F31188 		msr     BASEPRI, r3
 161              	@ 0 "" 2
 162              	.LVL14:
 163              		.thumb
 164              	.LBE39:
 165              	.LBE45:
 166              		.loc 1 90 0
ARM GAS  /tmp/ccl9pnUx.s 			page 4


 167 0038 4368     		ldr	r3, [r0, #4]
 168              	.LVL15:
 169              		.loc 1 88 0
 170 003a 013A     		subs	r2, r2, #1
 171              		.loc 1 90 0
 172 003c 1944     		add	r1, r1, r3
 173              		.loc 1 88 0
 174 003e 18D0     		beq	.L2
 175              	.LVL16:
 176              	.L5:
 177              	.LBB46:
 178              	.LBB21:
 179              		.loc 1 173 0
 180 0040 2023     		movs	r3, #32
 181              	.LVL17:
 182              	@ 173 "../ChibiOS_2.6.2/os/kernel/src/chmempools.c" 1
 183 0042 83F31188 		msr     BASEPRI, r3
 184              	@ 0 "" 2
 185              	.LVL18:
 186              		.thumb
 187              	.LBE21:
 188              	.LBB20:
 189              	.LBB27:
 190              		.loc 1 155 0
 191 0046 0468     		ldr	r4, [r0, #0]
 192              	.LBE27:
 193              	.LBE20:
 194              	.LBB19:
 195              		.loc 1 175 0
 196 0048 0023     		movs	r3, #0
 197              	.LVL19:
 198              	.LBE19:
 199              	.LBB18:
 200              	.LBB32:
 201              		.loc 1 155 0
 202 004a 0C60     		str	r4, [r1, #0]
 203              		.loc 1 156 0
 204 004c 0160     		str	r1, [r0, #0]
 205              	.LBE32:
 206              	.LBE18:
 207              	.LBB17:
 208              		.loc 1 175 0
 209              	@ 175 "../ChibiOS_2.6.2/os/kernel/src/chmempools.c" 1
 210 004e 83F31188 		msr     BASEPRI, r3
 211              	@ 0 "" 2
 212              	.LVL20:
 213              		.thumb
 214              	.LBE17:
 215              	.LBE46:
 216              		.loc 1 90 0
 217 0052 4568     		ldr	r5, [r0, #4]
 218              		.loc 1 91 0
 219 0054 013A     		subs	r2, r2, #1
 220              		.loc 1 90 0
 221 0056 4C19     		adds	r4, r1, r5
 222              	.LBB47:
 223              	.LBB40:
ARM GAS  /tmp/ccl9pnUx.s 			page 5


 224              		.loc 1 173 0
 225 0058 2023     		movs	r3, #32
 226              	.LVL21:
 227              	@ 173 "../ChibiOS_2.6.2/os/kernel/src/chmempools.c" 1
 228 005a 83F31188 		msr     BASEPRI, r3
 229              	@ 0 "" 2
 230              	.LVL22:
 231              		.thumb
 232              	.LBE40:
 233              	.LBB41:
 234              	.LBB26:
 235              		.loc 1 155 0
 236 005e 0668     		ldr	r6, [r0, #0]
 237              	.LBE26:
 238              	.LBE41:
 239              	.LBB42:
 240              		.loc 1 175 0
 241 0060 0023     		movs	r3, #0
 242              	.LVL23:
 243              	.LBE42:
 244              	.LBB43:
 245              	.LBB33:
 246              		.loc 1 155 0
 247 0062 4E51     		str	r6, [r1, r5]
 248              		.loc 1 156 0
 249 0064 0460     		str	r4, [r0, #0]
 250              	.LBE33:
 251              	.LBE43:
 252              	.LBB44:
 253              		.loc 1 175 0
 254              	@ 175 "../ChibiOS_2.6.2/os/kernel/src/chmempools.c" 1
 255 0066 83F31188 		msr     BASEPRI, r3
 256              	@ 0 "" 2
 257              	.LVL24:
 258              		.thumb
 259              	.LBE44:
 260              	.LBE47:
 261              		.loc 1 90 0
 262 006a 4168     		ldr	r1, [r0, #4]
 263              		.loc 1 88 0
 264 006c 013A     		subs	r2, r2, #1
 265              		.loc 1 90 0
 266 006e 2144     		add	r1, r4, r1
 267              		.loc 1 88 0
 268 0070 E6D1     		bne	.L5
 269              	.LVL25:
 270              	.L2:
 271              		.loc 1 93 0
 272 0072 70BC     		pop	{r4, r5, r6}
 273 0074 7047     		bx	lr
 274              		.cfi_endproc
 275              	.LFE8:
 276              		.size	chPoolLoadArray, .-chPoolLoadArray
 277 0076 00BFAFF3 		.section	.text.chPoolAllocI,"ax",%progbits
 277      0080AFF3 
 277      0080
 278              		.align	2
ARM GAS  /tmp/ccl9pnUx.s 			page 6


 279              		.p2align 4,,15
 280              		.global	chPoolAllocI
 281              		.thumb
 282              		.thumb_func
 283              		.type	chPoolAllocI, %function
 284              	chPoolAllocI:
 285              	.LFB9:
 286              		.loc 1 105 0
 287              		.cfi_startproc
 288              		@ args = 0, pretend = 0, frame = 0
 289              		@ frame_needed = 0, uses_anonymous_args = 0
 290              	.LVL26:
 291 0000 0246     		mov	r2, r0
 292              		.loc 1 111 0
 293 0002 0068     		ldr	r0, [r0, #0]
 294              	.LVL27:
 295              		.loc 1 105 0
 296 0004 08B5     		push	{r3, lr}
 297              	.LCFI1:
 298              		.cfi_def_cfa_offset 8
 299              		.loc 1 111 0
 300 0006 10B1     		cbz	r0, .L14
 301              		.cfi_offset 14, -4
 302              		.cfi_offset 3, -8
 303              		.loc 1 112 0
 304 0008 0368     		ldr	r3, [r0, #0]
 305 000a 1360     		str	r3, [r2, #0]
 306 000c 08BD     		pop	{r3, pc}
 307              	.L14:
 308              		.loc 1 113 0
 309 000e 9368     		ldr	r3, [r2, #8]
 310 0010 0BB1     		cbz	r3, .L15
 311              		.loc 1 114 0
 312 0012 5068     		ldr	r0, [r2, #4]
 313 0014 9847     		blx	r3
 314              	.LVL28:
 315              	.L15:
 316              		.loc 1 116 0
 317 0016 08BD     		pop	{r3, pc}
 318              		.cfi_endproc
 319              	.LFE9:
 320              		.size	chPoolAllocI, .-chPoolAllocI
 321 0018 AFF30080 		.section	.text.chPoolAlloc,"ax",%progbits
 321      AFF30080 
 322              		.align	2
 323              		.p2align 4,,15
 324              		.global	chPoolAlloc
 325              		.thumb
 326              		.thumb_func
 327              		.type	chPoolAlloc, %function
 328              	chPoolAlloc:
 329              	.LFB10:
 330              		.loc 1 128 0
 331              		.cfi_startproc
 332              		@ args = 0, pretend = 0, frame = 0
 333              		@ frame_needed = 0, uses_anonymous_args = 0
 334              	.LVL29:
ARM GAS  /tmp/ccl9pnUx.s 			page 7


 335 0000 08B5     		push	{r3, lr}
 336              	.LCFI2:
 337              		.cfi_def_cfa_offset 8
 338              		.loc 1 128 0
 339 0002 0246     		mov	r2, r0
 340              	.LBB48:
 341              		.loc 1 131 0
 342 0004 2023     		movs	r3, #32
 343              		.cfi_offset 14, -4
 344              		.cfi_offset 3, -8
 345              	.LVL30:
 346              	@ 131 "../ChibiOS_2.6.2/os/kernel/src/chmempools.c" 1
 347 0006 83F31188 		msr     BASEPRI, r3
 348              	@ 0 "" 2
 349              	.LVL31:
 350              		.thumb
 351              	.LBE48:
 352              	.LBB49:
 353              	.LBB50:
 354              		.loc 1 111 0
 355 000a 0068     		ldr	r0, [r0, #0]
 356              	.LVL32:
 357 000c 28B1     		cbz	r0, .L17
 358              		.loc 1 112 0
 359 000e 0368     		ldr	r3, [r0, #0]
 360              	.LVL33:
 361 0010 1360     		str	r3, [r2, #0]
 362              	.L18:
 363              	.LBE50:
 364              	.LBE49:
 365              	.LBB52:
 366              		.loc 1 133 0
 367 0012 0023     		movs	r3, #0
 368              	.LVL34:
 369              	@ 133 "../ChibiOS_2.6.2/os/kernel/src/chmempools.c" 1
 370 0014 83F31188 		msr     BASEPRI, r3
 371              	@ 0 "" 2
 372              	.LVL35:
 373              		.thumb
 374              	.LBE52:
 375              		.loc 1 135 0
 376 0018 08BD     		pop	{r3, pc}
 377              	.LVL36:
 378              	.L17:
 379              	.LBB53:
 380              	.LBB51:
 381              		.loc 1 113 0
 382 001a 9368     		ldr	r3, [r2, #8]
 383              	.LVL37:
 384 001c 002B     		cmp	r3, #0
 385 001e F8D0     		beq	.L18
 386              		.loc 1 114 0
 387 0020 5068     		ldr	r0, [r2, #4]
 388 0022 9847     		blx	r3
 389              	.LVL38:
 390              	.LBE51:
 391              	.LBE53:
ARM GAS  /tmp/ccl9pnUx.s 			page 8


 392              	.LBB54:
 393              		.loc 1 133 0
 394 0024 0023     		movs	r3, #0
 395              	@ 133 "../ChibiOS_2.6.2/os/kernel/src/chmempools.c" 1
 396 0026 83F31188 		msr     BASEPRI, r3
 397              	@ 0 "" 2
 398              	.LVL39:
 399              		.thumb
 400              	.LBE54:
 401              		.loc 1 135 0
 402 002a 08BD     		pop	{r3, pc}
 403              		.cfi_endproc
 404              	.LFE10:
 405              		.size	chPoolAlloc, .-chPoolAlloc
 406 002c AFF30080 		.section	.text.chPoolFreeI,"ax",%progbits
 407              		.align	2
 408              		.p2align 4,,15
 409              		.global	chPoolFreeI
 410              		.thumb
 411              		.thumb_func
 412              		.type	chPoolFreeI, %function
 413              	chPoolFreeI:
 414              	.LFB11:
 415              		.loc 1 149 0
 416              		.cfi_startproc
 417              		@ args = 0, pretend = 0, frame = 0
 418              		@ frame_needed = 0, uses_anonymous_args = 0
 419              		@ link register save eliminated.
 420              	.LVL40:
 421              		.loc 1 155 0
 422 0000 0368     		ldr	r3, [r0, #0]
 423 0002 0B60     		str	r3, [r1, #0]
 424              		.loc 1 156 0
 425 0004 0160     		str	r1, [r0, #0]
 426              		.loc 1 157 0
 427 0006 7047     		bx	lr
 428              		.cfi_endproc
 429              	.LFE11:
 430              		.size	chPoolFreeI, .-chPoolFreeI
 431 0008 AFF30080 		.section	.text.chPoolFree,"ax",%progbits
 431      AFF30080 
 432              		.align	2
 433              		.p2align 4,,15
 434              		.global	chPoolFree
 435              		.thumb
 436              		.thumb_func
 437              		.type	chPoolFree, %function
 438              	chPoolFree:
 439              	.LFB12:
 440              		.loc 1 171 0
 441              		.cfi_startproc
 442              		@ args = 0, pretend = 0, frame = 0
 443              		@ frame_needed = 0, uses_anonymous_args = 0
 444              		@ link register save eliminated.
 445              	.LVL41:
 446              	.LBB55:
 447              		.loc 1 173 0
ARM GAS  /tmp/ccl9pnUx.s 			page 9


 448 0000 2023     		movs	r3, #32
 449              	.LVL42:
 450              	@ 173 "../ChibiOS_2.6.2/os/kernel/src/chmempools.c" 1
 451 0002 83F31188 		msr     BASEPRI, r3
 452              	@ 0 "" 2
 453              	.LVL43:
 454              		.thumb
 455              	.LBE55:
 456              	.LBB56:
 457              	.LBB57:
 458              		.loc 1 155 0
 459 0006 0268     		ldr	r2, [r0, #0]
 460              	.LBE57:
 461              	.LBE56:
 462              	.LBB59:
 463              		.loc 1 175 0
 464 0008 0023     		movs	r3, #0
 465              	.LVL44:
 466              	.LBE59:
 467              	.LBB60:
 468              	.LBB58:
 469              		.loc 1 155 0
 470 000a 0A60     		str	r2, [r1, #0]
 471              		.loc 1 156 0
 472 000c 0160     		str	r1, [r0, #0]
 473              	.LBE58:
 474              	.LBE60:
 475              	.LBB61:
 476              		.loc 1 175 0
 477              	@ 175 "../ChibiOS_2.6.2/os/kernel/src/chmempools.c" 1
 478 000e 83F31188 		msr     BASEPRI, r3
 479              	@ 0 "" 2
 480              	.LVL45:
 481              		.thumb
 482              	.LBE61:
 483              		.loc 1 176 0
 484 0012 7047     		bx	lr
 485              		.cfi_endproc
 486              	.LFE12:
 487              		.size	chPoolFree, .-chPoolFree
 488 0014 AFF30080 		.text
 488      AFF30080 
 488      AFF30080 
 489              	.Letext0:
 490              		.section	.debug_loc,"",%progbits
 491              	.Ldebug_loc0:
 492              	.LLST0:
 493 0000 00000000 		.4byte	.LFB8
 494 0004 02000000 		.4byte	.LCFI0
 495 0008 0200     		.2byte	0x2
 496 000a 7D       		.byte	0x7d
 497 000b 00       		.sleb128 0
 498 000c 02000000 		.4byte	.LCFI0
 499 0010 76000000 		.4byte	.LFE8
 500 0014 0200     		.2byte	0x2
 501 0016 7D       		.byte	0x7d
 502 0017 0C       		.sleb128 12
ARM GAS  /tmp/ccl9pnUx.s 			page 10


 503 0018 00000000 		.4byte	0x0
 504 001c 00000000 		.4byte	0x0
 505              	.LLST1:
 506 0020 00000000 		.4byte	.LVL1
 507 0024 24000000 		.4byte	.LVL10
 508 0028 0100     		.2byte	0x1
 509 002a 50       		.byte	0x50
 510 002b 40000000 		.4byte	.LVL16
 511 002f 76000000 		.4byte	.LFE8
 512 0033 0100     		.2byte	0x1
 513 0035 50       		.byte	0x50
 514 0036 00000000 		.4byte	0x0
 515 003a 00000000 		.4byte	0x0
 516              	.LLST2:
 517 003e 00000000 		.4byte	.LVL1
 518 0042 22000000 		.4byte	.LVL9
 519 0046 0100     		.2byte	0x1
 520 0048 51       		.byte	0x51
 521 0049 00000000 		.4byte	0x0
 522 004d 00000000 		.4byte	0x0
 523              	.LLST3:
 524 0051 00000000 		.4byte	.LVL1
 525 0055 08000000 		.4byte	.LVL2
 526 0059 0100     		.2byte	0x1
 527 005b 52       		.byte	0x52
 528 005c 08000000 		.4byte	.LVL2
 529 0060 22000000 		.4byte	.LVL9
 530 0064 0300     		.2byte	0x3
 531 0066 72       		.byte	0x72
 532 0067 01       		.sleb128 1
 533 0068 9F       		.byte	0x9f
 534 0069 00000000 		.4byte	0x0
 535 006d 00000000 		.4byte	0x0
 536              	.LLST4:
 537 0071 0C000000 		.4byte	.LVL3
 538 0075 22000000 		.4byte	.LVL9
 539 0079 0100     		.2byte	0x1
 540 007b 51       		.byte	0x51
 541 007c 22000000 		.4byte	.LVL9
 542 0080 26000000 		.4byte	.LVL11
 543 0084 0200     		.2byte	0x2
 544 0086 70       		.byte	0x70
 545 0087 00       		.sleb128 0
 546 0088 00000000 		.4byte	0x0
 547 008c 00000000 		.4byte	0x0
 548              	.LLST5:
 549 0090 0C000000 		.4byte	.LVL3
 550 0094 72000000 		.4byte	.LVL25
 551 0098 0100     		.2byte	0x1
 552 009a 50       		.byte	0x50
 553 009b 00000000 		.4byte	0x0
 554 009f 00000000 		.4byte	0x0
 555              	.LLST6:
 556 00a3 1E000000 		.4byte	.LVL7
 557 00a7 20000000 		.4byte	.LVL8
 558 00ab 0100     		.2byte	0x1
 559 00ad 53       		.byte	0x53
ARM GAS  /tmp/ccl9pnUx.s 			page 11


 560 00ae 38000000 		.4byte	.LVL14
 561 00b2 3A000000 		.4byte	.LVL15
 562 00b6 0100     		.2byte	0x1
 563 00b8 53       		.byte	0x53
 564 00b9 40000000 		.4byte	.LVL16
 565 00bd 42000000 		.4byte	.LVL17
 566 00c1 0100     		.2byte	0x1
 567 00c3 53       		.byte	0x53
 568 00c4 52000000 		.4byte	.LVL20
 569 00c8 5A000000 		.4byte	.LVL21
 570 00cc 0100     		.2byte	0x1
 571 00ce 53       		.byte	0x53
 572 00cf 6A000000 		.4byte	.LVL24
 573 00d3 76000000 		.4byte	.LFE8
 574 00d7 0100     		.2byte	0x1
 575 00d9 53       		.byte	0x53
 576 00da 00000000 		.4byte	0x0
 577 00de 00000000 		.4byte	0x0
 578              	.LLST7:
 579 00e2 12000000 		.4byte	.LVL5
 580 00e6 22000000 		.4byte	.LVL9
 581 00ea 0100     		.2byte	0x1
 582 00ec 51       		.byte	0x51
 583 00ed 22000000 		.4byte	.LVL9
 584 00f1 2C000000 		.4byte	.LVL12
 585 00f5 0200     		.2byte	0x2
 586 00f7 70       		.byte	0x70
 587 00f8 00       		.sleb128 0
 588 00f9 00000000 		.4byte	0x0
 589 00fd 00000000 		.4byte	0x0
 590              	.LLST8:
 591 0101 12000000 		.4byte	.LVL5
 592 0105 72000000 		.4byte	.LVL25
 593 0109 0100     		.2byte	0x1
 594 010b 50       		.byte	0x50
 595 010c 00000000 		.4byte	0x0
 596 0110 00000000 		.4byte	0x0
 597              	.LLST9:
 598 0114 12000000 		.4byte	.LVL5
 599 0118 22000000 		.4byte	.LVL9
 600 011c 0100     		.2byte	0x1
 601 011e 51       		.byte	0x51
 602 011f 22000000 		.4byte	.LVL9
 603 0123 2C000000 		.4byte	.LVL12
 604 0127 0200     		.2byte	0x2
 605 0129 70       		.byte	0x70
 606 012a 00       		.sleb128 0
 607 012b 00000000 		.4byte	0x0
 608 012f 00000000 		.4byte	0x0
 609              	.LLST10:
 610 0133 12000000 		.4byte	.LVL5
 611 0137 16000000 		.4byte	.LVL6
 612 013b 0100     		.2byte	0x1
 613 013d 53       		.byte	0x53
 614 013e 2C000000 		.4byte	.LVL12
 615 0142 30000000 		.4byte	.LVL13
 616 0146 0100     		.2byte	0x1
ARM GAS  /tmp/ccl9pnUx.s 			page 12


 617 0148 53       		.byte	0x53
 618 0149 46000000 		.4byte	.LVL18
 619 014d 4A000000 		.4byte	.LVL19
 620 0151 0100     		.2byte	0x1
 621 0153 53       		.byte	0x53
 622 0154 5E000000 		.4byte	.LVL22
 623 0158 62000000 		.4byte	.LVL23
 624 015c 0100     		.2byte	0x1
 625 015e 53       		.byte	0x53
 626 015f 00000000 		.4byte	0x0
 627 0163 00000000 		.4byte	0x0
 628              	.LLST11:
 629 0167 00000000 		.4byte	.LFB9
 630 016b 06000000 		.4byte	.LCFI1
 631 016f 0200     		.2byte	0x2
 632 0171 7D       		.byte	0x7d
 633 0172 00       		.sleb128 0
 634 0173 06000000 		.4byte	.LCFI1
 635 0177 18000000 		.4byte	.LFE9
 636 017b 0200     		.2byte	0x2
 637 017d 7D       		.byte	0x7d
 638 017e 08       		.sleb128 8
 639 017f 00000000 		.4byte	0x0
 640 0183 00000000 		.4byte	0x0
 641              	.LLST12:
 642 0187 00000000 		.4byte	.LVL26
 643 018b 04000000 		.4byte	.LVL27
 644 018f 0100     		.2byte	0x1
 645 0191 50       		.byte	0x50
 646 0192 04000000 		.4byte	.LVL27
 647 0196 15000000 		.4byte	.LVL28-1
 648 019a 0100     		.2byte	0x1
 649 019c 52       		.byte	0x52
 650 019d 00000000 		.4byte	0x0
 651 01a1 00000000 		.4byte	0x0
 652              	.LLST13:
 653 01a5 04000000 		.4byte	.LVL27
 654 01a9 15000000 		.4byte	.LVL28-1
 655 01ad 0200     		.2byte	0x2
 656 01af 72       		.byte	0x72
 657 01b0 00       		.sleb128 0
 658 01b1 16000000 		.4byte	.LVL28
 659 01b5 18000000 		.4byte	.LFE9
 660 01b9 0100     		.2byte	0x1
 661 01bb 50       		.byte	0x50
 662 01bc 00000000 		.4byte	0x0
 663 01c0 00000000 		.4byte	0x0
 664              	.LLST14:
 665 01c4 00000000 		.4byte	.LFB10
 666 01c8 02000000 		.4byte	.LCFI2
 667 01cc 0200     		.2byte	0x2
 668 01ce 7D       		.byte	0x7d
 669 01cf 00       		.sleb128 0
 670 01d0 02000000 		.4byte	.LCFI2
 671 01d4 2C000000 		.4byte	.LFE10
 672 01d8 0200     		.2byte	0x2
 673 01da 7D       		.byte	0x7d
ARM GAS  /tmp/ccl9pnUx.s 			page 13


 674 01db 08       		.sleb128 8
 675 01dc 00000000 		.4byte	0x0
 676 01e0 00000000 		.4byte	0x0
 677              	.LLST15:
 678 01e4 00000000 		.4byte	.LVL29
 679 01e8 0C000000 		.4byte	.LVL32
 680 01ec 0100     		.2byte	0x1
 681 01ee 50       		.byte	0x50
 682 01ef 0C000000 		.4byte	.LVL32
 683 01f3 23000000 		.4byte	.LVL38-1
 684 01f7 0100     		.2byte	0x1
 685 01f9 52       		.byte	0x52
 686 01fa 00000000 		.4byte	0x0
 687 01fe 00000000 		.4byte	0x0
 688              	.LLST16:
 689 0202 0A000000 		.4byte	.LVL31
 690 0206 10000000 		.4byte	.LVL33
 691 020a 0100     		.2byte	0x1
 692 020c 53       		.byte	0x53
 693 020d 1A000000 		.4byte	.LVL36
 694 0211 1C000000 		.4byte	.LVL37
 695 0215 0100     		.2byte	0x1
 696 0217 53       		.byte	0x53
 697 0218 00000000 		.4byte	0x0
 698 021c 00000000 		.4byte	0x0
 699              	.LLST17:
 700 0220 0A000000 		.4byte	.LVL31
 701 0224 0C000000 		.4byte	.LVL32
 702 0228 0100     		.2byte	0x1
 703 022a 50       		.byte	0x50
 704 022b 0C000000 		.4byte	.LVL32
 705 022f 23000000 		.4byte	.LVL38-1
 706 0233 0100     		.2byte	0x1
 707 0235 52       		.byte	0x52
 708 0236 00000000 		.4byte	0x0
 709 023a 00000000 		.4byte	0x0
 710              	.LLST18:
 711 023e 0C000000 		.4byte	.LVL32
 712 0242 23000000 		.4byte	.LVL38-1
 713 0246 0200     		.2byte	0x2
 714 0248 72       		.byte	0x72
 715 0249 00       		.sleb128 0
 716 024a 24000000 		.4byte	.LVL38
 717 024e 2C000000 		.4byte	.LFE10
 718 0252 0100     		.2byte	0x1
 719 0254 50       		.byte	0x50
 720 0255 00000000 		.4byte	0x0
 721 0259 00000000 		.4byte	0x0
 722              	.LLST19:
 723 025d 18000000 		.4byte	.LVL35
 724 0261 1A000000 		.4byte	.LVL36
 725 0265 0100     		.2byte	0x1
 726 0267 53       		.byte	0x53
 727 0268 2A000000 		.4byte	.LVL39
 728 026c 2C000000 		.4byte	.LFE10
 729 0270 0100     		.2byte	0x1
 730 0272 53       		.byte	0x53
ARM GAS  /tmp/ccl9pnUx.s 			page 14


 731 0273 00000000 		.4byte	0x0
 732 0277 00000000 		.4byte	0x0
 733              	.LLST20:
 734 027b 06000000 		.4byte	.LVL43
 735 027f 0A000000 		.4byte	.LVL44
 736 0283 0100     		.2byte	0x1
 737 0285 53       		.byte	0x53
 738 0286 00000000 		.4byte	0x0
 739 028a 00000000 		.4byte	0x0
 740              	.LLST21:
 741 028e 12000000 		.4byte	.LVL45
 742 0292 14000000 		.4byte	.LFE12
 743 0296 0100     		.2byte	0x1
 744 0298 53       		.byte	0x53
 745 0299 00000000 		.4byte	0x0
 746 029d 00000000 		.4byte	0x0
 747              		.file 2 "/opt/sgpp-lite-arm-eabi-bin-2010.09.51/bin/../lib/gcc/arm-none-eabi/4.5.1/include/stddef.
 748              		.file 3 "/opt/sgpp-lite-arm-eabi-bin-2010.09.51/bin/../lib/gcc/arm-none-eabi/4.5.1/../../../../arm
 749              		.file 4 "../ChibiOS_2.6.2/os/kernel/include/chmemcore.h"
 750              		.file 5 "../ChibiOS_2.6.2/os/kernel/include/chmempools.h"
 751              		.section	.debug_info
 752 0000 13040000 		.4byte	0x413
 753 0004 0200     		.2byte	0x2
 754 0006 00000000 		.4byte	.Ldebug_abbrev0
 755 000a 04       		.byte	0x4
 756 000b 01       		.uleb128 0x1
 757 000c 07000000 		.4byte	.LASF27
 758 0010 01       		.byte	0x1
 759 0011 55010000 		.4byte	.LASF28
 760 0015 13000000 		.4byte	.LASF29
 761 0019 00000000 		.4byte	0x0
 762 001d 00000000 		.4byte	0x0
 763 0021 B8010000 		.4byte	.Ldebug_ranges0+0x1b8
 764 0025 00000000 		.4byte	.Ldebug_line0
 765 0029 02       		.uleb128 0x2
 766 002a 04       		.byte	0x4
 767 002b 05       		.byte	0x5
 768 002c 696E7400 		.ascii	"int\000"
 769 0030 03       		.uleb128 0x3
 770 0031 00000000 		.4byte	.LASF2
 771 0035 02       		.byte	0x2
 772 0036 D3       		.byte	0xd3
 773 0037 3B000000 		.4byte	0x3b
 774 003b 04       		.uleb128 0x4
 775 003c 04       		.byte	0x4
 776 003d 07       		.byte	0x7
 777 003e CD000000 		.4byte	.LASF0
 778 0042 04       		.uleb128 0x4
 779 0043 01       		.byte	0x1
 780 0044 06       		.byte	0x6
 781 0045 81010000 		.4byte	.LASF1
 782 0049 03       		.uleb128 0x3
 783 004a F1000000 		.4byte	.LASF3
 784 004e 03       		.byte	0x3
 785 004f 2A       		.byte	0x2a
 786 0050 54000000 		.4byte	0x54
 787 0054 04       		.uleb128 0x4
ARM GAS  /tmp/ccl9pnUx.s 			page 15


 788 0055 01       		.byte	0x1
 789 0056 08       		.byte	0x8
 790 0057 97000000 		.4byte	.LASF4
 791 005b 04       		.uleb128 0x4
 792 005c 02       		.byte	0x2
 793 005d 05       		.byte	0x5
 794 005e 2D010000 		.4byte	.LASF5
 795 0062 04       		.uleb128 0x4
 796 0063 02       		.byte	0x2
 797 0064 07       		.byte	0x7
 798 0065 6F000000 		.4byte	.LASF6
 799 0069 04       		.uleb128 0x4
 800 006a 04       		.byte	0x4
 801 006b 05       		.byte	0x5
 802 006c 4C010000 		.4byte	.LASF7
 803 0070 03       		.uleb128 0x3
 804 0071 43010000 		.4byte	.LASF8
 805 0075 03       		.byte	0x3
 806 0076 50       		.byte	0x50
 807 0077 7B000000 		.4byte	0x7b
 808 007b 04       		.uleb128 0x4
 809 007c 04       		.byte	0x4
 810 007d 07       		.byte	0x7
 811 007e 5D000000 		.4byte	.LASF9
 812 0082 04       		.uleb128 0x4
 813 0083 08       		.byte	0x8
 814 0084 05       		.byte	0x5
 815 0085 01010000 		.4byte	.LASF10
 816 0089 04       		.uleb128 0x4
 817 008a 08       		.byte	0x8
 818 008b 07       		.byte	0x7
 819 008c DA000000 		.4byte	.LASF11
 820 0090 04       		.uleb128 0x4
 821 0091 01       		.byte	0x1
 822 0092 02       		.byte	0x2
 823 0093 95010000 		.4byte	.LASF12
 824 0097 05       		.uleb128 0x5
 825 0098 04       		.byte	0x4
 826 0099 03       		.uleb128 0x3
 827 009a 14010000 		.4byte	.LASF13
 828 009e 04       		.byte	0x4
 829 009f 2C       		.byte	0x2c
 830 00a0 A4000000 		.4byte	0xa4
 831 00a4 06       		.uleb128 0x6
 832 00a5 04       		.byte	0x4
 833 00a6 AA000000 		.4byte	0xaa
 834 00aa 07       		.uleb128 0x7
 835 00ab 01       		.byte	0x1
 836 00ac 97000000 		.4byte	0x97
 837 00b0 BA000000 		.4byte	0xba
 838 00b4 08       		.uleb128 0x8
 839 00b5 30000000 		.4byte	0x30
 840 00b9 00       		.byte	0x0
 841 00ba 09       		.uleb128 0x9
 842 00bb 4C000000 		.4byte	.LASF30
 843 00bf 04       		.byte	0x4
 844 00c0 05       		.byte	0x5
ARM GAS  /tmp/ccl9pnUx.s 			page 16


 845 00c1 2C       		.byte	0x2c
 846 00c2 D5000000 		.4byte	0xd5
 847 00c6 0A       		.uleb128 0xa
 848 00c7 F9000000 		.4byte	.LASF14
 849 00cb 05       		.byte	0x5
 850 00cc 2D       		.byte	0x2d
 851 00cd D5000000 		.4byte	0xd5
 852 00d1 02       		.byte	0x2
 853 00d2 23       		.byte	0x23
 854 00d3 00       		.uleb128 0x0
 855 00d4 00       		.byte	0x0
 856 00d5 06       		.uleb128 0x6
 857 00d6 04       		.byte	0x4
 858 00d7 BA000000 		.4byte	0xba
 859 00db 0B       		.uleb128 0xb
 860 00dc 0C       		.byte	0xc
 861 00dd 05       		.byte	0x5
 862 00de 34       		.byte	0x34
 863 00df 0E010000 		.4byte	0x10e
 864 00e3 0A       		.uleb128 0xa
 865 00e4 8D010000 		.4byte	.LASF15
 866 00e8 05       		.byte	0x5
 867 00e9 35       		.byte	0x35
 868 00ea D5000000 		.4byte	0xd5
 869 00ee 02       		.byte	0x2
 870 00ef 23       		.byte	0x23
 871 00f0 00       		.uleb128 0x0
 872 00f1 0A       		.uleb128 0xa
 873 00f2 2D000000 		.4byte	.LASF16
 874 00f6 05       		.byte	0x5
 875 00f7 36       		.byte	0x36
 876 00f8 30000000 		.4byte	0x30
 877 00fc 02       		.byte	0x2
 878 00fd 23       		.byte	0x23
 879 00fe 04       		.uleb128 0x4
 880 00ff 0A       		.uleb128 0xa
 881 0100 21010000 		.4byte	.LASF17
 882 0104 05       		.byte	0x5
 883 0105 38       		.byte	0x38
 884 0106 99000000 		.4byte	0x99
 885 010a 02       		.byte	0x2
 886 010b 23       		.byte	0x23
 887 010c 08       		.uleb128 0x8
 888 010d 00       		.byte	0x0
 889 010e 03       		.uleb128 0x3
 890 010f B0000000 		.4byte	.LASF18
 891 0113 05       		.byte	0x5
 892 0114 3A       		.byte	0x3a
 893 0115 DB000000 		.4byte	0xdb
 894 0119 04       		.uleb128 0x4
 895 011a 01       		.byte	0x1
 896 011b 08       		.byte	0x8
 897 011c 0F010000 		.4byte	.LASF19
 898 0120 0C       		.uleb128 0xc
 899 0121 01       		.byte	0x1
 900 0122 C0000000 		.4byte	.LASF31
 901 0126 01       		.byte	0x1
ARM GAS  /tmp/ccl9pnUx.s 			page 17


 902 0127 69       		.byte	0x69
 903 0128 01       		.byte	0x1
 904 0129 97000000 		.4byte	0x97
 905 012d 01       		.byte	0x1
 906 012e 48010000 		.4byte	0x148
 907 0132 0D       		.uleb128 0xd
 908 0133 6D7000   		.ascii	"mp\000"
 909 0136 01       		.byte	0x1
 910 0137 69       		.byte	0x69
 911 0138 48010000 		.4byte	0x148
 912 013c 0E       		.uleb128 0xe
 913 013d BB000000 		.4byte	.LASF20
 914 0141 01       		.byte	0x1
 915 0142 6A       		.byte	0x6a
 916 0143 97000000 		.4byte	0x97
 917 0147 00       		.byte	0x0
 918 0148 06       		.uleb128 0x6
 919 0149 04       		.byte	0x4
 920 014a 0E010000 		.4byte	0x10e
 921 014e 0F       		.uleb128 0xf
 922 014f 01       		.byte	0x1
 923 0150 8B000000 		.4byte	.LASF21
 924 0154 01       		.byte	0x1
 925 0155 95       		.byte	0x95
 926 0156 01       		.byte	0x1
 927 0157 01       		.byte	0x1
 928 0158 7D010000 		.4byte	0x17d
 929 015c 0D       		.uleb128 0xd
 930 015d 6D7000   		.ascii	"mp\000"
 931 0160 01       		.byte	0x1
 932 0161 95       		.byte	0x95
 933 0162 48010000 		.4byte	0x148
 934 0166 10       		.uleb128 0x10
 935 0167 BB000000 		.4byte	.LASF20
 936 016b 01       		.byte	0x1
 937 016c 95       		.byte	0x95
 938 016d 97000000 		.4byte	0x97
 939 0171 11       		.uleb128 0x11
 940 0172 70687000 		.ascii	"php\000"
 941 0176 01       		.byte	0x1
 942 0177 96       		.byte	0x96
 943 0178 D5000000 		.4byte	0xd5
 944 017c 00       		.byte	0x0
 945 017d 0F       		.uleb128 0xf
 946 017e 01       		.byte	0x1
 947 017f A5000000 		.4byte	.LASF22
 948 0183 01       		.byte	0x1
 949 0184 AB       		.byte	0xab
 950 0185 01       		.byte	0x1
 951 0186 01       		.byte	0x1
 952 0187 BF010000 		.4byte	0x1bf
 953 018b 0D       		.uleb128 0xd
 954 018c 6D7000   		.ascii	"mp\000"
 955 018f 01       		.byte	0x1
 956 0190 AB       		.byte	0xab
 957 0191 48010000 		.4byte	0x148
 958 0195 10       		.uleb128 0x10
ARM GAS  /tmp/ccl9pnUx.s 			page 18


 959 0196 BB000000 		.4byte	.LASF20
 960 019a 01       		.byte	0x1
 961 019b AB       		.byte	0xab
 962 019c 97000000 		.4byte	0x97
 963 01a0 12       		.uleb128 0x12
 964 01a1 B1010000 		.4byte	0x1b1
 965 01a5 11       		.uleb128 0x11
 966 01a6 746D7000 		.ascii	"tmp\000"
 967 01aa 01       		.byte	0x1
 968 01ab AD       		.byte	0xad
 969 01ac 70000000 		.4byte	0x70
 970 01b0 00       		.byte	0x0
 971 01b1 13       		.uleb128 0x13
 972 01b2 11       		.uleb128 0x11
 973 01b3 746D7000 		.ascii	"tmp\000"
 974 01b7 01       		.byte	0x1
 975 01b8 AF       		.byte	0xaf
 976 01b9 70000000 		.4byte	0x70
 977 01bd 00       		.byte	0x0
 978 01be 00       		.byte	0x0
 979 01bf 14       		.uleb128 0x14
 980 01c0 01       		.byte	0x1
 981 01c1 9B010000 		.4byte	.LASF25
 982 01c5 01       		.byte	0x1
 983 01c6 3E       		.byte	0x3e
 984 01c7 01       		.byte	0x1
 985 01c8 00000000 		.4byte	.LFB7
 986 01cc 0A000000 		.4byte	.LFE7
 987 01d0 02       		.byte	0x2
 988 01d1 7D       		.byte	0x7d
 989 01d2 00       		.sleb128 0
 990 01d3 FE010000 		.4byte	0x1fe
 991 01d7 15       		.uleb128 0x15
 992 01d8 6D7000   		.ascii	"mp\000"
 993 01db 01       		.byte	0x1
 994 01dc 3E       		.byte	0x3e
 995 01dd 48010000 		.4byte	0x148
 996 01e1 01       		.byte	0x1
 997 01e2 50       		.byte	0x50
 998 01e3 16       		.uleb128 0x16
 999 01e4 58000000 		.4byte	.LASF23
 1000 01e8 01       		.byte	0x1
 1001 01e9 3E       		.byte	0x3e
 1002 01ea 30000000 		.4byte	0x30
 1003 01ee 01       		.byte	0x1
 1004 01ef 51       		.byte	0x51
 1005 01f0 16       		.uleb128 0x16
 1006 01f1 82000000 		.4byte	.LASF24
 1007 01f5 01       		.byte	0x1
 1008 01f6 3E       		.byte	0x3e
 1009 01f7 99000000 		.4byte	0x99
 1010 01fb 01       		.byte	0x1
 1011 01fc 52       		.byte	0x52
 1012 01fd 00       		.byte	0x0
 1013 01fe 17       		.uleb128 0x17
 1014 01ff 01       		.byte	0x1
 1015 0200 3C000000 		.4byte	.LASF26
ARM GAS  /tmp/ccl9pnUx.s 			page 19


 1016 0204 01       		.byte	0x1
 1017 0205 54       		.byte	0x54
 1018 0206 01       		.byte	0x1
 1019 0207 00000000 		.4byte	.LFB8
 1020 020b 76000000 		.4byte	.LFE8
 1021 020f 00000000 		.4byte	.LLST0
 1022 0213 B9020000 		.4byte	0x2b9
 1023 0217 18       		.uleb128 0x18
 1024 0218 6D7000   		.ascii	"mp\000"
 1025 021b 01       		.byte	0x1
 1026 021c 54       		.byte	0x54
 1027 021d 48010000 		.4byte	0x148
 1028 0221 20000000 		.4byte	.LLST1
 1029 0225 18       		.uleb128 0x18
 1030 0226 7000     		.ascii	"p\000"
 1031 0228 01       		.byte	0x1
 1032 0229 54       		.byte	0x54
 1033 022a 97000000 		.4byte	0x97
 1034 022e 3E000000 		.4byte	.LLST2
 1035 0232 18       		.uleb128 0x18
 1036 0233 6E00     		.ascii	"n\000"
 1037 0235 01       		.byte	0x1
 1038 0236 54       		.byte	0x54
 1039 0237 30000000 		.4byte	0x30
 1040 023b 51000000 		.4byte	.LLST3
 1041 023f 19       		.uleb128 0x19
 1042 0240 7D010000 		.4byte	0x17d
 1043 0244 0C000000 		.4byte	.LBB16
 1044 0248 00000000 		.4byte	.Ldebug_ranges0+0x0
 1045 024c 01       		.byte	0x1
 1046 024d 59       		.byte	0x59
 1047 024e 1A       		.uleb128 0x1a
 1048 024f 95010000 		.4byte	0x195
 1049 0253 71000000 		.4byte	.LLST4
 1050 0257 1A       		.uleb128 0x1a
 1051 0258 8B010000 		.4byte	0x18b
 1052 025c 90000000 		.4byte	.LLST5
 1053 0260 1B       		.uleb128 0x1b
 1054 0261 28000000 		.4byte	.Ldebug_ranges0+0x28
 1055 0265 73020000 		.4byte	0x273
 1056 0269 1C       		.uleb128 0x1c
 1057 026a B2010000 		.4byte	0x1b2
 1058 026e A3000000 		.4byte	.LLST6
 1059 0272 00       		.byte	0x0
 1060 0273 1D       		.uleb128 0x1d
 1061 0274 4E010000 		.4byte	0x14e
 1062 0278 12000000 		.4byte	.LBB25
 1063 027c 70000000 		.4byte	.Ldebug_ranges0+0x70
 1064 0280 01       		.byte	0x1
 1065 0281 AE       		.byte	0xae
 1066 0282 A8020000 		.4byte	0x2a8
 1067 0286 1A       		.uleb128 0x1a
 1068 0287 66010000 		.4byte	0x166
 1069 028b E2000000 		.4byte	.LLST7
 1070 028f 1A       		.uleb128 0x1a
 1071 0290 5C010000 		.4byte	0x15c
 1072 0294 01010000 		.4byte	.LLST8
ARM GAS  /tmp/ccl9pnUx.s 			page 20


 1073 0298 1E       		.uleb128 0x1e
 1074 0299 B8000000 		.4byte	.Ldebug_ranges0+0xb8
 1075 029d 1C       		.uleb128 0x1c
 1076 029e 71010000 		.4byte	0x171
 1077 02a2 14010000 		.4byte	.LLST9
 1078 02a6 00       		.byte	0x0
 1079 02a7 00       		.byte	0x0
 1080 02a8 1E       		.uleb128 0x1e
 1081 02a9 00010000 		.4byte	.Ldebug_ranges0+0x100
 1082 02ad 1C       		.uleb128 0x1c
 1083 02ae A5010000 		.4byte	0x1a5
 1084 02b2 33010000 		.4byte	.LLST10
 1085 02b6 00       		.byte	0x0
 1086 02b7 00       		.byte	0x0
 1087 02b8 00       		.byte	0x0
 1088 02b9 1F       		.uleb128 0x1f
 1089 02ba 20010000 		.4byte	0x120
 1090 02be 00000000 		.4byte	.LFB9
 1091 02c2 18000000 		.4byte	.LFE9
 1092 02c6 67010000 		.4byte	.LLST11
 1093 02ca E1020000 		.4byte	0x2e1
 1094 02ce 1A       		.uleb128 0x1a
 1095 02cf 32010000 		.4byte	0x132
 1096 02d3 87010000 		.4byte	.LLST12
 1097 02d7 1C       		.uleb128 0x1c
 1098 02d8 3C010000 		.4byte	0x13c
 1099 02dc A5010000 		.4byte	.LLST13
 1100 02e0 00       		.byte	0x0
 1101 02e1 20       		.uleb128 0x20
 1102 02e2 01       		.byte	0x1
 1103 02e3 37010000 		.4byte	.LASF32
 1104 02e7 01       		.byte	0x1
 1105 02e8 80       		.byte	0x80
 1106 02e9 01       		.byte	0x1
 1107 02ea 97000000 		.4byte	0x97
 1108 02ee 00000000 		.4byte	.LFB10
 1109 02f2 2C000000 		.4byte	.LFE10
 1110 02f6 C4010000 		.4byte	.LLST14
 1111 02fa 78030000 		.4byte	0x378
 1112 02fe 18       		.uleb128 0x18
 1113 02ff 6D7000   		.ascii	"mp\000"
 1114 0302 01       		.byte	0x1
 1115 0303 80       		.byte	0x80
 1116 0304 48010000 		.4byte	0x148
 1117 0308 E4010000 		.4byte	.LLST15
 1118 030c 21       		.uleb128 0x21
 1119 030d BB000000 		.4byte	.LASF20
 1120 0311 01       		.byte	0x1
 1121 0312 81       		.byte	0x81
 1122 0313 97000000 		.4byte	0x97
 1123 0317 01       		.byte	0x1
 1124 0318 50       		.byte	0x50
 1125 0319 22       		.uleb128 0x22
 1126 031a 04000000 		.4byte	.LBB48
 1127 031e 0A000000 		.4byte	.LBE48
 1128 0322 36030000 		.4byte	0x336
 1129 0326 23       		.uleb128 0x23
ARM GAS  /tmp/ccl9pnUx.s 			page 21


 1130 0327 746D7000 		.ascii	"tmp\000"
 1131 032b 01       		.byte	0x1
 1132 032c 83       		.byte	0x83
 1133 032d 70000000 		.4byte	0x70
 1134 0331 02020000 		.4byte	.LLST16
 1135 0335 00       		.byte	0x0
 1136 0336 1D       		.uleb128 0x1d
 1137 0337 20010000 		.4byte	0x120
 1138 033b 0A000000 		.4byte	.LBB49
 1139 033f 28010000 		.4byte	.Ldebug_ranges0+0x128
 1140 0343 01       		.byte	0x1
 1141 0344 84       		.byte	0x84
 1142 0345 62030000 		.4byte	0x362
 1143 0349 1A       		.uleb128 0x1a
 1144 034a 32010000 		.4byte	0x132
 1145 034e 20020000 		.4byte	.LLST17
 1146 0352 1E       		.uleb128 0x1e
 1147 0353 40010000 		.4byte	.Ldebug_ranges0+0x140
 1148 0357 1C       		.uleb128 0x1c
 1149 0358 3C010000 		.4byte	0x13c
 1150 035c 3E020000 		.4byte	.LLST18
 1151 0360 00       		.byte	0x0
 1152 0361 00       		.byte	0x0
 1153 0362 1E       		.uleb128 0x1e
 1154 0363 58010000 		.4byte	.Ldebug_ranges0+0x158
 1155 0367 23       		.uleb128 0x23
 1156 0368 746D7000 		.ascii	"tmp\000"
 1157 036c 01       		.byte	0x1
 1158 036d 85       		.byte	0x85
 1159 036e 70000000 		.4byte	0x70
 1160 0372 5D020000 		.4byte	.LLST19
 1161 0376 00       		.byte	0x0
 1162 0377 00       		.byte	0x0
 1163 0378 24       		.uleb128 0x24
 1164 0379 4E010000 		.4byte	0x14e
 1165 037d 00000000 		.4byte	.LFB11
 1166 0381 08000000 		.4byte	.LFE11
 1167 0385 02       		.byte	0x2
 1168 0386 7D       		.byte	0x7d
 1169 0387 00       		.sleb128 0
 1170 0388 A2030000 		.4byte	0x3a2
 1171 038c 25       		.uleb128 0x25
 1172 038d 5C010000 		.4byte	0x15c
 1173 0391 01       		.byte	0x1
 1174 0392 50       		.byte	0x50
 1175 0393 25       		.uleb128 0x25
 1176 0394 66010000 		.4byte	0x166
 1177 0398 01       		.byte	0x1
 1178 0399 51       		.byte	0x51
 1179 039a 26       		.uleb128 0x26
 1180 039b 71010000 		.4byte	0x171
 1181 039f 01       		.byte	0x1
 1182 03a0 51       		.byte	0x51
 1183 03a1 00       		.byte	0x0
 1184 03a2 27       		.uleb128 0x27
 1185 03a3 7D010000 		.4byte	0x17d
 1186 03a7 00000000 		.4byte	.LFB12
ARM GAS  /tmp/ccl9pnUx.s 			page 22


 1187 03ab 14000000 		.4byte	.LFE12
 1188 03af 02       		.byte	0x2
 1189 03b0 7D       		.byte	0x7d
 1190 03b1 00       		.sleb128 0
 1191 03b2 25       		.uleb128 0x25
 1192 03b3 8B010000 		.4byte	0x18b
 1193 03b7 01       		.byte	0x1
 1194 03b8 50       		.byte	0x50
 1195 03b9 25       		.uleb128 0x25
 1196 03ba 95010000 		.4byte	0x195
 1197 03be 01       		.byte	0x1
 1198 03bf 51       		.byte	0x51
 1199 03c0 22       		.uleb128 0x22
 1200 03c1 00000000 		.4byte	.LBB55
 1201 03c5 06000000 		.4byte	.LBE55
 1202 03c9 D7030000 		.4byte	0x3d7
 1203 03cd 1C       		.uleb128 0x1c
 1204 03ce A5010000 		.4byte	0x1a5
 1205 03d2 7B020000 		.4byte	.LLST20
 1206 03d6 00       		.byte	0x0
 1207 03d7 1D       		.uleb128 0x1d
 1208 03d8 4E010000 		.4byte	0x14e
 1209 03dc 06000000 		.4byte	.LBB56
 1210 03e0 70010000 		.4byte	.Ldebug_ranges0+0x170
 1211 03e4 01       		.byte	0x1
 1212 03e5 AE       		.byte	0xae
 1213 03e6 06040000 		.4byte	0x406
 1214 03ea 25       		.uleb128 0x25
 1215 03eb 66010000 		.4byte	0x166
 1216 03ef 01       		.byte	0x1
 1217 03f0 51       		.byte	0x51
 1218 03f1 25       		.uleb128 0x25
 1219 03f2 5C010000 		.4byte	0x15c
 1220 03f6 01       		.byte	0x1
 1221 03f7 50       		.byte	0x50
 1222 03f8 1E       		.uleb128 0x1e
 1223 03f9 88010000 		.4byte	.Ldebug_ranges0+0x188
 1224 03fd 26       		.uleb128 0x26
 1225 03fe 71010000 		.4byte	0x171
 1226 0402 01       		.byte	0x1
 1227 0403 51       		.byte	0x51
 1228 0404 00       		.byte	0x0
 1229 0405 00       		.byte	0x0
 1230 0406 1E       		.uleb128 0x1e
 1231 0407 A0010000 		.4byte	.Ldebug_ranges0+0x1a0
 1232 040b 1C       		.uleb128 0x1c
 1233 040c B2010000 		.4byte	0x1b2
 1234 0410 8E020000 		.4byte	.LLST21
 1235 0414 00       		.byte	0x0
 1236 0415 00       		.byte	0x0
 1237 0416 00       		.byte	0x0
 1238              		.section	.debug_abbrev
 1239 0000 01       		.uleb128 0x1
 1240 0001 11       		.uleb128 0x11
 1241 0002 01       		.byte	0x1
 1242 0003 25       		.uleb128 0x25
 1243 0004 0E       		.uleb128 0xe
ARM GAS  /tmp/ccl9pnUx.s 			page 23


 1244 0005 13       		.uleb128 0x13
 1245 0006 0B       		.uleb128 0xb
 1246 0007 03       		.uleb128 0x3
 1247 0008 0E       		.uleb128 0xe
 1248 0009 1B       		.uleb128 0x1b
 1249 000a 0E       		.uleb128 0xe
 1250 000b 11       		.uleb128 0x11
 1251 000c 01       		.uleb128 0x1
 1252 000d 52       		.uleb128 0x52
 1253 000e 01       		.uleb128 0x1
 1254 000f 55       		.uleb128 0x55
 1255 0010 06       		.uleb128 0x6
 1256 0011 10       		.uleb128 0x10
 1257 0012 06       		.uleb128 0x6
 1258 0013 00       		.byte	0x0
 1259 0014 00       		.byte	0x0
 1260 0015 02       		.uleb128 0x2
 1261 0016 24       		.uleb128 0x24
 1262 0017 00       		.byte	0x0
 1263 0018 0B       		.uleb128 0xb
 1264 0019 0B       		.uleb128 0xb
 1265 001a 3E       		.uleb128 0x3e
 1266 001b 0B       		.uleb128 0xb
 1267 001c 03       		.uleb128 0x3
 1268 001d 08       		.uleb128 0x8
 1269 001e 00       		.byte	0x0
 1270 001f 00       		.byte	0x0
 1271 0020 03       		.uleb128 0x3
 1272 0021 16       		.uleb128 0x16
 1273 0022 00       		.byte	0x0
 1274 0023 03       		.uleb128 0x3
 1275 0024 0E       		.uleb128 0xe
 1276 0025 3A       		.uleb128 0x3a
 1277 0026 0B       		.uleb128 0xb
 1278 0027 3B       		.uleb128 0x3b
 1279 0028 0B       		.uleb128 0xb
 1280 0029 49       		.uleb128 0x49
 1281 002a 13       		.uleb128 0x13
 1282 002b 00       		.byte	0x0
 1283 002c 00       		.byte	0x0
 1284 002d 04       		.uleb128 0x4
 1285 002e 24       		.uleb128 0x24
 1286 002f 00       		.byte	0x0
 1287 0030 0B       		.uleb128 0xb
 1288 0031 0B       		.uleb128 0xb
 1289 0032 3E       		.uleb128 0x3e
 1290 0033 0B       		.uleb128 0xb
 1291 0034 03       		.uleb128 0x3
 1292 0035 0E       		.uleb128 0xe
 1293 0036 00       		.byte	0x0
 1294 0037 00       		.byte	0x0
 1295 0038 05       		.uleb128 0x5
 1296 0039 0F       		.uleb128 0xf
 1297 003a 00       		.byte	0x0
 1298 003b 0B       		.uleb128 0xb
 1299 003c 0B       		.uleb128 0xb
 1300 003d 00       		.byte	0x0
ARM GAS  /tmp/ccl9pnUx.s 			page 24


 1301 003e 00       		.byte	0x0
 1302 003f 06       		.uleb128 0x6
 1303 0040 0F       		.uleb128 0xf
 1304 0041 00       		.byte	0x0
 1305 0042 0B       		.uleb128 0xb
 1306 0043 0B       		.uleb128 0xb
 1307 0044 49       		.uleb128 0x49
 1308 0045 13       		.uleb128 0x13
 1309 0046 00       		.byte	0x0
 1310 0047 00       		.byte	0x0
 1311 0048 07       		.uleb128 0x7
 1312 0049 15       		.uleb128 0x15
 1313 004a 01       		.byte	0x1
 1314 004b 27       		.uleb128 0x27
 1315 004c 0C       		.uleb128 0xc
 1316 004d 49       		.uleb128 0x49
 1317 004e 13       		.uleb128 0x13
 1318 004f 01       		.uleb128 0x1
 1319 0050 13       		.uleb128 0x13
 1320 0051 00       		.byte	0x0
 1321 0052 00       		.byte	0x0
 1322 0053 08       		.uleb128 0x8
 1323 0054 05       		.uleb128 0x5
 1324 0055 00       		.byte	0x0
 1325 0056 49       		.uleb128 0x49
 1326 0057 13       		.uleb128 0x13
 1327 0058 00       		.byte	0x0
 1328 0059 00       		.byte	0x0
 1329 005a 09       		.uleb128 0x9
 1330 005b 13       		.uleb128 0x13
 1331 005c 01       		.byte	0x1
 1332 005d 03       		.uleb128 0x3
 1333 005e 0E       		.uleb128 0xe
 1334 005f 0B       		.uleb128 0xb
 1335 0060 0B       		.uleb128 0xb
 1336 0061 3A       		.uleb128 0x3a
 1337 0062 0B       		.uleb128 0xb
 1338 0063 3B       		.uleb128 0x3b
 1339 0064 0B       		.uleb128 0xb
 1340 0065 01       		.uleb128 0x1
 1341 0066 13       		.uleb128 0x13
 1342 0067 00       		.byte	0x0
 1343 0068 00       		.byte	0x0
 1344 0069 0A       		.uleb128 0xa
 1345 006a 0D       		.uleb128 0xd
 1346 006b 00       		.byte	0x0
 1347 006c 03       		.uleb128 0x3
 1348 006d 0E       		.uleb128 0xe
 1349 006e 3A       		.uleb128 0x3a
 1350 006f 0B       		.uleb128 0xb
 1351 0070 3B       		.uleb128 0x3b
 1352 0071 0B       		.uleb128 0xb
 1353 0072 49       		.uleb128 0x49
 1354 0073 13       		.uleb128 0x13
 1355 0074 38       		.uleb128 0x38
 1356 0075 0A       		.uleb128 0xa
 1357 0076 00       		.byte	0x0
ARM GAS  /tmp/ccl9pnUx.s 			page 25


 1358 0077 00       		.byte	0x0
 1359 0078 0B       		.uleb128 0xb
 1360 0079 13       		.uleb128 0x13
 1361 007a 01       		.byte	0x1
 1362 007b 0B       		.uleb128 0xb
 1363 007c 0B       		.uleb128 0xb
 1364 007d 3A       		.uleb128 0x3a
 1365 007e 0B       		.uleb128 0xb
 1366 007f 3B       		.uleb128 0x3b
 1367 0080 0B       		.uleb128 0xb
 1368 0081 01       		.uleb128 0x1
 1369 0082 13       		.uleb128 0x13
 1370 0083 00       		.byte	0x0
 1371 0084 00       		.byte	0x0
 1372 0085 0C       		.uleb128 0xc
 1373 0086 2E       		.uleb128 0x2e
 1374 0087 01       		.byte	0x1
 1375 0088 3F       		.uleb128 0x3f
 1376 0089 0C       		.uleb128 0xc
 1377 008a 03       		.uleb128 0x3
 1378 008b 0E       		.uleb128 0xe
 1379 008c 3A       		.uleb128 0x3a
 1380 008d 0B       		.uleb128 0xb
 1381 008e 3B       		.uleb128 0x3b
 1382 008f 0B       		.uleb128 0xb
 1383 0090 27       		.uleb128 0x27
 1384 0091 0C       		.uleb128 0xc
 1385 0092 49       		.uleb128 0x49
 1386 0093 13       		.uleb128 0x13
 1387 0094 20       		.uleb128 0x20
 1388 0095 0B       		.uleb128 0xb
 1389 0096 01       		.uleb128 0x1
 1390 0097 13       		.uleb128 0x13
 1391 0098 00       		.byte	0x0
 1392 0099 00       		.byte	0x0
 1393 009a 0D       		.uleb128 0xd
 1394 009b 05       		.uleb128 0x5
 1395 009c 00       		.byte	0x0
 1396 009d 03       		.uleb128 0x3
 1397 009e 08       		.uleb128 0x8
 1398 009f 3A       		.uleb128 0x3a
 1399 00a0 0B       		.uleb128 0xb
 1400 00a1 3B       		.uleb128 0x3b
 1401 00a2 0B       		.uleb128 0xb
 1402 00a3 49       		.uleb128 0x49
 1403 00a4 13       		.uleb128 0x13
 1404 00a5 00       		.byte	0x0
 1405 00a6 00       		.byte	0x0
 1406 00a7 0E       		.uleb128 0xe
 1407 00a8 34       		.uleb128 0x34
 1408 00a9 00       		.byte	0x0
 1409 00aa 03       		.uleb128 0x3
 1410 00ab 0E       		.uleb128 0xe
 1411 00ac 3A       		.uleb128 0x3a
 1412 00ad 0B       		.uleb128 0xb
 1413 00ae 3B       		.uleb128 0x3b
 1414 00af 0B       		.uleb128 0xb
ARM GAS  /tmp/ccl9pnUx.s 			page 26


 1415 00b0 49       		.uleb128 0x49
 1416 00b1 13       		.uleb128 0x13
 1417 00b2 00       		.byte	0x0
 1418 00b3 00       		.byte	0x0
 1419 00b4 0F       		.uleb128 0xf
 1420 00b5 2E       		.uleb128 0x2e
 1421 00b6 01       		.byte	0x1
 1422 00b7 3F       		.uleb128 0x3f
 1423 00b8 0C       		.uleb128 0xc
 1424 00b9 03       		.uleb128 0x3
 1425 00ba 0E       		.uleb128 0xe
 1426 00bb 3A       		.uleb128 0x3a
 1427 00bc 0B       		.uleb128 0xb
 1428 00bd 3B       		.uleb128 0x3b
 1429 00be 0B       		.uleb128 0xb
 1430 00bf 27       		.uleb128 0x27
 1431 00c0 0C       		.uleb128 0xc
 1432 00c1 20       		.uleb128 0x20
 1433 00c2 0B       		.uleb128 0xb
 1434 00c3 01       		.uleb128 0x1
 1435 00c4 13       		.uleb128 0x13
 1436 00c5 00       		.byte	0x0
 1437 00c6 00       		.byte	0x0
 1438 00c7 10       		.uleb128 0x10
 1439 00c8 05       		.uleb128 0x5
 1440 00c9 00       		.byte	0x0
 1441 00ca 03       		.uleb128 0x3
 1442 00cb 0E       		.uleb128 0xe
 1443 00cc 3A       		.uleb128 0x3a
 1444 00cd 0B       		.uleb128 0xb
 1445 00ce 3B       		.uleb128 0x3b
 1446 00cf 0B       		.uleb128 0xb
 1447 00d0 49       		.uleb128 0x49
 1448 00d1 13       		.uleb128 0x13
 1449 00d2 00       		.byte	0x0
 1450 00d3 00       		.byte	0x0
 1451 00d4 11       		.uleb128 0x11
 1452 00d5 34       		.uleb128 0x34
 1453 00d6 00       		.byte	0x0
 1454 00d7 03       		.uleb128 0x3
 1455 00d8 08       		.uleb128 0x8
 1456 00d9 3A       		.uleb128 0x3a
 1457 00da 0B       		.uleb128 0xb
 1458 00db 3B       		.uleb128 0x3b
 1459 00dc 0B       		.uleb128 0xb
 1460 00dd 49       		.uleb128 0x49
 1461 00de 13       		.uleb128 0x13
 1462 00df 00       		.byte	0x0
 1463 00e0 00       		.byte	0x0
 1464 00e1 12       		.uleb128 0x12
 1465 00e2 0B       		.uleb128 0xb
 1466 00e3 01       		.byte	0x1
 1467 00e4 01       		.uleb128 0x1
 1468 00e5 13       		.uleb128 0x13
 1469 00e6 00       		.byte	0x0
 1470 00e7 00       		.byte	0x0
 1471 00e8 13       		.uleb128 0x13
ARM GAS  /tmp/ccl9pnUx.s 			page 27


 1472 00e9 0B       		.uleb128 0xb
 1473 00ea 01       		.byte	0x1
 1474 00eb 00       		.byte	0x0
 1475 00ec 00       		.byte	0x0
 1476 00ed 14       		.uleb128 0x14
 1477 00ee 2E       		.uleb128 0x2e
 1478 00ef 01       		.byte	0x1
 1479 00f0 3F       		.uleb128 0x3f
 1480 00f1 0C       		.uleb128 0xc
 1481 00f2 03       		.uleb128 0x3
 1482 00f3 0E       		.uleb128 0xe
 1483 00f4 3A       		.uleb128 0x3a
 1484 00f5 0B       		.uleb128 0xb
 1485 00f6 3B       		.uleb128 0x3b
 1486 00f7 0B       		.uleb128 0xb
 1487 00f8 27       		.uleb128 0x27
 1488 00f9 0C       		.uleb128 0xc
 1489 00fa 11       		.uleb128 0x11
 1490 00fb 01       		.uleb128 0x1
 1491 00fc 12       		.uleb128 0x12
 1492 00fd 01       		.uleb128 0x1
 1493 00fe 40       		.uleb128 0x40
 1494 00ff 0A       		.uleb128 0xa
 1495 0100 01       		.uleb128 0x1
 1496 0101 13       		.uleb128 0x13
 1497 0102 00       		.byte	0x0
 1498 0103 00       		.byte	0x0
 1499 0104 15       		.uleb128 0x15
 1500 0105 05       		.uleb128 0x5
 1501 0106 00       		.byte	0x0
 1502 0107 03       		.uleb128 0x3
 1503 0108 08       		.uleb128 0x8
 1504 0109 3A       		.uleb128 0x3a
 1505 010a 0B       		.uleb128 0xb
 1506 010b 3B       		.uleb128 0x3b
 1507 010c 0B       		.uleb128 0xb
 1508 010d 49       		.uleb128 0x49
 1509 010e 13       		.uleb128 0x13
 1510 010f 02       		.uleb128 0x2
 1511 0110 0A       		.uleb128 0xa
 1512 0111 00       		.byte	0x0
 1513 0112 00       		.byte	0x0
 1514 0113 16       		.uleb128 0x16
 1515 0114 05       		.uleb128 0x5
 1516 0115 00       		.byte	0x0
 1517 0116 03       		.uleb128 0x3
 1518 0117 0E       		.uleb128 0xe
 1519 0118 3A       		.uleb128 0x3a
 1520 0119 0B       		.uleb128 0xb
 1521 011a 3B       		.uleb128 0x3b
 1522 011b 0B       		.uleb128 0xb
 1523 011c 49       		.uleb128 0x49
 1524 011d 13       		.uleb128 0x13
 1525 011e 02       		.uleb128 0x2
 1526 011f 0A       		.uleb128 0xa
 1527 0120 00       		.byte	0x0
 1528 0121 00       		.byte	0x0
ARM GAS  /tmp/ccl9pnUx.s 			page 28


 1529 0122 17       		.uleb128 0x17
 1530 0123 2E       		.uleb128 0x2e
 1531 0124 01       		.byte	0x1
 1532 0125 3F       		.uleb128 0x3f
 1533 0126 0C       		.uleb128 0xc
 1534 0127 03       		.uleb128 0x3
 1535 0128 0E       		.uleb128 0xe
 1536 0129 3A       		.uleb128 0x3a
 1537 012a 0B       		.uleb128 0xb
 1538 012b 3B       		.uleb128 0x3b
 1539 012c 0B       		.uleb128 0xb
 1540 012d 27       		.uleb128 0x27
 1541 012e 0C       		.uleb128 0xc
 1542 012f 11       		.uleb128 0x11
 1543 0130 01       		.uleb128 0x1
 1544 0131 12       		.uleb128 0x12
 1545 0132 01       		.uleb128 0x1
 1546 0133 40       		.uleb128 0x40
 1547 0134 06       		.uleb128 0x6
 1548 0135 01       		.uleb128 0x1
 1549 0136 13       		.uleb128 0x13
 1550 0137 00       		.byte	0x0
 1551 0138 00       		.byte	0x0
 1552 0139 18       		.uleb128 0x18
 1553 013a 05       		.uleb128 0x5
 1554 013b 00       		.byte	0x0
 1555 013c 03       		.uleb128 0x3
 1556 013d 08       		.uleb128 0x8
 1557 013e 3A       		.uleb128 0x3a
 1558 013f 0B       		.uleb128 0xb
 1559 0140 3B       		.uleb128 0x3b
 1560 0141 0B       		.uleb128 0xb
 1561 0142 49       		.uleb128 0x49
 1562 0143 13       		.uleb128 0x13
 1563 0144 02       		.uleb128 0x2
 1564 0145 06       		.uleb128 0x6
 1565 0146 00       		.byte	0x0
 1566 0147 00       		.byte	0x0
 1567 0148 19       		.uleb128 0x19
 1568 0149 1D       		.uleb128 0x1d
 1569 014a 01       		.byte	0x1
 1570 014b 31       		.uleb128 0x31
 1571 014c 13       		.uleb128 0x13
 1572 014d 52       		.uleb128 0x52
 1573 014e 01       		.uleb128 0x1
 1574 014f 55       		.uleb128 0x55
 1575 0150 06       		.uleb128 0x6
 1576 0151 58       		.uleb128 0x58
 1577 0152 0B       		.uleb128 0xb
 1578 0153 59       		.uleb128 0x59
 1579 0154 0B       		.uleb128 0xb
 1580 0155 00       		.byte	0x0
 1581 0156 00       		.byte	0x0
 1582 0157 1A       		.uleb128 0x1a
 1583 0158 05       		.uleb128 0x5
 1584 0159 00       		.byte	0x0
 1585 015a 31       		.uleb128 0x31
ARM GAS  /tmp/ccl9pnUx.s 			page 29


 1586 015b 13       		.uleb128 0x13
 1587 015c 02       		.uleb128 0x2
 1588 015d 06       		.uleb128 0x6
 1589 015e 00       		.byte	0x0
 1590 015f 00       		.byte	0x0
 1591 0160 1B       		.uleb128 0x1b
 1592 0161 0B       		.uleb128 0xb
 1593 0162 01       		.byte	0x1
 1594 0163 55       		.uleb128 0x55
 1595 0164 06       		.uleb128 0x6
 1596 0165 01       		.uleb128 0x1
 1597 0166 13       		.uleb128 0x13
 1598 0167 00       		.byte	0x0
 1599 0168 00       		.byte	0x0
 1600 0169 1C       		.uleb128 0x1c
 1601 016a 34       		.uleb128 0x34
 1602 016b 00       		.byte	0x0
 1603 016c 31       		.uleb128 0x31
 1604 016d 13       		.uleb128 0x13
 1605 016e 02       		.uleb128 0x2
 1606 016f 06       		.uleb128 0x6
 1607 0170 00       		.byte	0x0
 1608 0171 00       		.byte	0x0
 1609 0172 1D       		.uleb128 0x1d
 1610 0173 1D       		.uleb128 0x1d
 1611 0174 01       		.byte	0x1
 1612 0175 31       		.uleb128 0x31
 1613 0176 13       		.uleb128 0x13
 1614 0177 52       		.uleb128 0x52
 1615 0178 01       		.uleb128 0x1
 1616 0179 55       		.uleb128 0x55
 1617 017a 06       		.uleb128 0x6
 1618 017b 58       		.uleb128 0x58
 1619 017c 0B       		.uleb128 0xb
 1620 017d 59       		.uleb128 0x59
 1621 017e 0B       		.uleb128 0xb
 1622 017f 01       		.uleb128 0x1
 1623 0180 13       		.uleb128 0x13
 1624 0181 00       		.byte	0x0
 1625 0182 00       		.byte	0x0
 1626 0183 1E       		.uleb128 0x1e
 1627 0184 0B       		.uleb128 0xb
 1628 0185 01       		.byte	0x1
 1629 0186 55       		.uleb128 0x55
 1630 0187 06       		.uleb128 0x6
 1631 0188 00       		.byte	0x0
 1632 0189 00       		.byte	0x0
 1633 018a 1F       		.uleb128 0x1f
 1634 018b 2E       		.uleb128 0x2e
 1635 018c 01       		.byte	0x1
 1636 018d 31       		.uleb128 0x31
 1637 018e 13       		.uleb128 0x13
 1638 018f 11       		.uleb128 0x11
 1639 0190 01       		.uleb128 0x1
 1640 0191 12       		.uleb128 0x12
 1641 0192 01       		.uleb128 0x1
 1642 0193 40       		.uleb128 0x40
ARM GAS  /tmp/ccl9pnUx.s 			page 30


 1643 0194 06       		.uleb128 0x6
 1644 0195 01       		.uleb128 0x1
 1645 0196 13       		.uleb128 0x13
 1646 0197 00       		.byte	0x0
 1647 0198 00       		.byte	0x0
 1648 0199 20       		.uleb128 0x20
 1649 019a 2E       		.uleb128 0x2e
 1650 019b 01       		.byte	0x1
 1651 019c 3F       		.uleb128 0x3f
 1652 019d 0C       		.uleb128 0xc
 1653 019e 03       		.uleb128 0x3
 1654 019f 0E       		.uleb128 0xe
 1655 01a0 3A       		.uleb128 0x3a
 1656 01a1 0B       		.uleb128 0xb
 1657 01a2 3B       		.uleb128 0x3b
 1658 01a3 0B       		.uleb128 0xb
 1659 01a4 27       		.uleb128 0x27
 1660 01a5 0C       		.uleb128 0xc
 1661 01a6 49       		.uleb128 0x49
 1662 01a7 13       		.uleb128 0x13
 1663 01a8 11       		.uleb128 0x11
 1664 01a9 01       		.uleb128 0x1
 1665 01aa 12       		.uleb128 0x12
 1666 01ab 01       		.uleb128 0x1
 1667 01ac 40       		.uleb128 0x40
 1668 01ad 06       		.uleb128 0x6
 1669 01ae 01       		.uleb128 0x1
 1670 01af 13       		.uleb128 0x13
 1671 01b0 00       		.byte	0x0
 1672 01b1 00       		.byte	0x0
 1673 01b2 21       		.uleb128 0x21
 1674 01b3 34       		.uleb128 0x34
 1675 01b4 00       		.byte	0x0
 1676 01b5 03       		.uleb128 0x3
 1677 01b6 0E       		.uleb128 0xe
 1678 01b7 3A       		.uleb128 0x3a
 1679 01b8 0B       		.uleb128 0xb
 1680 01b9 3B       		.uleb128 0x3b
 1681 01ba 0B       		.uleb128 0xb
 1682 01bb 49       		.uleb128 0x49
 1683 01bc 13       		.uleb128 0x13
 1684 01bd 02       		.uleb128 0x2
 1685 01be 0A       		.uleb128 0xa
 1686 01bf 00       		.byte	0x0
 1687 01c0 00       		.byte	0x0
 1688 01c1 22       		.uleb128 0x22
 1689 01c2 0B       		.uleb128 0xb
 1690 01c3 01       		.byte	0x1
 1691 01c4 11       		.uleb128 0x11
 1692 01c5 01       		.uleb128 0x1
 1693 01c6 12       		.uleb128 0x12
 1694 01c7 01       		.uleb128 0x1
 1695 01c8 01       		.uleb128 0x1
 1696 01c9 13       		.uleb128 0x13
 1697 01ca 00       		.byte	0x0
 1698 01cb 00       		.byte	0x0
 1699 01cc 23       		.uleb128 0x23
ARM GAS  /tmp/ccl9pnUx.s 			page 31


 1700 01cd 34       		.uleb128 0x34
 1701 01ce 00       		.byte	0x0
 1702 01cf 03       		.uleb128 0x3
 1703 01d0 08       		.uleb128 0x8
 1704 01d1 3A       		.uleb128 0x3a
 1705 01d2 0B       		.uleb128 0xb
 1706 01d3 3B       		.uleb128 0x3b
 1707 01d4 0B       		.uleb128 0xb
 1708 01d5 49       		.uleb128 0x49
 1709 01d6 13       		.uleb128 0x13
 1710 01d7 02       		.uleb128 0x2
 1711 01d8 06       		.uleb128 0x6
 1712 01d9 00       		.byte	0x0
 1713 01da 00       		.byte	0x0
 1714 01db 24       		.uleb128 0x24
 1715 01dc 2E       		.uleb128 0x2e
 1716 01dd 01       		.byte	0x1
 1717 01de 31       		.uleb128 0x31
 1718 01df 13       		.uleb128 0x13
 1719 01e0 11       		.uleb128 0x11
 1720 01e1 01       		.uleb128 0x1
 1721 01e2 12       		.uleb128 0x12
 1722 01e3 01       		.uleb128 0x1
 1723 01e4 40       		.uleb128 0x40
 1724 01e5 0A       		.uleb128 0xa
 1725 01e6 01       		.uleb128 0x1
 1726 01e7 13       		.uleb128 0x13
 1727 01e8 00       		.byte	0x0
 1728 01e9 00       		.byte	0x0
 1729 01ea 25       		.uleb128 0x25
 1730 01eb 05       		.uleb128 0x5
 1731 01ec 00       		.byte	0x0
 1732 01ed 31       		.uleb128 0x31
 1733 01ee 13       		.uleb128 0x13
 1734 01ef 02       		.uleb128 0x2
 1735 01f0 0A       		.uleb128 0xa
 1736 01f1 00       		.byte	0x0
 1737 01f2 00       		.byte	0x0
 1738 01f3 26       		.uleb128 0x26
 1739 01f4 34       		.uleb128 0x34
 1740 01f5 00       		.byte	0x0
 1741 01f6 31       		.uleb128 0x31
 1742 01f7 13       		.uleb128 0x13
 1743 01f8 02       		.uleb128 0x2
 1744 01f9 0A       		.uleb128 0xa
 1745 01fa 00       		.byte	0x0
 1746 01fb 00       		.byte	0x0
 1747 01fc 27       		.uleb128 0x27
 1748 01fd 2E       		.uleb128 0x2e
 1749 01fe 01       		.byte	0x1
 1750 01ff 31       		.uleb128 0x31
 1751 0200 13       		.uleb128 0x13
 1752 0201 11       		.uleb128 0x11
 1753 0202 01       		.uleb128 0x1
 1754 0203 12       		.uleb128 0x12
 1755 0204 01       		.uleb128 0x1
 1756 0205 40       		.uleb128 0x40
ARM GAS  /tmp/ccl9pnUx.s 			page 32


 1757 0206 0A       		.uleb128 0xa
 1758 0207 00       		.byte	0x0
 1759 0208 00       		.byte	0x0
 1760 0209 00       		.byte	0x0
 1761              		.section	.debug_pubnames,"",%progbits
 1762 0000 71000000 		.4byte	0x71
 1763 0004 0200     		.2byte	0x2
 1764 0006 00000000 		.4byte	.Ldebug_info0
 1765 000a 17040000 		.4byte	0x417
 1766 000e BF010000 		.4byte	0x1bf
 1767 0012 6368506F 		.ascii	"chPoolInit\000"
 1767      6F6C496E 
 1767      697400
 1768 001d FE010000 		.4byte	0x1fe
 1769 0021 6368506F 		.ascii	"chPoolLoadArray\000"
 1769      6F6C4C6F 
 1769      61644172 
 1769      72617900 
 1770 0031 B9020000 		.4byte	0x2b9
 1771 0035 6368506F 		.ascii	"chPoolAllocI\000"
 1771      6F6C416C 
 1771      6C6F6349 
 1771      00
 1772 0042 E1020000 		.4byte	0x2e1
 1773 0046 6368506F 		.ascii	"chPoolAlloc\000"
 1773      6F6C416C 
 1773      6C6F6300 
 1774 0052 78030000 		.4byte	0x378
 1775 0056 6368506F 		.ascii	"chPoolFreeI\000"
 1775      6F6C4672 
 1775      65654900 
 1776 0062 A2030000 		.4byte	0x3a2
 1777 0066 6368506F 		.ascii	"chPoolFree\000"
 1777      6F6C4672 
 1777      656500
 1778 0071 00000000 		.4byte	0x0
 1779              		.section	.debug_pubtypes,"",%progbits
 1780 0000 62000000 		.4byte	0x62
 1781 0004 0200     		.2byte	0x2
 1782 0006 00000000 		.4byte	.Ldebug_info0
 1783 000a 17040000 		.4byte	0x417
 1784 000e 30000000 		.4byte	0x30
 1785 0012 73697A65 		.ascii	"size_t\000"
 1785      5F7400
 1786 0019 49000000 		.4byte	0x49
 1787 001d 75696E74 		.ascii	"uint8_t\000"
 1787      385F7400 
 1788 0025 70000000 		.4byte	0x70
 1789 0029 75696E74 		.ascii	"uint32_t\000"
 1789      33325F74 
 1789      00
 1790 0032 99000000 		.4byte	0x99
 1791 0036 6D656D67 		.ascii	"memgetfunc_t\000"
 1791      65746675 
 1791      6E635F74 
 1791      00
 1792 0043 BA000000 		.4byte	0xba
ARM GAS  /tmp/ccl9pnUx.s 			page 33


 1793 0047 706F6F6C 		.ascii	"pool_header\000"
 1793      5F686561 
 1793      64657200 
 1794 0053 0E010000 		.4byte	0x10e
 1795 0057 4D656D6F 		.ascii	"MemoryPool\000"
 1795      7279506F 
 1795      6F6C00
 1796 0062 00000000 		.4byte	0x0
 1797              		.section	.debug_aranges,"",%progbits
 1798 0000 44000000 		.4byte	0x44
 1799 0004 0200     		.2byte	0x2
 1800 0006 00000000 		.4byte	.Ldebug_info0
 1801 000a 04       		.byte	0x4
 1802 000b 00       		.byte	0x0
 1803 000c 0000     		.2byte	0x0
 1804 000e 0000     		.2byte	0x0
 1805 0010 00000000 		.4byte	.LFB7
 1806 0014 0A000000 		.4byte	.LFE7-.LFB7
 1807 0018 00000000 		.4byte	.LFB8
 1808 001c 76000000 		.4byte	.LFE8-.LFB8
 1809 0020 00000000 		.4byte	.LFB9
 1810 0024 18000000 		.4byte	.LFE9-.LFB9
 1811 0028 00000000 		.4byte	.LFB10
 1812 002c 2C000000 		.4byte	.LFE10-.LFB10
 1813 0030 00000000 		.4byte	.LFB11
 1814 0034 08000000 		.4byte	.LFE11-.LFB11
 1815 0038 00000000 		.4byte	.LFB12
 1816 003c 14000000 		.4byte	.LFE12-.LFB12
 1817 0040 00000000 		.4byte	0x0
 1818 0044 00000000 		.4byte	0x0
 1819              		.section	.debug_ranges,"",%progbits
 1820              	.Ldebug_ranges0:
 1821 0000 0C000000 		.4byte	.LBB16
 1822 0004 1E000000 		.4byte	.LBE16
 1823 0008 58000000 		.4byte	.LBB47
 1824 000c 6A000000 		.4byte	.LBE47
 1825 0010 40000000 		.4byte	.LBB46
 1826 0014 52000000 		.4byte	.LBE46
 1827 0018 26000000 		.4byte	.LBB45
 1828 001c 38000000 		.4byte	.LBE45
 1829 0020 00000000 		.4byte	0x0
 1830 0024 00000000 		.4byte	0x0
 1831 0028 14000000 		.4byte	.LBB24
 1832 002c 16000000 		.4byte	.LBE24
 1833 0030 66000000 		.4byte	.LBB44
 1834 0034 6A000000 		.4byte	.LBE44
 1835 0038 60000000 		.4byte	.LBB42
 1836 003c 62000000 		.4byte	.LBE42
 1837 0040 4E000000 		.4byte	.LBB17
 1838 0044 52000000 		.4byte	.LBE17
 1839 0048 48000000 		.4byte	.LBB19
 1840 004c 4A000000 		.4byte	.LBE19
 1841 0050 34000000 		.4byte	.LBB39
 1842 0054 38000000 		.4byte	.LBE39
 1843 0058 2E000000 		.4byte	.LBB37
 1844 005c 30000000 		.4byte	.LBE37
 1845 0060 1A000000 		.4byte	.LBB22
ARM GAS  /tmp/ccl9pnUx.s 			page 34


 1846 0064 1E000000 		.4byte	.LBE22
 1847 0068 00000000 		.4byte	0x0
 1848 006c 00000000 		.4byte	0x0
 1849 0070 12000000 		.4byte	.LBB25
 1850 0074 14000000 		.4byte	.LBE25
 1851 0078 62000000 		.4byte	.LBB43
 1852 007c 66000000 		.4byte	.LBE43
 1853 0080 5E000000 		.4byte	.LBB41
 1854 0084 60000000 		.4byte	.LBE41
 1855 0088 4A000000 		.4byte	.LBB18
 1856 008c 4E000000 		.4byte	.LBE18
 1857 0090 46000000 		.4byte	.LBB20
 1858 0094 48000000 		.4byte	.LBE20
 1859 0098 30000000 		.4byte	.LBB38
 1860 009c 34000000 		.4byte	.LBE38
 1861 00a0 2C000000 		.4byte	.LBB36
 1862 00a4 2E000000 		.4byte	.LBE36
 1863 00a8 16000000 		.4byte	.LBB23
 1864 00ac 1A000000 		.4byte	.LBE23
 1865 00b0 00000000 		.4byte	0x0
 1866 00b4 00000000 		.4byte	0x0
 1867 00b8 12000000 		.4byte	.LBB29
 1868 00bc 14000000 		.4byte	.LBE29
 1869 00c0 62000000 		.4byte	.LBB33
 1870 00c4 66000000 		.4byte	.LBE33
 1871 00c8 5E000000 		.4byte	.LBB26
 1872 00cc 60000000 		.4byte	.LBE26
 1873 00d0 4A000000 		.4byte	.LBB32
 1874 00d4 4E000000 		.4byte	.LBE32
 1875 00d8 46000000 		.4byte	.LBB27
 1876 00dc 48000000 		.4byte	.LBE27
 1877 00e0 30000000 		.4byte	.LBB31
 1878 00e4 34000000 		.4byte	.LBE31
 1879 00e8 2C000000 		.4byte	.LBB28
 1880 00ec 2E000000 		.4byte	.LBE28
 1881 00f0 16000000 		.4byte	.LBB30
 1882 00f4 1A000000 		.4byte	.LBE30
 1883 00f8 00000000 		.4byte	0x0
 1884 00fc 00000000 		.4byte	0x0
 1885 0100 0C000000 		.4byte	.LBB34
 1886 0104 12000000 		.4byte	.LBE34
 1887 0108 58000000 		.4byte	.LBB40
 1888 010c 5E000000 		.4byte	.LBE40
 1889 0110 40000000 		.4byte	.LBB21
 1890 0114 46000000 		.4byte	.LBE21
 1891 0118 26000000 		.4byte	.LBB35
 1892 011c 2C000000 		.4byte	.LBE35
 1893 0120 00000000 		.4byte	0x0
 1894 0124 00000000 		.4byte	0x0
 1895 0128 0A000000 		.4byte	.LBB49
 1896 012c 12000000 		.4byte	.LBE49
 1897 0130 1A000000 		.4byte	.LBB53
 1898 0134 24000000 		.4byte	.LBE53
 1899 0138 00000000 		.4byte	0x0
 1900 013c 00000000 		.4byte	0x0
 1901 0140 0A000000 		.4byte	.LBB50
 1902 0144 12000000 		.4byte	.LBE50
ARM GAS  /tmp/ccl9pnUx.s 			page 35


 1903 0148 1A000000 		.4byte	.LBB51
 1904 014c 24000000 		.4byte	.LBE51
 1905 0150 00000000 		.4byte	0x0
 1906 0154 00000000 		.4byte	0x0
 1907 0158 12000000 		.4byte	.LBB52
 1908 015c 18000000 		.4byte	.LBE52
 1909 0160 24000000 		.4byte	.LBB54
 1910 0164 2A000000 		.4byte	.LBE54
 1911 0168 00000000 		.4byte	0x0
 1912 016c 00000000 		.4byte	0x0
 1913 0170 06000000 		.4byte	.LBB56
 1914 0174 08000000 		.4byte	.LBE56
 1915 0178 0A000000 		.4byte	.LBB60
 1916 017c 0E000000 		.4byte	.LBE60
 1917 0180 00000000 		.4byte	0x0
 1918 0184 00000000 		.4byte	0x0
 1919 0188 06000000 		.4byte	.LBB57
 1920 018c 08000000 		.4byte	.LBE57
 1921 0190 0A000000 		.4byte	.LBB58
 1922 0194 0E000000 		.4byte	.LBE58
 1923 0198 00000000 		.4byte	0x0
 1924 019c 00000000 		.4byte	0x0
 1925 01a0 08000000 		.4byte	.LBB59
 1926 01a4 0A000000 		.4byte	.LBE59
 1927 01a8 0E000000 		.4byte	.LBB61
 1928 01ac 12000000 		.4byte	.LBE61
 1929 01b0 00000000 		.4byte	0x0
 1930 01b4 00000000 		.4byte	0x0
 1931 01b8 00000000 		.4byte	.LFB7
 1932 01bc 0A000000 		.4byte	.LFE7
 1933 01c0 00000000 		.4byte	.LFB8
 1934 01c4 76000000 		.4byte	.LFE8
 1935 01c8 00000000 		.4byte	.LFB9
 1936 01cc 18000000 		.4byte	.LFE9
 1937 01d0 00000000 		.4byte	.LFB10
 1938 01d4 2C000000 		.4byte	.LFE10
 1939 01d8 00000000 		.4byte	.LFB11
 1940 01dc 08000000 		.4byte	.LFE11
 1941 01e0 00000000 		.4byte	.LFB12
 1942 01e4 14000000 		.4byte	.LFE12
 1943 01e8 00000000 		.4byte	0x0
 1944 01ec 00000000 		.4byte	0x0
 1945              		.section	.debug_str,"MS",%progbits,1
 1946              	.LASF2:
 1947 0000 73697A65 		.ascii	"size_t\000"
 1947      5F7400
 1948              	.LASF27:
 1949 0007 474E5520 		.ascii	"GNU C 4.5.1\000"
 1949      4320342E 
 1949      352E3100 
 1950              	.LASF29:
 1951 0013 2F686F6D 		.ascii	"/home/nis/stm32f407d_neko\000"
 1951      652F6E69 
 1951      732F7374 
 1951      6D333266 
 1951      34303764 
 1952              	.LASF16:
ARM GAS  /tmp/ccl9pnUx.s 			page 36


 1953 002d 6D705F6F 		.ascii	"mp_object_size\000"
 1953      626A6563 
 1953      745F7369 
 1953      7A6500
 1954              	.LASF26:
 1955 003c 6368506F 		.ascii	"chPoolLoadArray\000"
 1955      6F6C4C6F 
 1955      61644172 
 1955      72617900 
 1956              	.LASF30:
 1957 004c 706F6F6C 		.ascii	"pool_header\000"
 1957      5F686561 
 1957      64657200 
 1958              	.LASF23:
 1959 0058 73697A65 		.ascii	"size\000"
 1959      00
 1960              	.LASF9:
 1961 005d 6C6F6E67 		.ascii	"long unsigned int\000"
 1961      20756E73 
 1961      69676E65 
 1961      6420696E 
 1961      7400
 1962              	.LASF6:
 1963 006f 73686F72 		.ascii	"short unsigned int\000"
 1963      7420756E 
 1963      7369676E 
 1963      65642069 
 1963      6E7400
 1964              	.LASF24:
 1965 0082 70726F76 		.ascii	"provider\000"
 1965      69646572 
 1965      00
 1966              	.LASF21:
 1967 008b 6368506F 		.ascii	"chPoolFreeI\000"
 1967      6F6C4672 
 1967      65654900 
 1968              	.LASF4:
 1969 0097 756E7369 		.ascii	"unsigned char\000"
 1969      676E6564 
 1969      20636861 
 1969      7200
 1970              	.LASF22:
 1971 00a5 6368506F 		.ascii	"chPoolFree\000"
 1971      6F6C4672 
 1971      656500
 1972              	.LASF18:
 1973 00b0 4D656D6F 		.ascii	"MemoryPool\000"
 1973      7279506F 
 1973      6F6C00
 1974              	.LASF20:
 1975 00bb 6F626A70 		.ascii	"objp\000"
 1975      00
 1976              	.LASF31:
 1977 00c0 6368506F 		.ascii	"chPoolAllocI\000"
 1977      6F6C416C 
 1977      6C6F6349 
 1977      00
ARM GAS  /tmp/ccl9pnUx.s 			page 37


 1978              	.LASF0:
 1979 00cd 756E7369 		.ascii	"unsigned int\000"
 1979      676E6564 
 1979      20696E74 
 1979      00
 1980              	.LASF11:
 1981 00da 6C6F6E67 		.ascii	"long long unsigned int\000"
 1981      206C6F6E 
 1981      6720756E 
 1981      7369676E 
 1981      65642069 
 1982              	.LASF3:
 1983 00f1 75696E74 		.ascii	"uint8_t\000"
 1983      385F7400 
 1984              	.LASF14:
 1985 00f9 70685F6E 		.ascii	"ph_next\000"
 1985      65787400 
 1986              	.LASF10:
 1987 0101 6C6F6E67 		.ascii	"long long int\000"
 1987      206C6F6E 
 1987      6720696E 
 1987      7400
 1988              	.LASF19:
 1989 010f 63686172 		.ascii	"char\000"
 1989      00
 1990              	.LASF13:
 1991 0114 6D656D67 		.ascii	"memgetfunc_t\000"
 1991      65746675 
 1991      6E635F74 
 1991      00
 1992              	.LASF17:
 1993 0121 6D705F70 		.ascii	"mp_provider\000"
 1993      726F7669 
 1993      64657200 
 1994              	.LASF5:
 1995 012d 73686F72 		.ascii	"short int\000"
 1995      7420696E 
 1995      7400
 1996              	.LASF32:
 1997 0137 6368506F 		.ascii	"chPoolAlloc\000"
 1997      6F6C416C 
 1997      6C6F6300 
 1998              	.LASF8:
 1999 0143 75696E74 		.ascii	"uint32_t\000"
 1999      33325F74 
 1999      00
 2000              	.LASF7:
 2001 014c 6C6F6E67 		.ascii	"long int\000"
 2001      20696E74 
 2001      00
 2002              	.LASF28:
 2003 0155 2E2E2F43 		.ascii	"../ChibiOS_2.6.2/os/kernel/src/chmempools.c\000"
 2003      68696269 
 2003      4F535F32 
 2003      2E362E32 
 2003      2F6F732F 
 2004              	.LASF1:
ARM GAS  /tmp/ccl9pnUx.s 			page 38


 2005 0181 7369676E 		.ascii	"signed char\000"
 2005      65642063 
 2005      68617200 
 2006              	.LASF15:
 2007 018d 6D705F6E 		.ascii	"mp_next\000"
 2007      65787400 
 2008              	.LASF12:
 2009 0195 5F426F6F 		.ascii	"_Bool\000"
 2009      6C00
 2010              	.LASF25:
 2011 019b 6368506F 		.ascii	"chPoolInit\000"
 2011      6F6C496E 
 2011      697400
 2012              		.ident	"GCC: (Sourcery G++ Lite 2010.09-51) 4.5.1"
ARM GAS  /tmp/ccl9pnUx.s 			page 39


DEFINED SYMBOLS
                            *ABS*:00000000 chmempools.c
     /tmp/ccl9pnUx.s:24     .text.chPoolInit:00000000 $t
     /tmp/ccl9pnUx.s:30     .text.chPoolInit:00000000 chPoolInit
     /tmp/ccl9pnUx.s:52     .text.chPoolLoadArray:00000000 $t
     /tmp/ccl9pnUx.s:58     .text.chPoolLoadArray:00000000 chPoolLoadArray
     /tmp/ccl9pnUx.s:278    .text.chPoolAllocI:00000000 $t
     /tmp/ccl9pnUx.s:284    .text.chPoolAllocI:00000000 chPoolAllocI
     /tmp/ccl9pnUx.s:322    .text.chPoolAlloc:00000000 $t
     /tmp/ccl9pnUx.s:328    .text.chPoolAlloc:00000000 chPoolAlloc
     /tmp/ccl9pnUx.s:407    .text.chPoolFreeI:00000000 $t
     /tmp/ccl9pnUx.s:413    .text.chPoolFreeI:00000000 chPoolFreeI
     /tmp/ccl9pnUx.s:432    .text.chPoolFree:00000000 $t
     /tmp/ccl9pnUx.s:438    .text.chPoolFree:00000000 chPoolFree
                     .debug_frame:00000010 $d

NO UNDEFINED SYMBOLS
