ARM GAS  /tmp/cc4C1bFQ.s 			page 1


   1              		.syntax unified
   2              		.cpu cortex-m4
   3              		.fpu softvfp
   4              		.eabi_attribute 20, 1
   5              		.eabi_attribute 21, 1
   6              		.eabi_attribute 23, 3
   7              		.eabi_attribute 24, 1
   8              		.eabi_attribute 25, 1
   9              		.eabi_attribute 26, 1
  10              		.eabi_attribute 30, 2
  11              		.eabi_attribute 18, 4
  12              		.thumb
  13              		.file	"chregistry.c"
  14              		.section	.debug_abbrev,"",%progbits
  15              	.Ldebug_abbrev0:
  16              		.section	.debug_info,"",%progbits
  17              	.Ldebug_info0:
  18              		.section	.debug_line,"",%progbits
  19              	.Ldebug_line0:
  20 0000 FB010000 		.text
  20      0200C001 
  20      00000201 
  20      FB0E0D00 
  20      01010101 
  21              	.Ltext0:
  22              		.cfi_sections	.debug_frame
  23              		.section	.text.chRegFirstThread,"ax",%progbits
  24              		.align	2
  25              		.p2align 4,,15
  26              		.global	chRegFirstThread
  27              		.thumb
  28              		.thumb_func
  29              		.type	chRegFirstThread, %function
  30              	chRegFirstThread:
  31              	.LFB7:
  32              		.file 1 "../ChibiOS_2.6.2/os/kernel/src/chregistry.c"
  33              		.loc 1 117 0
  34              		.cfi_startproc
  35              		@ args = 0, pretend = 0, frame = 0
  36              		@ frame_needed = 0, uses_anonymous_args = 0
  37              		@ link register save eliminated.
  38              	.LBB2:
  39              		.loc 1 120 0
  40 0000 2023     		movs	r3, #32
  41              	.LVL0:
  42              	@ 120 "../ChibiOS_2.6.2/os/kernel/src/chregistry.c" 1
  43 0002 83F31188 		msr     BASEPRI, r3
  44              	@ 0 "" 2
  45              	.LVL1:
  46              		.thumb
  47              	.LBE2:
  48              		.loc 1 121 0
  49 0006 40F20000 		movw	r0, #:lower16:rlist
  50 000a C0F20000 		movt	r0, #:upper16:rlist
  51              	.LBB3:
  52              		.loc 1 125 0
  53 000e 0023     		movs	r3, #0
ARM GAS  /tmp/cc4C1bFQ.s 			page 2


  54              	.LVL2:
  55              	.LBE3:
  56              		.loc 1 121 0
  57 0010 0069     		ldr	r0, [r0, #16]
  58              	.LVL3:
  59              		.loc 1 123 0
  60 0012 817F     		ldrb	r1, [r0, #30]	@ zero_extendqisi2
  61 0014 4A1C     		adds	r2, r1, #1
  62 0016 8277     		strb	r2, [r0, #30]
  63              	.LBB4:
  64              		.loc 1 125 0
  65              	@ 125 "../ChibiOS_2.6.2/os/kernel/src/chregistry.c" 1
  66 0018 83F31188 		msr     BASEPRI, r3
  67              	@ 0 "" 2
  68              	.LVL4:
  69              		.thumb
  70              	.LBE4:
  71              		.loc 1 127 0
  72 001c 7047     		bx	lr
  73              		.cfi_endproc
  74              	.LFE7:
  75              		.size	chRegFirstThread, .-chRegFirstThread
  76 001e 00BF     		.section	.text.chRegNextThread,"ax",%progbits
  77              		.align	2
  78              		.p2align 4,,15
  79              		.global	chRegNextThread
  80              		.thumb
  81              		.thumb_func
  82              		.type	chRegNextThread, %function
  83              	chRegNextThread:
  84              	.LFB8:
  85              		.loc 1 140 0
  86              		.cfi_startproc
  87              		@ args = 0, pretend = 0, frame = 0
  88              		@ frame_needed = 0, uses_anonymous_args = 0
  89              	.LVL5:
  90 0000 10B5     		push	{r4, lr}
  91              	.LCFI0:
  92              		.cfi_def_cfa_offset 8
  93              	.LBB5:
  94              		.loc 1 143 0
  95 0002 2023     		movs	r3, #32
  96              	.LVL6:
  97              	@ 143 "../ChibiOS_2.6.2/os/kernel/src/chregistry.c" 1
  98 0004 83F31188 		msr     BASEPRI, r3
  99              	@ 0 "" 2
 100              	.LVL7:
 101              		.thumb
 102              	.LBE5:
 103              		.loc 1 145 0
 104 0008 40F20003 		movw	r3, #:lower16:rlist
 105              	.LVL8:
 106              		.loc 1 144 0
 107 000c 0469     		ldr	r4, [r0, #16]
 108              		.cfi_offset 14, -4
 109              		.cfi_offset 4, -8
 110              	.LVL9:
ARM GAS  /tmp/cc4C1bFQ.s 			page 3


 111              		.loc 1 145 0
 112 000e C0F20003 		movt	r3, #:upper16:rlist
 113 0012 9C42     		cmp	r4, r3
 114 0014 09D0     		beq	.L4
 115              		.loc 1 151 0
 116 0016 A27F     		ldrb	r2, [r4, #30]	@ zero_extendqisi2
 117 0018 511C     		adds	r1, r2, #1
 118 001a A177     		strb	r1, [r4, #30]
 119              	.LBB6:
 120              		.loc 1 154 0
 121 001c 0023     		movs	r3, #0
 122              	.LVL10:
 123              	@ 154 "../ChibiOS_2.6.2/os/kernel/src/chregistry.c" 1
 124 001e 83F31188 		msr     BASEPRI, r3
 125              	@ 0 "" 2
 126              	.LVL11:
 127              		.thumb
 128              	.LBE6:
 129              		.loc 1 156 0
 130 0022 FFF7FEFF 		bl	chThdRelease
 131              	.LVL12:
 132              		.loc 1 159 0
 133 0026 2046     		mov	r0, r4
 134 0028 10BD     		pop	{r4, pc}
 135              	.LVL13:
 136              	.L4:
 137              		.loc 1 146 0
 138 002a 0024     		movs	r4, #0
 139              	.LVL14:
 140              	.LBB7:
 141              		.loc 1 154 0
 142 002c 0023     		movs	r3, #0
 143              	@ 154 "../ChibiOS_2.6.2/os/kernel/src/chregistry.c" 1
 144 002e 83F31188 		msr     BASEPRI, r3
 145              	@ 0 "" 2
 146              	.LVL15:
 147              		.thumb
 148              	.LBE7:
 149              		.loc 1 156 0
 150 0032 FFF7FEFF 		bl	chThdRelease
 151              	.LVL16:
 152              		.loc 1 159 0
 153 0036 2046     		mov	r0, r4
 154 0038 10BD     		pop	{r4, pc}
 155              		.cfi_endproc
 156              	.LFE8:
 157              		.size	chRegNextThread, .-chRegNextThread
 158              		.global	ch_debug
 159 003a 00BFAFF3 		.section	.rodata.ch_debug,"a",%progbits
 159      0080
 160              		.align	2
 161              		.type	ch_debug, %object
 162              		.size	ch_debug, 22
 163              	ch_debug:
 164 0000 6D61696E 		.ascii	"main"
 165 0004 00       		.byte	0
 166 0005 16       		.byte	22
ARM GAS  /tmp/cc4C1bFQ.s 			page 4


 167 0006 8211     		.short	4482
 168 0008 04       		.byte	4
 169 0009 04       		.byte	4
 170 000a 48       		.byte	72
 171 000b 08       		.byte	8
 172 000c 0C       		.byte	12
 173 000d 10       		.byte	16
 174 000e 14       		.byte	20
 175 000f 18       		.byte	24
 176 0010 00       		.byte	0
 177 0011 1C       		.byte	28
 178 0012 1D       		.byte	29
 179 0013 1E       		.byte	30
 180 0014 1F       		.byte	31
 181 0015 20       		.byte	32
 182 0016 0000     		.text
 183              	.Letext0:
 184              		.section	.debug_loc,"",%progbits
 185              	.Ldebug_loc0:
 186              	.LLST0:
 187 0000 06000000 		.4byte	.LVL1
 188 0004 10000000 		.4byte	.LVL2
 189 0008 0100     		.2byte	0x1
 190 000a 53       		.byte	0x53
 191 000b 00000000 		.4byte	0x0
 192 000f 00000000 		.4byte	0x0
 193              	.LLST1:
 194 0013 1C000000 		.4byte	.LVL4
 195 0017 1E000000 		.4byte	.LFE7
 196 001b 0100     		.2byte	0x1
 197 001d 53       		.byte	0x53
 198 001e 00000000 		.4byte	0x0
 199 0022 00000000 		.4byte	0x0
 200              	.LLST2:
 201 0026 00000000 		.4byte	.LFB8
 202 002a 02000000 		.4byte	.LCFI0
 203 002e 0200     		.2byte	0x2
 204 0030 7D       		.byte	0x7d
 205 0031 00       		.sleb128 0
 206 0032 02000000 		.4byte	.LCFI0
 207 0036 3A000000 		.4byte	.LFE8
 208 003a 0200     		.2byte	0x2
 209 003c 7D       		.byte	0x7d
 210 003d 08       		.sleb128 8
 211 003e 00000000 		.4byte	0x0
 212 0042 00000000 		.4byte	0x0
 213              	.LLST3:
 214 0046 00000000 		.4byte	.LVL5
 215 004a 25000000 		.4byte	.LVL12-1
 216 004e 0100     		.2byte	0x1
 217 0050 50       		.byte	0x50
 218 0051 2A000000 		.4byte	.LVL13
 219 0055 35000000 		.4byte	.LVL16-1
 220 0059 0100     		.2byte	0x1
 221 005b 50       		.byte	0x50
 222 005c 00000000 		.4byte	0x0
 223 0060 00000000 		.4byte	0x0
ARM GAS  /tmp/cc4C1bFQ.s 			page 5


 224              	.LLST4:
 225 0064 0E000000 		.4byte	.LVL9
 226 0068 25000000 		.4byte	.LVL12-1
 227 006c 0200     		.2byte	0x2
 228 006e 70       		.byte	0x70
 229 006f 10       		.sleb128 16
 230 0070 25000000 		.4byte	.LVL12-1
 231 0074 2C000000 		.4byte	.LVL14
 232 0078 0100     		.2byte	0x1
 233 007a 54       		.byte	0x54
 234 007b 2C000000 		.4byte	.LVL14
 235 007f 3A000000 		.4byte	.LFE8
 236 0083 0100     		.2byte	0x1
 237 0085 54       		.byte	0x54
 238 0086 00000000 		.4byte	0x0
 239 008a 00000000 		.4byte	0x0
 240              	.LLST5:
 241 008e 08000000 		.4byte	.LVL7
 242 0092 0C000000 		.4byte	.LVL8
 243 0096 0100     		.2byte	0x1
 244 0098 53       		.byte	0x53
 245 0099 00000000 		.4byte	0x0
 246 009d 00000000 		.4byte	0x0
 247              	.LLST6:
 248 00a1 22000000 		.4byte	.LVL11
 249 00a5 25000000 		.4byte	.LVL12-1
 250 00a9 0100     		.2byte	0x1
 251 00ab 53       		.byte	0x53
 252 00ac 32000000 		.4byte	.LVL15
 253 00b0 35000000 		.4byte	.LVL16-1
 254 00b4 0100     		.2byte	0x1
 255 00b6 53       		.byte	0x53
 256 00b7 00000000 		.4byte	0x0
 257 00bb 00000000 		.4byte	0x0
 258              		.file 2 "/opt/sgpp-lite-arm-eabi-bin-2010.09.51/bin/../lib/gcc/arm-none-eabi/4.5.1/include/stddef.
 259              		.file 3 "/opt/sgpp-lite-arm-eabi-bin-2010.09.51/bin/../lib/gcc/arm-none-eabi/4.5.1/../../../../arm
 260              		.file 4 "../ChibiOS_2.6.2/os/ports/GCC/ARMCMx/chtypes.h"
 261              		.file 5 "../ChibiOS_2.6.2/os/kernel/include/chlists.h"
 262              		.file 6 "../ChibiOS_2.6.2/os/kernel/include/chthreads.h"
 263              		.file 7 "../ChibiOS_2.6.2/os/ports/GCC/ARMCMx/chcore_v7m.h"
 264              		.file 8 "../ChibiOS_2.6.2/os/kernel/include/chschd.h"
 265              		.file 9 "../ChibiOS_2.6.2/os/kernel/include/chmtx.h"
 266              		.file 10 "../ChibiOS_2.6.2/os/kernel/include/chregistry.h"
 267              		.section	.debug_info
 268 0000 61060000 		.4byte	0x661
 269 0004 0200     		.2byte	0x2
 270 0006 00000000 		.4byte	.Ldebug_abbrev0
 271 000a 04       		.byte	0x4
 272 000b 01       		.uleb128 0x1
 273 000c 60030000 		.4byte	.LASF87
 274 0010 01       		.byte	0x1
 275 0011 BB000000 		.4byte	.LASF88
 276 0015 73030000 		.4byte	.LASF89
 277 0019 00000000 		.4byte	0x0
 278 001d 00000000 		.4byte	0x0
 279 0021 30000000 		.4byte	.Ldebug_ranges0+0x30
 280 0025 00000000 		.4byte	.Ldebug_line0
ARM GAS  /tmp/cc4C1bFQ.s 			page 6


 281 0029 02       		.uleb128 0x2
 282 002a 04       		.byte	0x4
 283 002b 05       		.byte	0x5
 284 002c 696E7400 		.ascii	"int\000"
 285 0030 03       		.uleb128 0x3
 286 0031 13000000 		.4byte	.LASF2
 287 0035 02       		.byte	0x2
 288 0036 D3       		.byte	0xd3
 289 0037 3B000000 		.4byte	0x3b
 290 003b 04       		.uleb128 0x4
 291 003c 04       		.byte	0x4
 292 003d 07       		.byte	0x7
 293 003e 36010000 		.4byte	.LASF0
 294 0042 04       		.uleb128 0x4
 295 0043 01       		.byte	0x1
 296 0044 06       		.byte	0x6
 297 0045 82000000 		.4byte	.LASF1
 298 0049 03       		.uleb128 0x3
 299 004a 58030000 		.4byte	.LASF3
 300 004e 03       		.byte	0x3
 301 004f 2A       		.byte	0x2a
 302 0050 54000000 		.4byte	0x54
 303 0054 04       		.uleb128 0x4
 304 0055 01       		.byte	0x1
 305 0056 08       		.byte	0x8
 306 0057 44020000 		.4byte	.LASF4
 307 005b 04       		.uleb128 0x4
 308 005c 02       		.byte	0x2
 309 005d 05       		.byte	0x5
 310 005e 5C020000 		.4byte	.LASF5
 311 0062 03       		.uleb128 0x3
 312 0063 0A010000 		.4byte	.LASF6
 313 0067 03       		.byte	0x3
 314 0068 36       		.byte	0x36
 315 0069 6D000000 		.4byte	0x6d
 316 006d 04       		.uleb128 0x4
 317 006e 02       		.byte	0x2
 318 006f 07       		.byte	0x7
 319 0070 74010000 		.4byte	.LASF7
 320 0074 03       		.uleb128 0x3
 321 0075 3C020000 		.4byte	.LASF8
 322 0079 03       		.byte	0x3
 323 007a 4F       		.byte	0x4f
 324 007b 7F000000 		.4byte	0x7f
 325 007f 04       		.uleb128 0x4
 326 0080 04       		.byte	0x4
 327 0081 05       		.byte	0x5
 328 0082 F8000000 		.4byte	.LASF9
 329 0086 03       		.uleb128 0x3
 330 0087 CF020000 		.4byte	.LASF10
 331 008b 03       		.byte	0x3
 332 008c 50       		.byte	0x50
 333 008d 91000000 		.4byte	0x91
 334 0091 04       		.uleb128 0x4
 335 0092 04       		.byte	0x4
 336 0093 07       		.byte	0x7
 337 0094 43010000 		.4byte	.LASF11
ARM GAS  /tmp/cc4C1bFQ.s 			page 7


 338 0098 04       		.uleb128 0x4
 339 0099 08       		.byte	0x8
 340 009a 05       		.byte	0x5
 341 009b 74000000 		.4byte	.LASF12
 342 009f 04       		.uleb128 0x4
 343 00a0 08       		.byte	0x8
 344 00a1 07       		.byte	0x7
 345 00a2 21000000 		.4byte	.LASF13
 346 00a6 04       		.uleb128 0x4
 347 00a7 01       		.byte	0x1
 348 00a8 02       		.byte	0x2
 349 00a9 36020000 		.4byte	.LASF14
 350 00ad 03       		.uleb128 0x3
 351 00ae 8D010000 		.4byte	.LASF15
 352 00b2 04       		.byte	0x4
 353 00b3 2C       		.byte	0x2c
 354 00b4 49000000 		.4byte	0x49
 355 00b8 03       		.uleb128 0x3
 356 00b9 01010000 		.4byte	.LASF16
 357 00bd 04       		.byte	0x4
 358 00be 2D       		.byte	0x2d
 359 00bf 49000000 		.4byte	0x49
 360 00c3 03       		.uleb128 0x3
 361 00c4 14020000 		.4byte	.LASF17
 362 00c8 04       		.byte	0x4
 363 00c9 2E       		.byte	0x2e
 364 00ca 49000000 		.4byte	0x49
 365 00ce 03       		.uleb128 0x3
 366 00cf EE000000 		.4byte	.LASF18
 367 00d3 04       		.byte	0x4
 368 00d4 2F       		.byte	0x2f
 369 00d5 49000000 		.4byte	0x49
 370 00d9 03       		.uleb128 0x3
 371 00da 2E020000 		.4byte	.LASF19
 372 00de 04       		.byte	0x4
 373 00df 30       		.byte	0x30
 374 00e0 86000000 		.4byte	0x86
 375 00e4 03       		.uleb128 0x3
 376 00e5 87010000 		.4byte	.LASF20
 377 00e9 04       		.byte	0x4
 378 00ea 31       		.byte	0x31
 379 00eb 74000000 		.4byte	0x74
 380 00ef 03       		.uleb128 0x3
 381 00f0 A1010000 		.4byte	.LASF21
 382 00f4 04       		.byte	0x4
 383 00f5 33       		.byte	0x33
 384 00f6 86000000 		.4byte	0x86
 385 00fa 03       		.uleb128 0x3
 386 00fb 08030000 		.4byte	.LASF22
 387 00ff 04       		.byte	0x4
 388 0100 35       		.byte	0x35
 389 0101 86000000 		.4byte	0x86
 390 0105 03       		.uleb128 0x3
 391 0106 B0020000 		.4byte	.LASF23
 392 010a 05       		.byte	0x5
 393 010b 2A       		.byte	0x2a
 394 010c 10010000 		.4byte	0x110
ARM GAS  /tmp/cc4C1bFQ.s 			page 8


 395 0110 05       		.uleb128 0x5
 396 0111 B0020000 		.4byte	.LASF23
 397 0115 48       		.byte	0x48
 398 0116 06       		.byte	0x6
 399 0117 5E       		.byte	0x5e
 400 0118 35020000 		.4byte	0x235
 401 011c 06       		.uleb128 0x6
 402 011d 92020000 		.4byte	.LASF24
 403 0121 06       		.byte	0x6
 404 0122 5F       		.byte	0x5f
 405 0123 5A020000 		.4byte	0x25a
 406 0127 02       		.byte	0x2
 407 0128 23       		.byte	0x23
 408 0129 00       		.uleb128 0x0
 409 012a 06       		.uleb128 0x6
 410 012b 27020000 		.4byte	.LASF25
 411 012f 06       		.byte	0x6
 412 0130 61       		.byte	0x61
 413 0131 5A020000 		.4byte	0x25a
 414 0135 02       		.byte	0x2
 415 0136 23       		.byte	0x23
 416 0137 04       		.uleb128 0x4
 417 0138 06       		.uleb128 0x6
 418 0139 60000000 		.4byte	.LASF26
 419 013d 06       		.byte	0x6
 420 013e 63       		.byte	0x63
 421 013f D9000000 		.4byte	0xd9
 422 0143 02       		.byte	0x2
 423 0144 23       		.byte	0x23
 424 0145 08       		.uleb128 0x8
 425 0146 06       		.uleb128 0x6
 426 0147 A0030000 		.4byte	.LASF27
 427 014b 06       		.byte	0x6
 428 014c 64       		.byte	0x64
 429 014d 28030000 		.4byte	0x328
 430 0151 02       		.byte	0x2
 431 0152 23       		.byte	0x23
 432 0153 0C       		.uleb128 0xc
 433 0154 06       		.uleb128 0x6
 434 0155 1D010000 		.4byte	.LASF28
 435 0159 06       		.byte	0x6
 436 015a 66       		.byte	0x66
 437 015b 5A020000 		.4byte	0x25a
 438 015f 02       		.byte	0x2
 439 0160 23       		.byte	0x23
 440 0161 10       		.uleb128 0x10
 441 0162 06       		.uleb128 0x6
 442 0163 DF010000 		.4byte	.LASF29
 443 0167 06       		.byte	0x6
 444 0168 67       		.byte	0x67
 445 0169 5A020000 		.4byte	0x25a
 446 016d 02       		.byte	0x2
 447 016e 23       		.byte	0x23
 448 016f 14       		.uleb128 0x14
 449 0170 06       		.uleb128 0x6
 450 0171 6C030000 		.4byte	.LASF30
 451 0175 06       		.byte	0x6
ARM GAS  /tmp/cc4C1bFQ.s 			page 9


 452 0176 6E       		.byte	0x6e
 453 0177 35040000 		.4byte	0x435
 454 017b 02       		.byte	0x2
 455 017c 23       		.byte	0x23
 456 017d 18       		.uleb128 0x18
 457 017e 06       		.uleb128 0x6
 458 017f 66020000 		.4byte	.LASF31
 459 0183 06       		.byte	0x6
 460 0184 79       		.byte	0x79
 461 0185 B8000000 		.4byte	0xb8
 462 0189 02       		.byte	0x2
 463 018a 23       		.byte	0x23
 464 018b 1C       		.uleb128 0x1c
 465 018c 06       		.uleb128 0x6
 466 018d A8020000 		.4byte	.LASF32
 467 0191 06       		.byte	0x6
 468 0192 7D       		.byte	0x7d
 469 0193 AD000000 		.4byte	0xad
 470 0197 02       		.byte	0x2
 471 0198 23       		.byte	0x23
 472 0199 1D       		.uleb128 0x1d
 473 019a 06       		.uleb128 0x6
 474 019b 41030000 		.4byte	.LASF33
 475 019f 06       		.byte	0x6
 476 01a0 82       		.byte	0x82
 477 01a1 C3000000 		.4byte	0xc3
 478 01a5 02       		.byte	0x2
 479 01a6 23       		.byte	0x23
 480 01a7 1E       		.uleb128 0x1e
 481 01a8 06       		.uleb128 0x6
 482 01a9 6E020000 		.4byte	.LASF34
 483 01ad 06       		.byte	0x6
 484 01ae 88       		.byte	0x88
 485 01af CE000000 		.4byte	0xce
 486 01b3 02       		.byte	0x2
 487 01b4 23       		.byte	0x23
 488 01b5 1F       		.uleb128 0x1f
 489 01b6 06       		.uleb128 0x6
 490 01b7 1D030000 		.4byte	.LASF35
 491 01bb 06       		.byte	0x6
 492 01bc 8F       		.byte	0x8f
 493 01bd 4B030000 		.4byte	0x34b
 494 01c1 02       		.byte	0x2
 495 01c2 23       		.byte	0x23
 496 01c3 20       		.uleb128 0x20
 497 01c4 07       		.uleb128 0x7
 498 01c5 705F7500 		.ascii	"p_u\000"
 499 01c9 06       		.byte	0x6
 500 01ca B4       		.byte	0xb4
 501 01cb 00040000 		.4byte	0x400
 502 01cf 02       		.byte	0x2
 503 01d0 23       		.byte	0x23
 504 01d1 24       		.uleb128 0x24
 505 01d2 06       		.uleb128 0x6
 506 01d3 A6030000 		.4byte	.LASF36
 507 01d7 06       		.byte	0x6
 508 01d8 B9       		.byte	0xb9
ARM GAS  /tmp/cc4C1bFQ.s 			page 10


 509 01d9 82020000 		.4byte	0x282
 510 01dd 02       		.byte	0x2
 511 01de 23       		.byte	0x23
 512 01df 28       		.uleb128 0x28
 513 01e0 06       		.uleb128 0x6
 514 01e1 2B030000 		.4byte	.LASF37
 515 01e5 06       		.byte	0x6
 516 01e6 BF       		.byte	0xbf
 517 01e7 60020000 		.4byte	0x260
 518 01eb 02       		.byte	0x2
 519 01ec 23       		.byte	0x23
 520 01ed 2C       		.uleb128 0x2c
 521 01ee 06       		.uleb128 0x6
 522 01ef 0D000000 		.4byte	.LASF38
 523 01f3 06       		.byte	0x6
 524 01f4 C3       		.byte	0xc3
 525 01f5 E4000000 		.4byte	0xe4
 526 01f9 02       		.byte	0x2
 527 01fa 23       		.byte	0x23
 528 01fb 34       		.uleb128 0x34
 529 01fc 06       		.uleb128 0x6
 530 01fd C4020000 		.4byte	.LASF39
 531 0201 06       		.byte	0x6
 532 0202 C9       		.byte	0xc9
 533 0203 EF000000 		.4byte	0xef
 534 0207 02       		.byte	0x2
 535 0208 23       		.byte	0x23
 536 0209 38       		.uleb128 0x38
 537 020a 06       		.uleb128 0x6
 538 020b 52020000 		.4byte	.LASF40
 539 020f 06       		.byte	0x6
 540 0210 D0       		.byte	0xd0
 541 0211 47040000 		.4byte	0x447
 542 0215 02       		.byte	0x2
 543 0216 23       		.byte	0x23
 544 0217 3C       		.uleb128 0x3c
 545 0218 06       		.uleb128 0x6
 546 0219 12030000 		.4byte	.LASF41
 547 021d 06       		.byte	0x6
 548 021e D4       		.byte	0xd4
 549 021f D9000000 		.4byte	0xd9
 550 0223 02       		.byte	0x2
 551 0224 23       		.byte	0x23
 552 0225 40       		.uleb128 0x40
 553 0226 06       		.uleb128 0x6
 554 0227 AB000000 		.4byte	.LASF42
 555 022b 06       		.byte	0x6
 556 022c DA       		.byte	0xda
 557 022d 98020000 		.4byte	0x298
 558 0231 02       		.byte	0x2
 559 0232 23       		.byte	0x23
 560 0233 44       		.uleb128 0x44
 561 0234 00       		.byte	0x0
 562 0235 08       		.uleb128 0x8
 563 0236 08       		.byte	0x8
 564 0237 05       		.byte	0x5
 565 0238 61       		.byte	0x61
ARM GAS  /tmp/cc4C1bFQ.s 			page 11


 566 0239 5A020000 		.4byte	0x25a
 567 023d 06       		.uleb128 0x6
 568 023e 92020000 		.4byte	.LASF24
 569 0242 05       		.byte	0x5
 570 0243 62       		.byte	0x62
 571 0244 5A020000 		.4byte	0x25a
 572 0248 02       		.byte	0x2
 573 0249 23       		.byte	0x23
 574 024a 00       		.uleb128 0x0
 575 024b 06       		.uleb128 0x6
 576 024c 27020000 		.4byte	.LASF25
 577 0250 05       		.byte	0x5
 578 0251 64       		.byte	0x64
 579 0252 5A020000 		.4byte	0x25a
 580 0256 02       		.byte	0x2
 581 0257 23       		.byte	0x23
 582 0258 04       		.uleb128 0x4
 583 0259 00       		.byte	0x0
 584 025a 09       		.uleb128 0x9
 585 025b 04       		.byte	0x4
 586 025c 05010000 		.4byte	0x105
 587 0260 03       		.uleb128 0x3
 588 0261 ED010000 		.4byte	.LASF43
 589 0265 05       		.byte	0x5
 590 0266 66       		.byte	0x66
 591 0267 35020000 		.4byte	0x235
 592 026b 08       		.uleb128 0x8
 593 026c 04       		.byte	0x4
 594 026d 05       		.byte	0x5
 595 026e 6B       		.byte	0x6b
 596 026f 82020000 		.4byte	0x282
 597 0273 06       		.uleb128 0x6
 598 0274 92020000 		.4byte	.LASF24
 599 0278 05       		.byte	0x5
 600 0279 6D       		.byte	0x6d
 601 027a 5A020000 		.4byte	0x25a
 602 027e 02       		.byte	0x2
 603 027f 23       		.byte	0x23
 604 0280 00       		.uleb128 0x0
 605 0281 00       		.byte	0x0
 606 0282 03       		.uleb128 0x3
 607 0283 95010000 		.4byte	.LASF44
 608 0287 05       		.byte	0x5
 609 0288 70       		.byte	0x70
 610 0289 6B020000 		.4byte	0x26b
 611 028d 03       		.uleb128 0x3
 612 028e 2D010000 		.4byte	.LASF45
 613 0292 07       		.byte	0x7
 614 0293 E5       		.byte	0xe5
 615 0294 98020000 		.4byte	0x298
 616 0298 0A       		.uleb128 0xa
 617 0299 04       		.byte	0x4
 618 029a 0B       		.uleb128 0xb
 619 029b 24030000 		.4byte	.LASF46
 620 029f 24       		.byte	0x24
 621 02a0 07       		.byte	0x7
 622 02a1 0C01     		.2byte	0x10c
ARM GAS  /tmp/cc4C1bFQ.s 			page 12


 623 02a3 28030000 		.4byte	0x328
 624 02a7 0C       		.uleb128 0xc
 625 02a8 723400   		.ascii	"r4\000"
 626 02ab 07       		.byte	0x7
 627 02ac 1F01     		.2byte	0x11f
 628 02ae 8D020000 		.4byte	0x28d
 629 02b2 02       		.byte	0x2
 630 02b3 23       		.byte	0x23
 631 02b4 00       		.uleb128 0x0
 632 02b5 0C       		.uleb128 0xc
 633 02b6 723500   		.ascii	"r5\000"
 634 02b9 07       		.byte	0x7
 635 02ba 2001     		.2byte	0x120
 636 02bc 8D020000 		.4byte	0x28d
 637 02c0 02       		.byte	0x2
 638 02c1 23       		.byte	0x23
 639 02c2 04       		.uleb128 0x4
 640 02c3 0C       		.uleb128 0xc
 641 02c4 723600   		.ascii	"r6\000"
 642 02c7 07       		.byte	0x7
 643 02c8 2101     		.2byte	0x121
 644 02ca 8D020000 		.4byte	0x28d
 645 02ce 02       		.byte	0x2
 646 02cf 23       		.byte	0x23
 647 02d0 08       		.uleb128 0x8
 648 02d1 0C       		.uleb128 0xc
 649 02d2 723700   		.ascii	"r7\000"
 650 02d5 07       		.byte	0x7
 651 02d6 2201     		.2byte	0x122
 652 02d8 8D020000 		.4byte	0x28d
 653 02dc 02       		.byte	0x2
 654 02dd 23       		.byte	0x23
 655 02de 0C       		.uleb128 0xc
 656 02df 0C       		.uleb128 0xc
 657 02e0 723800   		.ascii	"r8\000"
 658 02e3 07       		.byte	0x7
 659 02e4 2301     		.2byte	0x123
 660 02e6 8D020000 		.4byte	0x28d
 661 02ea 02       		.byte	0x2
 662 02eb 23       		.byte	0x23
 663 02ec 10       		.uleb128 0x10
 664 02ed 0C       		.uleb128 0xc
 665 02ee 723900   		.ascii	"r9\000"
 666 02f1 07       		.byte	0x7
 667 02f2 2401     		.2byte	0x124
 668 02f4 8D020000 		.4byte	0x28d
 669 02f8 02       		.byte	0x2
 670 02f9 23       		.byte	0x23
 671 02fa 14       		.uleb128 0x14
 672 02fb 0C       		.uleb128 0xc
 673 02fc 72313000 		.ascii	"r10\000"
 674 0300 07       		.byte	0x7
 675 0301 2501     		.2byte	0x125
 676 0303 8D020000 		.4byte	0x28d
 677 0307 02       		.byte	0x2
 678 0308 23       		.byte	0x23
 679 0309 18       		.uleb128 0x18
ARM GAS  /tmp/cc4C1bFQ.s 			page 13


 680 030a 0C       		.uleb128 0xc
 681 030b 72313100 		.ascii	"r11\000"
 682 030f 07       		.byte	0x7
 683 0310 2601     		.2byte	0x126
 684 0312 8D020000 		.4byte	0x28d
 685 0316 02       		.byte	0x2
 686 0317 23       		.byte	0x23
 687 0318 1C       		.uleb128 0x1c
 688 0319 0C       		.uleb128 0xc
 689 031a 6C7200   		.ascii	"lr\000"
 690 031d 07       		.byte	0x7
 691 031e 2701     		.2byte	0x127
 692 0320 8D020000 		.4byte	0x28d
 693 0324 02       		.byte	0x2
 694 0325 23       		.byte	0x23
 695 0326 20       		.uleb128 0x20
 696 0327 00       		.byte	0x0
 697 0328 0B       		.uleb128 0xb
 698 0329 6C010000 		.4byte	.LASF47
 699 032d 04       		.byte	0x4
 700 032e 07       		.byte	0x7
 701 032f 3101     		.2byte	0x131
 702 0331 45030000 		.4byte	0x345
 703 0335 0C       		.uleb128 0xc
 704 0336 72313300 		.ascii	"r13\000"
 705 033a 07       		.byte	0x7
 706 033b 3201     		.2byte	0x132
 707 033d 45030000 		.4byte	0x345
 708 0341 02       		.byte	0x2
 709 0342 23       		.byte	0x23
 710 0343 00       		.uleb128 0x0
 711 0344 00       		.byte	0x0
 712 0345 09       		.uleb128 0x9
 713 0346 04       		.byte	0x4
 714 0347 9A020000 		.4byte	0x29a
 715 034b 0D       		.uleb128 0xd
 716 034c FA000000 		.4byte	0xfa
 717 0350 08       		.uleb128 0x8
 718 0351 1C       		.byte	0x1c
 719 0352 08       		.byte	0x8
 720 0353 5E       		.byte	0x5e
 721 0354 AD030000 		.4byte	0x3ad
 722 0358 06       		.uleb128 0x6
 723 0359 E4020000 		.4byte	.LASF48
 724 035d 08       		.byte	0x8
 725 035e 5F       		.byte	0x5f
 726 035f 60020000 		.4byte	0x260
 727 0363 02       		.byte	0x2
 728 0364 23       		.byte	0x23
 729 0365 00       		.uleb128 0x0
 730 0366 06       		.uleb128 0x6
 731 0367 84020000 		.4byte	.LASF49
 732 036b 08       		.byte	0x8
 733 036c 60       		.byte	0x60
 734 036d D9000000 		.4byte	0xd9
 735 0371 02       		.byte	0x2
 736 0372 23       		.byte	0x23
ARM GAS  /tmp/cc4C1bFQ.s 			page 14


 737 0373 08       		.uleb128 0x8
 738 0374 06       		.uleb128 0x6
 739 0375 E7010000 		.4byte	.LASF50
 740 0379 08       		.byte	0x8
 741 037a 62       		.byte	0x62
 742 037b 28030000 		.4byte	0x328
 743 037f 02       		.byte	0x2
 744 0380 23       		.byte	0x23
 745 0381 0C       		.uleb128 0xc
 746 0382 06       		.uleb128 0x6
 747 0383 25010000 		.4byte	.LASF51
 748 0387 08       		.byte	0x8
 749 0388 65       		.byte	0x65
 750 0389 5A020000 		.4byte	0x25a
 751 038d 02       		.byte	0x2
 752 038e 23       		.byte	0x23
 753 038f 10       		.uleb128 0x10
 754 0390 06       		.uleb128 0x6
 755 0391 0C020000 		.4byte	.LASF52
 756 0395 08       		.byte	0x8
 757 0396 66       		.byte	0x66
 758 0397 5A020000 		.4byte	0x25a
 759 039b 02       		.byte	0x2
 760 039c 23       		.byte	0x23
 761 039d 14       		.uleb128 0x14
 762 039e 06       		.uleb128 0x6
 763 039f 02020000 		.4byte	.LASF53
 764 03a3 08       		.byte	0x8
 765 03a4 69       		.byte	0x69
 766 03a5 5A020000 		.4byte	0x25a
 767 03a9 02       		.byte	0x2
 768 03aa 23       		.byte	0x23
 769 03ab 18       		.uleb128 0x18
 770 03ac 00       		.byte	0x0
 771 03ad 03       		.uleb128 0x3
 772 03ae 48030000 		.4byte	.LASF54
 773 03b2 08       		.byte	0x8
 774 03b3 6B       		.byte	0x6b
 775 03b4 50030000 		.4byte	0x350
 776 03b8 05       		.uleb128 0x5
 777 03b9 AD010000 		.4byte	.LASF55
 778 03bd 10       		.byte	0x10
 779 03be 09       		.byte	0x9
 780 03bf 2C       		.byte	0x2c
 781 03c0 EF030000 		.4byte	0x3ef
 782 03c4 06       		.uleb128 0x6
 783 03c5 B3000000 		.4byte	.LASF56
 784 03c9 09       		.byte	0x9
 785 03ca 2D       		.byte	0x2d
 786 03cb 60020000 		.4byte	0x260
 787 03cf 02       		.byte	0x2
 788 03d0 23       		.byte	0x23
 789 03d1 00       		.uleb128 0x0
 790 03d2 06       		.uleb128 0x6
 791 03d3 98030000 		.4byte	.LASF57
 792 03d7 09       		.byte	0x9
 793 03d8 2F       		.byte	0x2f
ARM GAS  /tmp/cc4C1bFQ.s 			page 15


 794 03d9 5A020000 		.4byte	0x25a
 795 03dd 02       		.byte	0x2
 796 03de 23       		.byte	0x23
 797 03df 08       		.uleb128 0x8
 798 03e0 06       		.uleb128 0x6
 799 03e1 01030000 		.4byte	.LASF58
 800 03e5 09       		.byte	0x9
 801 03e6 31       		.byte	0x31
 802 03e7 EF030000 		.4byte	0x3ef
 803 03eb 02       		.byte	0x2
 804 03ec 23       		.byte	0x23
 805 03ed 0C       		.uleb128 0xc
 806 03ee 00       		.byte	0x0
 807 03ef 09       		.uleb128 0x9
 808 03f0 04       		.byte	0x4
 809 03f1 B8030000 		.4byte	0x3b8
 810 03f5 03       		.uleb128 0x3
 811 03f6 AD010000 		.4byte	.LASF55
 812 03fa 09       		.byte	0x9
 813 03fb 33       		.byte	0x33
 814 03fc B8030000 		.4byte	0x3b8
 815 0400 0E       		.uleb128 0xe
 816 0401 04       		.byte	0x4
 817 0402 06       		.byte	0x6
 818 0403 96       		.byte	0x96
 819 0404 35040000 		.4byte	0x435
 820 0408 0F       		.uleb128 0xf
 821 0409 1A000000 		.4byte	.LASF59
 822 040d 06       		.byte	0x6
 823 040e 9D       		.byte	0x9d
 824 040f E4000000 		.4byte	0xe4
 825 0413 0F       		.uleb128 0xf
 826 0414 46000000 		.4byte	.LASF60
 827 0418 06       		.byte	0x6
 828 0419 A4       		.byte	0xa4
 829 041a E4000000 		.4byte	0xe4
 830 041e 0F       		.uleb128 0xf
 831 041f E7000000 		.4byte	.LASF61
 832 0423 06       		.byte	0x6
 833 0424 AB       		.byte	0xab
 834 0425 98020000 		.4byte	0x298
 835 0429 0F       		.uleb128 0xf
 836 042a 8B020000 		.4byte	.LASF62
 837 042e 06       		.byte	0x6
 838 042f B2       		.byte	0xb2
 839 0430 EF000000 		.4byte	0xef
 840 0434 00       		.byte	0x0
 841 0435 09       		.uleb128 0x9
 842 0436 04       		.byte	0x4
 843 0437 3B040000 		.4byte	0x43b
 844 043b 10       		.uleb128 0x10
 845 043c 40040000 		.4byte	0x440
 846 0440 04       		.uleb128 0x4
 847 0441 01       		.byte	0x1
 848 0442 08       		.byte	0x8
 849 0443 EC020000 		.4byte	.LASF63
 850 0447 09       		.uleb128 0x9
ARM GAS  /tmp/cc4C1bFQ.s 			page 16


 851 0448 04       		.byte	0x4
 852 0449 F5030000 		.4byte	0x3f5
 853 044d 08       		.uleb128 0x8
 854 044e 16       		.byte	0x16
 855 044f 0A       		.byte	0xa
 856 0450 2C       		.byte	0x2c
 857 0451 52050000 		.4byte	0x552
 858 0455 06       		.uleb128 0x6
 859 0456 5E010000 		.4byte	.LASF64
 860 045a 0A       		.byte	0xa
 861 045b 2D       		.byte	0x2d
 862 045c 52050000 		.4byte	0x552
 863 0460 02       		.byte	0x2
 864 0461 23       		.byte	0x23
 865 0462 00       		.uleb128 0x0
 866 0463 06       		.uleb128 0x6
 867 0464 B3010000 		.4byte	.LASF65
 868 0468 0A       		.byte	0xa
 869 0469 2E       		.byte	0x2e
 870 046a 49000000 		.4byte	0x49
 871 046e 02       		.byte	0x2
 872 046f 23       		.byte	0x23
 873 0470 04       		.uleb128 0x4
 874 0471 06       		.uleb128 0x6
 875 0472 FA010000 		.4byte	.LASF66
 876 0476 0A       		.byte	0xa
 877 0477 2F       		.byte	0x2f
 878 0478 49000000 		.4byte	0x49
 879 047c 02       		.byte	0x2
 880 047d 23       		.byte	0x23
 881 047e 05       		.uleb128 0x5
 882 047f 06       		.uleb128 0x6
 883 0480 8D030000 		.4byte	.LASF67
 884 0484 0A       		.byte	0xa
 885 0485 30       		.byte	0x30
 886 0486 62000000 		.4byte	0x62
 887 048a 02       		.byte	0x2
 888 048b 23       		.byte	0x23
 889 048c 06       		.uleb128 0x6
 890 048d 06       		.uleb128 0x6
 891 048e 1C020000 		.4byte	.LASF68
 892 0492 0A       		.byte	0xa
 893 0493 31       		.byte	0x31
 894 0494 49000000 		.4byte	0x49
 895 0498 02       		.byte	0x2
 896 0499 23       		.byte	0x23
 897 049a 08       		.uleb128 0x8
 898 049b 06       		.uleb128 0x6
 899 049c C7010000 		.4byte	.LASF69
 900 04a0 0A       		.byte	0xa
 901 04a1 32       		.byte	0x32
 902 04a2 49000000 		.4byte	0x49
 903 04a6 02       		.byte	0x2
 904 04a7 23       		.byte	0x23
 905 04a8 09       		.uleb128 0x9
 906 04a9 06       		.uleb128 0x6
 907 04aa 38000000 		.4byte	.LASF70
ARM GAS  /tmp/cc4C1bFQ.s 			page 17


 908 04ae 0A       		.byte	0xa
 909 04af 33       		.byte	0x33
 910 04b0 49000000 		.4byte	0x49
 911 04b4 02       		.byte	0x2
 912 04b5 23       		.byte	0x23
 913 04b6 0A       		.uleb128 0xa
 914 04b7 06       		.uleb128 0x6
 915 04b8 D8020000 		.4byte	.LASF71
 916 04bc 0A       		.byte	0xa
 917 04bd 34       		.byte	0x34
 918 04be 49000000 		.4byte	0x49
 919 04c2 02       		.byte	0x2
 920 04c3 23       		.byte	0x23
 921 04c4 0B       		.uleb128 0xb
 922 04c5 06       		.uleb128 0x6
 923 04c6 36030000 		.4byte	.LASF72
 924 04ca 0A       		.byte	0xa
 925 04cb 35       		.byte	0x35
 926 04cc 49000000 		.4byte	0x49
 927 04d0 02       		.byte	0x2
 928 04d1 23       		.byte	0x23
 929 04d2 0C       		.uleb128 0xc
 930 04d3 06       		.uleb128 0x6
 931 04d4 B7020000 		.4byte	.LASF73
 932 04d8 0A       		.byte	0xa
 933 04d9 36       		.byte	0x36
 934 04da 49000000 		.4byte	0x49
 935 04de 02       		.byte	0x2
 936 04df 23       		.byte	0x23
 937 04e0 0D       		.uleb128 0xd
 938 04e1 06       		.uleb128 0x6
 939 04e2 00000000 		.4byte	.LASF74
 940 04e6 0A       		.byte	0xa
 941 04e7 37       		.byte	0x37
 942 04e8 49000000 		.4byte	0x49
 943 04ec 02       		.byte	0x2
 944 04ed 23       		.byte	0x23
 945 04ee 0E       		.uleb128 0xe
 946 04ef 06       		.uleb128 0x6
 947 04f0 D3010000 		.4byte	.LASF75
 948 04f4 0A       		.byte	0xa
 949 04f5 38       		.byte	0x38
 950 04f6 49000000 		.4byte	0x49
 951 04fa 02       		.byte	0x2
 952 04fb 23       		.byte	0x23
 953 04fc 0F       		.uleb128 0xf
 954 04fd 06       		.uleb128 0x6
 955 04fe 8E000000 		.4byte	.LASF76
 956 0502 0A       		.byte	0xa
 957 0503 39       		.byte	0x39
 958 0504 49000000 		.4byte	0x49
 959 0508 02       		.byte	0x2
 960 0509 23       		.byte	0x23
 961 050a 10       		.uleb128 0x10
 962 050b 06       		.uleb128 0x6
 963 050c 67000000 		.4byte	.LASF77
 964 0510 0A       		.byte	0xa
ARM GAS  /tmp/cc4C1bFQ.s 			page 18


 965 0511 3B       		.byte	0x3b
 966 0512 49000000 		.4byte	0x49
 967 0516 02       		.byte	0x2
 968 0517 23       		.byte	0x23
 969 0518 11       		.uleb128 0x11
 970 0519 06       		.uleb128 0x6
 971 051a 9E000000 		.4byte	.LASF78
 972 051e 0A       		.byte	0xa
 973 051f 3C       		.byte	0x3c
 974 0520 49000000 		.4byte	0x49
 975 0524 02       		.byte	0x2
 976 0525 23       		.byte	0x23
 977 0526 12       		.uleb128 0x12
 978 0527 06       		.uleb128 0x6
 979 0528 BB010000 		.4byte	.LASF79
 980 052c 0A       		.byte	0xa
 981 052d 3D       		.byte	0x3d
 982 052e 49000000 		.4byte	0x49
 983 0532 02       		.byte	0x2
 984 0533 23       		.byte	0x23
 985 0534 13       		.uleb128 0x13
 986 0535 06       		.uleb128 0x6
 987 0536 99020000 		.4byte	.LASF80
 988 053a 0A       		.byte	0xa
 989 053b 3E       		.byte	0x3e
 990 053c 49000000 		.4byte	0x49
 991 0540 02       		.byte	0x2
 992 0541 23       		.byte	0x23
 993 0542 14       		.uleb128 0x14
 994 0543 06       		.uleb128 0x6
 995 0544 78020000 		.4byte	.LASF81
 996 0548 0A       		.byte	0xa
 997 0549 40       		.byte	0x40
 998 054a 49000000 		.4byte	0x49
 999 054e 02       		.byte	0x2
 1000 054f 23       		.byte	0x23
 1001 0550 15       		.uleb128 0x15
 1002 0551 00       		.byte	0x0
 1003 0552 11       		.uleb128 0x11
 1004 0553 40040000 		.4byte	0x440
 1005 0557 62050000 		.4byte	0x562
 1006 055b 12       		.uleb128 0x12
 1007 055c 3B000000 		.4byte	0x3b
 1008 0560 03       		.byte	0x3
 1009 0561 00       		.byte	0x0
 1010 0562 03       		.uleb128 0x3
 1011 0563 13010000 		.4byte	.LASF82
 1012 0567 0A       		.byte	0xa
 1013 0568 41       		.byte	0x41
 1014 0569 4D040000 		.4byte	0x44d
 1015 056d 13       		.uleb128 0x13
 1016 056e 01       		.byte	0x1
 1017 056f 4F000000 		.4byte	.LASF83
 1018 0573 01       		.byte	0x1
 1019 0574 75       		.byte	0x75
 1020 0575 01       		.byte	0x1
 1021 0576 5A020000 		.4byte	0x25a
ARM GAS  /tmp/cc4C1bFQ.s 			page 19


 1022 057a 00000000 		.4byte	.LFB7
 1023 057e 1E000000 		.4byte	.LFE7
 1024 0582 02       		.byte	0x2
 1025 0583 7D       		.byte	0x7d
 1026 0584 00       		.sleb128 0
 1027 0585 C6050000 		.4byte	0x5c6
 1028 0589 14       		.uleb128 0x14
 1029 058a 747000   		.ascii	"tp\000"
 1030 058d 01       		.byte	0x1
 1031 058e 76       		.byte	0x76
 1032 058f 5A020000 		.4byte	0x25a
 1033 0593 15       		.uleb128 0x15
 1034 0594 00000000 		.4byte	.LBB2
 1035 0598 06000000 		.4byte	.LBE2
 1036 059c B0050000 		.4byte	0x5b0
 1037 05a0 16       		.uleb128 0x16
 1038 05a1 746D7000 		.ascii	"tmp\000"
 1039 05a5 01       		.byte	0x1
 1040 05a6 78       		.byte	0x78
 1041 05a7 86000000 		.4byte	0x86
 1042 05ab 00000000 		.4byte	.LLST0
 1043 05af 00       		.byte	0x0
 1044 05b0 17       		.uleb128 0x17
 1045 05b1 00000000 		.4byte	.Ldebug_ranges0+0x0
 1046 05b5 16       		.uleb128 0x16
 1047 05b6 746D7000 		.ascii	"tmp\000"
 1048 05ba 01       		.byte	0x1
 1049 05bb 7D       		.byte	0x7d
 1050 05bc 86000000 		.4byte	0x86
 1051 05c0 13000000 		.4byte	.LLST1
 1052 05c4 00       		.byte	0x0
 1053 05c5 00       		.byte	0x0
 1054 05c6 18       		.uleb128 0x18
 1055 05c7 01       		.byte	0x1
 1056 05c8 F1020000 		.4byte	.LASF84
 1057 05cc 01       		.byte	0x1
 1058 05cd 8C       		.byte	0x8c
 1059 05ce 01       		.byte	0x1
 1060 05cf 5A020000 		.4byte	0x25a
 1061 05d3 00000000 		.4byte	.LFB8
 1062 05d7 3A000000 		.4byte	.LFE8
 1063 05db 26000000 		.4byte	.LLST2
 1064 05df 33060000 		.4byte	0x633
 1065 05e3 19       		.uleb128 0x19
 1066 05e4 747000   		.ascii	"tp\000"
 1067 05e7 01       		.byte	0x1
 1068 05e8 8C       		.byte	0x8c
 1069 05e9 5A020000 		.4byte	0x25a
 1070 05ed 46000000 		.4byte	.LLST3
 1071 05f1 16       		.uleb128 0x16
 1072 05f2 6E747000 		.ascii	"ntp\000"
 1073 05f6 01       		.byte	0x1
 1074 05f7 8D       		.byte	0x8d
 1075 05f8 5A020000 		.4byte	0x25a
 1076 05fc 64000000 		.4byte	.LLST4
 1077 0600 15       		.uleb128 0x15
 1078 0601 02000000 		.4byte	.LBB5
ARM GAS  /tmp/cc4C1bFQ.s 			page 20


 1079 0605 08000000 		.4byte	.LBE5
 1080 0609 1D060000 		.4byte	0x61d
 1081 060d 16       		.uleb128 0x16
 1082 060e 746D7000 		.ascii	"tmp\000"
 1083 0612 01       		.byte	0x1
 1084 0613 8F       		.byte	0x8f
 1085 0614 86000000 		.4byte	0x86
 1086 0618 8E000000 		.4byte	.LLST5
 1087 061c 00       		.byte	0x0
 1088 061d 17       		.uleb128 0x17
 1089 061e 18000000 		.4byte	.Ldebug_ranges0+0x18
 1090 0622 16       		.uleb128 0x16
 1091 0623 746D7000 		.ascii	"tmp\000"
 1092 0627 01       		.byte	0x1
 1093 0628 9A       		.byte	0x9a
 1094 0629 86000000 		.4byte	0x86
 1095 062d A1000000 		.4byte	.LLST6
 1096 0631 00       		.byte	0x0
 1097 0632 00       		.byte	0x0
 1098 0633 1A       		.uleb128 0x1a
 1099 0634 52030000 		.4byte	.LASF85
 1100 0638 08       		.byte	0x8
 1101 0639 6F       		.byte	0x6f
 1102 063a AD030000 		.4byte	0x3ad
 1103 063e 01       		.byte	0x1
 1104 063f 01       		.byte	0x1
 1105 0640 1A       		.uleb128 0x1a
 1106 0641 52030000 		.4byte	.LASF85
 1107 0645 08       		.byte	0x8
 1108 0646 6F       		.byte	0x6f
 1109 0647 AD030000 		.4byte	0x3ad
 1110 064b 01       		.byte	0x1
 1111 064c 01       		.byte	0x1
 1112 064d 1B       		.uleb128 0x1b
 1113 064e 55010000 		.4byte	.LASF86
 1114 0652 01       		.byte	0x1
 1115 0653 42       		.byte	0x42
 1116 0654 5F060000 		.4byte	0x65f
 1117 0658 01       		.byte	0x1
 1118 0659 05       		.byte	0x5
 1119 065a 03       		.byte	0x3
 1120 065b 00000000 		.4byte	ch_debug
 1121 065f 10       		.uleb128 0x10
 1122 0660 62050000 		.4byte	0x562
 1123 0664 00       		.byte	0x0
 1124              		.section	.debug_abbrev
 1125 0000 01       		.uleb128 0x1
 1126 0001 11       		.uleb128 0x11
 1127 0002 01       		.byte	0x1
 1128 0003 25       		.uleb128 0x25
 1129 0004 0E       		.uleb128 0xe
 1130 0005 13       		.uleb128 0x13
 1131 0006 0B       		.uleb128 0xb
 1132 0007 03       		.uleb128 0x3
 1133 0008 0E       		.uleb128 0xe
 1134 0009 1B       		.uleb128 0x1b
 1135 000a 0E       		.uleb128 0xe
ARM GAS  /tmp/cc4C1bFQ.s 			page 21


 1136 000b 11       		.uleb128 0x11
 1137 000c 01       		.uleb128 0x1
 1138 000d 52       		.uleb128 0x52
 1139 000e 01       		.uleb128 0x1
 1140 000f 55       		.uleb128 0x55
 1141 0010 06       		.uleb128 0x6
 1142 0011 10       		.uleb128 0x10
 1143 0012 06       		.uleb128 0x6
 1144 0013 00       		.byte	0x0
 1145 0014 00       		.byte	0x0
 1146 0015 02       		.uleb128 0x2
 1147 0016 24       		.uleb128 0x24
 1148 0017 00       		.byte	0x0
 1149 0018 0B       		.uleb128 0xb
 1150 0019 0B       		.uleb128 0xb
 1151 001a 3E       		.uleb128 0x3e
 1152 001b 0B       		.uleb128 0xb
 1153 001c 03       		.uleb128 0x3
 1154 001d 08       		.uleb128 0x8
 1155 001e 00       		.byte	0x0
 1156 001f 00       		.byte	0x0
 1157 0020 03       		.uleb128 0x3
 1158 0021 16       		.uleb128 0x16
 1159 0022 00       		.byte	0x0
 1160 0023 03       		.uleb128 0x3
 1161 0024 0E       		.uleb128 0xe
 1162 0025 3A       		.uleb128 0x3a
 1163 0026 0B       		.uleb128 0xb
 1164 0027 3B       		.uleb128 0x3b
 1165 0028 0B       		.uleb128 0xb
 1166 0029 49       		.uleb128 0x49
 1167 002a 13       		.uleb128 0x13
 1168 002b 00       		.byte	0x0
 1169 002c 00       		.byte	0x0
 1170 002d 04       		.uleb128 0x4
 1171 002e 24       		.uleb128 0x24
 1172 002f 00       		.byte	0x0
 1173 0030 0B       		.uleb128 0xb
 1174 0031 0B       		.uleb128 0xb
 1175 0032 3E       		.uleb128 0x3e
 1176 0033 0B       		.uleb128 0xb
 1177 0034 03       		.uleb128 0x3
 1178 0035 0E       		.uleb128 0xe
 1179 0036 00       		.byte	0x0
 1180 0037 00       		.byte	0x0
 1181 0038 05       		.uleb128 0x5
 1182 0039 13       		.uleb128 0x13
 1183 003a 01       		.byte	0x1
 1184 003b 03       		.uleb128 0x3
 1185 003c 0E       		.uleb128 0xe
 1186 003d 0B       		.uleb128 0xb
 1187 003e 0B       		.uleb128 0xb
 1188 003f 3A       		.uleb128 0x3a
 1189 0040 0B       		.uleb128 0xb
 1190 0041 3B       		.uleb128 0x3b
 1191 0042 0B       		.uleb128 0xb
 1192 0043 01       		.uleb128 0x1
ARM GAS  /tmp/cc4C1bFQ.s 			page 22


 1193 0044 13       		.uleb128 0x13
 1194 0045 00       		.byte	0x0
 1195 0046 00       		.byte	0x0
 1196 0047 06       		.uleb128 0x6
 1197 0048 0D       		.uleb128 0xd
 1198 0049 00       		.byte	0x0
 1199 004a 03       		.uleb128 0x3
 1200 004b 0E       		.uleb128 0xe
 1201 004c 3A       		.uleb128 0x3a
 1202 004d 0B       		.uleb128 0xb
 1203 004e 3B       		.uleb128 0x3b
 1204 004f 0B       		.uleb128 0xb
 1205 0050 49       		.uleb128 0x49
 1206 0051 13       		.uleb128 0x13
 1207 0052 38       		.uleb128 0x38
 1208 0053 0A       		.uleb128 0xa
 1209 0054 00       		.byte	0x0
 1210 0055 00       		.byte	0x0
 1211 0056 07       		.uleb128 0x7
 1212 0057 0D       		.uleb128 0xd
 1213 0058 00       		.byte	0x0
 1214 0059 03       		.uleb128 0x3
 1215 005a 08       		.uleb128 0x8
 1216 005b 3A       		.uleb128 0x3a
 1217 005c 0B       		.uleb128 0xb
 1218 005d 3B       		.uleb128 0x3b
 1219 005e 0B       		.uleb128 0xb
 1220 005f 49       		.uleb128 0x49
 1221 0060 13       		.uleb128 0x13
 1222 0061 38       		.uleb128 0x38
 1223 0062 0A       		.uleb128 0xa
 1224 0063 00       		.byte	0x0
 1225 0064 00       		.byte	0x0
 1226 0065 08       		.uleb128 0x8
 1227 0066 13       		.uleb128 0x13
 1228 0067 01       		.byte	0x1
 1229 0068 0B       		.uleb128 0xb
 1230 0069 0B       		.uleb128 0xb
 1231 006a 3A       		.uleb128 0x3a
 1232 006b 0B       		.uleb128 0xb
 1233 006c 3B       		.uleb128 0x3b
 1234 006d 0B       		.uleb128 0xb
 1235 006e 01       		.uleb128 0x1
 1236 006f 13       		.uleb128 0x13
 1237 0070 00       		.byte	0x0
 1238 0071 00       		.byte	0x0
 1239 0072 09       		.uleb128 0x9
 1240 0073 0F       		.uleb128 0xf
 1241 0074 00       		.byte	0x0
 1242 0075 0B       		.uleb128 0xb
 1243 0076 0B       		.uleb128 0xb
 1244 0077 49       		.uleb128 0x49
 1245 0078 13       		.uleb128 0x13
 1246 0079 00       		.byte	0x0
 1247 007a 00       		.byte	0x0
 1248 007b 0A       		.uleb128 0xa
 1249 007c 0F       		.uleb128 0xf
ARM GAS  /tmp/cc4C1bFQ.s 			page 23


 1250 007d 00       		.byte	0x0
 1251 007e 0B       		.uleb128 0xb
 1252 007f 0B       		.uleb128 0xb
 1253 0080 00       		.byte	0x0
 1254 0081 00       		.byte	0x0
 1255 0082 0B       		.uleb128 0xb
 1256 0083 13       		.uleb128 0x13
 1257 0084 01       		.byte	0x1
 1258 0085 03       		.uleb128 0x3
 1259 0086 0E       		.uleb128 0xe
 1260 0087 0B       		.uleb128 0xb
 1261 0088 0B       		.uleb128 0xb
 1262 0089 3A       		.uleb128 0x3a
 1263 008a 0B       		.uleb128 0xb
 1264 008b 3B       		.uleb128 0x3b
 1265 008c 05       		.uleb128 0x5
 1266 008d 01       		.uleb128 0x1
 1267 008e 13       		.uleb128 0x13
 1268 008f 00       		.byte	0x0
 1269 0090 00       		.byte	0x0
 1270 0091 0C       		.uleb128 0xc
 1271 0092 0D       		.uleb128 0xd
 1272 0093 00       		.byte	0x0
 1273 0094 03       		.uleb128 0x3
 1274 0095 08       		.uleb128 0x8
 1275 0096 3A       		.uleb128 0x3a
 1276 0097 0B       		.uleb128 0xb
 1277 0098 3B       		.uleb128 0x3b
 1278 0099 05       		.uleb128 0x5
 1279 009a 49       		.uleb128 0x49
 1280 009b 13       		.uleb128 0x13
 1281 009c 38       		.uleb128 0x38
 1282 009d 0A       		.uleb128 0xa
 1283 009e 00       		.byte	0x0
 1284 009f 00       		.byte	0x0
 1285 00a0 0D       		.uleb128 0xd
 1286 00a1 35       		.uleb128 0x35
 1287 00a2 00       		.byte	0x0
 1288 00a3 49       		.uleb128 0x49
 1289 00a4 13       		.uleb128 0x13
 1290 00a5 00       		.byte	0x0
 1291 00a6 00       		.byte	0x0
 1292 00a7 0E       		.uleb128 0xe
 1293 00a8 17       		.uleb128 0x17
 1294 00a9 01       		.byte	0x1
 1295 00aa 0B       		.uleb128 0xb
 1296 00ab 0B       		.uleb128 0xb
 1297 00ac 3A       		.uleb128 0x3a
 1298 00ad 0B       		.uleb128 0xb
 1299 00ae 3B       		.uleb128 0x3b
 1300 00af 0B       		.uleb128 0xb
 1301 00b0 01       		.uleb128 0x1
 1302 00b1 13       		.uleb128 0x13
 1303 00b2 00       		.byte	0x0
 1304 00b3 00       		.byte	0x0
 1305 00b4 0F       		.uleb128 0xf
 1306 00b5 0D       		.uleb128 0xd
ARM GAS  /tmp/cc4C1bFQ.s 			page 24


 1307 00b6 00       		.byte	0x0
 1308 00b7 03       		.uleb128 0x3
 1309 00b8 0E       		.uleb128 0xe
 1310 00b9 3A       		.uleb128 0x3a
 1311 00ba 0B       		.uleb128 0xb
 1312 00bb 3B       		.uleb128 0x3b
 1313 00bc 0B       		.uleb128 0xb
 1314 00bd 49       		.uleb128 0x49
 1315 00be 13       		.uleb128 0x13
 1316 00bf 00       		.byte	0x0
 1317 00c0 00       		.byte	0x0
 1318 00c1 10       		.uleb128 0x10
 1319 00c2 26       		.uleb128 0x26
 1320 00c3 00       		.byte	0x0
 1321 00c4 49       		.uleb128 0x49
 1322 00c5 13       		.uleb128 0x13
 1323 00c6 00       		.byte	0x0
 1324 00c7 00       		.byte	0x0
 1325 00c8 11       		.uleb128 0x11
 1326 00c9 01       		.uleb128 0x1
 1327 00ca 01       		.byte	0x1
 1328 00cb 49       		.uleb128 0x49
 1329 00cc 13       		.uleb128 0x13
 1330 00cd 01       		.uleb128 0x1
 1331 00ce 13       		.uleb128 0x13
 1332 00cf 00       		.byte	0x0
 1333 00d0 00       		.byte	0x0
 1334 00d1 12       		.uleb128 0x12
 1335 00d2 21       		.uleb128 0x21
 1336 00d3 00       		.byte	0x0
 1337 00d4 49       		.uleb128 0x49
 1338 00d5 13       		.uleb128 0x13
 1339 00d6 2F       		.uleb128 0x2f
 1340 00d7 0B       		.uleb128 0xb
 1341 00d8 00       		.byte	0x0
 1342 00d9 00       		.byte	0x0
 1343 00da 13       		.uleb128 0x13
 1344 00db 2E       		.uleb128 0x2e
 1345 00dc 01       		.byte	0x1
 1346 00dd 3F       		.uleb128 0x3f
 1347 00de 0C       		.uleb128 0xc
 1348 00df 03       		.uleb128 0x3
 1349 00e0 0E       		.uleb128 0xe
 1350 00e1 3A       		.uleb128 0x3a
 1351 00e2 0B       		.uleb128 0xb
 1352 00e3 3B       		.uleb128 0x3b
 1353 00e4 0B       		.uleb128 0xb
 1354 00e5 27       		.uleb128 0x27
 1355 00e6 0C       		.uleb128 0xc
 1356 00e7 49       		.uleb128 0x49
 1357 00e8 13       		.uleb128 0x13
 1358 00e9 11       		.uleb128 0x11
 1359 00ea 01       		.uleb128 0x1
 1360 00eb 12       		.uleb128 0x12
 1361 00ec 01       		.uleb128 0x1
 1362 00ed 40       		.uleb128 0x40
 1363 00ee 0A       		.uleb128 0xa
ARM GAS  /tmp/cc4C1bFQ.s 			page 25


 1364 00ef 01       		.uleb128 0x1
 1365 00f0 13       		.uleb128 0x13
 1366 00f1 00       		.byte	0x0
 1367 00f2 00       		.byte	0x0
 1368 00f3 14       		.uleb128 0x14
 1369 00f4 34       		.uleb128 0x34
 1370 00f5 00       		.byte	0x0
 1371 00f6 03       		.uleb128 0x3
 1372 00f7 08       		.uleb128 0x8
 1373 00f8 3A       		.uleb128 0x3a
 1374 00f9 0B       		.uleb128 0xb
 1375 00fa 3B       		.uleb128 0x3b
 1376 00fb 0B       		.uleb128 0xb
 1377 00fc 49       		.uleb128 0x49
 1378 00fd 13       		.uleb128 0x13
 1379 00fe 00       		.byte	0x0
 1380 00ff 00       		.byte	0x0
 1381 0100 15       		.uleb128 0x15
 1382 0101 0B       		.uleb128 0xb
 1383 0102 01       		.byte	0x1
 1384 0103 11       		.uleb128 0x11
 1385 0104 01       		.uleb128 0x1
 1386 0105 12       		.uleb128 0x12
 1387 0106 01       		.uleb128 0x1
 1388 0107 01       		.uleb128 0x1
 1389 0108 13       		.uleb128 0x13
 1390 0109 00       		.byte	0x0
 1391 010a 00       		.byte	0x0
 1392 010b 16       		.uleb128 0x16
 1393 010c 34       		.uleb128 0x34
 1394 010d 00       		.byte	0x0
 1395 010e 03       		.uleb128 0x3
 1396 010f 08       		.uleb128 0x8
 1397 0110 3A       		.uleb128 0x3a
 1398 0111 0B       		.uleb128 0xb
 1399 0112 3B       		.uleb128 0x3b
 1400 0113 0B       		.uleb128 0xb
 1401 0114 49       		.uleb128 0x49
 1402 0115 13       		.uleb128 0x13
 1403 0116 02       		.uleb128 0x2
 1404 0117 06       		.uleb128 0x6
 1405 0118 00       		.byte	0x0
 1406 0119 00       		.byte	0x0
 1407 011a 17       		.uleb128 0x17
 1408 011b 0B       		.uleb128 0xb
 1409 011c 01       		.byte	0x1
 1410 011d 55       		.uleb128 0x55
 1411 011e 06       		.uleb128 0x6
 1412 011f 00       		.byte	0x0
 1413 0120 00       		.byte	0x0
 1414 0121 18       		.uleb128 0x18
 1415 0122 2E       		.uleb128 0x2e
 1416 0123 01       		.byte	0x1
 1417 0124 3F       		.uleb128 0x3f
 1418 0125 0C       		.uleb128 0xc
 1419 0126 03       		.uleb128 0x3
 1420 0127 0E       		.uleb128 0xe
ARM GAS  /tmp/cc4C1bFQ.s 			page 26


 1421 0128 3A       		.uleb128 0x3a
 1422 0129 0B       		.uleb128 0xb
 1423 012a 3B       		.uleb128 0x3b
 1424 012b 0B       		.uleb128 0xb
 1425 012c 27       		.uleb128 0x27
 1426 012d 0C       		.uleb128 0xc
 1427 012e 49       		.uleb128 0x49
 1428 012f 13       		.uleb128 0x13
 1429 0130 11       		.uleb128 0x11
 1430 0131 01       		.uleb128 0x1
 1431 0132 12       		.uleb128 0x12
 1432 0133 01       		.uleb128 0x1
 1433 0134 40       		.uleb128 0x40
 1434 0135 06       		.uleb128 0x6
 1435 0136 01       		.uleb128 0x1
 1436 0137 13       		.uleb128 0x13
 1437 0138 00       		.byte	0x0
 1438 0139 00       		.byte	0x0
 1439 013a 19       		.uleb128 0x19
 1440 013b 05       		.uleb128 0x5
 1441 013c 00       		.byte	0x0
 1442 013d 03       		.uleb128 0x3
 1443 013e 08       		.uleb128 0x8
 1444 013f 3A       		.uleb128 0x3a
 1445 0140 0B       		.uleb128 0xb
 1446 0141 3B       		.uleb128 0x3b
 1447 0142 0B       		.uleb128 0xb
 1448 0143 49       		.uleb128 0x49
 1449 0144 13       		.uleb128 0x13
 1450 0145 02       		.uleb128 0x2
 1451 0146 06       		.uleb128 0x6
 1452 0147 00       		.byte	0x0
 1453 0148 00       		.byte	0x0
 1454 0149 1A       		.uleb128 0x1a
 1455 014a 34       		.uleb128 0x34
 1456 014b 00       		.byte	0x0
 1457 014c 03       		.uleb128 0x3
 1458 014d 0E       		.uleb128 0xe
 1459 014e 3A       		.uleb128 0x3a
 1460 014f 0B       		.uleb128 0xb
 1461 0150 3B       		.uleb128 0x3b
 1462 0151 0B       		.uleb128 0xb
 1463 0152 49       		.uleb128 0x49
 1464 0153 13       		.uleb128 0x13
 1465 0154 3F       		.uleb128 0x3f
 1466 0155 0C       		.uleb128 0xc
 1467 0156 3C       		.uleb128 0x3c
 1468 0157 0C       		.uleb128 0xc
 1469 0158 00       		.byte	0x0
 1470 0159 00       		.byte	0x0
 1471 015a 1B       		.uleb128 0x1b
 1472 015b 34       		.uleb128 0x34
 1473 015c 00       		.byte	0x0
 1474 015d 03       		.uleb128 0x3
 1475 015e 0E       		.uleb128 0xe
 1476 015f 3A       		.uleb128 0x3a
 1477 0160 0B       		.uleb128 0xb
ARM GAS  /tmp/cc4C1bFQ.s 			page 27


 1478 0161 3B       		.uleb128 0x3b
 1479 0162 0B       		.uleb128 0xb
 1480 0163 49       		.uleb128 0x49
 1481 0164 13       		.uleb128 0x13
 1482 0165 3F       		.uleb128 0x3f
 1483 0166 0C       		.uleb128 0xc
 1484 0167 02       		.uleb128 0x2
 1485 0168 0A       		.uleb128 0xa
 1486 0169 00       		.byte	0x0
 1487 016a 00       		.byte	0x0
 1488 016b 00       		.byte	0x0
 1489              		.section	.debug_pubnames,"",%progbits
 1490 0000 44000000 		.4byte	0x44
 1491 0004 0200     		.2byte	0x2
 1492 0006 00000000 		.4byte	.Ldebug_info0
 1493 000a 65060000 		.4byte	0x665
 1494 000e 6D050000 		.4byte	0x56d
 1495 0012 63685265 		.ascii	"chRegFirstThread\000"
 1495      67466972 
 1495      73745468 
 1495      72656164 
 1495      00
 1496 0023 C6050000 		.4byte	0x5c6
 1497 0027 63685265 		.ascii	"chRegNextThread\000"
 1497      674E6578 
 1497      74546872 
 1497      65616400 
 1498 0037 4D060000 		.4byte	0x64d
 1499 003b 63685F64 		.ascii	"ch_debug\000"
 1499      65627567 
 1499      00
 1500 0044 00000000 		.4byte	0x0
 1501              		.section	.debug_pubtypes,"",%progbits
 1502 0000 3D010000 		.4byte	0x13d
 1503 0004 0200     		.2byte	0x2
 1504 0006 00000000 		.4byte	.Ldebug_info0
 1505 000a 65060000 		.4byte	0x665
 1506 000e 30000000 		.4byte	0x30
 1507 0012 73697A65 		.ascii	"size_t\000"
 1507      5F7400
 1508 0019 49000000 		.4byte	0x49
 1509 001d 75696E74 		.ascii	"uint8_t\000"
 1509      385F7400 
 1510 0025 62000000 		.4byte	0x62
 1511 0029 75696E74 		.ascii	"uint16_t\000"
 1511      31365F74 
 1511      00
 1512 0032 74000000 		.4byte	0x74
 1513 0036 696E7433 		.ascii	"int32_t\000"
 1513      325F7400 
 1514 003e 86000000 		.4byte	0x86
 1515 0042 75696E74 		.ascii	"uint32_t\000"
 1515      33325F74 
 1515      00
 1516 004b AD000000 		.4byte	0xad
 1517 004f 746D6F64 		.ascii	"tmode_t\000"
 1517      655F7400 
ARM GAS  /tmp/cc4C1bFQ.s 			page 28


 1518 0057 B8000000 		.4byte	0xb8
 1519 005b 74737461 		.ascii	"tstate_t\000"
 1519      74655F74 
 1519      00
 1520 0064 C3000000 		.4byte	0xc3
 1521 0068 74726566 		.ascii	"trefs_t\000"
 1521      735F7400 
 1522 0070 CE000000 		.4byte	0xce
 1523 0074 74736C69 		.ascii	"tslices_t\000"
 1523      6365735F 
 1523      7400
 1524 007e D9000000 		.4byte	0xd9
 1525 0082 74707269 		.ascii	"tprio_t\000"
 1525      6F5F7400 
 1526 008a E4000000 		.4byte	0xe4
 1527 008e 6D73675F 		.ascii	"msg_t\000"
 1527      7400
 1528 0094 EF000000 		.4byte	0xef
 1529 0098 6576656E 		.ascii	"eventmask_t\000"
 1529      746D6173 
 1529      6B5F7400 
 1530 00a4 FA000000 		.4byte	0xfa
 1531 00a8 73797374 		.ascii	"systime_t\000"
 1531      696D655F 
 1531      7400
 1532 00b2 05010000 		.4byte	0x105
 1533 00b6 54687265 		.ascii	"Thread\000"
 1533      616400
 1534 00bd 60020000 		.4byte	0x260
 1535 00c1 54687265 		.ascii	"ThreadsQueue\000"
 1535      61647351 
 1535      75657565 
 1535      00
 1536 00ce 82020000 		.4byte	0x282
 1537 00d2 54687265 		.ascii	"ThreadsList\000"
 1537      6164734C 
 1537      69737400 
 1538 00de 8D020000 		.4byte	0x28d
 1539 00e2 72656761 		.ascii	"regarm_t\000"
 1539      726D5F74 
 1539      00
 1540 00eb 9A020000 		.4byte	0x29a
 1541 00ef 696E7463 		.ascii	"intctx\000"
 1541      747800
 1542 00f6 28030000 		.4byte	0x328
 1543 00fa 636F6E74 		.ascii	"context\000"
 1543      65787400 
 1544 0102 AD030000 		.4byte	0x3ad
 1545 0106 52656164 		.ascii	"ReadyList\000"
 1545      794C6973 
 1545      7400
 1546 0110 B8030000 		.4byte	0x3b8
 1547 0114 4D757465 		.ascii	"Mutex\000"
 1547      7800
 1548 011a F5030000 		.4byte	0x3f5
 1549 011e 4D757465 		.ascii	"Mutex\000"
 1549      7800
ARM GAS  /tmp/cc4C1bFQ.s 			page 29


 1550 0124 10010000 		.4byte	0x110
 1551 0128 54687265 		.ascii	"Thread\000"
 1551      616400
 1552 012f 62050000 		.4byte	0x562
 1553 0133 63686465 		.ascii	"chdebug_t\000"
 1553      6275675F 
 1553      7400
 1554 013d 00000000 		.4byte	0x0
 1555              		.section	.debug_aranges,"",%progbits
 1556 0000 24000000 		.4byte	0x24
 1557 0004 0200     		.2byte	0x2
 1558 0006 00000000 		.4byte	.Ldebug_info0
 1559 000a 04       		.byte	0x4
 1560 000b 00       		.byte	0x0
 1561 000c 0000     		.2byte	0x0
 1562 000e 0000     		.2byte	0x0
 1563 0010 00000000 		.4byte	.LFB7
 1564 0014 1E000000 		.4byte	.LFE7-.LFB7
 1565 0018 00000000 		.4byte	.LFB8
 1566 001c 3A000000 		.4byte	.LFE8-.LFB8
 1567 0020 00000000 		.4byte	0x0
 1568 0024 00000000 		.4byte	0x0
 1569              		.section	.debug_ranges,"",%progbits
 1570              	.Ldebug_ranges0:
 1571 0000 0E000000 		.4byte	.LBB3
 1572 0004 10000000 		.4byte	.LBE3
 1573 0008 18000000 		.4byte	.LBB4
 1574 000c 1C000000 		.4byte	.LBE4
 1575 0010 00000000 		.4byte	0x0
 1576 0014 00000000 		.4byte	0x0
 1577 0018 1C000000 		.4byte	.LBB6
 1578 001c 22000000 		.4byte	.LBE6
 1579 0020 2C000000 		.4byte	.LBB7
 1580 0024 32000000 		.4byte	.LBE7
 1581 0028 00000000 		.4byte	0x0
 1582 002c 00000000 		.4byte	0x0
 1583 0030 00000000 		.4byte	.LFB7
 1584 0034 1E000000 		.4byte	.LFE7
 1585 0038 00000000 		.4byte	.LFB8
 1586 003c 3A000000 		.4byte	.LFE8
 1587 0040 00000000 		.4byte	0x0
 1588 0044 00000000 		.4byte	0x0
 1589              		.section	.debug_str,"MS",%progbits,1
 1590              	.LASF74:
 1591 0000 63665F6F 		.ascii	"cf_off_older\000"
 1591      66665F6F 
 1591      6C646572 
 1591      00
 1592              	.LASF38:
 1593 000d 705F6D73 		.ascii	"p_msg\000"
 1593      6700
 1594              	.LASF2:
 1595 0013 73697A65 		.ascii	"size_t\000"
 1595      5F7400
 1596              	.LASF59:
 1597 001a 7264796D 		.ascii	"rdymsg\000"
 1597      736700
ARM GAS  /tmp/cc4C1bFQ.s 			page 30


 1598              	.LASF13:
 1599 0021 6C6F6E67 		.ascii	"long long unsigned int\000"
 1599      206C6F6E 
 1599      6720756E 
 1599      7369676E 
 1599      65642069 
 1600              	.LASF70:
 1601 0038 63685F74 		.ascii	"ch_threadsize\000"
 1601      68726561 
 1601      6473697A 
 1601      6500
 1602              	.LASF60:
 1603 0046 65786974 		.ascii	"exitcode\000"
 1603      636F6465 
 1603      00
 1604              	.LASF83:
 1605 004f 63685265 		.ascii	"chRegFirstThread\000"
 1605      67466972 
 1605      73745468 
 1605      72656164 
 1605      00
 1606              	.LASF26:
 1607 0060 705F7072 		.ascii	"p_prio\000"
 1607      696F00
 1608              	.LASF77:
 1609 0067 63665F6F 		.ascii	"cf_off_state\000"
 1609      66665F73 
 1609      74617465 
 1609      00
 1610              	.LASF12:
 1611 0074 6C6F6E67 		.ascii	"long long int\000"
 1611      206C6F6E 
 1611      6720696E 
 1611      7400
 1612              	.LASF1:
 1613 0082 7369676E 		.ascii	"signed char\000"
 1613      65642063 
 1613      68617200 
 1614              	.LASF76:
 1615 008e 63665F6F 		.ascii	"cf_off_stklimit\000"
 1615      66665F73 
 1615      746B6C69 
 1615      6D697400 
 1616              	.LASF78:
 1617 009e 63665F6F 		.ascii	"cf_off_flags\000"
 1617      66665F66 
 1617      6C616773 
 1617      00
 1618              	.LASF42:
 1619 00ab 705F6D70 		.ascii	"p_mpool\000"
 1619      6F6F6C00 
 1620              	.LASF56:
 1621 00b3 6D5F7175 		.ascii	"m_queue\000"
 1621      65756500 
 1622              	.LASF88:
 1623 00bb 2E2E2F43 		.ascii	"../ChibiOS_2.6.2/os/kernel/src/chregistry.c\000"
 1623      68696269 
ARM GAS  /tmp/cc4C1bFQ.s 			page 31


 1623      4F535F32 
 1623      2E362E32 
 1623      2F6F732F 
 1624              	.LASF61:
 1625 00e7 77746F62 		.ascii	"wtobjp\000"
 1625      6A7000
 1626              	.LASF18:
 1627 00ee 74736C69 		.ascii	"tslices_t\000"
 1627      6365735F 
 1627      7400
 1628              	.LASF9:
 1629 00f8 6C6F6E67 		.ascii	"long int\000"
 1629      20696E74 
 1629      00
 1630              	.LASF16:
 1631 0101 74737461 		.ascii	"tstate_t\000"
 1631      74655F74 
 1631      00
 1632              	.LASF6:
 1633 010a 75696E74 		.ascii	"uint16_t\000"
 1633      31365F74 
 1633      00
 1634              	.LASF82:
 1635 0113 63686465 		.ascii	"chdebug_t\000"
 1635      6275675F 
 1635      7400
 1636              	.LASF28:
 1637 011d 705F6E65 		.ascii	"p_newer\000"
 1637      77657200 
 1638              	.LASF51:
 1639 0125 725F6E65 		.ascii	"r_newer\000"
 1639      77657200 
 1640              	.LASF45:
 1641 012d 72656761 		.ascii	"regarm_t\000"
 1641      726D5F74 
 1641      00
 1642              	.LASF0:
 1643 0136 756E7369 		.ascii	"unsigned int\000"
 1643      676E6564 
 1643      20696E74 
 1643      00
 1644              	.LASF11:
 1645 0143 6C6F6E67 		.ascii	"long unsigned int\000"
 1645      20756E73 
 1645      69676E65 
 1645      6420696E 
 1645      7400
 1646              	.LASF86:
 1647 0155 63685F64 		.ascii	"ch_debug\000"
 1647      65627567 
 1647      00
 1648              	.LASF64:
 1649 015e 63685F69 		.ascii	"ch_identifier\000"
 1649      64656E74 
 1649      69666965 
 1649      7200
 1650              	.LASF47:
ARM GAS  /tmp/cc4C1bFQ.s 			page 32


 1651 016c 636F6E74 		.ascii	"context\000"
 1651      65787400 
 1652              	.LASF7:
 1653 0174 73686F72 		.ascii	"short unsigned int\000"
 1653      7420756E 
 1653      7369676E 
 1653      65642069 
 1653      6E7400
 1654              	.LASF20:
 1655 0187 6D73675F 		.ascii	"msg_t\000"
 1655      7400
 1656              	.LASF15:
 1657 018d 746D6F64 		.ascii	"tmode_t\000"
 1657      655F7400 
 1658              	.LASF44:
 1659 0195 54687265 		.ascii	"ThreadsList\000"
 1659      6164734C 
 1659      69737400 
 1660              	.LASF21:
 1661 01a1 6576656E 		.ascii	"eventmask_t\000"
 1661      746D6173 
 1661      6B5F7400 
 1662              	.LASF55:
 1663 01ad 4D757465 		.ascii	"Mutex\000"
 1663      7800
 1664              	.LASF65:
 1665 01b3 63685F7A 		.ascii	"ch_zero\000"
 1665      65726F00 
 1666              	.LASF79:
 1667 01bb 63665F6F 		.ascii	"cf_off_refs\000"
 1667      66665F72 
 1667      65667300 
 1668              	.LASF69:
 1669 01c7 63685F74 		.ascii	"ch_timesize\000"
 1669      696D6573 
 1669      697A6500 
 1670              	.LASF75:
 1671 01d3 63665F6F 		.ascii	"cf_off_name\000"
 1671      66665F6E 
 1671      616D6500 
 1672              	.LASF29:
 1673 01df 705F6F6C 		.ascii	"p_older\000"
 1673      64657200 
 1674              	.LASF50:
 1675 01e7 725F6374 		.ascii	"r_ctx\000"
 1675      7800
 1676              	.LASF43:
 1677 01ed 54687265 		.ascii	"ThreadsQueue\000"
 1677      61647351 
 1677      75657565 
 1677      00
 1678              	.LASF66:
 1679 01fa 63685F73 		.ascii	"ch_size\000"
 1679      697A6500 
 1680              	.LASF53:
 1681 0202 725F6375 		.ascii	"r_current\000"
 1681      7272656E 
ARM GAS  /tmp/cc4C1bFQ.s 			page 33


 1681      7400
 1682              	.LASF52:
 1683 020c 725F6F6C 		.ascii	"r_older\000"
 1683      64657200 
 1684              	.LASF17:
 1685 0214 74726566 		.ascii	"trefs_t\000"
 1685      735F7400 
 1686              	.LASF68:
 1687 021c 63685F70 		.ascii	"ch_ptrsize\000"
 1687      74727369 
 1687      7A6500
 1688              	.LASF25:
 1689 0227 705F7072 		.ascii	"p_prev\000"
 1689      657600
 1690              	.LASF19:
 1691 022e 74707269 		.ascii	"tprio_t\000"
 1691      6F5F7400 
 1692              	.LASF14:
 1693 0236 5F426F6F 		.ascii	"_Bool\000"
 1693      6C00
 1694              	.LASF8:
 1695 023c 696E7433 		.ascii	"int32_t\000"
 1695      325F7400 
 1696              	.LASF4:
 1697 0244 756E7369 		.ascii	"unsigned char\000"
 1697      676E6564 
 1697      20636861 
 1697      7200
 1698              	.LASF40:
 1699 0252 705F6D74 		.ascii	"p_mtxlist\000"
 1699      786C6973 
 1699      7400
 1700              	.LASF5:
 1701 025c 73686F72 		.ascii	"short int\000"
 1701      7420696E 
 1701      7400
 1702              	.LASF31:
 1703 0266 705F7374 		.ascii	"p_state\000"
 1703      61746500 
 1704              	.LASF34:
 1705 026e 705F7072 		.ascii	"p_preempt\000"
 1705      65656D70 
 1705      7400
 1706              	.LASF81:
 1707 0278 63665F6F 		.ascii	"cf_off_time\000"
 1707      66665F74 
 1707      696D6500 
 1708              	.LASF49:
 1709 0284 725F7072 		.ascii	"r_prio\000"
 1709      696F00
 1710              	.LASF62:
 1711 028b 65776D61 		.ascii	"ewmask\000"
 1711      736B00
 1712              	.LASF24:
 1713 0292 705F6E65 		.ascii	"p_next\000"
 1713      787400
 1714              	.LASF80:
ARM GAS  /tmp/cc4C1bFQ.s 			page 34


 1715 0299 63665F6F 		.ascii	"cf_off_preempt\000"
 1715      66665F70 
 1715      7265656D 
 1715      707400
 1716              	.LASF32:
 1717 02a8 705F666C 		.ascii	"p_flags\000"
 1717      61677300 
 1718              	.LASF23:
 1719 02b0 54687265 		.ascii	"Thread\000"
 1719      616400
 1720              	.LASF73:
 1721 02b7 63665F6F 		.ascii	"cf_off_newer\000"
 1721      66665F6E 
 1721      65776572 
 1721      00
 1722              	.LASF39:
 1723 02c4 705F6570 		.ascii	"p_epending\000"
 1723      656E6469 
 1723      6E6700
 1724              	.LASF10:
 1725 02cf 75696E74 		.ascii	"uint32_t\000"
 1725      33325F74 
 1725      00
 1726              	.LASF71:
 1727 02d8 63665F6F 		.ascii	"cf_off_prio\000"
 1727      66665F70 
 1727      72696F00 
 1728              	.LASF48:
 1729 02e4 725F7175 		.ascii	"r_queue\000"
 1729      65756500 
 1730              	.LASF63:
 1731 02ec 63686172 		.ascii	"char\000"
 1731      00
 1732              	.LASF84:
 1733 02f1 63685265 		.ascii	"chRegNextThread\000"
 1733      674E6578 
 1733      74546872 
 1733      65616400 
 1734              	.LASF58:
 1735 0301 6D5F6E65 		.ascii	"m_next\000"
 1735      787400
 1736              	.LASF22:
 1737 0308 73797374 		.ascii	"systime_t\000"
 1737      696D655F 
 1737      7400
 1738              	.LASF41:
 1739 0312 705F7265 		.ascii	"p_realprio\000"
 1739      616C7072 
 1739      696F00
 1740              	.LASF35:
 1741 031d 705F7469 		.ascii	"p_time\000"
 1741      6D6500
 1742              	.LASF46:
 1743 0324 696E7463 		.ascii	"intctx\000"
 1743      747800
 1744              	.LASF37:
 1745 032b 705F6D73 		.ascii	"p_msgqueue\000"
ARM GAS  /tmp/cc4C1bFQ.s 			page 35


 1745      67717565 
 1745      756500
 1746              	.LASF72:
 1747 0336 63665F6F 		.ascii	"cf_off_ctx\000"
 1747      66665F63 
 1747      747800
 1748              	.LASF33:
 1749 0341 705F7265 		.ascii	"p_refs\000"
 1749      667300
 1750              	.LASF54:
 1751 0348 52656164 		.ascii	"ReadyList\000"
 1751      794C6973 
 1751      7400
 1752              	.LASF85:
 1753 0352 726C6973 		.ascii	"rlist\000"
 1753      7400
 1754              	.LASF3:
 1755 0358 75696E74 		.ascii	"uint8_t\000"
 1755      385F7400 
 1756              	.LASF87:
 1757 0360 474E5520 		.ascii	"GNU C 4.5.1\000"
 1757      4320342E 
 1757      352E3100 
 1758              	.LASF30:
 1759 036c 705F6E61 		.ascii	"p_name\000"
 1759      6D6500
 1760              	.LASF89:
 1761 0373 2F686F6D 		.ascii	"/home/nis/stm32f407d_neko\000"
 1761      652F6E69 
 1761      732F7374 
 1761      6D333266 
 1761      34303764 
 1762              	.LASF67:
 1763 038d 63685F76 		.ascii	"ch_version\000"
 1763      65727369 
 1763      6F6E00
 1764              	.LASF57:
 1765 0398 6D5F6F77 		.ascii	"m_owner\000"
 1765      6E657200 
 1766              	.LASF27:
 1767 03a0 705F6374 		.ascii	"p_ctx\000"
 1767      7800
 1768              	.LASF36:
 1769 03a6 705F7761 		.ascii	"p_waiting\000"
 1769      6974696E 
 1769      6700
 1770              		.ident	"GCC: (Sourcery G++ Lite 2010.09-51) 4.5.1"
ARM GAS  /tmp/cc4C1bFQ.s 			page 36


DEFINED SYMBOLS
                            *ABS*:00000000 chregistry.c
     /tmp/cc4C1bFQ.s:24     .text.chRegFirstThread:00000000 $t
     /tmp/cc4C1bFQ.s:30     .text.chRegFirstThread:00000000 chRegFirstThread
     /tmp/cc4C1bFQ.s:77     .text.chRegNextThread:00000000 $t
     /tmp/cc4C1bFQ.s:83     .text.chRegNextThread:00000000 chRegNextThread
     /tmp/cc4C1bFQ.s:163    .rodata.ch_debug:00000000 ch_debug
     /tmp/cc4C1bFQ.s:160    .rodata.ch_debug:00000000 $d
                     .debug_frame:00000010 $d

UNDEFINED SYMBOLS
rlist
chThdRelease
