ARM GAS  /tmp/ccxE5U8k.s 			page 1


   1              		.syntax unified
   2              		.cpu cortex-m4
   3              		.fpu softvfp
   4              		.eabi_attribute 20, 1
   5              		.eabi_attribute 21, 1
   6              		.eabi_attribute 23, 3
   7              		.eabi_attribute 24, 1
   8              		.eabi_attribute 25, 1
   9              		.eabi_attribute 26, 1
  10              		.eabi_attribute 30, 2
  11              		.eabi_attribute 18, 4
  12              		.thumb
  13              		.file	"crt0.c"
  14              		.section	.debug_abbrev,"",%progbits
  15              	.Ldebug_abbrev0:
  16              		.section	.debug_info,"",%progbits
  17              	.Ldebug_info0:
  18              		.section	.debug_line,"",%progbits
  19              	.Ldebug_line0:
  20 0000 6C010000 		.text
  20      0200BA00 
  20      00000201 
  20      FB0E0D00 
  20      01010101 
  21              	.Ltext0:
  22              		.cfi_sections	.debug_frame
  23              		.section	.text.__early_init,"ax",%progbits
  24              		.align	2
  25              		.p2align 4,,15
  26              		.weak	__early_init
  27              		.thumb
  28              		.thumb_func
  29              		.type	__early_init, %function
  30              	__early_init:
  31              	.LFB0:
  32              		.file 1 "../ChibiOS_2.6.2/os/ports/GCC/ARMCMx/crt0.c"
  33              		.loc 1 234 0
  34              		.cfi_startproc
  35              		@ args = 0, pretend = 0, frame = 0
  36              		@ frame_needed = 0, uses_anonymous_args = 0
  37              		@ link register save eliminated.
  38              		.loc 1 234 0
  39 0000 7047     		bx	lr
  40              		.cfi_endproc
  41              	.LFE0:
  42              		.size	__early_init, .-__early_init
  43 0002 00BFAFF3 		.section	.text.__late_init,"ax",%progbits
  43      0080AFF3 
  43      0080AFF3 
  43      0080
  44              		.align	2
  45              		.p2align 4,,15
  46              		.weak	__late_init
  47              		.thumb
  48              		.thumb_func
  49              		.type	__late_init, %function
  50              	__late_init:
ARM GAS  /tmp/ccxE5U8k.s 			page 2


  51              	.LFB1:
  52              		.loc 1 246 0
  53              		.cfi_startproc
  54              		@ args = 0, pretend = 0, frame = 0
  55              		@ frame_needed = 0, uses_anonymous_args = 0
  56              		@ link register save eliminated.
  57              		.loc 1 246 0
  58 0000 7047     		bx	lr
  59              		.cfi_endproc
  60              	.LFE1:
  61              		.size	__late_init, .-__late_init
  62 0002 00BFAFF3 		.section	.text._default_exit,"ax",%progbits
  62      0080AFF3 
  62      0080AFF3 
  62      0080
  63              		.align	2
  64              		.p2align 4,,15
  65              		.weak	_default_exit
  66              		.thumb
  67              		.thumb_func
  68              		.type	_default_exit, %function
  69              	_default_exit:
  70              	.LFB2:
  71              		.loc 1 257 0
  72              		.cfi_startproc
  73              		@ Naked Function: prologue and epilogue provided by programmer.
  74              		@ args = 0, pretend = 0, frame = 0
  75              		@ frame_needed = 0, uses_anonymous_args = 0
  76              	.L4:
  77 0000 FEE7     		b	.L4
  78              		.cfi_endproc
  79              	.LFE2:
  80              		.size	_default_exit, .-_default_exit
  81 0002 00BFAFF3 		.section	.text.ResetHandler,"ax",%progbits
  81      0080AFF3 
  81      0080AFF3 
  81      0080
  82              		.align	2
  83              		.p2align 4,,15
  84              		.global	ResetHandler
  85              		.thumb
  86              		.thumb_func
  87              		.type	ResetHandler, %function
  88              	ResetHandler:
  89              	.LFB3:
  90              		.loc 1 268 0
  91              		.cfi_startproc
  92              		@ Naked Function: prologue and epilogue provided by programmer.
  93              		@ args = 0, pretend = 0, frame = 0
  94              		@ frame_needed = 0, uses_anonymous_args = 0
  95              		.loc 1 274 0
  96              	@ 274 "../ChibiOS_2.6.2/os/ports/GCC/ARMCMx/crt0.c" 1
  97 0000 72B6     		cpsid   i
  98              	@ 0 "" 2
  99              	.LVL0:
 100              		.loc 1 276 0
 101              		.thumb
ARM GAS  /tmp/ccxE5U8k.s 			page 3


 102 0002 40F20001 		movw	r1, #:lower16:__process_stack_end__
 103 0006 C0F20001 		movt	r1, #:upper16:__process_stack_end__
 104              	@ 276 "../ChibiOS_2.6.2/os/ports/GCC/ARMCMx/crt0.c" 1
 105 000a 81F30988 		msr     PSP, r1
 106              	@ 0 "" 2
 107              	.LVL1:
 108              		.loc 1 296 0
 109              		.thumb
 110 000e 0223     		movs	r3, #2
 111              	@ 296 "../ChibiOS_2.6.2/os/ports/GCC/ARMCMx/crt0.c" 1
 112 0010 83F31488 		msr     CONTROL, r3
 113              	@ 0 "" 2
 114              		.loc 1 297 0
 115              	@ 297 "../ChibiOS_2.6.2/os/ports/GCC/ARMCMx/crt0.c" 1
 116 0014 BFF36F8F 		isb
 117              	@ 0 "" 2
 118              	.LVL2:
 119              		.thumb
 120              	.LBB2:
 121              		.loc 1 301 0
 122 0018 40F20002 		movw	r2, #:lower16:__main_stack_base__
 123 001c 40F20004 		movw	r4, #:lower16:__main_stack_end__
 124 0020 C0F20002 		movt	r2, #:upper16:__main_stack_base__
 125 0024 C0F20004 		movt	r4, #:upper16:__main_stack_end__
 126 0028 A242     		cmp	r2, r4
 127 002a 17D2     		bcs	.L6
 128              		.loc 1 301 0 is_stmt 0 discriminator 2
 129 002c 1346     		mov	r3, r2
 130 002e 4FF05530 		mov	r0, #1431655765
 131 0032 43F8040B 		str	r0, [r3], #4
 132              	.LVL3:
 133 0036 D643     		mvns	r6, r2
 134 0038 A519     		adds	r5, r4, r6
 135 003a A342     		cmp	r3, r4
 136 003c C5F38005 		ubfx	r5, r5, #2, #1
 137 0040 0CD2     		bcs	.L6
 138 0042 25B1     		cbz	r5, .L7
 139              		.loc 1 301 0
 140 0044 1860     		str	r0, [r3, #0]
 141 0046 02F10803 		add	r3, r2, #8
 142              	.LVL4:
 143 004a A342     		cmp	r3, r4
 144 004c 06D2     		bcs	.L6
 145              	.L7:
 146              		.loc 1 301 0 discriminator 2
 147 004e 1A46     		mov	r2, r3
 148 0050 42F8040B 		str	r0, [r2], #4
 149 0054 5860     		str	r0, [r3, #4]
 150 0056 131D     		adds	r3, r2, #4
 151 0058 A342     		cmp	r3, r4
 152 005a F8D3     		bcc	.L7
 153              	.L6:
 154              	.LVL5:
 155              	.LBE2:
 156              	.LBB3:
 157              		.loc 1 304 0 is_stmt 1 discriminator 1
 158 005c 40F20002 		movw	r2, #:lower16:__process_stack_base__
ARM GAS  /tmp/ccxE5U8k.s 			page 4


 159 0060 C0F20002 		movt	r2, #:upper16:__process_stack_base__
 160 0064 8A42     		cmp	r2, r1
 161 0066 17D2     		bcs	.L8
 162              		.loc 1 304 0 is_stmt 0 discriminator 2
 163 0068 1346     		mov	r3, r2
 164 006a 4FF05530 		mov	r0, #1431655765
 165 006e 43F8040B 		str	r0, [r3], #4
 166              	.LVL6:
 167 0072 D543     		mvns	r5, r2
 168 0074 4C19     		adds	r4, r1, r5
 169 0076 8B42     		cmp	r3, r1
 170 0078 C4F38004 		ubfx	r4, r4, #2, #1
 171 007c 0CD2     		bcs	.L8
 172 007e 24B1     		cbz	r4, .L9
 173              		.loc 1 304 0
 174 0080 1860     		str	r0, [r3, #0]
 175 0082 02F10803 		add	r3, r2, #8
 176              	.LVL7:
 177 0086 8B42     		cmp	r3, r1
 178 0088 06D2     		bcs	.L8
 179              	.L9:
 180              		.loc 1 304 0 discriminator 2
 181 008a 1E46     		mov	r6, r3
 182 008c 46F8040B 		str	r0, [r6], #4
 183 0090 5860     		str	r0, [r3, #4]
 184 0092 331D     		adds	r3, r6, #4
 185 0094 8B42     		cmp	r3, r1
 186 0096 F8D3     		bcc	.L9
 187              	.L8:
 188              	.LBE3:
 189              		.loc 1 310 0 is_stmt 1
 190 0098 FFF7FEFF 		bl	__early_init
 191              	.LVL8:
 192              	.LBB4:
 193              		.loc 1 319 0
 194 009c 40F20004 		movw	r4, #:lower16:_edata
 195 00a0 40F20001 		movw	r1, #:lower16:_data
 196 00a4 C0F20001 		movt	r1, #:upper16:_data
 197 00a8 C0F20004 		movt	r4, #:upper16:_edata
 198 00ac A142     		cmp	r1, r4
 199 00ae 25D2     		bcs	.L10
 200 00b0 40F20000 		movw	r0, #:lower16:_textdata
 201 00b4 C0F20000 		movt	r0, #:upper16:_textdata
 202              		.loc 1 320 0
 203 00b8 0246     		mov	r2, r0
 204 00ba 0B46     		mov	r3, r1
 205 00bc 52F8046B 		ldr	r6, [r2], #4
 206 00c0 43F8046B 		str	r6, [r3], #4
 207              	.LVL9:
 208 00c4 CD43     		mvns	r5, r1
 209 00c6 04EB050C 		add	ip, r4, r5
 210              		.loc 1 319 0
 211 00ca A342     		cmp	r3, r4
 212 00cc CCF38005 		ubfx	r5, ip, #2, #1
 213 00d0 14D2     		bcs	.L10
 214 00d2 3DB1     		cbz	r5, .L11
 215              		.loc 1 320 0
ARM GAS  /tmp/ccxE5U8k.s 			page 5


 216 00d4 1668     		ldr	r6, [r2, #0]
 217 00d6 1E60     		str	r6, [r3, #0]
 218 00d8 01F10803 		add	r3, r1, #8
 219              	.LVL10:
 220              		.loc 1 319 0
 221 00dc A342     		cmp	r3, r4
 222              		.loc 1 320 0
 223 00de 00F10802 		add	r2, r0, #8
 224              		.loc 1 319 0
 225 00e2 0BD2     		bcs	.L10
 226              	.L11:
 227              		.loc 1 320 0
 228 00e4 1146     		mov	r1, r2
 229 00e6 1846     		mov	r0, r3
 230 00e8 51F8045B 		ldr	r5, [r1], #4
 231 00ec 40F8045B 		str	r5, [r0], #4
 232 00f0 5268     		ldr	r2, [r2, #4]
 233 00f2 5A60     		str	r2, [r3, #4]
 234 00f4 031D     		adds	r3, r0, #4
 235 00f6 0A1D     		adds	r2, r1, #4
 236              		.loc 1 319 0
 237 00f8 A342     		cmp	r3, r4
 238 00fa F3D3     		bcc	.L11
 239              	.L10:
 240              	.LVL11:
 241              	.LBE4:
 242              	.LBB5:
 243              		.loc 1 326 0 discriminator 1
 244 00fc 40F20002 		movw	r2, #:lower16:_bss_start
 245 0100 40F20000 		movw	r0, #:lower16:_bss_end
 246 0104 C0F20002 		movt	r2, #:upper16:_bss_start
 247 0108 C0F20000 		movt	r0, #:upper16:_bss_end
 248 010c 8242     		cmp	r2, r0
 249 010e 17D2     		bcs	.L12
 250              		.loc 1 326 0 is_stmt 0 discriminator 2
 251 0110 1346     		mov	r3, r2
 252 0112 0021     		movs	r1, #0
 253 0114 43F8041B 		str	r1, [r3], #4
 254              	.LVL12:
 255 0118 D443     		mvns	r4, r2
 256 011a 00EB040E 		add	lr, r0, r4
 257 011e 8342     		cmp	r3, r0
 258 0120 CEF38004 		ubfx	r4, lr, #2, #1
 259 0124 0CD2     		bcs	.L12
 260 0126 24B1     		cbz	r4, .L13
 261              		.loc 1 326 0
 262 0128 1960     		str	r1, [r3, #0]
 263 012a 02F10803 		add	r3, r2, #8
 264              	.LVL13:
 265 012e 8342     		cmp	r3, r0
 266 0130 06D2     		bcs	.L12
 267              	.L13:
 268              		.loc 1 326 0 discriminator 2
 269 0132 1E46     		mov	r6, r3
 270 0134 46F8041B 		str	r1, [r6], #4
 271 0138 5960     		str	r1, [r3, #4]
 272 013a 331D     		adds	r3, r6, #4
ARM GAS  /tmp/ccxE5U8k.s 			page 6


 273 013c 8342     		cmp	r3, r0
 274 013e F8D3     		bcc	.L13
 275              	.L12:
 276              	.LBE5:
 277              	.LBB6:
 278              		.loc 1 336 0 is_stmt 1
 279 0140 40F20005 		movw	r5, #:lower16:__init_array_start
 280 0144 40F20006 		movw	r6, #:lower16:__init_array_end
 281 0148 C0F20005 		movt	r5, #:upper16:__init_array_start
 282 014c C0F20006 		movt	r6, #:upper16:__init_array_end
 283              	.LBE6:
 284              		.loc 1 330 0
 285 0150 FFF7FEFF 		bl	__late_init
 286              	.LVL14:
 287              	.LBB7:
 288              		.loc 1 336 0
 289 0154 B542     		cmp	r5, r6
 290 0156 19D2     		bcs	.L14
 291              		.loc 1 337 0
 292 0158 2C46     		mov	r4, r5
 293 015a E943     		mvns	r1, r5
 294 015c 54F8043B 		ldr	r3, [r4], #4
 295 0160 7718     		adds	r7, r6, r1
 296 0162 9847     		blx	r3
 297              	.LVL15:
 298              		.loc 1 336 0
 299 0164 B442     		cmp	r4, r6
 300 0166 C7F38007 		ubfx	r7, r7, #2, #1
 301 016a 0FD2     		bcs	.L14
 302 016c 2FB1     		cbz	r7, .L15
 303              		.loc 1 337 0
 304 016e 2368     		ldr	r3, [r4, #0]
 305              		.loc 1 338 0
 306 0170 05F10804 		add	r4, r5, #8
 307              		.loc 1 337 0
 308 0174 9847     		blx	r3
 309              	.LVL16:
 310              		.loc 1 336 0
 311 0176 B442     		cmp	r4, r6
 312 0178 08D2     		bcs	.L14
 313              	.L15:
 314              		.loc 1 337 0
 315 017a 2546     		mov	r5, r4
 316 017c 55F8042B 		ldr	r2, [r5], #4
 317 0180 9047     		blx	r2
 318 0182 6068     		ldr	r0, [r4, #4]
 319              		.loc 1 338 0
 320 0184 2C1D     		adds	r4, r5, #4
 321              		.loc 1 337 0
 322 0186 8047     		blx	r0
 323              		.loc 1 336 0
 324 0188 B442     		cmp	r4, r6
 325 018a F6D3     		bcc	.L15
 326              	.L14:
 327              	.LBE7:
 328              	.LBB8:
 329              		.loc 1 350 0
ARM GAS  /tmp/ccxE5U8k.s 			page 7


 330 018c 40F20005 		movw	r5, #:lower16:__fini_array_start
 331 0190 40F20006 		movw	r6, #:lower16:__fini_array_end
 332 0194 C0F20005 		movt	r5, #:upper16:__fini_array_start
 333 0198 C0F20006 		movt	r6, #:upper16:__fini_array_end
 334              	.LBE8:
 335              		.loc 1 344 0
 336 019c FFF7FEFF 		bl	main
 337              	.LVL17:
 338              	.LBB9:
 339              		.loc 1 350 0
 340 01a0 B542     		cmp	r5, r6
 341 01a2 1AD2     		bcs	.L16
 342              		.loc 1 351 0
 343 01a4 2C46     		mov	r4, r5
 344 01a6 EF43     		mvns	r7, r5
 345 01a8 54F8043B 		ldr	r3, [r4], #4
 346 01ac 06EB070C 		add	ip, r6, r7
 347 01b0 CCF38007 		ubfx	r7, ip, #2, #1
 348 01b4 9847     		blx	r3
 349              	.LVL18:
 350              		.loc 1 350 0
 351 01b6 B442     		cmp	r4, r6
 352 01b8 0FD2     		bcs	.L16
 353 01ba 2FB1     		cbz	r7, .L17
 354              		.loc 1 351 0
 355 01bc 2268     		ldr	r2, [r4, #0]
 356              		.loc 1 352 0
 357 01be 05F10804 		add	r4, r5, #8
 358              		.loc 1 351 0
 359 01c2 9047     		blx	r2
 360              	.LVL19:
 361              		.loc 1 350 0
 362 01c4 B442     		cmp	r4, r6
 363 01c6 08D2     		bcs	.L16
 364              	.L17:
 365              		.loc 1 351 0
 366 01c8 2546     		mov	r5, r4
 367 01ca 55F8040B 		ldr	r0, [r5], #4
 368 01ce 8047     		blx	r0
 369 01d0 6168     		ldr	r1, [r4, #4]
 370              		.loc 1 352 0
 371 01d2 2C1D     		adds	r4, r5, #4
 372              		.loc 1 351 0
 373 01d4 8847     		blx	r1
 374              		.loc 1 350 0
 375 01d6 B442     		cmp	r4, r6
 376 01d8 F6D3     		bcc	.L17
 377              	.L16:
 378              	.LBE9:
 379              		.loc 1 359 0
 380              		.loc 1 358 0
 381 01da FFF7FEBF 		b	_default_exit
 382              		.cfi_endproc
 383              	.LFE3:
 384              		.size	ResetHandler, .-ResetHandler
 385 01de 00BF     		.text
 386              	.Letext0:
ARM GAS  /tmp/ccxE5U8k.s 			page 8


 387              		.section	.debug_loc,"",%progbits
 388              	.Ldebug_loc0:
 389              	.LLST0:
 390 0000 36000000 		.4byte	.LVL3
 391 0004 4A000000 		.4byte	.LVL4
 392 0008 0100     		.2byte	0x1
 393 000a 52       		.byte	0x52
 394 000b 00000000 		.4byte	0x0
 395 000f 00000000 		.4byte	0x0
 396              	.LLST1:
 397 0013 72000000 		.4byte	.LVL6
 398 0017 86000000 		.4byte	.LVL7
 399 001b 0100     		.2byte	0x1
 400 001d 52       		.byte	0x52
 401 001e 00000000 		.4byte	0x0
 402 0022 00000000 		.4byte	0x0
 403              	.LLST2:
 404 0026 C4000000 		.4byte	.LVL9
 405 002a DC000000 		.4byte	.LVL10
 406 002e 0100     		.2byte	0x1
 407 0030 51       		.byte	0x51
 408 0031 00000000 		.4byte	0x0
 409 0035 00000000 		.4byte	0x0
 410              	.LLST3:
 411 0039 18010000 		.4byte	.LVL12
 412 003d 2E010000 		.4byte	.LVL13
 413 0041 0100     		.2byte	0x1
 414 0043 52       		.byte	0x52
 415 0044 00000000 		.4byte	0x0
 416 0048 00000000 		.4byte	0x0
 417              	.LLST4:
 418 004c 64010000 		.4byte	.LVL15
 419 0050 76010000 		.4byte	.LVL16
 420 0054 0100     		.2byte	0x1
 421 0056 55       		.byte	0x55
 422 0057 00000000 		.4byte	0x0
 423 005b 00000000 		.4byte	0x0
 424              	.LLST5:
 425 005f B6010000 		.4byte	.LVL18
 426 0063 C4010000 		.4byte	.LVL19
 427 0067 0100     		.2byte	0x1
 428 0069 55       		.byte	0x55
 429 006a 00000000 		.4byte	0x0
 430 006e 00000000 		.4byte	0x0
 431              		.file 2 "/opt/sgpp-lite-arm-eabi-bin-2010.09.51/bin/../lib/gcc/arm-none-eabi/4.5.1/../../../../arm
 432              		.section	.debug_info
 433 0000 3E030000 		.4byte	0x33e
 434 0004 0200     		.2byte	0x2
 435 0006 00000000 		.4byte	.Ldebug_abbrev0
 436 000a 04       		.byte	0x4
 437 000b 01       		.uleb128 0x1
 438 000c 23000000 		.4byte	.LASF29
 439 0010 01       		.byte	0x1
 440 0011 F0000000 		.4byte	.LASF30
 441 0015 2F000000 		.4byte	.LASF31
 442 0019 00000000 		.4byte	0x0
 443 001d 00000000 		.4byte	0x0
ARM GAS  /tmp/ccxE5U8k.s 			page 9


 444 0021 30000000 		.4byte	.Ldebug_ranges0+0x30
 445 0025 00000000 		.4byte	.Ldebug_line0
 446 0029 02       		.uleb128 0x2
 447 002a 01       		.byte	0x1
 448 002b 06       		.byte	0x6
 449 002c AB010000 		.4byte	.LASF0
 450 0030 03       		.uleb128 0x3
 451 0031 40010000 		.4byte	.LASF5
 452 0035 02       		.byte	0x2
 453 0036 2A       		.byte	0x2a
 454 0037 3B000000 		.4byte	0x3b
 455 003b 02       		.uleb128 0x2
 456 003c 01       		.byte	0x1
 457 003d 08       		.byte	0x8
 458 003e 77000000 		.4byte	.LASF1
 459 0042 02       		.uleb128 0x2
 460 0043 02       		.byte	0x2
 461 0044 05       		.byte	0x5
 462 0045 81010000 		.4byte	.LASF2
 463 0049 02       		.uleb128 0x2
 464 004a 02       		.byte	0x2
 465 004b 07       		.byte	0x7
 466 004c B0000000 		.4byte	.LASF3
 467 0050 02       		.uleb128 0x2
 468 0051 04       		.byte	0x4
 469 0052 05       		.byte	0x5
 470 0053 9C010000 		.4byte	.LASF4
 471 0057 03       		.uleb128 0x3
 472 0058 93010000 		.4byte	.LASF6
 473 005c 02       		.byte	0x2
 474 005d 50       		.byte	0x50
 475 005e 62000000 		.4byte	0x62
 476 0062 02       		.uleb128 0x2
 477 0063 04       		.byte	0x4
 478 0064 07       		.byte	0x7
 479 0065 91000000 		.4byte	.LASF7
 480 0069 02       		.uleb128 0x2
 481 006a 08       		.byte	0x8
 482 006b 05       		.byte	0x5
 483 006c 5F010000 		.4byte	.LASF8
 484 0070 02       		.uleb128 0x2
 485 0071 08       		.byte	0x8
 486 0072 07       		.byte	0x7
 487 0073 29010000 		.4byte	.LASF9
 488 0077 04       		.uleb128 0x4
 489 0078 04       		.byte	0x4
 490 0079 05       		.byte	0x5
 491 007a 696E7400 		.ascii	"int\000"
 492 007e 02       		.uleb128 0x2
 493 007f 04       		.byte	0x4
 494 0080 07       		.byte	0x7
 495 0081 1C010000 		.4byte	.LASF10
 496 0085 03       		.uleb128 0x3
 497 0086 8B010000 		.4byte	.LASF11
 498 008a 01       		.byte	0x1
 499 008b 34       		.byte	0x34
 500 008c 90000000 		.4byte	0x90
ARM GAS  /tmp/ccxE5U8k.s 			page 10


 501 0090 05       		.uleb128 0x5
 502 0091 04       		.byte	0x4
 503 0092 96000000 		.4byte	0x96
 504 0096 06       		.uleb128 0x6
 505 0097 01       		.byte	0x1
 506 0098 03       		.uleb128 0x3
 507 0099 60000000 		.4byte	.LASF12
 508 009d 01       		.byte	0x1
 509 009e 35       		.byte	0x35
 510 009f A3000000 		.4byte	0xa3
 511 00a3 05       		.uleb128 0x5
 512 00a4 04       		.byte	0x4
 513 00a5 85000000 		.4byte	0x85
 514 00a9 07       		.uleb128 0x7
 515 00aa 01       		.byte	0x1
 516 00ab 52010000 		.4byte	.LASF13
 517 00af 01       		.byte	0x1
 518 00b0 EA       		.byte	0xea
 519 00b1 01       		.byte	0x1
 520 00b2 00000000 		.4byte	.LFB0
 521 00b6 02000000 		.4byte	.LFE0
 522 00ba 02       		.byte	0x2
 523 00bb 7D       		.byte	0x7d
 524 00bc 00       		.sleb128 0
 525 00bd 07       		.uleb128 0x7
 526 00be 01       		.byte	0x1
 527 00bf 85000000 		.4byte	.LASF14
 528 00c3 01       		.byte	0x1
 529 00c4 F6       		.byte	0xf6
 530 00c5 01       		.byte	0x1
 531 00c6 00000000 		.4byte	.LFB1
 532 00ca 02000000 		.4byte	.LFE1
 533 00ce 02       		.byte	0x2
 534 00cf 7D       		.byte	0x7d
 535 00d0 00       		.sleb128 0
 536 00d1 08       		.uleb128 0x8
 537 00d2 01       		.byte	0x1
 538 00d3 69000000 		.4byte	.LASF15
 539 00d7 01       		.byte	0x1
 540 00d8 0101     		.2byte	0x101
 541 00da 01       		.byte	0x1
 542 00db 00000000 		.4byte	.LFB2
 543 00df 02000000 		.4byte	.LFE2
 544 00e3 02       		.byte	0x2
 545 00e4 7D       		.byte	0x7d
 546 00e5 00       		.sleb128 0
 547 00e6 09       		.uleb128 0x9
 548 00e7 01       		.byte	0x1
 549 00e8 A3000000 		.4byte	.LASF32
 550 00ec 01       		.byte	0x1
 551 00ed 0C01     		.2byte	0x10c
 552 00ef 01       		.byte	0x1
 553 00f0 00000000 		.4byte	.LFB3
 554 00f4 DE010000 		.4byte	.LFE3
 555 00f8 02       		.byte	0x2
 556 00f9 7D       		.byte	0x7d
 557 00fa 00       		.sleb128 0
ARM GAS  /tmp/ccxE5U8k.s 			page 11


 558 00fb E9010000 		.4byte	0x1e9
 559 00ff 0A       		.uleb128 0xa
 560 0100 70737000 		.ascii	"psp\000"
 561 0104 01       		.byte	0x1
 562 0105 0D01     		.2byte	0x10d
 563 0107 57000000 		.4byte	0x57
 564 010b 0B       		.uleb128 0xb
 565 010c 72656700 		.ascii	"reg\000"
 566 0110 01       		.byte	0x1
 567 0111 0D01     		.2byte	0x10d
 568 0113 57000000 		.4byte	0x57
 569 0117 02       		.byte	0x2
 570 0118 0C       		.uleb128 0xc
 571 0119 18000000 		.4byte	.LBB2
 572 011d 5C000000 		.4byte	.LBE2
 573 0121 40010000 		.4byte	0x140
 574 0125 0D       		.uleb128 0xd
 575 0126 703100   		.ascii	"p1\000"
 576 0129 01       		.byte	0x1
 577 012a 2D01     		.2byte	0x12d
 578 012c E9010000 		.4byte	0x1e9
 579 0130 00000000 		.4byte	.LLST0
 580 0134 0A       		.uleb128 0xa
 581 0135 703200   		.ascii	"p2\000"
 582 0138 01       		.byte	0x1
 583 0139 2D01     		.2byte	0x12d
 584 013b E9010000 		.4byte	0x1e9
 585 013f 00       		.byte	0x0
 586 0140 0C       		.uleb128 0xc
 587 0141 5C000000 		.4byte	.LBB3
 588 0145 98000000 		.4byte	.LBE3
 589 0149 68010000 		.4byte	0x168
 590 014d 0D       		.uleb128 0xd
 591 014e 703100   		.ascii	"p1\000"
 592 0151 01       		.byte	0x1
 593 0152 3001     		.2byte	0x130
 594 0154 E9010000 		.4byte	0x1e9
 595 0158 13000000 		.4byte	.LLST1
 596 015c 0A       		.uleb128 0xa
 597 015d 703200   		.ascii	"p2\000"
 598 0160 01       		.byte	0x1
 599 0161 3001     		.2byte	0x130
 600 0163 E9010000 		.4byte	0x1e9
 601 0167 00       		.byte	0x0
 602 0168 0C       		.uleb128 0xc
 603 0169 9C000000 		.4byte	.LBB4
 604 016d FC000000 		.4byte	.LBE4
 605 0171 90010000 		.4byte	0x190
 606 0175 0A       		.uleb128 0xa
 607 0176 747000   		.ascii	"tp\000"
 608 0179 01       		.byte	0x1
 609 017a 3B01     		.2byte	0x13b
 610 017c E9010000 		.4byte	0x1e9
 611 0180 0D       		.uleb128 0xd
 612 0181 647000   		.ascii	"dp\000"
 613 0184 01       		.byte	0x1
 614 0185 3B01     		.2byte	0x13b
ARM GAS  /tmp/ccxE5U8k.s 			page 12


 615 0187 E9010000 		.4byte	0x1e9
 616 018b 26000000 		.4byte	.LLST2
 617 018f 00       		.byte	0x0
 618 0190 0C       		.uleb128 0xc
 619 0191 FC000000 		.4byte	.LBB5
 620 0195 40010000 		.4byte	.LBE5
 621 0199 B8010000 		.4byte	0x1b8
 622 019d 0D       		.uleb128 0xd
 623 019e 703100   		.ascii	"p1\000"
 624 01a1 01       		.byte	0x1
 625 01a2 4601     		.2byte	0x146
 626 01a4 E9010000 		.4byte	0x1e9
 627 01a8 39000000 		.4byte	.LLST3
 628 01ac 0A       		.uleb128 0xa
 629 01ad 703200   		.ascii	"p2\000"
 630 01b0 01       		.byte	0x1
 631 01b1 4601     		.2byte	0x146
 632 01b3 E9010000 		.4byte	0x1e9
 633 01b7 00       		.byte	0x0
 634 01b8 0E       		.uleb128 0xe
 635 01b9 00000000 		.4byte	.Ldebug_ranges0+0x0
 636 01bd D2010000 		.4byte	0x1d2
 637 01c1 0D       		.uleb128 0xd
 638 01c2 66707000 		.ascii	"fpp\000"
 639 01c6 01       		.byte	0x1
 640 01c7 4F01     		.2byte	0x14f
 641 01c9 98000000 		.4byte	0x98
 642 01cd 4C000000 		.4byte	.LLST4
 643 01d1 00       		.byte	0x0
 644 01d2 0F       		.uleb128 0xf
 645 01d3 18000000 		.4byte	.Ldebug_ranges0+0x18
 646 01d7 0D       		.uleb128 0xd
 647 01d8 66707000 		.ascii	"fpp\000"
 648 01dc 01       		.byte	0x1
 649 01dd 5D01     		.2byte	0x15d
 650 01df 98000000 		.4byte	0x98
 651 01e3 5F000000 		.4byte	.LLST5
 652 01e7 00       		.byte	0x0
 653 01e8 00       		.byte	0x0
 654 01e9 05       		.uleb128 0x5
 655 01ea 04       		.byte	0x4
 656 01eb 57000000 		.4byte	0x57
 657 01ef 10       		.uleb128 0x10
 658 01f0 6D010000 		.4byte	.LASF16
 659 01f4 01       		.byte	0x1
 660 01f5 8B       		.byte	0x8b
 661 01f6 57000000 		.4byte	0x57
 662 01fa 01       		.byte	0x1
 663 01fb 01       		.byte	0x1
 664 01fc 10       		.uleb128 0x10
 665 01fd E0010000 		.4byte	.LASF17
 666 0201 01       		.byte	0x1
 667 0202 93       		.byte	0x93
 668 0203 57000000 		.4byte	0x57
 669 0207 01       		.byte	0x1
 670 0208 01       		.byte	0x1
 671 0209 10       		.uleb128 0x10
ARM GAS  /tmp/ccxE5U8k.s 			page 13


 672 020a 49000000 		.4byte	.LASF18
 673 020e 01       		.byte	0x1
 674 020f 9A       		.byte	0x9a
 675 0210 57000000 		.4byte	0x57
 676 0214 01       		.byte	0x1
 677 0215 01       		.byte	0x1
 678 0216 10       		.uleb128 0x10
 679 0217 B7010000 		.4byte	.LASF19
 680 021b 01       		.byte	0x1
 681 021c A1       		.byte	0xa1
 682 021d 57000000 		.4byte	0x57
 683 0221 01       		.byte	0x1
 684 0222 01       		.byte	0x1
 685 0223 10       		.uleb128 0x10
 686 0224 48010000 		.4byte	.LASF20
 687 0228 01       		.byte	0x1
 688 0229 A7       		.byte	0xa7
 689 022a 57000000 		.4byte	0x57
 690 022e 01       		.byte	0x1
 691 022f 01       		.byte	0x1
 692 0230 10       		.uleb128 0x10
 693 0231 A5010000 		.4byte	.LASF21
 694 0235 01       		.byte	0x1
 695 0236 AD       		.byte	0xad
 696 0237 57000000 		.4byte	0x57
 697 023b 01       		.byte	0x1
 698 023c 01       		.byte	0x1
 699 023d 10       		.uleb128 0x10
 700 023e 0B000000 		.4byte	.LASF22
 701 0242 01       		.byte	0x1
 702 0243 B3       		.byte	0xb3
 703 0244 57000000 		.4byte	0x57
 704 0248 01       		.byte	0x1
 705 0249 01       		.byte	0x1
 706 024a 10       		.uleb128 0x10
 707 024b 00000000 		.4byte	.LASF23
 708 024f 01       		.byte	0x1
 709 0250 B9       		.byte	0xb9
 710 0251 57000000 		.4byte	0x57
 711 0255 01       		.byte	0x1
 712 0256 01       		.byte	0x1
 713 0257 10       		.uleb128 0x10
 714 0258 D6000000 		.4byte	.LASF24
 715 025c 01       		.byte	0x1
 716 025d BF       		.byte	0xbf
 717 025e 57000000 		.4byte	0x57
 718 0262 01       		.byte	0x1
 719 0263 01       		.byte	0x1
 720 0264 10       		.uleb128 0x10
 721 0265 CD010000 		.4byte	.LASF25
 722 0269 01       		.byte	0x1
 723 026a C5       		.byte	0xc5
 724 026b 85000000 		.4byte	0x85
 725 026f 01       		.byte	0x1
 726 0270 01       		.byte	0x1
 727 0271 10       		.uleb128 0x10
 728 0272 DF000000 		.4byte	.LASF26
ARM GAS  /tmp/ccxE5U8k.s 			page 14


 729 0276 01       		.byte	0x1
 730 0277 CB       		.byte	0xcb
 731 0278 85000000 		.4byte	0x85
 732 027c 01       		.byte	0x1
 733 027d 01       		.byte	0x1
 734 027e 10       		.uleb128 0x10
 735 027f C3000000 		.4byte	.LASF27
 736 0283 01       		.byte	0x1
 737 0284 D1       		.byte	0xd1
 738 0285 85000000 		.4byte	0x85
 739 0289 01       		.byte	0x1
 740 028a 01       		.byte	0x1
 741 028b 10       		.uleb128 0x10
 742 028c 12000000 		.4byte	.LASF28
 743 0290 01       		.byte	0x1
 744 0291 D7       		.byte	0xd7
 745 0292 85000000 		.4byte	0x85
 746 0296 01       		.byte	0x1
 747 0297 01       		.byte	0x1
 748 0298 10       		.uleb128 0x10
 749 0299 6D010000 		.4byte	.LASF16
 750 029d 01       		.byte	0x1
 751 029e 8B       		.byte	0x8b
 752 029f 57000000 		.4byte	0x57
 753 02a3 01       		.byte	0x1
 754 02a4 01       		.byte	0x1
 755 02a5 10       		.uleb128 0x10
 756 02a6 E0010000 		.4byte	.LASF17
 757 02aa 01       		.byte	0x1
 758 02ab 93       		.byte	0x93
 759 02ac 57000000 		.4byte	0x57
 760 02b0 01       		.byte	0x1
 761 02b1 01       		.byte	0x1
 762 02b2 10       		.uleb128 0x10
 763 02b3 49000000 		.4byte	.LASF18
 764 02b7 01       		.byte	0x1
 765 02b8 9A       		.byte	0x9a
 766 02b9 57000000 		.4byte	0x57
 767 02bd 01       		.byte	0x1
 768 02be 01       		.byte	0x1
 769 02bf 10       		.uleb128 0x10
 770 02c0 B7010000 		.4byte	.LASF19
 771 02c4 01       		.byte	0x1
 772 02c5 A1       		.byte	0xa1
 773 02c6 57000000 		.4byte	0x57
 774 02ca 01       		.byte	0x1
 775 02cb 01       		.byte	0x1
 776 02cc 10       		.uleb128 0x10
 777 02cd 48010000 		.4byte	.LASF20
 778 02d1 01       		.byte	0x1
 779 02d2 A7       		.byte	0xa7
 780 02d3 57000000 		.4byte	0x57
 781 02d7 01       		.byte	0x1
 782 02d8 01       		.byte	0x1
 783 02d9 10       		.uleb128 0x10
 784 02da A5010000 		.4byte	.LASF21
 785 02de 01       		.byte	0x1
ARM GAS  /tmp/ccxE5U8k.s 			page 15


 786 02df AD       		.byte	0xad
 787 02e0 57000000 		.4byte	0x57
 788 02e4 01       		.byte	0x1
 789 02e5 01       		.byte	0x1
 790 02e6 10       		.uleb128 0x10
 791 02e7 0B000000 		.4byte	.LASF22
 792 02eb 01       		.byte	0x1
 793 02ec B3       		.byte	0xb3
 794 02ed 57000000 		.4byte	0x57
 795 02f1 01       		.byte	0x1
 796 02f2 01       		.byte	0x1
 797 02f3 10       		.uleb128 0x10
 798 02f4 00000000 		.4byte	.LASF23
 799 02f8 01       		.byte	0x1
 800 02f9 B9       		.byte	0xb9
 801 02fa 57000000 		.4byte	0x57
 802 02fe 01       		.byte	0x1
 803 02ff 01       		.byte	0x1
 804 0300 10       		.uleb128 0x10
 805 0301 D6000000 		.4byte	.LASF24
 806 0305 01       		.byte	0x1
 807 0306 BF       		.byte	0xbf
 808 0307 57000000 		.4byte	0x57
 809 030b 01       		.byte	0x1
 810 030c 01       		.byte	0x1
 811 030d 10       		.uleb128 0x10
 812 030e CD010000 		.4byte	.LASF25
 813 0312 01       		.byte	0x1
 814 0313 C5       		.byte	0xc5
 815 0314 85000000 		.4byte	0x85
 816 0318 01       		.byte	0x1
 817 0319 01       		.byte	0x1
 818 031a 10       		.uleb128 0x10
 819 031b DF000000 		.4byte	.LASF26
 820 031f 01       		.byte	0x1
 821 0320 CB       		.byte	0xcb
 822 0321 85000000 		.4byte	0x85
 823 0325 01       		.byte	0x1
 824 0326 01       		.byte	0x1
 825 0327 10       		.uleb128 0x10
 826 0328 C3000000 		.4byte	.LASF27
 827 032c 01       		.byte	0x1
 828 032d D1       		.byte	0xd1
 829 032e 85000000 		.4byte	0x85
 830 0332 01       		.byte	0x1
 831 0333 01       		.byte	0x1
 832 0334 10       		.uleb128 0x10
 833 0335 12000000 		.4byte	.LASF28
 834 0339 01       		.byte	0x1
 835 033a D7       		.byte	0xd7
 836 033b 85000000 		.4byte	0x85
 837 033f 01       		.byte	0x1
 838 0340 01       		.byte	0x1
 839 0341 00       		.byte	0x0
 840              		.section	.debug_abbrev
 841 0000 01       		.uleb128 0x1
 842 0001 11       		.uleb128 0x11
ARM GAS  /tmp/ccxE5U8k.s 			page 16


 843 0002 01       		.byte	0x1
 844 0003 25       		.uleb128 0x25
 845 0004 0E       		.uleb128 0xe
 846 0005 13       		.uleb128 0x13
 847 0006 0B       		.uleb128 0xb
 848 0007 03       		.uleb128 0x3
 849 0008 0E       		.uleb128 0xe
 850 0009 1B       		.uleb128 0x1b
 851 000a 0E       		.uleb128 0xe
 852 000b 11       		.uleb128 0x11
 853 000c 01       		.uleb128 0x1
 854 000d 52       		.uleb128 0x52
 855 000e 01       		.uleb128 0x1
 856 000f 55       		.uleb128 0x55
 857 0010 06       		.uleb128 0x6
 858 0011 10       		.uleb128 0x10
 859 0012 06       		.uleb128 0x6
 860 0013 00       		.byte	0x0
 861 0014 00       		.byte	0x0
 862 0015 02       		.uleb128 0x2
 863 0016 24       		.uleb128 0x24
 864 0017 00       		.byte	0x0
 865 0018 0B       		.uleb128 0xb
 866 0019 0B       		.uleb128 0xb
 867 001a 3E       		.uleb128 0x3e
 868 001b 0B       		.uleb128 0xb
 869 001c 03       		.uleb128 0x3
 870 001d 0E       		.uleb128 0xe
 871 001e 00       		.byte	0x0
 872 001f 00       		.byte	0x0
 873 0020 03       		.uleb128 0x3
 874 0021 16       		.uleb128 0x16
 875 0022 00       		.byte	0x0
 876 0023 03       		.uleb128 0x3
 877 0024 0E       		.uleb128 0xe
 878 0025 3A       		.uleb128 0x3a
 879 0026 0B       		.uleb128 0xb
 880 0027 3B       		.uleb128 0x3b
 881 0028 0B       		.uleb128 0xb
 882 0029 49       		.uleb128 0x49
 883 002a 13       		.uleb128 0x13
 884 002b 00       		.byte	0x0
 885 002c 00       		.byte	0x0
 886 002d 04       		.uleb128 0x4
 887 002e 24       		.uleb128 0x24
 888 002f 00       		.byte	0x0
 889 0030 0B       		.uleb128 0xb
 890 0031 0B       		.uleb128 0xb
 891 0032 3E       		.uleb128 0x3e
 892 0033 0B       		.uleb128 0xb
 893 0034 03       		.uleb128 0x3
 894 0035 08       		.uleb128 0x8
 895 0036 00       		.byte	0x0
 896 0037 00       		.byte	0x0
 897 0038 05       		.uleb128 0x5
 898 0039 0F       		.uleb128 0xf
 899 003a 00       		.byte	0x0
ARM GAS  /tmp/ccxE5U8k.s 			page 17


 900 003b 0B       		.uleb128 0xb
 901 003c 0B       		.uleb128 0xb
 902 003d 49       		.uleb128 0x49
 903 003e 13       		.uleb128 0x13
 904 003f 00       		.byte	0x0
 905 0040 00       		.byte	0x0
 906 0041 06       		.uleb128 0x6
 907 0042 15       		.uleb128 0x15
 908 0043 00       		.byte	0x0
 909 0044 27       		.uleb128 0x27
 910 0045 0C       		.uleb128 0xc
 911 0046 00       		.byte	0x0
 912 0047 00       		.byte	0x0
 913 0048 07       		.uleb128 0x7
 914 0049 2E       		.uleb128 0x2e
 915 004a 00       		.byte	0x0
 916 004b 3F       		.uleb128 0x3f
 917 004c 0C       		.uleb128 0xc
 918 004d 03       		.uleb128 0x3
 919 004e 0E       		.uleb128 0xe
 920 004f 3A       		.uleb128 0x3a
 921 0050 0B       		.uleb128 0xb
 922 0051 3B       		.uleb128 0x3b
 923 0052 0B       		.uleb128 0xb
 924 0053 27       		.uleb128 0x27
 925 0054 0C       		.uleb128 0xc
 926 0055 11       		.uleb128 0x11
 927 0056 01       		.uleb128 0x1
 928 0057 12       		.uleb128 0x12
 929 0058 01       		.uleb128 0x1
 930 0059 40       		.uleb128 0x40
 931 005a 0A       		.uleb128 0xa
 932 005b 00       		.byte	0x0
 933 005c 00       		.byte	0x0
 934 005d 08       		.uleb128 0x8
 935 005e 2E       		.uleb128 0x2e
 936 005f 00       		.byte	0x0
 937 0060 3F       		.uleb128 0x3f
 938 0061 0C       		.uleb128 0xc
 939 0062 03       		.uleb128 0x3
 940 0063 0E       		.uleb128 0xe
 941 0064 3A       		.uleb128 0x3a
 942 0065 0B       		.uleb128 0xb
 943 0066 3B       		.uleb128 0x3b
 944 0067 05       		.uleb128 0x5
 945 0068 27       		.uleb128 0x27
 946 0069 0C       		.uleb128 0xc
 947 006a 11       		.uleb128 0x11
 948 006b 01       		.uleb128 0x1
 949 006c 12       		.uleb128 0x12
 950 006d 01       		.uleb128 0x1
 951 006e 40       		.uleb128 0x40
 952 006f 0A       		.uleb128 0xa
 953 0070 00       		.byte	0x0
 954 0071 00       		.byte	0x0
 955 0072 09       		.uleb128 0x9
 956 0073 2E       		.uleb128 0x2e
ARM GAS  /tmp/ccxE5U8k.s 			page 18


 957 0074 01       		.byte	0x1
 958 0075 3F       		.uleb128 0x3f
 959 0076 0C       		.uleb128 0xc
 960 0077 03       		.uleb128 0x3
 961 0078 0E       		.uleb128 0xe
 962 0079 3A       		.uleb128 0x3a
 963 007a 0B       		.uleb128 0xb
 964 007b 3B       		.uleb128 0x3b
 965 007c 05       		.uleb128 0x5
 966 007d 27       		.uleb128 0x27
 967 007e 0C       		.uleb128 0xc
 968 007f 11       		.uleb128 0x11
 969 0080 01       		.uleb128 0x1
 970 0081 12       		.uleb128 0x12
 971 0082 01       		.uleb128 0x1
 972 0083 40       		.uleb128 0x40
 973 0084 0A       		.uleb128 0xa
 974 0085 01       		.uleb128 0x1
 975 0086 13       		.uleb128 0x13
 976 0087 00       		.byte	0x0
 977 0088 00       		.byte	0x0
 978 0089 0A       		.uleb128 0xa
 979 008a 34       		.uleb128 0x34
 980 008b 00       		.byte	0x0
 981 008c 03       		.uleb128 0x3
 982 008d 08       		.uleb128 0x8
 983 008e 3A       		.uleb128 0x3a
 984 008f 0B       		.uleb128 0xb
 985 0090 3B       		.uleb128 0x3b
 986 0091 05       		.uleb128 0x5
 987 0092 49       		.uleb128 0x49
 988 0093 13       		.uleb128 0x13
 989 0094 00       		.byte	0x0
 990 0095 00       		.byte	0x0
 991 0096 0B       		.uleb128 0xb
 992 0097 34       		.uleb128 0x34
 993 0098 00       		.byte	0x0
 994 0099 03       		.uleb128 0x3
 995 009a 08       		.uleb128 0x8
 996 009b 3A       		.uleb128 0x3a
 997 009c 0B       		.uleb128 0xb
 998 009d 3B       		.uleb128 0x3b
 999 009e 05       		.uleb128 0x5
 1000 009f 49       		.uleb128 0x49
 1001 00a0 13       		.uleb128 0x13
 1002 00a1 1C       		.uleb128 0x1c
 1003 00a2 0B       		.uleb128 0xb
 1004 00a3 00       		.byte	0x0
 1005 00a4 00       		.byte	0x0
 1006 00a5 0C       		.uleb128 0xc
 1007 00a6 0B       		.uleb128 0xb
 1008 00a7 01       		.byte	0x1
 1009 00a8 11       		.uleb128 0x11
 1010 00a9 01       		.uleb128 0x1
 1011 00aa 12       		.uleb128 0x12
 1012 00ab 01       		.uleb128 0x1
 1013 00ac 01       		.uleb128 0x1
ARM GAS  /tmp/ccxE5U8k.s 			page 19


 1014 00ad 13       		.uleb128 0x13
 1015 00ae 00       		.byte	0x0
 1016 00af 00       		.byte	0x0
 1017 00b0 0D       		.uleb128 0xd
 1018 00b1 34       		.uleb128 0x34
 1019 00b2 00       		.byte	0x0
 1020 00b3 03       		.uleb128 0x3
 1021 00b4 08       		.uleb128 0x8
 1022 00b5 3A       		.uleb128 0x3a
 1023 00b6 0B       		.uleb128 0xb
 1024 00b7 3B       		.uleb128 0x3b
 1025 00b8 05       		.uleb128 0x5
 1026 00b9 49       		.uleb128 0x49
 1027 00ba 13       		.uleb128 0x13
 1028 00bb 02       		.uleb128 0x2
 1029 00bc 06       		.uleb128 0x6
 1030 00bd 00       		.byte	0x0
 1031 00be 00       		.byte	0x0
 1032 00bf 0E       		.uleb128 0xe
 1033 00c0 0B       		.uleb128 0xb
 1034 00c1 01       		.byte	0x1
 1035 00c2 55       		.uleb128 0x55
 1036 00c3 06       		.uleb128 0x6
 1037 00c4 01       		.uleb128 0x1
 1038 00c5 13       		.uleb128 0x13
 1039 00c6 00       		.byte	0x0
 1040 00c7 00       		.byte	0x0
 1041 00c8 0F       		.uleb128 0xf
 1042 00c9 0B       		.uleb128 0xb
 1043 00ca 01       		.byte	0x1
 1044 00cb 55       		.uleb128 0x55
 1045 00cc 06       		.uleb128 0x6
 1046 00cd 00       		.byte	0x0
 1047 00ce 00       		.byte	0x0
 1048 00cf 10       		.uleb128 0x10
 1049 00d0 34       		.uleb128 0x34
 1050 00d1 00       		.byte	0x0
 1051 00d2 03       		.uleb128 0x3
 1052 00d3 0E       		.uleb128 0xe
 1053 00d4 3A       		.uleb128 0x3a
 1054 00d5 0B       		.uleb128 0xb
 1055 00d6 3B       		.uleb128 0x3b
 1056 00d7 0B       		.uleb128 0xb
 1057 00d8 49       		.uleb128 0x49
 1058 00d9 13       		.uleb128 0x13
 1059 00da 3F       		.uleb128 0x3f
 1060 00db 0C       		.uleb128 0xc
 1061 00dc 3C       		.uleb128 0x3c
 1062 00dd 0C       		.uleb128 0xc
 1063 00de 00       		.byte	0x0
 1064 00df 00       		.byte	0x0
 1065 00e0 00       		.byte	0x0
 1066              		.section	.debug_pubnames,"",%progbits
 1067 0000 52000000 		.4byte	0x52
 1068 0004 0200     		.2byte	0x2
 1069 0006 00000000 		.4byte	.Ldebug_info0
 1070 000a 42030000 		.4byte	0x342
ARM GAS  /tmp/ccxE5U8k.s 			page 20


 1071 000e A9000000 		.4byte	0xa9
 1072 0012 5F5F6561 		.ascii	"__early_init\000"
 1072      726C795F 
 1072      696E6974 
 1072      00
 1073 001f BD000000 		.4byte	0xbd
 1074 0023 5F5F6C61 		.ascii	"__late_init\000"
 1074      74655F69 
 1074      6E697400 
 1075 002f D1000000 		.4byte	0xd1
 1076 0033 5F646566 		.ascii	"_default_exit\000"
 1076      61756C74 
 1076      5F657869 
 1076      7400
 1077 0041 E6000000 		.4byte	0xe6
 1078 0045 52657365 		.ascii	"ResetHandler\000"
 1078      7448616E 
 1078      646C6572 
 1078      00
 1079 0052 00000000 		.4byte	0x0
 1080              		.section	.debug_pubtypes,"",%progbits
 1081 0000 40000000 		.4byte	0x40
 1082 0004 0200     		.2byte	0x2
 1083 0006 00000000 		.4byte	.Ldebug_info0
 1084 000a 42030000 		.4byte	0x342
 1085 000e 30000000 		.4byte	0x30
 1086 0012 75696E74 		.ascii	"uint8_t\000"
 1086      385F7400 
 1087 001a 57000000 		.4byte	0x57
 1088 001e 75696E74 		.ascii	"uint32_t\000"
 1088      33325F74 
 1088      00
 1089 0027 85000000 		.4byte	0x85
 1090 002b 66756E63 		.ascii	"funcp_t\000"
 1090      705F7400 
 1091 0033 98000000 		.4byte	0x98
 1092 0037 66756E63 		.ascii	"funcpp_t\000"
 1092      70705F74 
 1092      00
 1093 0040 00000000 		.4byte	0x0
 1094              		.section	.debug_aranges,"",%progbits
 1095 0000 34000000 		.4byte	0x34
 1096 0004 0200     		.2byte	0x2
 1097 0006 00000000 		.4byte	.Ldebug_info0
 1098 000a 04       		.byte	0x4
 1099 000b 00       		.byte	0x0
 1100 000c 0000     		.2byte	0x0
 1101 000e 0000     		.2byte	0x0
 1102 0010 00000000 		.4byte	.LFB0
 1103 0014 02000000 		.4byte	.LFE0-.LFB0
 1104 0018 00000000 		.4byte	.LFB1
 1105 001c 02000000 		.4byte	.LFE1-.LFB1
 1106 0020 00000000 		.4byte	.LFB2
 1107 0024 02000000 		.4byte	.LFE2-.LFB2
 1108 0028 00000000 		.4byte	.LFB3
 1109 002c DE010000 		.4byte	.LFE3-.LFB3
 1110 0030 00000000 		.4byte	0x0
ARM GAS  /tmp/ccxE5U8k.s 			page 21


 1111 0034 00000000 		.4byte	0x0
 1112              		.section	.debug_ranges,"",%progbits
 1113              	.Ldebug_ranges0:
 1114 0000 40010000 		.4byte	.LBB6
 1115 0004 50010000 		.4byte	.LBE6
 1116 0008 54010000 		.4byte	.LBB7
 1117 000c 8C010000 		.4byte	.LBE7
 1118 0010 00000000 		.4byte	0x0
 1119 0014 00000000 		.4byte	0x0
 1120 0018 8C010000 		.4byte	.LBB8
 1121 001c 9C010000 		.4byte	.LBE8
 1122 0020 A0010000 		.4byte	.LBB9
 1123 0024 DA010000 		.4byte	.LBE9
 1124 0028 00000000 		.4byte	0x0
 1125 002c 00000000 		.4byte	0x0
 1126 0030 00000000 		.4byte	.LFB0
 1127 0034 02000000 		.4byte	.LFE0
 1128 0038 00000000 		.4byte	.LFB1
 1129 003c 02000000 		.4byte	.LFE1
 1130 0040 00000000 		.4byte	.LFB2
 1131 0044 02000000 		.4byte	.LFE2
 1132 0048 00000000 		.4byte	.LFB3
 1133 004c DE010000 		.4byte	.LFE3
 1134 0050 00000000 		.4byte	0x0
 1135 0054 00000000 		.4byte	0x0
 1136              		.section	.debug_str,"MS",%progbits,1
 1137              	.LASF23:
 1138 0000 5F627373 		.ascii	"_bss_start\000"
 1138      5F737461 
 1138      727400
 1139              	.LASF22:
 1140 000b 5F656461 		.ascii	"_edata\000"
 1140      746100
 1141              	.LASF28:
 1142 0012 5F5F6669 		.ascii	"__fini_array_end\000"
 1142      6E695F61 
 1142      72726179 
 1142      5F656E64 
 1142      00
 1143              	.LASF29:
 1144 0023 474E5520 		.ascii	"GNU C 4.5.1\000"
 1144      4320342E 
 1144      352E3100 
 1145              	.LASF31:
 1146 002f 2F686F6D 		.ascii	"/home/nis/stm32f407d_neko\000"
 1146      652F6E69 
 1146      732F7374 
 1146      6D333266 
 1146      34303764 
 1147              	.LASF18:
 1148 0049 5F5F7072 		.ascii	"__process_stack_base__\000"
 1148      6F636573 
 1148      735F7374 
 1148      61636B5F 
 1148      62617365 
 1149              	.LASF12:
 1150 0060 66756E63 		.ascii	"funcpp_t\000"
ARM GAS  /tmp/ccxE5U8k.s 			page 22


 1150      70705F74 
 1150      00
 1151              	.LASF15:
 1152 0069 5F646566 		.ascii	"_default_exit\000"
 1152      61756C74 
 1152      5F657869 
 1152      7400
 1153              	.LASF1:
 1154 0077 756E7369 		.ascii	"unsigned char\000"
 1154      676E6564 
 1154      20636861 
 1154      7200
 1155              	.LASF14:
 1156 0085 5F5F6C61 		.ascii	"__late_init\000"
 1156      74655F69 
 1156      6E697400 
 1157              	.LASF7:
 1158 0091 6C6F6E67 		.ascii	"long unsigned int\000"
 1158      20756E73 
 1158      69676E65 
 1158      6420696E 
 1158      7400
 1159              	.LASF32:
 1160 00a3 52657365 		.ascii	"ResetHandler\000"
 1160      7448616E 
 1160      646C6572 
 1160      00
 1161              	.LASF3:
 1162 00b0 73686F72 		.ascii	"short unsigned int\000"
 1162      7420756E 
 1162      7369676E 
 1162      65642069 
 1162      6E7400
 1163              	.LASF27:
 1164 00c3 5F5F6669 		.ascii	"__fini_array_start\000"
 1164      6E695F61 
 1164      72726179 
 1164      5F737461 
 1164      727400
 1165              	.LASF24:
 1166 00d6 5F627373 		.ascii	"_bss_end\000"
 1166      5F656E64 
 1166      00
 1167              	.LASF26:
 1168 00df 5F5F696E 		.ascii	"__init_array_end\000"
 1168      69745F61 
 1168      72726179 
 1168      5F656E64 
 1168      00
 1169              	.LASF30:
 1170 00f0 2E2E2F43 		.ascii	"../ChibiOS_2.6.2/os/ports/GCC/ARMCMx/crt0.c\000"
 1170      68696269 
 1170      4F535F32 
 1170      2E362E32 
 1170      2F6F732F 
 1171              	.LASF10:
 1172 011c 756E7369 		.ascii	"unsigned int\000"
ARM GAS  /tmp/ccxE5U8k.s 			page 23


 1172      676E6564 
 1172      20696E74 
 1172      00
 1173              	.LASF9:
 1174 0129 6C6F6E67 		.ascii	"long long unsigned int\000"
 1174      206C6F6E 
 1174      6720756E 
 1174      7369676E 
 1174      65642069 
 1175              	.LASF5:
 1176 0140 75696E74 		.ascii	"uint8_t\000"
 1176      385F7400 
 1177              	.LASF20:
 1178 0148 5F746578 		.ascii	"_textdata\000"
 1178      74646174 
 1178      6100
 1179              	.LASF13:
 1180 0152 5F5F6561 		.ascii	"__early_init\000"
 1180      726C795F 
 1180      696E6974 
 1180      00
 1181              	.LASF8:
 1182 015f 6C6F6E67 		.ascii	"long long int\000"
 1182      206C6F6E 
 1182      6720696E 
 1182      7400
 1183              	.LASF16:
 1184 016d 5F5F6D61 		.ascii	"__main_stack_base__\000"
 1184      696E5F73 
 1184      7461636B 
 1184      5F626173 
 1184      655F5F00 
 1185              	.LASF2:
 1186 0181 73686F72 		.ascii	"short int\000"
 1186      7420696E 
 1186      7400
 1187              	.LASF11:
 1188 018b 66756E63 		.ascii	"funcp_t\000"
 1188      705F7400 
 1189              	.LASF6:
 1190 0193 75696E74 		.ascii	"uint32_t\000"
 1190      33325F74 
 1190      00
 1191              	.LASF4:
 1192 019c 6C6F6E67 		.ascii	"long int\000"
 1192      20696E74 
 1192      00
 1193              	.LASF21:
 1194 01a5 5F646174 		.ascii	"_data\000"
 1194      6100
 1195              	.LASF0:
 1196 01ab 7369676E 		.ascii	"signed char\000"
 1196      65642063 
 1196      68617200 
 1197              	.LASF19:
 1198 01b7 5F5F7072 		.ascii	"__process_stack_end__\000"
 1198      6F636573 
ARM GAS  /tmp/ccxE5U8k.s 			page 24


 1198      735F7374 
 1198      61636B5F 
 1198      656E645F 
 1199              	.LASF25:
 1200 01cd 5F5F696E 		.ascii	"__init_array_start\000"
 1200      69745F61 
 1200      72726179 
 1200      5F737461 
 1200      727400
 1201              	.LASF17:
 1202 01e0 5F5F6D61 		.ascii	"__main_stack_end__\000"
 1202      696E5F73 
 1202      7461636B 
 1202      5F656E64 
 1202      5F5F00
 1203              		.ident	"GCC: (Sourcery G++ Lite 2010.09-51) 4.5.1"
ARM GAS  /tmp/ccxE5U8k.s 			page 25


DEFINED SYMBOLS
                            *ABS*:00000000 crt0.c
     /tmp/ccxE5U8k.s:24     .text.__early_init:00000000 $t
     /tmp/ccxE5U8k.s:30     .text.__early_init:00000000 __early_init
     /tmp/ccxE5U8k.s:44     .text.__late_init:00000000 $t
     /tmp/ccxE5U8k.s:50     .text.__late_init:00000000 __late_init
     /tmp/ccxE5U8k.s:63     .text._default_exit:00000000 $t
     /tmp/ccxE5U8k.s:69     .text._default_exit:00000000 _default_exit
     /tmp/ccxE5U8k.s:82     .text.ResetHandler:00000000 $t
     /tmp/ccxE5U8k.s:88     .text.ResetHandler:00000000 ResetHandler
                     .debug_frame:00000010 $d

UNDEFINED SYMBOLS
__process_stack_end__
__main_stack_base__
__main_stack_end__
__process_stack_base__
_edata
_data
_textdata
_bss_start
_bss_end
__init_array_start
__init_array_end
__fini_array_start
__fini_array_end
main
