ARM GAS  /tmp/ccf4ReKH.s 			page 1


   1              		.syntax unified
   2              		.cpu cortex-m4
   3              		.fpu softvfp
   4              		.eabi_attribute 20, 1
   5              		.eabi_attribute 21, 1
   6              		.eabi_attribute 23, 3
   7              		.eabi_attribute 24, 1
   8              		.eabi_attribute 25, 1
   9              		.eabi_attribute 26, 1
  10              		.eabi_attribute 30, 2
  11              		.eabi_attribute 18, 4
  12              		.thumb
  13              		.file	"gfx.c"
  14              		.section	.debug_abbrev,"",%progbits
  15              	.Ldebug_abbrev0:
  16              		.section	.debug_info,"",%progbits
  17              	.Ldebug_info0:
  18              		.section	.debug_line,"",%progbits
  19              	.Ldebug_line0:
  20 0000 58010000 		.text
  20      02002801 
  20      00000201 
  20      FB0E0D00 
  20      01010101 
  21              	.Ltext0:
  22              		.cfi_sections	.debug_frame
  23              		.section	.text.gfxInit,"ax",%progbits
  24              		.align	2
  25              		.p2align 4,,15
  26              		.global	gfxInit
  27              		.thumb
  28              		.thumb_func
  29              		.type	gfxInit, %function
  30              	gfxInit:
  31              	.LFB119:
  32              		.file 1 "../ChibiOS_2.6.2/ext/ugfx/src/gfx.c"
  33              		.loc 1 50 0
  34              		.cfi_startproc
  35              		@ args = 0, pretend = 0, frame = 0
  36              		@ frame_needed = 0, uses_anonymous_args = 0
  37              		.loc 1 54 0
  38 0000 40F20003 		movw	r3, #:lower16:.LANCHOR0
  39 0004 C0F20003 		movt	r3, #:upper16:.LANCHOR0
  40              		.loc 1 50 0
  41 0008 10B5     		push	{r4, lr}
  42              	.LCFI0:
  43              		.cfi_def_cfa_offset 8
  44              		.loc 1 54 0
  45 000a 1A78     		ldrb	r2, [r3, #0]	@ zero_extendqisi2
  46 000c 02B1     		cbz	r2, .L4
  47              		.cfi_offset 14, -4
  48              		.cfi_offset 4, -8
  49 000e 10BD     		pop	{r4, pc}
  50              	.L4:
  51              		.loc 1 56 0
  52 0010 0120     		movs	r0, #1
  53 0012 1870     		strb	r0, [r3, #0]
ARM GAS  /tmp/ccf4ReKH.s 			page 2


  54              		.loc 1 59 0
  55 0014 FFF7FEFF 		bl	_gosInit
  56              		.loc 1 87 0
  57 0018 BDE81040 		pop	{r4, lr}
  58              		.loc 1 70 0
  59 001c FFF7FEBF 		b	_gdispInit
  60              		.cfi_endproc
  61              	.LFE119:
  62              		.size	gfxInit, .-gfxInit
  63              		.section	.text.gdispInit,"ax",%progbits
  64              		.align	2
  65              		.p2align 4,,15
  66              		.global	gdispInit
  67              		.thumb
  68              		.thumb_func
  69              		.type	gdispInit, %function
  70              	gdispInit:
  71              	.LFB118:
  72              		.loc 1 18 0
  73              		.cfi_startproc
  74              		@ args = 0, pretend = 0, frame = 0
  75              		@ frame_needed = 0, uses_anonymous_args = 0
  76              		@ link register save eliminated.
  77              		.loc 1 18 0
  78 0000 FFF7FEBF 		b	gfxInit
  79              		.cfi_endproc
  80              	.LFE118:
  81              		.size	gdispInit, .-gdispInit
  82 0004 AFF30080 		.section	.bss.initDone.4114,"aw",%nobits
  82      AFF30080 
  82      AFF30080 
  83              		.set	.LANCHOR0,. + 0
  84              		.type	initDone.4114, %object
  85              		.size	initDone.4114, 1
  86              	initDone.4114:
  87 0000 00       		.space	1
  88              		.text
  89              	.Letext0:
  90              		.section	.debug_loc,"",%progbits
  91              	.Ldebug_loc0:
  92              	.LLST0:
  93 0000 00000000 		.4byte	.LFB119
  94 0004 0A000000 		.4byte	.LCFI0
  95 0008 0200     		.2byte	0x2
  96 000a 7D       		.byte	0x7d
  97 000b 00       		.sleb128 0
  98 000c 0A000000 		.4byte	.LCFI0
  99 0010 20000000 		.4byte	.LFE119
 100 0014 0200     		.2byte	0x2
 101 0016 7D       		.byte	0x7d
 102 0017 08       		.sleb128 8
 103 0018 00000000 		.4byte	0x0
 104 001c 00000000 		.4byte	0x0
 105              		.file 2 "/opt/sgpp-lite-arm-eabi-bin-2010.09.51/bin/../lib/gcc/arm-none-eabi/4.5.1/../../../../arm
 106              		.file 3 "../ChibiOS_2.6.2/os/ports/GCC/ARMCMx/chtypes.h"
 107              		.file 4 "../ChibiOS_2.6.2/os/ports/common/ARMCMx/CMSIS/include/core_cm4.h"
 108              		.section	.debug_info
ARM GAS  /tmp/ccf4ReKH.s 			page 3


 109 0000 F0000000 		.4byte	0xf0
 110 0004 0200     		.2byte	0x2
 111 0006 00000000 		.4byte	.Ldebug_abbrev0
 112 000a 04       		.byte	0x4
 113 000b 01       		.uleb128 0x1
 114 000c 0E000000 		.4byte	.LASF14
 115 0010 01       		.byte	0x1
 116 0011 63000000 		.4byte	.LASF15
 117 0015 87000000 		.4byte	.LASF16
 118 0019 00000000 		.4byte	0x0
 119 001d 00000000 		.4byte	0x0
 120 0021 00000000 		.4byte	.Ldebug_ranges0+0x0
 121 0025 00000000 		.4byte	.Ldebug_line0
 122 0029 02       		.uleb128 0x2
 123 002a 04       		.byte	0x4
 124 002b 05       		.byte	0x5
 125 002c 696E7400 		.ascii	"int\000"
 126 0030 03       		.uleb128 0x3
 127 0031 04       		.byte	0x4
 128 0032 07       		.byte	0x7
 129 0033 1A000000 		.4byte	.LASF0
 130 0037 03       		.uleb128 0x3
 131 0038 01       		.byte	0x1
 132 0039 06       		.byte	0x6
 133 003a E2000000 		.4byte	.LASF1
 134 003e 03       		.uleb128 0x3
 135 003f 01       		.byte	0x1
 136 0040 08       		.byte	0x8
 137 0041 A1000000 		.4byte	.LASF2
 138 0045 03       		.uleb128 0x3
 139 0046 02       		.byte	0x2
 140 0047 05       		.byte	0x5
 141 0048 FE000000 		.4byte	.LASF3
 142 004c 03       		.uleb128 0x3
 143 004d 02       		.byte	0x2
 144 004e 07       		.byte	0x7
 145 004f 50000000 		.4byte	.LASF4
 146 0053 04       		.uleb128 0x4
 147 0054 08010000 		.4byte	.LASF9
 148 0058 02       		.byte	0x2
 149 0059 4F       		.byte	0x4f
 150 005a 5E000000 		.4byte	0x5e
 151 005e 03       		.uleb128 0x3
 152 005f 04       		.byte	0x4
 153 0060 05       		.byte	0x5
 154 0061 B4000000 		.4byte	.LASF5
 155 0065 03       		.uleb128 0x3
 156 0066 04       		.byte	0x4
 157 0067 07       		.byte	0x7
 158 0068 27000000 		.4byte	.LASF6
 159 006c 03       		.uleb128 0x3
 160 006d 08       		.byte	0x8
 161 006e 05       		.byte	0x5
 162 006f 00000000 		.4byte	.LASF7
 163 0073 03       		.uleb128 0x3
 164 0074 08       		.byte	0x8
 165 0075 07       		.byte	0x7
ARM GAS  /tmp/ccf4ReKH.s 			page 4


 166 0076 39000000 		.4byte	.LASF8
 167 007a 04       		.uleb128 0x4
 168 007b EE000000 		.4byte	.LASF10
 169 007f 03       		.byte	0x3
 170 0080 2B       		.byte	0x2b
 171 0081 85000000 		.4byte	0x85
 172 0085 03       		.uleb128 0x3
 173 0086 01       		.byte	0x1
 174 0087 02       		.byte	0x2
 175 0088 BD000000 		.4byte	.LASF11
 176 008c 03       		.uleb128 0x3
 177 008d 01       		.byte	0x1
 178 008e 08       		.byte	0x8
 179 008f AF000000 		.4byte	.LASF12
 180 0093 05       		.uleb128 0x5
 181 0094 53000000 		.4byte	0x53
 182 0098 06       		.uleb128 0x6
 183 0099 01       		.byte	0x1
 184 009a C3000000 		.4byte	.LASF17
 185 009e 01       		.byte	0x1
 186 009f 32       		.byte	0x32
 187 00a0 01       		.byte	0x1
 188 00a1 00000000 		.4byte	.LFB119
 189 00a5 20000000 		.4byte	.LFE119
 190 00a9 00000000 		.4byte	.LLST0
 191 00ad C3000000 		.4byte	0xc3
 192 00b1 07       		.uleb128 0x7
 193 00b2 F5000000 		.4byte	.LASF18
 194 00b6 01       		.byte	0x1
 195 00b7 33       		.byte	0x33
 196 00b8 7A000000 		.4byte	0x7a
 197 00bc 05       		.byte	0x5
 198 00bd 03       		.byte	0x3
 199 00be 00000000 		.4byte	initDone.4114
 200 00c2 00       		.byte	0x0
 201 00c3 08       		.uleb128 0x8
 202 00c4 01       		.byte	0x1
 203 00c5 CB000000 		.4byte	.LASF19
 204 00c9 01       		.byte	0x1
 205 00ca 12       		.byte	0x12
 206 00cb 01       		.byte	0x1
 207 00cc 00000000 		.4byte	.LFB118
 208 00d0 04000000 		.4byte	.LFE118
 209 00d4 02       		.byte	0x2
 210 00d5 7D       		.byte	0x7d
 211 00d6 00       		.sleb128 0
 212 00d7 09       		.uleb128 0x9
 213 00d8 D5000000 		.4byte	.LASF13
 214 00dc 04       		.byte	0x4
 215 00dd 9806     		.2byte	0x698
 216 00df 93000000 		.4byte	0x93
 217 00e3 01       		.byte	0x1
 218 00e4 01       		.byte	0x1
 219 00e5 09       		.uleb128 0x9
 220 00e6 D5000000 		.4byte	.LASF13
 221 00ea 04       		.byte	0x4
 222 00eb 9806     		.2byte	0x698
ARM GAS  /tmp/ccf4ReKH.s 			page 5


 223 00ed 93000000 		.4byte	0x93
 224 00f1 01       		.byte	0x1
 225 00f2 01       		.byte	0x1
 226 00f3 00       		.byte	0x0
 227              		.section	.debug_abbrev
 228 0000 01       		.uleb128 0x1
 229 0001 11       		.uleb128 0x11
 230 0002 01       		.byte	0x1
 231 0003 25       		.uleb128 0x25
 232 0004 0E       		.uleb128 0xe
 233 0005 13       		.uleb128 0x13
 234 0006 0B       		.uleb128 0xb
 235 0007 03       		.uleb128 0x3
 236 0008 0E       		.uleb128 0xe
 237 0009 1B       		.uleb128 0x1b
 238 000a 0E       		.uleb128 0xe
 239 000b 11       		.uleb128 0x11
 240 000c 01       		.uleb128 0x1
 241 000d 52       		.uleb128 0x52
 242 000e 01       		.uleb128 0x1
 243 000f 55       		.uleb128 0x55
 244 0010 06       		.uleb128 0x6
 245 0011 10       		.uleb128 0x10
 246 0012 06       		.uleb128 0x6
 247 0013 00       		.byte	0x0
 248 0014 00       		.byte	0x0
 249 0015 02       		.uleb128 0x2
 250 0016 24       		.uleb128 0x24
 251 0017 00       		.byte	0x0
 252 0018 0B       		.uleb128 0xb
 253 0019 0B       		.uleb128 0xb
 254 001a 3E       		.uleb128 0x3e
 255 001b 0B       		.uleb128 0xb
 256 001c 03       		.uleb128 0x3
 257 001d 08       		.uleb128 0x8
 258 001e 00       		.byte	0x0
 259 001f 00       		.byte	0x0
 260 0020 03       		.uleb128 0x3
 261 0021 24       		.uleb128 0x24
 262 0022 00       		.byte	0x0
 263 0023 0B       		.uleb128 0xb
 264 0024 0B       		.uleb128 0xb
 265 0025 3E       		.uleb128 0x3e
 266 0026 0B       		.uleb128 0xb
 267 0027 03       		.uleb128 0x3
 268 0028 0E       		.uleb128 0xe
 269 0029 00       		.byte	0x0
 270 002a 00       		.byte	0x0
 271 002b 04       		.uleb128 0x4
 272 002c 16       		.uleb128 0x16
 273 002d 00       		.byte	0x0
 274 002e 03       		.uleb128 0x3
 275 002f 0E       		.uleb128 0xe
 276 0030 3A       		.uleb128 0x3a
 277 0031 0B       		.uleb128 0xb
 278 0032 3B       		.uleb128 0x3b
 279 0033 0B       		.uleb128 0xb
ARM GAS  /tmp/ccf4ReKH.s 			page 6


 280 0034 49       		.uleb128 0x49
 281 0035 13       		.uleb128 0x13
 282 0036 00       		.byte	0x0
 283 0037 00       		.byte	0x0
 284 0038 05       		.uleb128 0x5
 285 0039 35       		.uleb128 0x35
 286 003a 00       		.byte	0x0
 287 003b 49       		.uleb128 0x49
 288 003c 13       		.uleb128 0x13
 289 003d 00       		.byte	0x0
 290 003e 00       		.byte	0x0
 291 003f 06       		.uleb128 0x6
 292 0040 2E       		.uleb128 0x2e
 293 0041 01       		.byte	0x1
 294 0042 3F       		.uleb128 0x3f
 295 0043 0C       		.uleb128 0xc
 296 0044 03       		.uleb128 0x3
 297 0045 0E       		.uleb128 0xe
 298 0046 3A       		.uleb128 0x3a
 299 0047 0B       		.uleb128 0xb
 300 0048 3B       		.uleb128 0x3b
 301 0049 0B       		.uleb128 0xb
 302 004a 27       		.uleb128 0x27
 303 004b 0C       		.uleb128 0xc
 304 004c 11       		.uleb128 0x11
 305 004d 01       		.uleb128 0x1
 306 004e 12       		.uleb128 0x12
 307 004f 01       		.uleb128 0x1
 308 0050 40       		.uleb128 0x40
 309 0051 06       		.uleb128 0x6
 310 0052 01       		.uleb128 0x1
 311 0053 13       		.uleb128 0x13
 312 0054 00       		.byte	0x0
 313 0055 00       		.byte	0x0
 314 0056 07       		.uleb128 0x7
 315 0057 34       		.uleb128 0x34
 316 0058 00       		.byte	0x0
 317 0059 03       		.uleb128 0x3
 318 005a 0E       		.uleb128 0xe
 319 005b 3A       		.uleb128 0x3a
 320 005c 0B       		.uleb128 0xb
 321 005d 3B       		.uleb128 0x3b
 322 005e 0B       		.uleb128 0xb
 323 005f 49       		.uleb128 0x49
 324 0060 13       		.uleb128 0x13
 325 0061 02       		.uleb128 0x2
 326 0062 0A       		.uleb128 0xa
 327 0063 00       		.byte	0x0
 328 0064 00       		.byte	0x0
 329 0065 08       		.uleb128 0x8
 330 0066 2E       		.uleb128 0x2e
 331 0067 00       		.byte	0x0
 332 0068 3F       		.uleb128 0x3f
 333 0069 0C       		.uleb128 0xc
 334 006a 03       		.uleb128 0x3
 335 006b 0E       		.uleb128 0xe
 336 006c 3A       		.uleb128 0x3a
ARM GAS  /tmp/ccf4ReKH.s 			page 7


 337 006d 0B       		.uleb128 0xb
 338 006e 3B       		.uleb128 0x3b
 339 006f 0B       		.uleb128 0xb
 340 0070 27       		.uleb128 0x27
 341 0071 0C       		.uleb128 0xc
 342 0072 11       		.uleb128 0x11
 343 0073 01       		.uleb128 0x1
 344 0074 12       		.uleb128 0x12
 345 0075 01       		.uleb128 0x1
 346 0076 40       		.uleb128 0x40
 347 0077 0A       		.uleb128 0xa
 348 0078 00       		.byte	0x0
 349 0079 00       		.byte	0x0
 350 007a 09       		.uleb128 0x9
 351 007b 34       		.uleb128 0x34
 352 007c 00       		.byte	0x0
 353 007d 03       		.uleb128 0x3
 354 007e 0E       		.uleb128 0xe
 355 007f 3A       		.uleb128 0x3a
 356 0080 0B       		.uleb128 0xb
 357 0081 3B       		.uleb128 0x3b
 358 0082 05       		.uleb128 0x5
 359 0083 49       		.uleb128 0x49
 360 0084 13       		.uleb128 0x13
 361 0085 3F       		.uleb128 0x3f
 362 0086 0C       		.uleb128 0xc
 363 0087 3C       		.uleb128 0x3c
 364 0088 0C       		.uleb128 0xc
 365 0089 00       		.byte	0x0
 366 008a 00       		.byte	0x0
 367 008b 00       		.byte	0x0
 368              		.section	.debug_pubnames,"",%progbits
 369 0000 28000000 		.4byte	0x28
 370 0004 0200     		.2byte	0x2
 371 0006 00000000 		.4byte	.Ldebug_info0
 372 000a F4000000 		.4byte	0xf4
 373 000e 98000000 		.4byte	0x98
 374 0012 67667849 		.ascii	"gfxInit\000"
 374      6E697400 
 375 001a C3000000 		.4byte	0xc3
 376 001e 67646973 		.ascii	"gdispInit\000"
 376      70496E69 
 376      7400
 377 0028 00000000 		.4byte	0x0
 378              		.section	.debug_pubtypes,"",%progbits
 379 0000 25000000 		.4byte	0x25
 380 0004 0200     		.2byte	0x2
 381 0006 00000000 		.4byte	.Ldebug_info0
 382 000a F4000000 		.4byte	0xf4
 383 000e 53000000 		.4byte	0x53
 384 0012 696E7433 		.ascii	"int32_t\000"
 384      325F7400 
 385 001a 7A000000 		.4byte	0x7a
 386 001e 626F6F6C 		.ascii	"bool_t\000"
 386      5F7400
 387 0025 00000000 		.4byte	0x0
 388              		.section	.debug_aranges,"",%progbits
ARM GAS  /tmp/ccf4ReKH.s 			page 8


 389 0000 24000000 		.4byte	0x24
 390 0004 0200     		.2byte	0x2
 391 0006 00000000 		.4byte	.Ldebug_info0
 392 000a 04       		.byte	0x4
 393 000b 00       		.byte	0x0
 394 000c 0000     		.2byte	0x0
 395 000e 0000     		.2byte	0x0
 396 0010 00000000 		.4byte	.LFB119
 397 0014 20000000 		.4byte	.LFE119-.LFB119
 398 0018 00000000 		.4byte	.LFB118
 399 001c 04000000 		.4byte	.LFE118-.LFB118
 400 0020 00000000 		.4byte	0x0
 401 0024 00000000 		.4byte	0x0
 402              		.section	.debug_ranges,"",%progbits
 403              	.Ldebug_ranges0:
 404 0000 00000000 		.4byte	.LFB119
 405 0004 20000000 		.4byte	.LFE119
 406 0008 00000000 		.4byte	.LFB118
 407 000c 04000000 		.4byte	.LFE118
 408 0010 00000000 		.4byte	0x0
 409 0014 00000000 		.4byte	0x0
 410              		.section	.debug_str,"MS",%progbits,1
 411              	.LASF7:
 412 0000 6C6F6E67 		.ascii	"long long int\000"
 412      206C6F6E 
 412      6720696E 
 412      7400
 413              	.LASF14:
 414 000e 474E5520 		.ascii	"GNU C 4.5.1\000"
 414      4320342E 
 414      352E3100 
 415              	.LASF0:
 416 001a 756E7369 		.ascii	"unsigned int\000"
 416      676E6564 
 416      20696E74 
 416      00
 417              	.LASF6:
 418 0027 6C6F6E67 		.ascii	"long unsigned int\000"
 418      20756E73 
 418      69676E65 
 418      6420696E 
 418      7400
 419              	.LASF8:
 420 0039 6C6F6E67 		.ascii	"long long unsigned int\000"
 420      206C6F6E 
 420      6720756E 
 420      7369676E 
 420      65642069 
 421              	.LASF4:
 422 0050 73686F72 		.ascii	"short unsigned int\000"
 422      7420756E 
 422      7369676E 
 422      65642069 
 422      6E7400
 423              	.LASF15:
 424 0063 2E2E2F43 		.ascii	"../ChibiOS_2.6.2/ext/ugfx/src/gfx.c\000"
 424      68696269 
ARM GAS  /tmp/ccf4ReKH.s 			page 9


 424      4F535F32 
 424      2E362E32 
 424      2F657874 
 425              	.LASF16:
 426 0087 2F686F6D 		.ascii	"/home/nis/stm32f407d_neko\000"
 426      652F6E69 
 426      732F7374 
 426      6D333266 
 426      34303764 
 427              	.LASF2:
 428 00a1 756E7369 		.ascii	"unsigned char\000"
 428      676E6564 
 428      20636861 
 428      7200
 429              	.LASF12:
 430 00af 63686172 		.ascii	"char\000"
 430      00
 431              	.LASF5:
 432 00b4 6C6F6E67 		.ascii	"long int\000"
 432      20696E74 
 432      00
 433              	.LASF11:
 434 00bd 5F426F6F 		.ascii	"_Bool\000"
 434      6C00
 435              	.LASF17:
 436 00c3 67667849 		.ascii	"gfxInit\000"
 436      6E697400 
 437              	.LASF19:
 438 00cb 67646973 		.ascii	"gdispInit\000"
 438      70496E69 
 438      7400
 439              	.LASF13:
 440 00d5 49544D5F 		.ascii	"ITM_RxBuffer\000"
 440      52784275 
 440      66666572 
 440      00
 441              	.LASF1:
 442 00e2 7369676E 		.ascii	"signed char\000"
 442      65642063 
 442      68617200 
 443              	.LASF10:
 444 00ee 626F6F6C 		.ascii	"bool_t\000"
 444      5F7400
 445              	.LASF18:
 446 00f5 696E6974 		.ascii	"initDone\000"
 446      446F6E65 
 446      00
 447              	.LASF3:
 448 00fe 73686F72 		.ascii	"short int\000"
 448      7420696E 
 448      7400
 449              	.LASF9:
 450 0108 696E7433 		.ascii	"int32_t\000"
 450      325F7400 
 451              		.ident	"GCC: (Sourcery G++ Lite 2010.09-51) 4.5.1"
ARM GAS  /tmp/ccf4ReKH.s 			page 10


DEFINED SYMBOLS
                            *ABS*:00000000 gfx.c
     /tmp/ccf4ReKH.s:24     .text.gfxInit:00000000 $t
     /tmp/ccf4ReKH.s:30     .text.gfxInit:00000000 gfxInit
     /tmp/ccf4ReKH.s:83     .bss.initDone.4114:00000000 .LANCHOR0
     /tmp/ccf4ReKH.s:64     .text.gdispInit:00000000 $t
     /tmp/ccf4ReKH.s:70     .text.gdispInit:00000000 gdispInit
     /tmp/ccf4ReKH.s:86     .bss.initDone.4114:00000000 initDone.4114
     /tmp/ccf4ReKH.s:87     .bss.initDone.4114:00000000 $d
                     .debug_frame:00000010 $d

UNDEFINED SYMBOLS
_gosInit
_gdispInit
