ARM GAS  /tmp/ccwwpCIb.s 			page 1


   1              		.syntax unified
   2              		.cpu cortex-m4
   3              		.fpu softvfp
   4              		.eabi_attribute 20, 1
   5              		.eabi_attribute 21, 1
   6              		.eabi_attribute 23, 3
   7              		.eabi_attribute 24, 1
   8              		.eabi_attribute 25, 1
   9              		.eabi_attribute 26, 1
  10              		.eabi_attribute 30, 2
  11              		.eabi_attribute 18, 4
  12              		.thumb
  13              		.file	"lis302dl.c"
  14              		.section	.debug_abbrev,"",%progbits
  15              	.Ldebug_abbrev0:
  16              		.section	.debug_info,"",%progbits
  17              	.Ldebug_info0:
  18              		.section	.debug_line,"",%progbits
  19              	.Ldebug_line0:
  20 0000 C5020000 		.text
  20      02008102 
  20      00000201 
  20      FB0E0D00 
  20      01010101 
  21              	.Ltext0:
  22              		.cfi_sections	.debug_frame
  23              		.section	.text.lis302dlReadRegister,"ax",%progbits
  24              		.align	2
  25              		.p2align 4,,15
  26              		.global	lis302dlReadRegister
  27              		.thumb
  28              		.thumb_func
  29              		.type	lis302dlReadRegister, %function
  30              	lis302dlReadRegister:
  31              	.LFB118:
  32              		.file 1 "../ChibiOS_2.6.2/os/various/devices_lib/accel/lis302dl.c"
  33              		.loc 1 60 0
  34              		.cfi_startproc
  35              		@ args = 0, pretend = 0, frame = 0
  36              		@ frame_needed = 0, uses_anonymous_args = 0
  37              	.LVL0:
  38 0000 F8B5     		push	{r3, r4, r5, r6, r7, lr}
  39              	.LCFI0:
  40              		.cfi_def_cfa_offset 24
  41              		.loc 1 63 0
  42 0002 40F20007 		movw	r7, #:lower16:.LANCHOR0
  43              		.cfi_offset 14, -4
  44              		.cfi_offset 7, -8
  45              		.cfi_offset 6, -12
  46              		.cfi_offset 5, -16
  47              		.cfi_offset 4, -20
  48              		.cfi_offset 3, -24
  49 0006 C0F20007 		movt	r7, #:upper16:.LANCHOR0
  50              		.loc 1 60 0
  51 000a 0E46     		mov	r6, r1
  52              		.loc 1 63 0
  53 000c 66F07F06 		orn	r6, r6, #127
ARM GAS  /tmp/ccwwpCIb.s 			page 2


  54              		.loc 1 65 0
  55 0010 40F20004 		movw	r4, #:lower16:.LANCHOR1
  56              		.loc 1 60 0
  57 0014 0546     		mov	r5, r0
  58              		.loc 1 65 0
  59 0016 C0F20004 		movt	r4, #:upper16:.LANCHOR1
  60              		.loc 1 62 0
  61 001a FFF7FEFF 		bl	spiSelect
  62              	.LVL1:
  63              		.loc 1 63 0
  64 001e 3E70     		strb	r6, [r7, #0]
  65              		.loc 1 64 0
  66 0020 FF26     		movs	r6, #255
  67              		.loc 1 65 0
  68 0022 0221     		movs	r1, #2
  69 0024 3A46     		mov	r2, r7
  70 0026 2346     		mov	r3, r4
  71 0028 2846     		mov	r0, r5
  72              		.loc 1 64 0
  73 002a 7E70     		strb	r6, [r7, #1]
  74              		.loc 1 65 0
  75 002c FFF7FEFF 		bl	spiExchange
  76              		.loc 1 66 0
  77 0030 2846     		mov	r0, r5
  78 0032 FFF7FEFF 		bl	spiUnselect
  79              		.loc 1 68 0
  80 0036 6078     		ldrb	r0, [r4, #1]	@ zero_extendqisi2
  81 0038 F8BD     		pop	{r3, r4, r5, r6, r7, pc}
  82              		.cfi_endproc
  83              	.LFE118:
  84              		.size	lis302dlReadRegister, .-lis302dlReadRegister
  85 003a 00BFAFF3 		.section	.text.lis302dlWriteRegister,"ax",%progbits
  85      0080
  86              		.align	2
  87              		.p2align 4,,15
  88              		.global	lis302dlWriteRegister
  89              		.thumb
  90              		.thumb_func
  91              		.type	lis302dlWriteRegister, %function
  92              	lis302dlWriteRegister:
  93              	.LFB119:
  94              		.loc 1 78 0
  95              		.cfi_startproc
  96              		@ args = 0, pretend = 0, frame = 0
  97              		@ frame_needed = 0, uses_anonymous_args = 0
  98              	.LVL2:
  99              		.loc 1 80 0
 100 0000 A1F12003 		sub	r3, r1, #32
 101              		.loc 1 78 0
 102 0004 70B5     		push	{r4, r5, r6, lr}
 103              	.LCFI1:
 104              		.cfi_def_cfa_offset 16
 105              		.loc 1 78 0
 106 0006 0C46     		mov	r4, r1
 107              		.cfi_offset 14, -4
 108              		.cfi_offset 6, -8
 109              		.cfi_offset 5, -12
ARM GAS  /tmp/ccwwpCIb.s 			page 3


 110              		.cfi_offset 4, -16
 111              		.loc 1 80 0
 112 0008 D9B2     		uxtb	r1, r3
 113              	.LVL3:
 114 000a 1F29     		cmp	r1, #31
 115              		.loc 1 78 0
 116 000c 0546     		mov	r5, r0
 117 000e 1646     		mov	r6, r2
 118              		.loc 1 80 0
 119 0010 1DD8     		bhi	.L2
 120 0012 5BB2     		sxtb	r3, r3
 121 0014 0722     		movs	r2, #7
 122              	.LVL4:
 123 0016 0121     		movs	r1, #1
 124 0018 11FA03F3 		lsls	r3, r1, r3
 125 001c CFF6DD12 		movt	r2, 63965
 126 0020 03EA0202 		and	r2, r3, r2
 127 0024 9AB1     		cbz	r2, .L2
 128              		.loc 1 111 0
 129 0026 FFF7FEFF 		bl	spiSelect
 130              	.LVL5:
 131              		.loc 1 112 0
 132 002a 40F2000C 		movw	ip, #:lower16:.LANCHOR0
 133 002e C0F2000C 		movt	ip, #:upper16:.LANCHOR0
 134              		.loc 1 114 0
 135 0032 2846     		mov	r0, r5
 136 0034 0221     		movs	r1, #2
 137 0036 6246     		mov	r2, ip
 138              		.loc 1 112 0
 139 0038 8CF80040 		strb	r4, [ip, #0]
 140              		.loc 1 113 0
 141 003c 8CF80160 		strb	r6, [ip, #1]
 142              		.loc 1 114 0
 143 0040 FFF7FEFF 		bl	spiSend
 144              		.loc 1 115 0
 145 0044 2846     		mov	r0, r5
 146              		.loc 1 117 0
 147 0046 BDE87040 		pop	{r4, r5, r6, lr}
 148              		.loc 1 115 0
 149 004a FFF7FEBF 		b	spiUnselect
 150              	.L2:
 151 004e 70BD     		pop	{r4, r5, r6, pc}
 152              		.cfi_endproc
 153              	.LFE119:
 154              		.size	lis302dlWriteRegister, .-lis302dlWriteRegister
 155              		.section	.bss.rxbuf,"aw",%nobits
 156              		.align	2
 157              		.set	.LANCHOR1,. + 0
 158              		.type	rxbuf, %object
 159              		.size	rxbuf, 2
 160              	rxbuf:
 161 0000 0000     		.space	2
 162 0002 0000     		.section	.bss.txbuf,"aw",%nobits
 163              		.align	2
 164              		.set	.LANCHOR0,. + 0
 165              		.type	txbuf, %object
 166              		.size	txbuf, 2
ARM GAS  /tmp/ccwwpCIb.s 			page 4


 167              	txbuf:
 168 0000 0000     		.space	2
 169 0002 0000     		.text
 170              	.Letext0:
 171              		.section	.debug_loc,"",%progbits
 172              	.Ldebug_loc0:
 173              	.LLST0:
 174 0000 00000000 		.4byte	.LFB118
 175 0004 02000000 		.4byte	.LCFI0
 176 0008 0200     		.2byte	0x2
 177 000a 7D       		.byte	0x7d
 178 000b 00       		.sleb128 0
 179 000c 02000000 		.4byte	.LCFI0
 180 0010 3A000000 		.4byte	.LFE118
 181 0014 0200     		.2byte	0x2
 182 0016 7D       		.byte	0x7d
 183 0017 18       		.sleb128 24
 184 0018 00000000 		.4byte	0x0
 185 001c 00000000 		.4byte	0x0
 186              	.LLST1:
 187 0020 00000000 		.4byte	.LVL0
 188 0024 1D000000 		.4byte	.LVL1-1
 189 0028 0100     		.2byte	0x1
 190 002a 50       		.byte	0x50
 191 002b 1D000000 		.4byte	.LVL1-1
 192 002f 3A000000 		.4byte	.LFE118
 193 0033 0100     		.2byte	0x1
 194 0035 55       		.byte	0x55
 195 0036 00000000 		.4byte	0x0
 196 003a 00000000 		.4byte	0x0
 197              	.LLST2:
 198 003e 00000000 		.4byte	.LVL0
 199 0042 1D000000 		.4byte	.LVL1-1
 200 0046 0100     		.2byte	0x1
 201 0048 51       		.byte	0x51
 202 0049 00000000 		.4byte	0x0
 203 004d 00000000 		.4byte	0x0
 204              	.LLST3:
 205 0051 00000000 		.4byte	.LFB119
 206 0055 06000000 		.4byte	.LCFI1
 207 0059 0200     		.2byte	0x2
 208 005b 7D       		.byte	0x7d
 209 005c 00       		.sleb128 0
 210 005d 06000000 		.4byte	.LCFI1
 211 0061 50000000 		.4byte	.LFE119
 212 0065 0200     		.2byte	0x2
 213 0067 7D       		.byte	0x7d
 214 0068 10       		.sleb128 16
 215 0069 00000000 		.4byte	0x0
 216 006d 00000000 		.4byte	0x0
 217              	.LLST4:
 218 0071 00000000 		.4byte	.LVL2
 219 0075 29000000 		.4byte	.LVL5-1
 220 0079 0100     		.2byte	0x1
 221 007b 50       		.byte	0x50
 222 007c 29000000 		.4byte	.LVL5-1
 223 0080 50000000 		.4byte	.LFE119
ARM GAS  /tmp/ccwwpCIb.s 			page 5


 224 0084 0100     		.2byte	0x1
 225 0086 55       		.byte	0x55
 226 0087 00000000 		.4byte	0x0
 227 008b 00000000 		.4byte	0x0
 228              	.LLST5:
 229 008f 00000000 		.4byte	.LVL2
 230 0093 0A000000 		.4byte	.LVL3
 231 0097 0100     		.2byte	0x1
 232 0099 51       		.byte	0x51
 233 009a 00000000 		.4byte	0x0
 234 009e 00000000 		.4byte	0x0
 235              	.LLST6:
 236 00a2 00000000 		.4byte	.LVL2
 237 00a6 16000000 		.4byte	.LVL4
 238 00aa 0100     		.2byte	0x1
 239 00ac 52       		.byte	0x52
 240 00ad 00000000 		.4byte	0x0
 241 00b1 00000000 		.4byte	0x0
 242              		.file 2 "/opt/sgpp-lite-arm-eabi-bin-2010.09.51/bin/../lib/gcc/arm-none-eabi/4.5.1/../../../../arm
 243              		.file 3 "../ChibiOS_2.6.2/os/ports/GCC/ARMCMx/chtypes.h"
 244              		.file 4 "../ChibiOS_2.6.2/os/kernel/include/chlists.h"
 245              		.file 5 "../ChibiOS_2.6.2/os/kernel/include/chthreads.h"
 246              		.file 6 "../ChibiOS_2.6.2/os/ports/GCC/ARMCMx/chcore_v7m.h"
 247              		.file 7 "../ChibiOS_2.6.2/os/kernel/include/chmtx.h"
 248              		.file 8 "../ChibiOS_2.6.2/os/hal/platforms/STM32F4xx/stm32f4xx.h"
 249              		.file 9 "../ChibiOS_2.6.2/os/hal/platforms/STM32F4xx/stm32_dma.h"
 250              		.file 10 "../ChibiOS_2.6.2/os/hal/platforms/STM32/GPIOv2/pal_lld.h"
 251              		.file 11 "../ChibiOS_2.6.2/os/hal/include/spi.h"
 252              		.file 12 "../ChibiOS_2.6.2/os/hal/platforms/STM32/SPIv1/spi_lld.h"
 253              		.file 13 "../ChibiOS_2.6.2/os/ports/common/ARMCMx/CMSIS/include/core_cm4.h"
 254              		.section	.debug_info
 255 0000 09090000 		.4byte	0x909
 256 0004 0200     		.2byte	0x2
 257 0006 00000000 		.4byte	.Ldebug_abbrev0
 258 000a 04       		.byte	0x4
 259 000b 01       		.uleb128 0x1
 260 000c F4000000 		.4byte	.LASF117
 261 0010 01       		.byte	0x1
 262 0011 0B020000 		.4byte	.LASF118
 263 0015 53040000 		.4byte	.LASF119
 264 0019 00000000 		.4byte	0x0
 265 001d 00000000 		.4byte	0x0
 266 0021 00000000 		.4byte	.Ldebug_ranges0+0x0
 267 0025 00000000 		.4byte	.Ldebug_line0
 268 0029 02       		.uleb128 0x2
 269 002a 04       		.byte	0x4
 270 002b 05       		.byte	0x5
 271 002c 696E7400 		.ascii	"int\000"
 272 0030 03       		.uleb128 0x3
 273 0031 04       		.byte	0x4
 274 0032 07       		.byte	0x7
 275 0033 9C010000 		.4byte	.LASF0
 276 0037 03       		.uleb128 0x3
 277 0038 01       		.byte	0x1
 278 0039 06       		.byte	0x6
 279 003a CA000000 		.4byte	.LASF1
 280 003e 04       		.uleb128 0x4
ARM GAS  /tmp/ccwwpCIb.s 			page 6


 281 003f 38040000 		.4byte	.LASF4
 282 0043 02       		.byte	0x2
 283 0044 2A       		.byte	0x2a
 284 0045 49000000 		.4byte	0x49
 285 0049 03       		.uleb128 0x3
 286 004a 01       		.byte	0x1
 287 004b 08       		.byte	0x8
 288 004c ED020000 		.4byte	.LASF2
 289 0050 03       		.uleb128 0x3
 290 0051 02       		.byte	0x2
 291 0052 05       		.byte	0x5
 292 0053 18030000 		.4byte	.LASF3
 293 0057 04       		.uleb128 0x4
 294 0058 29010000 		.4byte	.LASF5
 295 005c 02       		.byte	0x2
 296 005d 36       		.byte	0x36
 297 005e 62000000 		.4byte	0x62
 298 0062 03       		.uleb128 0x3
 299 0063 02       		.byte	0x2
 300 0064 07       		.byte	0x7
 301 0065 C6010000 		.4byte	.LASF6
 302 0069 04       		.uleb128 0x4
 303 006a E5020000 		.4byte	.LASF7
 304 006e 02       		.byte	0x2
 305 006f 4F       		.byte	0x4f
 306 0070 74000000 		.4byte	0x74
 307 0074 03       		.uleb128 0x3
 308 0075 04       		.byte	0x4
 309 0076 05       		.byte	0x5
 310 0077 10010000 		.4byte	.LASF8
 311 007b 04       		.uleb128 0x4
 312 007c 6B030000 		.4byte	.LASF9
 313 0080 02       		.byte	0x2
 314 0081 50       		.byte	0x50
 315 0082 86000000 		.4byte	0x86
 316 0086 03       		.uleb128 0x3
 317 0087 04       		.byte	0x4
 318 0088 07       		.byte	0x7
 319 0089 7C030000 		.4byte	.LASF10
 320 008d 03       		.uleb128 0x3
 321 008e 08       		.byte	0x8
 322 008f 05       		.byte	0x5
 323 0090 BC000000 		.4byte	.LASF11
 324 0094 03       		.uleb128 0x3
 325 0095 08       		.byte	0x8
 326 0096 07       		.byte	0x7
 327 0097 38000000 		.4byte	.LASF12
 328 009b 03       		.uleb128 0x3
 329 009c 01       		.byte	0x1
 330 009d 02       		.byte	0x2
 331 009e DF020000 		.4byte	.LASF13
 332 00a2 04       		.uleb128 0x4
 333 00a3 DF010000 		.4byte	.LASF14
 334 00a7 03       		.byte	0x3
 335 00a8 2C       		.byte	0x2c
 336 00a9 3E000000 		.4byte	0x3e
 337 00ad 04       		.uleb128 0x4
ARM GAS  /tmp/ccwwpCIb.s 			page 7


 338 00ae 19010000 		.4byte	.LASF15
 339 00b2 03       		.byte	0x3
 340 00b3 2D       		.byte	0x2d
 341 00b4 3E000000 		.4byte	0x3e
 342 00b8 04       		.uleb128 0x4
 343 00b9 74030000 		.4byte	.LASF16
 344 00bd 03       		.byte	0x3
 345 00be 2E       		.byte	0x2e
 346 00bf 3E000000 		.4byte	0x3e
 347 00c3 04       		.uleb128 0x4
 348 00c4 00010000 		.4byte	.LASF17
 349 00c8 03       		.byte	0x3
 350 00c9 2F       		.byte	0x2f
 351 00ca 3E000000 		.4byte	0x3e
 352 00ce 04       		.uleb128 0x4
 353 00cf D1020000 		.4byte	.LASF18
 354 00d3 03       		.byte	0x3
 355 00d4 30       		.byte	0x30
 356 00d5 7B000000 		.4byte	0x7b
 357 00d9 04       		.uleb128 0x4
 358 00da D9010000 		.4byte	.LASF19
 359 00de 03       		.byte	0x3
 360 00df 31       		.byte	0x31
 361 00e0 69000000 		.4byte	0x69
 362 00e4 04       		.uleb128 0x4
 363 00e5 F3010000 		.4byte	.LASF20
 364 00e9 03       		.byte	0x3
 365 00ea 33       		.byte	0x33
 366 00eb 7B000000 		.4byte	0x7b
 367 00ef 04       		.uleb128 0x4
 368 00f0 C5030000 		.4byte	.LASF21
 369 00f4 03       		.byte	0x3
 370 00f5 35       		.byte	0x35
 371 00f6 7B000000 		.4byte	0x7b
 372 00fa 04       		.uleb128 0x4
 373 00fb 4A030000 		.4byte	.LASF22
 374 00ff 04       		.byte	0x4
 375 0100 2A       		.byte	0x2a
 376 0101 05010000 		.4byte	0x105
 377 0105 05       		.uleb128 0x5
 378 0106 4A030000 		.4byte	.LASF22
 379 010a 48       		.byte	0x48
 380 010b 05       		.byte	0x5
 381 010c 5E       		.byte	0x5e
 382 010d 2A020000 		.4byte	0x22a
 383 0111 06       		.uleb128 0x6
 384 0112 3B030000 		.4byte	.LASF23
 385 0116 05       		.byte	0x5
 386 0117 5F       		.byte	0x5f
 387 0118 4F020000 		.4byte	0x24f
 388 011c 02       		.byte	0x2
 389 011d 23       		.byte	0x23
 390 011e 00       		.uleb128 0x0
 391 011f 06       		.uleb128 0x6
 392 0120 AC020000 		.4byte	.LASF24
 393 0124 05       		.byte	0x5
 394 0125 61       		.byte	0x61
ARM GAS  /tmp/ccwwpCIb.s 			page 8


 395 0126 4F020000 		.4byte	0x24f
 396 012a 02       		.byte	0x2
 397 012b 23       		.byte	0x23
 398 012c 04       		.uleb128 0x4
 399 012d 06       		.uleb128 0x6
 400 012e AF000000 		.4byte	.LASF25
 401 0132 05       		.byte	0x5
 402 0133 63       		.byte	0x63
 403 0134 CE000000 		.4byte	0xce
 404 0138 02       		.byte	0x2
 405 0139 23       		.byte	0x23
 406 013a 08       		.uleb128 0x8
 407 013b 06       		.uleb128 0x6
 408 013c 85040000 		.4byte	.LASF26
 409 0140 05       		.byte	0x5
 410 0141 64       		.byte	0x64
 411 0142 1D030000 		.4byte	0x31d
 412 0146 02       		.byte	0x2
 413 0147 23       		.byte	0x23
 414 0148 0C       		.uleb128 0xc
 415 0149 06       		.uleb128 0x6
 416 014a 39010000 		.4byte	.LASF27
 417 014e 05       		.byte	0x5
 418 014f 66       		.byte	0x66
 419 0150 4F020000 		.4byte	0x24f
 420 0154 02       		.byte	0x2
 421 0155 23       		.byte	0x23
 422 0156 10       		.uleb128 0x10
 423 0157 06       		.uleb128 0x6
 424 0158 4A020000 		.4byte	.LASF28
 425 015c 05       		.byte	0x5
 426 015d 67       		.byte	0x67
 427 015e 4F020000 		.4byte	0x24f
 428 0162 02       		.byte	0x2
 429 0163 23       		.byte	0x23
 430 0164 14       		.uleb128 0x14
 431 0165 06       		.uleb128 0x6
 432 0166 4C040000 		.4byte	.LASF29
 433 016a 05       		.byte	0x5
 434 016b 6E       		.byte	0x6e
 435 016c C7030000 		.4byte	0x3c7
 436 0170 02       		.byte	0x2
 437 0171 23       		.byte	0x23
 438 0172 18       		.uleb128 0x18
 439 0173 06       		.uleb128 0x6
 440 0174 22030000 		.4byte	.LASF30
 441 0178 05       		.byte	0x5
 442 0179 79       		.byte	0x79
 443 017a AD000000 		.4byte	0xad
 444 017e 02       		.byte	0x2
 445 017f 23       		.byte	0x23
 446 0180 1C       		.uleb128 0x1c
 447 0181 06       		.uleb128 0x6
 448 0182 42030000 		.4byte	.LASF31
 449 0186 05       		.byte	0x5
 450 0187 7D       		.byte	0x7d
 451 0188 A2000000 		.4byte	0xa2
ARM GAS  /tmp/ccwwpCIb.s 			page 9


 452 018c 02       		.byte	0x2
 453 018d 23       		.byte	0x23
 454 018e 1D       		.uleb128 0x1d
 455 018f 06       		.uleb128 0x6
 456 0190 31040000 		.4byte	.LASF32
 457 0194 05       		.byte	0x5
 458 0195 82       		.byte	0x82
 459 0196 B8000000 		.4byte	0xb8
 460 019a 02       		.byte	0x2
 461 019b 23       		.byte	0x23
 462 019c 1E       		.uleb128 0x1e
 463 019d 06       		.uleb128 0x6
 464 019e 2A030000 		.4byte	.LASF33
 465 01a2 05       		.byte	0x5
 466 01a3 88       		.byte	0x88
 467 01a4 C3000000 		.4byte	0xc3
 468 01a8 02       		.byte	0x2
 469 01a9 23       		.byte	0x23
 470 01aa 1F       		.uleb128 0x1f
 471 01ab 06       		.uleb128 0x6
 472 01ac 32010000 		.4byte	.LASF34
 473 01b0 05       		.byte	0x5
 474 01b1 8F       		.byte	0x8f
 475 01b2 45030000 		.4byte	0x345
 476 01b6 02       		.byte	0x2
 477 01b7 23       		.byte	0x23
 478 01b8 20       		.uleb128 0x20
 479 01b9 07       		.uleb128 0x7
 480 01ba 705F7500 		.ascii	"p_u\000"
 481 01be 05       		.byte	0x5
 482 01bf B4       		.byte	0xb4
 483 01c0 92030000 		.4byte	0x392
 484 01c4 02       		.byte	0x2
 485 01c5 23       		.byte	0x23
 486 01c6 24       		.uleb128 0x24
 487 01c7 06       		.uleb128 0x6
 488 01c8 8B040000 		.4byte	.LASF35
 489 01cc 05       		.byte	0x5
 490 01cd B9       		.byte	0xb9
 491 01ce 77020000 		.4byte	0x277
 492 01d2 02       		.byte	0x2
 493 01d3 23       		.byte	0x23
 494 01d4 28       		.uleb128 0x28
 495 01d5 06       		.uleb128 0x6
 496 01d6 AF010000 		.4byte	.LASF36
 497 01da 05       		.byte	0x5
 498 01db BF       		.byte	0xbf
 499 01dc 55020000 		.4byte	0x255
 500 01e0 02       		.byte	0x2
 501 01e1 23       		.byte	0x23
 502 01e2 2C       		.uleb128 0x2c
 503 01e3 06       		.uleb128 0x6
 504 01e4 77040000 		.4byte	.LASF37
 505 01e8 05       		.byte	0x5
 506 01e9 C3       		.byte	0xc3
 507 01ea D9000000 		.4byte	0xd9
 508 01ee 02       		.byte	0x2
ARM GAS  /tmp/ccwwpCIb.s 			page 10


 509 01ef 23       		.byte	0x23
 510 01f0 34       		.uleb128 0x34
 511 01f1 06       		.uleb128 0x6
 512 01f2 51030000 		.4byte	.LASF38
 513 01f6 05       		.byte	0x5
 514 01f7 C9       		.byte	0xc9
 515 01f8 E4000000 		.4byte	0xe4
 516 01fc 02       		.byte	0x2
 517 01fd 23       		.byte	0x23
 518 01fe 38       		.uleb128 0x38
 519 01ff 06       		.uleb128 0x6
 520 0200 0E030000 		.4byte	.LASF39
 521 0204 05       		.byte	0x5
 522 0205 D0       		.byte	0xd0
 523 0206 D9030000 		.4byte	0x3d9
 524 020a 02       		.byte	0x2
 525 020b 23       		.byte	0x23
 526 020c 3C       		.uleb128 0x3c
 527 020d 06       		.uleb128 0x6
 528 020e CF030000 		.4byte	.LASF40
 529 0212 05       		.byte	0x5
 530 0213 D4       		.byte	0xd4
 531 0214 CE000000 		.4byte	0xce
 532 0218 02       		.byte	0x2
 533 0219 23       		.byte	0x23
 534 021a 40       		.uleb128 0x40
 535 021b 06       		.uleb128 0x6
 536 021c 6D010000 		.4byte	.LASF41
 537 0220 05       		.byte	0x5
 538 0221 DA       		.byte	0xda
 539 0222 8D020000 		.4byte	0x28d
 540 0226 02       		.byte	0x2
 541 0227 23       		.byte	0x23
 542 0228 44       		.uleb128 0x44
 543 0229 00       		.byte	0x0
 544 022a 08       		.uleb128 0x8
 545 022b 08       		.byte	0x8
 546 022c 04       		.byte	0x4
 547 022d 61       		.byte	0x61
 548 022e 4F020000 		.4byte	0x24f
 549 0232 06       		.uleb128 0x6
 550 0233 3B030000 		.4byte	.LASF23
 551 0237 04       		.byte	0x4
 552 0238 62       		.byte	0x62
 553 0239 4F020000 		.4byte	0x24f
 554 023d 02       		.byte	0x2
 555 023e 23       		.byte	0x23
 556 023f 00       		.uleb128 0x0
 557 0240 06       		.uleb128 0x6
 558 0241 AC020000 		.4byte	.LASF24
 559 0245 04       		.byte	0x4
 560 0246 64       		.byte	0x64
 561 0247 4F020000 		.4byte	0x24f
 562 024b 02       		.byte	0x2
 563 024c 23       		.byte	0x23
 564 024d 04       		.uleb128 0x4
 565 024e 00       		.byte	0x0
ARM GAS  /tmp/ccwwpCIb.s 			page 11


 566 024f 09       		.uleb128 0x9
 567 0250 04       		.byte	0x4
 568 0251 FA000000 		.4byte	0xfa
 569 0255 04       		.uleb128 0x4
 570 0256 52020000 		.4byte	.LASF42
 571 025a 04       		.byte	0x4
 572 025b 66       		.byte	0x66
 573 025c 2A020000 		.4byte	0x22a
 574 0260 08       		.uleb128 0x8
 575 0261 04       		.byte	0x4
 576 0262 04       		.byte	0x4
 577 0263 6B       		.byte	0x6b
 578 0264 77020000 		.4byte	0x277
 579 0268 06       		.uleb128 0x6
 580 0269 3B030000 		.4byte	.LASF23
 581 026d 04       		.byte	0x4
 582 026e 6D       		.byte	0x6d
 583 026f 4F020000 		.4byte	0x24f
 584 0273 02       		.byte	0x2
 585 0274 23       		.byte	0x23
 586 0275 00       		.uleb128 0x0
 587 0276 00       		.byte	0x0
 588 0277 04       		.uleb128 0x4
 589 0278 E7010000 		.4byte	.LASF43
 590 027c 04       		.byte	0x4
 591 027d 70       		.byte	0x70
 592 027e 60020000 		.4byte	0x260
 593 0282 04       		.uleb128 0x4
 594 0283 75010000 		.4byte	.LASF44
 595 0287 06       		.byte	0x6
 596 0288 E5       		.byte	0xe5
 597 0289 8D020000 		.4byte	0x28d
 598 028d 0A       		.uleb128 0xa
 599 028e 04       		.byte	0x4
 600 028f 0B       		.uleb128 0xb
 601 0290 05040000 		.4byte	.LASF45
 602 0294 24       		.byte	0x24
 603 0295 06       		.byte	0x6
 604 0296 0C01     		.2byte	0x10c
 605 0298 1D030000 		.4byte	0x31d
 606 029c 0C       		.uleb128 0xc
 607 029d 723400   		.ascii	"r4\000"
 608 02a0 06       		.byte	0x6
 609 02a1 1F01     		.2byte	0x11f
 610 02a3 82020000 		.4byte	0x282
 611 02a7 02       		.byte	0x2
 612 02a8 23       		.byte	0x23
 613 02a9 00       		.uleb128 0x0
 614 02aa 0C       		.uleb128 0xc
 615 02ab 723500   		.ascii	"r5\000"
 616 02ae 06       		.byte	0x6
 617 02af 2001     		.2byte	0x120
 618 02b1 82020000 		.4byte	0x282
 619 02b5 02       		.byte	0x2
 620 02b6 23       		.byte	0x23
 621 02b7 04       		.uleb128 0x4
 622 02b8 0C       		.uleb128 0xc
ARM GAS  /tmp/ccwwpCIb.s 			page 12


 623 02b9 723600   		.ascii	"r6\000"
 624 02bc 06       		.byte	0x6
 625 02bd 2101     		.2byte	0x121
 626 02bf 82020000 		.4byte	0x282
 627 02c3 02       		.byte	0x2
 628 02c4 23       		.byte	0x23
 629 02c5 08       		.uleb128 0x8
 630 02c6 0C       		.uleb128 0xc
 631 02c7 723700   		.ascii	"r7\000"
 632 02ca 06       		.byte	0x6
 633 02cb 2201     		.2byte	0x122
 634 02cd 82020000 		.4byte	0x282
 635 02d1 02       		.byte	0x2
 636 02d2 23       		.byte	0x23
 637 02d3 0C       		.uleb128 0xc
 638 02d4 0C       		.uleb128 0xc
 639 02d5 723800   		.ascii	"r8\000"
 640 02d8 06       		.byte	0x6
 641 02d9 2301     		.2byte	0x123
 642 02db 82020000 		.4byte	0x282
 643 02df 02       		.byte	0x2
 644 02e0 23       		.byte	0x23
 645 02e1 10       		.uleb128 0x10
 646 02e2 0C       		.uleb128 0xc
 647 02e3 723900   		.ascii	"r9\000"
 648 02e6 06       		.byte	0x6
 649 02e7 2401     		.2byte	0x124
 650 02e9 82020000 		.4byte	0x282
 651 02ed 02       		.byte	0x2
 652 02ee 23       		.byte	0x23
 653 02ef 14       		.uleb128 0x14
 654 02f0 0C       		.uleb128 0xc
 655 02f1 72313000 		.ascii	"r10\000"
 656 02f5 06       		.byte	0x6
 657 02f6 2501     		.2byte	0x125
 658 02f8 82020000 		.4byte	0x282
 659 02fc 02       		.byte	0x2
 660 02fd 23       		.byte	0x23
 661 02fe 18       		.uleb128 0x18
 662 02ff 0C       		.uleb128 0xc
 663 0300 72313100 		.ascii	"r11\000"
 664 0304 06       		.byte	0x6
 665 0305 2601     		.2byte	0x126
 666 0307 82020000 		.4byte	0x282
 667 030b 02       		.byte	0x2
 668 030c 23       		.byte	0x23
 669 030d 1C       		.uleb128 0x1c
 670 030e 0C       		.uleb128 0xc
 671 030f 6C7200   		.ascii	"lr\000"
 672 0312 06       		.byte	0x6
 673 0313 2701     		.2byte	0x127
 674 0315 82020000 		.4byte	0x282
 675 0319 02       		.byte	0x2
 676 031a 23       		.byte	0x23
 677 031b 20       		.uleb128 0x20
 678 031c 00       		.byte	0x0
 679 031d 0B       		.uleb128 0xb
ARM GAS  /tmp/ccwwpCIb.s 			page 13


 680 031e FD030000 		.4byte	.LASF46
 681 0322 04       		.byte	0x4
 682 0323 06       		.byte	0x6
 683 0324 3101     		.2byte	0x131
 684 0326 3A030000 		.4byte	0x33a
 685 032a 0C       		.uleb128 0xc
 686 032b 72313300 		.ascii	"r13\000"
 687 032f 06       		.byte	0x6
 688 0330 3201     		.2byte	0x132
 689 0332 3A030000 		.4byte	0x33a
 690 0336 02       		.byte	0x2
 691 0337 23       		.byte	0x23
 692 0338 00       		.uleb128 0x0
 693 0339 00       		.byte	0x0
 694 033a 09       		.uleb128 0x9
 695 033b 04       		.byte	0x4
 696 033c 8F020000 		.4byte	0x28f
 697 0340 0D       		.uleb128 0xd
 698 0341 7B000000 		.4byte	0x7b
 699 0345 0D       		.uleb128 0xd
 700 0346 EF000000 		.4byte	0xef
 701 034a 05       		.uleb128 0x5
 702 034b 44020000 		.4byte	.LASF47
 703 034f 10       		.byte	0x10
 704 0350 07       		.byte	0x7
 705 0351 2C       		.byte	0x2c
 706 0352 81030000 		.4byte	0x381
 707 0356 06       		.uleb128 0x6
 708 0357 EC000000 		.4byte	.LASF48
 709 035b 07       		.byte	0x7
 710 035c 2D       		.byte	0x2d
 711 035d 55020000 		.4byte	0x255
 712 0361 02       		.byte	0x2
 713 0362 23       		.byte	0x23
 714 0363 00       		.uleb128 0x0
 715 0364 06       		.uleb128 0x6
 716 0365 7D040000 		.4byte	.LASF49
 717 0369 07       		.byte	0x7
 718 036a 2F       		.byte	0x2f
 719 036b 4F020000 		.4byte	0x24f
 720 036f 02       		.byte	0x2
 721 0370 23       		.byte	0x23
 722 0371 08       		.uleb128 0x8
 723 0372 06       		.uleb128 0x6
 724 0373 BE030000 		.4byte	.LASF50
 725 0377 07       		.byte	0x7
 726 0378 31       		.byte	0x31
 727 0379 81030000 		.4byte	0x381
 728 037d 02       		.byte	0x2
 729 037e 23       		.byte	0x23
 730 037f 0C       		.uleb128 0xc
 731 0380 00       		.byte	0x0
 732 0381 09       		.uleb128 0x9
 733 0382 04       		.byte	0x4
 734 0383 4A030000 		.4byte	0x34a
 735 0387 04       		.uleb128 0x4
 736 0388 44020000 		.4byte	.LASF47
ARM GAS  /tmp/ccwwpCIb.s 			page 14


 737 038c 07       		.byte	0x7
 738 038d 33       		.byte	0x33
 739 038e 4A030000 		.4byte	0x34a
 740 0392 0E       		.uleb128 0xe
 741 0393 04       		.byte	0x4
 742 0394 05       		.byte	0x5
 743 0395 96       		.byte	0x96
 744 0396 C7030000 		.4byte	0x3c7
 745 039a 0F       		.uleb128 0xf
 746 039b 12000000 		.4byte	.LASF51
 747 039f 05       		.byte	0x5
 748 03a0 9D       		.byte	0x9d
 749 03a1 D9000000 		.4byte	0xd9
 750 03a5 0F       		.uleb128 0xf
 751 03a6 65000000 		.4byte	.LASF52
 752 03aa 05       		.byte	0x5
 753 03ab A4       		.byte	0xa4
 754 03ac D9000000 		.4byte	0xd9
 755 03b0 0F       		.uleb128 0xf
 756 03b1 45040000 		.4byte	.LASF53
 757 03b5 05       		.byte	0x5
 758 03b6 AB       		.byte	0xab
 759 03b7 8D020000 		.4byte	0x28d
 760 03bb 0F       		.uleb128 0xf
 761 03bc 34030000 		.4byte	.LASF54
 762 03c0 05       		.byte	0x5
 763 03c1 B2       		.byte	0xb2
 764 03c2 E4000000 		.4byte	0xe4
 765 03c6 00       		.byte	0x0
 766 03c7 09       		.uleb128 0x9
 767 03c8 04       		.byte	0x4
 768 03c9 CD030000 		.4byte	0x3cd
 769 03cd 10       		.uleb128 0x10
 770 03ce D2030000 		.4byte	0x3d2
 771 03d2 03       		.uleb128 0x3
 772 03d3 01       		.byte	0x1
 773 03d4 08       		.byte	0x8
 774 03d5 9A030000 		.4byte	.LASF55
 775 03d9 09       		.uleb128 0x9
 776 03da 04       		.byte	0x4
 777 03db 87030000 		.4byte	0x387
 778 03df 0D       		.uleb128 0xd
 779 03e0 57000000 		.4byte	0x57
 780 03e4 0D       		.uleb128 0xd
 781 03e5 69000000 		.4byte	0x69
 782 03e9 11       		.uleb128 0x11
 783 03ea 18       		.byte	0x18
 784 03eb 08       		.byte	0x8
 785 03ec B102     		.2byte	0x2b1
 786 03ee 4C040000 		.4byte	0x44c
 787 03f2 0C       		.uleb128 0xc
 788 03f3 435200   		.ascii	"CR\000"
 789 03f6 08       		.byte	0x8
 790 03f7 B302     		.2byte	0x2b3
 791 03f9 40030000 		.4byte	0x340
 792 03fd 02       		.byte	0x2
 793 03fe 23       		.byte	0x23
ARM GAS  /tmp/ccwwpCIb.s 			page 15


 794 03ff 00       		.uleb128 0x0
 795 0400 12       		.uleb128 0x12
 796 0401 DA030000 		.4byte	.LASF56
 797 0405 08       		.byte	0x8
 798 0406 B402     		.2byte	0x2b4
 799 0408 40030000 		.4byte	0x340
 800 040c 02       		.byte	0x2
 801 040d 23       		.byte	0x23
 802 040e 04       		.uleb128 0x4
 803 040f 0C       		.uleb128 0xc
 804 0410 50415200 		.ascii	"PAR\000"
 805 0414 08       		.byte	0x8
 806 0415 B502     		.2byte	0x2b5
 807 0417 40030000 		.4byte	0x340
 808 041b 02       		.byte	0x2
 809 041c 23       		.byte	0x23
 810 041d 08       		.uleb128 0x8
 811 041e 12       		.uleb128 0x12
 812 041f 06000000 		.4byte	.LASF57
 813 0423 08       		.byte	0x8
 814 0424 B602     		.2byte	0x2b6
 815 0426 40030000 		.4byte	0x340
 816 042a 02       		.byte	0x2
 817 042b 23       		.byte	0x23
 818 042c 0C       		.uleb128 0xc
 819 042d 12       		.uleb128 0x12
 820 042e 0C040000 		.4byte	.LASF58
 821 0432 08       		.byte	0x8
 822 0433 B702     		.2byte	0x2b7
 823 0435 40030000 		.4byte	0x340
 824 0439 02       		.byte	0x2
 825 043a 23       		.byte	0x23
 826 043b 10       		.uleb128 0x10
 827 043c 0C       		.uleb128 0xc
 828 043d 46435200 		.ascii	"FCR\000"
 829 0441 08       		.byte	0x8
 830 0442 B802     		.2byte	0x2b8
 831 0444 40030000 		.4byte	0x340
 832 0448 02       		.byte	0x2
 833 0449 23       		.byte	0x23
 834 044a 14       		.uleb128 0x14
 835 044b 00       		.byte	0x0
 836 044c 13       		.uleb128 0x13
 837 044d DF030000 		.4byte	.LASF59
 838 0451 08       		.byte	0x8
 839 0452 B902     		.2byte	0x2b9
 840 0454 E9030000 		.4byte	0x3e9
 841 0458 11       		.uleb128 0x11
 842 0459 24       		.byte	0x24
 843 045a 08       		.byte	0x8
 844 045b E304     		.2byte	0x4e3
 845 045d 6E050000 		.4byte	0x56e
 846 0461 0C       		.uleb128 0xc
 847 0462 43523100 		.ascii	"CR1\000"
 848 0466 08       		.byte	0x8
 849 0467 E504     		.2byte	0x4e5
 850 0469 DF030000 		.4byte	0x3df
ARM GAS  /tmp/ccwwpCIb.s 			page 16


 851 046d 02       		.byte	0x2
 852 046e 23       		.byte	0x23
 853 046f 00       		.uleb128 0x0
 854 0470 12       		.uleb128 0x12
 855 0471 7A020000 		.4byte	.LASF60
 856 0475 08       		.byte	0x8
 857 0476 E604     		.2byte	0x4e6
 858 0478 57000000 		.4byte	0x57
 859 047c 02       		.byte	0x2
 860 047d 23       		.byte	0x23
 861 047e 02       		.uleb128 0x2
 862 047f 0C       		.uleb128 0xc
 863 0480 43523200 		.ascii	"CR2\000"
 864 0484 08       		.byte	0x8
 865 0485 E704     		.2byte	0x4e7
 866 0487 DF030000 		.4byte	0x3df
 867 048b 02       		.byte	0x2
 868 048c 23       		.byte	0x23
 869 048d 04       		.uleb128 0x4
 870 048e 12       		.uleb128 0x12
 871 048f 84020000 		.4byte	.LASF61
 872 0493 08       		.byte	0x8
 873 0494 E804     		.2byte	0x4e8
 874 0496 57000000 		.4byte	0x57
 875 049a 02       		.byte	0x2
 876 049b 23       		.byte	0x23
 877 049c 06       		.uleb128 0x6
 878 049d 0C       		.uleb128 0xc
 879 049e 535200   		.ascii	"SR\000"
 880 04a1 08       		.byte	0x8
 881 04a2 E904     		.2byte	0x4e9
 882 04a4 DF030000 		.4byte	0x3df
 883 04a8 02       		.byte	0x2
 884 04a9 23       		.byte	0x23
 885 04aa 08       		.uleb128 0x8
 886 04ab 12       		.uleb128 0x12
 887 04ac 8E020000 		.4byte	.LASF62
 888 04b0 08       		.byte	0x8
 889 04b1 EA04     		.2byte	0x4ea
 890 04b3 57000000 		.4byte	0x57
 891 04b7 02       		.byte	0x2
 892 04b8 23       		.byte	0x23
 893 04b9 0A       		.uleb128 0xa
 894 04ba 0C       		.uleb128 0xc
 895 04bb 445200   		.ascii	"DR\000"
 896 04be 08       		.byte	0x8
 897 04bf EB04     		.2byte	0x4eb
 898 04c1 DF030000 		.4byte	0x3df
 899 04c5 02       		.byte	0x2
 900 04c6 23       		.byte	0x23
 901 04c7 0C       		.uleb128 0xc
 902 04c8 12       		.uleb128 0x12
 903 04c9 98020000 		.4byte	.LASF63
 904 04cd 08       		.byte	0x8
 905 04ce EC04     		.2byte	0x4ec
 906 04d0 57000000 		.4byte	0x57
 907 04d4 02       		.byte	0x2
ARM GAS  /tmp/ccwwpCIb.s 			page 17


 908 04d5 23       		.byte	0x23
 909 04d6 0E       		.uleb128 0xe
 910 04d7 12       		.uleb128 0x12
 911 04d8 59000000 		.4byte	.LASF64
 912 04dc 08       		.byte	0x8
 913 04dd ED04     		.2byte	0x4ed
 914 04df DF030000 		.4byte	0x3df
 915 04e3 02       		.byte	0x2
 916 04e4 23       		.byte	0x23
 917 04e5 10       		.uleb128 0x10
 918 04e6 12       		.uleb128 0x12
 919 04e7 A2020000 		.4byte	.LASF65
 920 04eb 08       		.byte	0x8
 921 04ec EE04     		.2byte	0x4ee
 922 04ee 57000000 		.4byte	0x57
 923 04f2 02       		.byte	0x2
 924 04f3 23       		.byte	0x23
 925 04f4 12       		.uleb128 0x12
 926 04f5 12       		.uleb128 0x12
 927 04f6 0B000000 		.4byte	.LASF66
 928 04fa 08       		.byte	0x8
 929 04fb EF04     		.2byte	0x4ef
 930 04fd DF030000 		.4byte	0x3df
 931 0501 02       		.byte	0x2
 932 0502 23       		.byte	0x23
 933 0503 14       		.uleb128 0x14
 934 0504 12       		.uleb128 0x12
 935 0505 61030000 		.4byte	.LASF67
 936 0509 08       		.byte	0x8
 937 050a F004     		.2byte	0x4f0
 938 050c 57000000 		.4byte	0x57
 939 0510 02       		.byte	0x2
 940 0511 23       		.byte	0x23
 941 0512 16       		.uleb128 0x16
 942 0513 12       		.uleb128 0x12
 943 0514 73020000 		.4byte	.LASF68
 944 0518 08       		.byte	0x8
 945 0519 F104     		.2byte	0x4f1
 946 051b DF030000 		.4byte	0x3df
 947 051f 02       		.byte	0x2
 948 0520 23       		.byte	0x23
 949 0521 18       		.uleb128 0x18
 950 0522 12       		.uleb128 0x12
 951 0523 B3020000 		.4byte	.LASF69
 952 0527 08       		.byte	0x8
 953 0528 F204     		.2byte	0x4f2
 954 052a 57000000 		.4byte	0x57
 955 052e 02       		.byte	0x2
 956 052f 23       		.byte	0x23
 957 0530 1A       		.uleb128 0x1a
 958 0531 12       		.uleb128 0x12
 959 0532 E4000000 		.4byte	.LASF70
 960 0536 08       		.byte	0x8
 961 0537 F304     		.2byte	0x4f3
 962 0539 DF030000 		.4byte	0x3df
 963 053d 02       		.byte	0x2
 964 053e 23       		.byte	0x23
ARM GAS  /tmp/ccwwpCIb.s 			page 18


 965 053f 1C       		.uleb128 0x1c
 966 0540 12       		.uleb128 0x12
 967 0541 BD020000 		.4byte	.LASF71
 968 0545 08       		.byte	0x8
 969 0546 F404     		.2byte	0x4f4
 970 0548 57000000 		.4byte	0x57
 971 054c 02       		.byte	0x2
 972 054d 23       		.byte	0x23
 973 054e 1E       		.uleb128 0x1e
 974 054f 12       		.uleb128 0x12
 975 0550 FF010000 		.4byte	.LASF72
 976 0554 08       		.byte	0x8
 977 0555 F504     		.2byte	0x4f5
 978 0557 DF030000 		.4byte	0x3df
 979 055b 02       		.byte	0x2
 980 055c 23       		.byte	0x23
 981 055d 20       		.uleb128 0x20
 982 055e 12       		.uleb128 0x12
 983 055f C7020000 		.4byte	.LASF73
 984 0563 08       		.byte	0x8
 985 0564 F604     		.2byte	0x4f6
 986 0566 57000000 		.4byte	0x57
 987 056a 02       		.byte	0x2
 988 056b 23       		.byte	0x23
 989 056c 22       		.uleb128 0x22
 990 056d 00       		.byte	0x0
 991 056e 13       		.uleb128 0x13
 992 056f 8E030000 		.4byte	.LASF74
 993 0573 08       		.byte	0x8
 994 0574 F704     		.2byte	0x4f7
 995 0576 58040000 		.4byte	0x458
 996 057a 08       		.uleb128 0x8
 997 057b 0C       		.byte	0xc
 998 057c 09       		.byte	0x9
 999 057d DA       		.byte	0xda
 1000 057e C9050000 		.4byte	0x5c9
 1001 0582 06       		.uleb128 0x6
 1002 0583 2B000000 		.4byte	.LASF75
 1003 0587 09       		.byte	0x9
 1004 0588 DB       		.byte	0xdb
 1005 0589 C9050000 		.4byte	0x5c9
 1006 058d 02       		.byte	0x2
 1007 058e 23       		.byte	0x23
 1008 058f 00       		.uleb128 0x0
 1009 0590 06       		.uleb128 0x6
 1010 0591 5C030000 		.4byte	.LASF76
 1011 0595 09       		.byte	0x9
 1012 0596 DC       		.byte	0xdc
 1013 0597 CF050000 		.4byte	0x5cf
 1014 059b 02       		.byte	0x2
 1015 059c 23       		.byte	0x23
 1016 059d 04       		.uleb128 0x4
 1017 059e 06       		.uleb128 0x6
 1018 059f BF010000 		.4byte	.LASF77
 1019 05a3 09       		.byte	0x9
 1020 05a4 DD       		.byte	0xdd
 1021 05a5 3E000000 		.4byte	0x3e
ARM GAS  /tmp/ccwwpCIb.s 			page 19


 1022 05a9 02       		.byte	0x2
 1023 05aa 23       		.byte	0x23
 1024 05ab 08       		.uleb128 0x8
 1025 05ac 06       		.uleb128 0x6
 1026 05ad 7E010000 		.4byte	.LASF78
 1027 05b1 09       		.byte	0x9
 1028 05b2 DF       		.byte	0xdf
 1029 05b3 3E000000 		.4byte	0x3e
 1030 05b7 02       		.byte	0x2
 1031 05b8 23       		.byte	0x23
 1032 05b9 09       		.uleb128 0x9
 1033 05ba 06       		.uleb128 0x6
 1034 05bb 6E000000 		.4byte	.LASF79
 1035 05bf 09       		.byte	0x9
 1036 05c0 E0       		.byte	0xe0
 1037 05c1 3E000000 		.4byte	0x3e
 1038 05c5 02       		.byte	0x2
 1039 05c6 23       		.byte	0x23
 1040 05c7 0A       		.uleb128 0xa
 1041 05c8 00       		.byte	0x0
 1042 05c9 09       		.uleb128 0x9
 1043 05ca 04       		.byte	0x4
 1044 05cb 4C040000 		.4byte	0x44c
 1045 05cf 09       		.uleb128 0x9
 1046 05d0 04       		.byte	0x4
 1047 05d1 40030000 		.4byte	0x340
 1048 05d5 04       		.uleb128 0x4
 1049 05d6 FB020000 		.4byte	.LASF80
 1050 05da 09       		.byte	0x9
 1051 05db E1       		.byte	0xe1
 1052 05dc 7A050000 		.4byte	0x57a
 1053 05e0 08       		.uleb128 0x8
 1054 05e1 04       		.byte	0x4
 1055 05e2 0A       		.byte	0xa
 1056 05e3 96       		.byte	0x96
 1057 05e4 05060000 		.4byte	0x605
 1058 05e8 07       		.uleb128 0x7
 1059 05e9 73657400 		.ascii	"set\000"
 1060 05ed 0A       		.byte	0xa
 1061 05ee 97       		.byte	0x97
 1062 05ef 57000000 		.4byte	0x57
 1063 05f3 02       		.byte	0x2
 1064 05f4 23       		.byte	0x23
 1065 05f5 00       		.uleb128 0x0
 1066 05f6 06       		.uleb128 0x6
 1067 05f7 05020000 		.4byte	.LASF81
 1068 05fb 0A       		.byte	0xa
 1069 05fc 98       		.byte	0x98
 1070 05fd 57000000 		.4byte	0x57
 1071 0601 02       		.byte	0x2
 1072 0602 23       		.byte	0x23
 1073 0603 02       		.uleb128 0x2
 1074 0604 00       		.byte	0x0
 1075 0605 0E       		.uleb128 0xe
 1076 0606 04       		.byte	0x4
 1077 0607 0A       		.byte	0xa
 1078 0608 94       		.byte	0x94
ARM GAS  /tmp/ccwwpCIb.s 			page 20


 1079 0609 20060000 		.4byte	0x620
 1080 060d 14       		.uleb128 0x14
 1081 060e 5700     		.ascii	"W\000"
 1082 0610 0A       		.byte	0xa
 1083 0611 95       		.byte	0x95
 1084 0612 7B000000 		.4byte	0x7b
 1085 0616 14       		.uleb128 0x14
 1086 0617 4800     		.ascii	"H\000"
 1087 0619 0A       		.byte	0xa
 1088 061a 99       		.byte	0x99
 1089 061b E0050000 		.4byte	0x5e0
 1090 061f 00       		.byte	0x0
 1091 0620 08       		.uleb128 0x8
 1092 0621 28       		.byte	0x28
 1093 0622 0A       		.byte	0xa
 1094 0623 8C       		.byte	0x8c
 1095 0624 B5060000 		.4byte	0x6b5
 1096 0628 06       		.uleb128 0x6
 1097 0629 32000000 		.4byte	.LASF82
 1098 062d 0A       		.byte	0xa
 1099 062e 8E       		.byte	0x8e
 1100 062f 40030000 		.4byte	0x340
 1101 0633 02       		.byte	0x2
 1102 0634 23       		.byte	0x23
 1103 0635 00       		.uleb128 0x0
 1104 0636 06       		.uleb128 0x6
 1105 0637 19000000 		.4byte	.LASF83
 1106 063b 0A       		.byte	0xa
 1107 063c 8F       		.byte	0x8f
 1108 063d 40030000 		.4byte	0x340
 1109 0641 02       		.byte	0x2
 1110 0642 23       		.byte	0x23
 1111 0643 04       		.uleb128 0x4
 1112 0644 06       		.uleb128 0x6
 1113 0645 65010000 		.4byte	.LASF84
 1114 0649 0A       		.byte	0xa
 1115 064a 90       		.byte	0x90
 1116 064b 40030000 		.4byte	0x340
 1117 064f 02       		.byte	0x2
 1118 0650 23       		.byte	0x23
 1119 0651 08       		.uleb128 0x8
 1120 0652 06       		.uleb128 0x6
 1121 0653 5F000000 		.4byte	.LASF85
 1122 0657 0A       		.byte	0xa
 1123 0658 91       		.byte	0x91
 1124 0659 40030000 		.4byte	0x340
 1125 065d 02       		.byte	0x2
 1126 065e 23       		.byte	0x23
 1127 065f 0C       		.uleb128 0xc
 1128 0660 07       		.uleb128 0x7
 1129 0661 49445200 		.ascii	"IDR\000"
 1130 0665 0A       		.byte	0xa
 1131 0666 92       		.byte	0x92
 1132 0667 40030000 		.4byte	0x340
 1133 066b 02       		.byte	0x2
 1134 066c 23       		.byte	0x23
 1135 066d 10       		.uleb128 0x10
ARM GAS  /tmp/ccwwpCIb.s 			page 21


 1136 066e 07       		.uleb128 0x7
 1137 066f 4F445200 		.ascii	"ODR\000"
 1138 0673 0A       		.byte	0xa
 1139 0674 93       		.byte	0x93
 1140 0675 40030000 		.4byte	0x340
 1141 0679 02       		.byte	0x2
 1142 067a 23       		.byte	0x23
 1143 067b 14       		.uleb128 0x14
 1144 067c 06       		.uleb128 0x6
 1145 067d D6000000 		.4byte	.LASF86
 1146 0681 0A       		.byte	0xa
 1147 0682 9A       		.byte	0x9a
 1148 0683 B5060000 		.4byte	0x6b5
 1149 0687 02       		.byte	0x2
 1150 0688 23       		.byte	0x23
 1151 0689 18       		.uleb128 0x18
 1152 068a 06       		.uleb128 0x6
 1153 068b BA010000 		.4byte	.LASF87
 1154 068f 0A       		.byte	0xa
 1155 0690 9B       		.byte	0x9b
 1156 0691 40030000 		.4byte	0x340
 1157 0695 02       		.byte	0x2
 1158 0696 23       		.byte	0x23
 1159 0697 1C       		.uleb128 0x1c
 1160 0698 06       		.uleb128 0x6
 1161 0699 6E020000 		.4byte	.LASF88
 1162 069d 0A       		.byte	0xa
 1163 069e 9C       		.byte	0x9c
 1164 069f 40030000 		.4byte	0x340
 1165 06a3 02       		.byte	0x2
 1166 06a4 23       		.byte	0x23
 1167 06a5 20       		.uleb128 0x20
 1168 06a6 06       		.uleb128 0x6
 1169 06a7 69020000 		.4byte	.LASF89
 1170 06ab 0A       		.byte	0xa
 1171 06ac 9D       		.byte	0x9d
 1172 06ad 40030000 		.4byte	0x340
 1173 06b1 02       		.byte	0x2
 1174 06b2 23       		.byte	0x23
 1175 06b3 24       		.uleb128 0x24
 1176 06b4 00       		.byte	0x0
 1177 06b5 0D       		.uleb128 0xd
 1178 06b6 05060000 		.4byte	0x605
 1179 06ba 04       		.uleb128 0x4
 1180 06bb 52010000 		.4byte	.LASF90
 1181 06bf 0A       		.byte	0xa
 1182 06c0 9E       		.byte	0x9e
 1183 06c1 20060000 		.4byte	0x620
 1184 06c5 04       		.uleb128 0x4
 1185 06c6 F2030000 		.4byte	.LASF91
 1186 06ca 0A       		.byte	0xa
 1187 06cb FD       		.byte	0xfd
 1188 06cc D0060000 		.4byte	0x6d0
 1189 06d0 09       		.uleb128 0x9
 1190 06d1 04       		.byte	0x4
 1191 06d2 BA060000 		.4byte	0x6ba
 1192 06d6 09       		.uleb128 0x9
ARM GAS  /tmp/ccwwpCIb.s 			page 22


 1193 06d7 04       		.byte	0x4
 1194 06d8 DC060000 		.4byte	0x6dc
 1195 06dc 10       		.uleb128 0x10
 1196 06dd D5050000 		.4byte	0x5d5
 1197 06e1 15       		.uleb128 0x15
 1198 06e2 01       		.byte	0x1
 1199 06e3 0B       		.byte	0xb
 1200 06e4 55       		.byte	0x55
 1201 06e5 08070000 		.4byte	0x708
 1202 06e9 16       		.uleb128 0x16
 1203 06ea 11040000 		.4byte	.LASF92
 1204 06ee 00       		.sleb128 0
 1205 06ef 16       		.uleb128 0x16
 1206 06f0 DB000000 		.4byte	.LASF93
 1207 06f4 01       		.sleb128 1
 1208 06f5 16       		.uleb128 0x16
 1209 06f6 4F000000 		.4byte	.LASF94
 1210 06fa 02       		.sleb128 2
 1211 06fb 16       		.uleb128 0x16
 1212 06fc 20000000 		.4byte	.LASF95
 1213 0700 03       		.sleb128 3
 1214 0701 16       		.uleb128 0x16
 1215 0702 9F030000 		.4byte	.LASF96
 1216 0706 04       		.sleb128 4
 1217 0707 00       		.byte	0x0
 1218 0708 04       		.uleb128 0x4
 1219 0709 B3030000 		.4byte	.LASF97
 1220 070d 0B       		.byte	0xb
 1221 070e 5B       		.byte	0x5b
 1222 070f E1060000 		.4byte	0x6e1
 1223 0713 13       		.uleb128 0x13
 1224 0714 8B000000 		.4byte	.LASF98
 1225 0718 0C       		.byte	0xc
 1226 0719 E701     		.2byte	0x1e7
 1227 071b 1F070000 		.4byte	0x71f
 1228 071f 0B       		.uleb128 0xb
 1229 0720 8B000000 		.4byte	.LASF98
 1230 0724 30       		.byte	0x30
 1231 0725 0C       		.byte	0xc
 1232 0726 0B02     		.2byte	0x20b
 1233 0728 B4070000 		.4byte	0x7b4
 1234 072c 12       		.uleb128 0x12
 1235 072d 0A010000 		.4byte	.LASF99
 1236 0731 0C       		.byte	0xc
 1237 0732 0F02     		.2byte	0x20f
 1238 0734 08070000 		.4byte	0x708
 1239 0738 02       		.byte	0x2
 1240 0739 23       		.byte	0x23
 1241 073a 00       		.uleb128 0x0
 1242 073b 12       		.uleb128 0x12
 1243 073c AC030000 		.4byte	.LASF100
 1244 0740 0C       		.byte	0xc
 1245 0741 1302     		.2byte	0x213
 1246 0743 2A080000 		.4byte	0x82a
 1247 0747 02       		.byte	0x2
 1248 0748 23       		.byte	0x23
 1249 0749 04       		.uleb128 0x4
ARM GAS  /tmp/ccwwpCIb.s 			page 23


 1250 074a 12       		.uleb128 0x12
 1251 074b 22010000 		.4byte	.LASF101
 1252 074f 0C       		.byte	0xc
 1253 0750 1802     		.2byte	0x218
 1254 0752 4F020000 		.4byte	0x24f
 1255 0756 02       		.byte	0x2
 1256 0757 23       		.byte	0x23
 1257 0758 08       		.uleb128 0x8
 1258 0759 12       		.uleb128 0x12
 1259 075a D9020000 		.4byte	.LASF102
 1260 075e 0C       		.byte	0xc
 1261 075f 1F02     		.2byte	0x21f
 1262 0761 87030000 		.4byte	0x387
 1263 0765 02       		.byte	0x2
 1264 0766 23       		.byte	0x23
 1265 0767 0C       		.uleb128 0xc
 1266 0768 0C       		.uleb128 0xc
 1267 0769 73706900 		.ascii	"spi\000"
 1268 076d 0C       		.byte	0xc
 1269 076e 2B02     		.2byte	0x22b
 1270 0770 35080000 		.4byte	0x835
 1271 0774 02       		.byte	0x2
 1272 0775 23       		.byte	0x23
 1273 0776 1C       		.uleb128 0x1c
 1274 0777 12       		.uleb128 0x12
 1275 0778 00000000 		.4byte	.LASF103
 1276 077c 0C       		.byte	0xc
 1277 077d 2F02     		.2byte	0x22f
 1278 077f D6060000 		.4byte	0x6d6
 1279 0783 02       		.byte	0x2
 1280 0784 23       		.byte	0x23
 1281 0785 20       		.uleb128 0x20
 1282 0786 12       		.uleb128 0x12
 1283 0787 5F010000 		.4byte	.LASF104
 1284 078b 0C       		.byte	0xc
 1285 078c 3302     		.2byte	0x233
 1286 078e D6060000 		.4byte	0x6d6
 1287 0792 02       		.byte	0x2
 1288 0793 23       		.byte	0x23
 1289 0794 24       		.uleb128 0x24
 1290 0795 12       		.uleb128 0x12
 1291 0796 48010000 		.4byte	.LASF105
 1292 079a 0C       		.byte	0xc
 1293 079b 3702     		.2byte	0x237
 1294 079d 7B000000 		.4byte	0x7b
 1295 07a1 02       		.byte	0x2
 1296 07a2 23       		.byte	0x23
 1297 07a3 28       		.uleb128 0x28
 1298 07a4 12       		.uleb128 0x12
 1299 07a5 5F020000 		.4byte	.LASF106
 1300 07a9 0C       		.byte	0xc
 1301 07aa 3B02     		.2byte	0x23b
 1302 07ac 7B000000 		.4byte	0x7b
 1303 07b0 02       		.byte	0x2
 1304 07b1 23       		.byte	0x23
 1305 07b2 2C       		.uleb128 0x2c
 1306 07b3 00       		.byte	0x0
ARM GAS  /tmp/ccwwpCIb.s 			page 24


 1307 07b4 13       		.uleb128 0x13
 1308 07b5 88010000 		.4byte	.LASF107
 1309 07b9 0C       		.byte	0xc
 1310 07ba EF01     		.2byte	0x1ef
 1311 07bc C0070000 		.4byte	0x7c0
 1312 07c0 09       		.uleb128 0x9
 1313 07c1 04       		.byte	0x4
 1314 07c2 C6070000 		.4byte	0x7c6
 1315 07c6 17       		.uleb128 0x17
 1316 07c7 01       		.byte	0x1
 1317 07c8 D2070000 		.4byte	0x7d2
 1318 07cc 18       		.uleb128 0x18
 1319 07cd D2070000 		.4byte	0x7d2
 1320 07d1 00       		.byte	0x0
 1321 07d2 09       		.uleb128 0x9
 1322 07d3 04       		.byte	0x4
 1323 07d4 13070000 		.4byte	0x713
 1324 07d8 11       		.uleb128 0x11
 1325 07d9 0C       		.byte	0xc
 1326 07da 0C       		.byte	0xc
 1327 07db F401     		.2byte	0x1f4
 1328 07dd 1E080000 		.4byte	0x81e
 1329 07e1 12       		.uleb128 0x12
 1330 07e2 41010000 		.4byte	.LASF108
 1331 07e6 0C       		.byte	0xc
 1332 07e7 F801     		.2byte	0x1f8
 1333 07e9 B4070000 		.4byte	0x7b4
 1334 07ed 02       		.byte	0x2
 1335 07ee 23       		.byte	0x23
 1336 07ef 00       		.uleb128 0x0
 1337 07f0 12       		.uleb128 0x12
 1338 07f1 95000000 		.4byte	.LASF109
 1339 07f5 0C       		.byte	0xc
 1340 07f6 FD01     		.2byte	0x1fd
 1341 07f8 C5060000 		.4byte	0x6c5
 1342 07fc 02       		.byte	0x2
 1343 07fd 23       		.byte	0x23
 1344 07fe 04       		.uleb128 0x4
 1345 07ff 12       		.uleb128 0x12
 1346 0800 B6000000 		.4byte	.LASF110
 1347 0804 0C       		.byte	0xc
 1348 0805 0102     		.2byte	0x201
 1349 0807 57000000 		.4byte	0x57
 1350 080b 02       		.byte	0x2
 1351 080c 23       		.byte	0x23
 1352 080d 08       		.uleb128 0x8
 1353 080e 0C       		.uleb128 0xc
 1354 080f 63723100 		.ascii	"cr1\000"
 1355 0813 0C       		.byte	0xc
 1356 0814 0502     		.2byte	0x205
 1357 0816 57000000 		.4byte	0x57
 1358 081a 02       		.byte	0x2
 1359 081b 23       		.byte	0x23
 1360 081c 0A       		.uleb128 0xa
 1361 081d 00       		.byte	0x0
 1362 081e 13       		.uleb128 0x13
 1363 081f 6D040000 		.4byte	.LASF111
ARM GAS  /tmp/ccwwpCIb.s 			page 25


 1364 0823 0C       		.byte	0xc
 1365 0824 0602     		.2byte	0x206
 1366 0826 D8070000 		.4byte	0x7d8
 1367 082a 09       		.uleb128 0x9
 1368 082b 04       		.byte	0x4
 1369 082c 30080000 		.4byte	0x830
 1370 0830 10       		.uleb128 0x10
 1371 0831 1E080000 		.4byte	0x81e
 1372 0835 09       		.uleb128 0x9
 1373 0836 04       		.byte	0x4
 1374 0837 6E050000 		.4byte	0x56e
 1375 083b 19       		.uleb128 0x19
 1376 083c 01       		.byte	0x1
 1377 083d 1C040000 		.4byte	.LASF120
 1378 0841 01       		.byte	0x1
 1379 0842 3C       		.byte	0x3c
 1380 0843 01       		.byte	0x1
 1381 0844 3E000000 		.4byte	0x3e
 1382 0848 00000000 		.4byte	.LFB118
 1383 084c 3A000000 		.4byte	.LFE118
 1384 0850 00000000 		.4byte	.LLST0
 1385 0854 77080000 		.4byte	0x877
 1386 0858 1A       		.uleb128 0x1a
 1387 0859 40040000 		.4byte	.LASF112
 1388 085d 01       		.byte	0x1
 1389 085e 3C       		.byte	0x3c
 1390 085f D2070000 		.4byte	0x7d2
 1391 0863 20000000 		.4byte	.LLST1
 1392 0867 1B       		.uleb128 0x1b
 1393 0868 72656700 		.ascii	"reg\000"
 1394 086c 01       		.byte	0x1
 1395 086d 3C       		.byte	0x3c
 1396 086e 3E000000 		.4byte	0x3e
 1397 0872 3E000000 		.4byte	.LLST2
 1398 0876 00       		.byte	0x0
 1399 0877 1C       		.uleb128 0x1c
 1400 0878 01       		.byte	0x1
 1401 0879 75000000 		.4byte	.LASF121
 1402 087d 01       		.byte	0x1
 1403 087e 4E       		.byte	0x4e
 1404 087f 01       		.byte	0x1
 1405 0880 00000000 		.4byte	.LFB119
 1406 0884 50000000 		.4byte	.LFE119
 1407 0888 51000000 		.4byte	.LLST3
 1408 088c BE080000 		.4byte	0x8be
 1409 0890 1A       		.uleb128 0x1a
 1410 0891 40040000 		.4byte	.LASF112
 1411 0895 01       		.byte	0x1
 1412 0896 4E       		.byte	0x4e
 1413 0897 D2070000 		.4byte	0x7d2
 1414 089b 71000000 		.4byte	.LLST4
 1415 089f 1B       		.uleb128 0x1b
 1416 08a0 72656700 		.ascii	"reg\000"
 1417 08a4 01       		.byte	0x1
 1418 08a5 4E       		.byte	0x4e
 1419 08a6 3E000000 		.4byte	0x3e
 1420 08aa 8F000000 		.4byte	.LLST5
ARM GAS  /tmp/ccwwpCIb.s 			page 26


 1421 08ae 1A       		.uleb128 0x1a
 1422 08af 96010000 		.4byte	.LASF113
 1423 08b3 01       		.byte	0x1
 1424 08b4 4E       		.byte	0x4e
 1425 08b5 3E000000 		.4byte	0x3e
 1426 08b9 A2000000 		.4byte	.LLST6
 1427 08bd 00       		.byte	0x0
 1428 08be 1D       		.uleb128 0x1d
 1429 08bf 9C000000 		.4byte	.LASF116
 1430 08c3 0D       		.byte	0xd
 1431 08c4 9806     		.2byte	0x698
 1432 08c6 E4030000 		.4byte	0x3e4
 1433 08ca 01       		.byte	0x1
 1434 08cb 01       		.byte	0x1
 1435 08cc 1E       		.uleb128 0x1e
 1436 08cd 3E000000 		.4byte	0x3e
 1437 08d1 DC080000 		.4byte	0x8dc
 1438 08d5 1F       		.uleb128 0x1f
 1439 08d6 30000000 		.4byte	0x30
 1440 08da 01       		.byte	0x1
 1441 08db 00       		.byte	0x0
 1442 08dc 20       		.uleb128 0x20
 1443 08dd A9010000 		.4byte	.LASF114
 1444 08e1 01       		.byte	0x1
 1445 08e2 29       		.byte	0x29
 1446 08e3 CC080000 		.4byte	0x8cc
 1447 08e7 05       		.byte	0x5
 1448 08e8 03       		.byte	0x3
 1449 08e9 00000000 		.4byte	txbuf
 1450 08ed 20       		.uleb128 0x20
 1451 08ee A9000000 		.4byte	.LASF115
 1452 08f2 01       		.byte	0x1
 1453 08f3 2A       		.byte	0x2a
 1454 08f4 CC080000 		.4byte	0x8cc
 1455 08f8 05       		.byte	0x5
 1456 08f9 03       		.byte	0x3
 1457 08fa 00000000 		.4byte	rxbuf
 1458 08fe 1D       		.uleb128 0x1d
 1459 08ff 9C000000 		.4byte	.LASF116
 1460 0903 0D       		.byte	0xd
 1461 0904 9806     		.2byte	0x698
 1462 0906 E4030000 		.4byte	0x3e4
 1463 090a 01       		.byte	0x1
 1464 090b 01       		.byte	0x1
 1465 090c 00       		.byte	0x0
 1466              		.section	.debug_abbrev
 1467 0000 01       		.uleb128 0x1
 1468 0001 11       		.uleb128 0x11
 1469 0002 01       		.byte	0x1
 1470 0003 25       		.uleb128 0x25
 1471 0004 0E       		.uleb128 0xe
 1472 0005 13       		.uleb128 0x13
 1473 0006 0B       		.uleb128 0xb
 1474 0007 03       		.uleb128 0x3
 1475 0008 0E       		.uleb128 0xe
 1476 0009 1B       		.uleb128 0x1b
 1477 000a 0E       		.uleb128 0xe
ARM GAS  /tmp/ccwwpCIb.s 			page 27


 1478 000b 11       		.uleb128 0x11
 1479 000c 01       		.uleb128 0x1
 1480 000d 52       		.uleb128 0x52
 1481 000e 01       		.uleb128 0x1
 1482 000f 55       		.uleb128 0x55
 1483 0010 06       		.uleb128 0x6
 1484 0011 10       		.uleb128 0x10
 1485 0012 06       		.uleb128 0x6
 1486 0013 00       		.byte	0x0
 1487 0014 00       		.byte	0x0
 1488 0015 02       		.uleb128 0x2
 1489 0016 24       		.uleb128 0x24
 1490 0017 00       		.byte	0x0
 1491 0018 0B       		.uleb128 0xb
 1492 0019 0B       		.uleb128 0xb
 1493 001a 3E       		.uleb128 0x3e
 1494 001b 0B       		.uleb128 0xb
 1495 001c 03       		.uleb128 0x3
 1496 001d 08       		.uleb128 0x8
 1497 001e 00       		.byte	0x0
 1498 001f 00       		.byte	0x0
 1499 0020 03       		.uleb128 0x3
 1500 0021 24       		.uleb128 0x24
 1501 0022 00       		.byte	0x0
 1502 0023 0B       		.uleb128 0xb
 1503 0024 0B       		.uleb128 0xb
 1504 0025 3E       		.uleb128 0x3e
 1505 0026 0B       		.uleb128 0xb
 1506 0027 03       		.uleb128 0x3
 1507 0028 0E       		.uleb128 0xe
 1508 0029 00       		.byte	0x0
 1509 002a 00       		.byte	0x0
 1510 002b 04       		.uleb128 0x4
 1511 002c 16       		.uleb128 0x16
 1512 002d 00       		.byte	0x0
 1513 002e 03       		.uleb128 0x3
 1514 002f 0E       		.uleb128 0xe
 1515 0030 3A       		.uleb128 0x3a
 1516 0031 0B       		.uleb128 0xb
 1517 0032 3B       		.uleb128 0x3b
 1518 0033 0B       		.uleb128 0xb
 1519 0034 49       		.uleb128 0x49
 1520 0035 13       		.uleb128 0x13
 1521 0036 00       		.byte	0x0
 1522 0037 00       		.byte	0x0
 1523 0038 05       		.uleb128 0x5
 1524 0039 13       		.uleb128 0x13
 1525 003a 01       		.byte	0x1
 1526 003b 03       		.uleb128 0x3
 1527 003c 0E       		.uleb128 0xe
 1528 003d 0B       		.uleb128 0xb
 1529 003e 0B       		.uleb128 0xb
 1530 003f 3A       		.uleb128 0x3a
 1531 0040 0B       		.uleb128 0xb
 1532 0041 3B       		.uleb128 0x3b
 1533 0042 0B       		.uleb128 0xb
 1534 0043 01       		.uleb128 0x1
ARM GAS  /tmp/ccwwpCIb.s 			page 28


 1535 0044 13       		.uleb128 0x13
 1536 0045 00       		.byte	0x0
 1537 0046 00       		.byte	0x0
 1538 0047 06       		.uleb128 0x6
 1539 0048 0D       		.uleb128 0xd
 1540 0049 00       		.byte	0x0
 1541 004a 03       		.uleb128 0x3
 1542 004b 0E       		.uleb128 0xe
 1543 004c 3A       		.uleb128 0x3a
 1544 004d 0B       		.uleb128 0xb
 1545 004e 3B       		.uleb128 0x3b
 1546 004f 0B       		.uleb128 0xb
 1547 0050 49       		.uleb128 0x49
 1548 0051 13       		.uleb128 0x13
 1549 0052 38       		.uleb128 0x38
 1550 0053 0A       		.uleb128 0xa
 1551 0054 00       		.byte	0x0
 1552 0055 00       		.byte	0x0
 1553 0056 07       		.uleb128 0x7
 1554 0057 0D       		.uleb128 0xd
 1555 0058 00       		.byte	0x0
 1556 0059 03       		.uleb128 0x3
 1557 005a 08       		.uleb128 0x8
 1558 005b 3A       		.uleb128 0x3a
 1559 005c 0B       		.uleb128 0xb
 1560 005d 3B       		.uleb128 0x3b
 1561 005e 0B       		.uleb128 0xb
 1562 005f 49       		.uleb128 0x49
 1563 0060 13       		.uleb128 0x13
 1564 0061 38       		.uleb128 0x38
 1565 0062 0A       		.uleb128 0xa
 1566 0063 00       		.byte	0x0
 1567 0064 00       		.byte	0x0
 1568 0065 08       		.uleb128 0x8
 1569 0066 13       		.uleb128 0x13
 1570 0067 01       		.byte	0x1
 1571 0068 0B       		.uleb128 0xb
 1572 0069 0B       		.uleb128 0xb
 1573 006a 3A       		.uleb128 0x3a
 1574 006b 0B       		.uleb128 0xb
 1575 006c 3B       		.uleb128 0x3b
 1576 006d 0B       		.uleb128 0xb
 1577 006e 01       		.uleb128 0x1
 1578 006f 13       		.uleb128 0x13
 1579 0070 00       		.byte	0x0
 1580 0071 00       		.byte	0x0
 1581 0072 09       		.uleb128 0x9
 1582 0073 0F       		.uleb128 0xf
 1583 0074 00       		.byte	0x0
 1584 0075 0B       		.uleb128 0xb
 1585 0076 0B       		.uleb128 0xb
 1586 0077 49       		.uleb128 0x49
 1587 0078 13       		.uleb128 0x13
 1588 0079 00       		.byte	0x0
 1589 007a 00       		.byte	0x0
 1590 007b 0A       		.uleb128 0xa
 1591 007c 0F       		.uleb128 0xf
ARM GAS  /tmp/ccwwpCIb.s 			page 29


 1592 007d 00       		.byte	0x0
 1593 007e 0B       		.uleb128 0xb
 1594 007f 0B       		.uleb128 0xb
 1595 0080 00       		.byte	0x0
 1596 0081 00       		.byte	0x0
 1597 0082 0B       		.uleb128 0xb
 1598 0083 13       		.uleb128 0x13
 1599 0084 01       		.byte	0x1
 1600 0085 03       		.uleb128 0x3
 1601 0086 0E       		.uleb128 0xe
 1602 0087 0B       		.uleb128 0xb
 1603 0088 0B       		.uleb128 0xb
 1604 0089 3A       		.uleb128 0x3a
 1605 008a 0B       		.uleb128 0xb
 1606 008b 3B       		.uleb128 0x3b
 1607 008c 05       		.uleb128 0x5
 1608 008d 01       		.uleb128 0x1
 1609 008e 13       		.uleb128 0x13
 1610 008f 00       		.byte	0x0
 1611 0090 00       		.byte	0x0
 1612 0091 0C       		.uleb128 0xc
 1613 0092 0D       		.uleb128 0xd
 1614 0093 00       		.byte	0x0
 1615 0094 03       		.uleb128 0x3
 1616 0095 08       		.uleb128 0x8
 1617 0096 3A       		.uleb128 0x3a
 1618 0097 0B       		.uleb128 0xb
 1619 0098 3B       		.uleb128 0x3b
 1620 0099 05       		.uleb128 0x5
 1621 009a 49       		.uleb128 0x49
 1622 009b 13       		.uleb128 0x13
 1623 009c 38       		.uleb128 0x38
 1624 009d 0A       		.uleb128 0xa
 1625 009e 00       		.byte	0x0
 1626 009f 00       		.byte	0x0
 1627 00a0 0D       		.uleb128 0xd
 1628 00a1 35       		.uleb128 0x35
 1629 00a2 00       		.byte	0x0
 1630 00a3 49       		.uleb128 0x49
 1631 00a4 13       		.uleb128 0x13
 1632 00a5 00       		.byte	0x0
 1633 00a6 00       		.byte	0x0
 1634 00a7 0E       		.uleb128 0xe
 1635 00a8 17       		.uleb128 0x17
 1636 00a9 01       		.byte	0x1
 1637 00aa 0B       		.uleb128 0xb
 1638 00ab 0B       		.uleb128 0xb
 1639 00ac 3A       		.uleb128 0x3a
 1640 00ad 0B       		.uleb128 0xb
 1641 00ae 3B       		.uleb128 0x3b
 1642 00af 0B       		.uleb128 0xb
 1643 00b0 01       		.uleb128 0x1
 1644 00b1 13       		.uleb128 0x13
 1645 00b2 00       		.byte	0x0
 1646 00b3 00       		.byte	0x0
 1647 00b4 0F       		.uleb128 0xf
 1648 00b5 0D       		.uleb128 0xd
ARM GAS  /tmp/ccwwpCIb.s 			page 30


 1649 00b6 00       		.byte	0x0
 1650 00b7 03       		.uleb128 0x3
 1651 00b8 0E       		.uleb128 0xe
 1652 00b9 3A       		.uleb128 0x3a
 1653 00ba 0B       		.uleb128 0xb
 1654 00bb 3B       		.uleb128 0x3b
 1655 00bc 0B       		.uleb128 0xb
 1656 00bd 49       		.uleb128 0x49
 1657 00be 13       		.uleb128 0x13
 1658 00bf 00       		.byte	0x0
 1659 00c0 00       		.byte	0x0
 1660 00c1 10       		.uleb128 0x10
 1661 00c2 26       		.uleb128 0x26
 1662 00c3 00       		.byte	0x0
 1663 00c4 49       		.uleb128 0x49
 1664 00c5 13       		.uleb128 0x13
 1665 00c6 00       		.byte	0x0
 1666 00c7 00       		.byte	0x0
 1667 00c8 11       		.uleb128 0x11
 1668 00c9 13       		.uleb128 0x13
 1669 00ca 01       		.byte	0x1
 1670 00cb 0B       		.uleb128 0xb
 1671 00cc 0B       		.uleb128 0xb
 1672 00cd 3A       		.uleb128 0x3a
 1673 00ce 0B       		.uleb128 0xb
 1674 00cf 3B       		.uleb128 0x3b
 1675 00d0 05       		.uleb128 0x5
 1676 00d1 01       		.uleb128 0x1
 1677 00d2 13       		.uleb128 0x13
 1678 00d3 00       		.byte	0x0
 1679 00d4 00       		.byte	0x0
 1680 00d5 12       		.uleb128 0x12
 1681 00d6 0D       		.uleb128 0xd
 1682 00d7 00       		.byte	0x0
 1683 00d8 03       		.uleb128 0x3
 1684 00d9 0E       		.uleb128 0xe
 1685 00da 3A       		.uleb128 0x3a
 1686 00db 0B       		.uleb128 0xb
 1687 00dc 3B       		.uleb128 0x3b
 1688 00dd 05       		.uleb128 0x5
 1689 00de 49       		.uleb128 0x49
 1690 00df 13       		.uleb128 0x13
 1691 00e0 38       		.uleb128 0x38
 1692 00e1 0A       		.uleb128 0xa
 1693 00e2 00       		.byte	0x0
 1694 00e3 00       		.byte	0x0
 1695 00e4 13       		.uleb128 0x13
 1696 00e5 16       		.uleb128 0x16
 1697 00e6 00       		.byte	0x0
 1698 00e7 03       		.uleb128 0x3
 1699 00e8 0E       		.uleb128 0xe
 1700 00e9 3A       		.uleb128 0x3a
 1701 00ea 0B       		.uleb128 0xb
 1702 00eb 3B       		.uleb128 0x3b
 1703 00ec 05       		.uleb128 0x5
 1704 00ed 49       		.uleb128 0x49
 1705 00ee 13       		.uleb128 0x13
ARM GAS  /tmp/ccwwpCIb.s 			page 31


 1706 00ef 00       		.byte	0x0
 1707 00f0 00       		.byte	0x0
 1708 00f1 14       		.uleb128 0x14
 1709 00f2 0D       		.uleb128 0xd
 1710 00f3 00       		.byte	0x0
 1711 00f4 03       		.uleb128 0x3
 1712 00f5 08       		.uleb128 0x8
 1713 00f6 3A       		.uleb128 0x3a
 1714 00f7 0B       		.uleb128 0xb
 1715 00f8 3B       		.uleb128 0x3b
 1716 00f9 0B       		.uleb128 0xb
 1717 00fa 49       		.uleb128 0x49
 1718 00fb 13       		.uleb128 0x13
 1719 00fc 00       		.byte	0x0
 1720 00fd 00       		.byte	0x0
 1721 00fe 15       		.uleb128 0x15
 1722 00ff 04       		.uleb128 0x4
 1723 0100 01       		.byte	0x1
 1724 0101 0B       		.uleb128 0xb
 1725 0102 0B       		.uleb128 0xb
 1726 0103 3A       		.uleb128 0x3a
 1727 0104 0B       		.uleb128 0xb
 1728 0105 3B       		.uleb128 0x3b
 1729 0106 0B       		.uleb128 0xb
 1730 0107 01       		.uleb128 0x1
 1731 0108 13       		.uleb128 0x13
 1732 0109 00       		.byte	0x0
 1733 010a 00       		.byte	0x0
 1734 010b 16       		.uleb128 0x16
 1735 010c 28       		.uleb128 0x28
 1736 010d 00       		.byte	0x0
 1737 010e 03       		.uleb128 0x3
 1738 010f 0E       		.uleb128 0xe
 1739 0110 1C       		.uleb128 0x1c
 1740 0111 0D       		.uleb128 0xd
 1741 0112 00       		.byte	0x0
 1742 0113 00       		.byte	0x0
 1743 0114 17       		.uleb128 0x17
 1744 0115 15       		.uleb128 0x15
 1745 0116 01       		.byte	0x1
 1746 0117 27       		.uleb128 0x27
 1747 0118 0C       		.uleb128 0xc
 1748 0119 01       		.uleb128 0x1
 1749 011a 13       		.uleb128 0x13
 1750 011b 00       		.byte	0x0
 1751 011c 00       		.byte	0x0
 1752 011d 18       		.uleb128 0x18
 1753 011e 05       		.uleb128 0x5
 1754 011f 00       		.byte	0x0
 1755 0120 49       		.uleb128 0x49
 1756 0121 13       		.uleb128 0x13
 1757 0122 00       		.byte	0x0
 1758 0123 00       		.byte	0x0
 1759 0124 19       		.uleb128 0x19
 1760 0125 2E       		.uleb128 0x2e
 1761 0126 01       		.byte	0x1
 1762 0127 3F       		.uleb128 0x3f
ARM GAS  /tmp/ccwwpCIb.s 			page 32


 1763 0128 0C       		.uleb128 0xc
 1764 0129 03       		.uleb128 0x3
 1765 012a 0E       		.uleb128 0xe
 1766 012b 3A       		.uleb128 0x3a
 1767 012c 0B       		.uleb128 0xb
 1768 012d 3B       		.uleb128 0x3b
 1769 012e 0B       		.uleb128 0xb
 1770 012f 27       		.uleb128 0x27
 1771 0130 0C       		.uleb128 0xc
 1772 0131 49       		.uleb128 0x49
 1773 0132 13       		.uleb128 0x13
 1774 0133 11       		.uleb128 0x11
 1775 0134 01       		.uleb128 0x1
 1776 0135 12       		.uleb128 0x12
 1777 0136 01       		.uleb128 0x1
 1778 0137 40       		.uleb128 0x40
 1779 0138 06       		.uleb128 0x6
 1780 0139 01       		.uleb128 0x1
 1781 013a 13       		.uleb128 0x13
 1782 013b 00       		.byte	0x0
 1783 013c 00       		.byte	0x0
 1784 013d 1A       		.uleb128 0x1a
 1785 013e 05       		.uleb128 0x5
 1786 013f 00       		.byte	0x0
 1787 0140 03       		.uleb128 0x3
 1788 0141 0E       		.uleb128 0xe
 1789 0142 3A       		.uleb128 0x3a
 1790 0143 0B       		.uleb128 0xb
 1791 0144 3B       		.uleb128 0x3b
 1792 0145 0B       		.uleb128 0xb
 1793 0146 49       		.uleb128 0x49
 1794 0147 13       		.uleb128 0x13
 1795 0148 02       		.uleb128 0x2
 1796 0149 06       		.uleb128 0x6
 1797 014a 00       		.byte	0x0
 1798 014b 00       		.byte	0x0
 1799 014c 1B       		.uleb128 0x1b
 1800 014d 05       		.uleb128 0x5
 1801 014e 00       		.byte	0x0
 1802 014f 03       		.uleb128 0x3
 1803 0150 08       		.uleb128 0x8
 1804 0151 3A       		.uleb128 0x3a
 1805 0152 0B       		.uleb128 0xb
 1806 0153 3B       		.uleb128 0x3b
 1807 0154 0B       		.uleb128 0xb
 1808 0155 49       		.uleb128 0x49
 1809 0156 13       		.uleb128 0x13
 1810 0157 02       		.uleb128 0x2
 1811 0158 06       		.uleb128 0x6
 1812 0159 00       		.byte	0x0
 1813 015a 00       		.byte	0x0
 1814 015b 1C       		.uleb128 0x1c
 1815 015c 2E       		.uleb128 0x2e
 1816 015d 01       		.byte	0x1
 1817 015e 3F       		.uleb128 0x3f
 1818 015f 0C       		.uleb128 0xc
 1819 0160 03       		.uleb128 0x3
ARM GAS  /tmp/ccwwpCIb.s 			page 33


 1820 0161 0E       		.uleb128 0xe
 1821 0162 3A       		.uleb128 0x3a
 1822 0163 0B       		.uleb128 0xb
 1823 0164 3B       		.uleb128 0x3b
 1824 0165 0B       		.uleb128 0xb
 1825 0166 27       		.uleb128 0x27
 1826 0167 0C       		.uleb128 0xc
 1827 0168 11       		.uleb128 0x11
 1828 0169 01       		.uleb128 0x1
 1829 016a 12       		.uleb128 0x12
 1830 016b 01       		.uleb128 0x1
 1831 016c 40       		.uleb128 0x40
 1832 016d 06       		.uleb128 0x6
 1833 016e 01       		.uleb128 0x1
 1834 016f 13       		.uleb128 0x13
 1835 0170 00       		.byte	0x0
 1836 0171 00       		.byte	0x0
 1837 0172 1D       		.uleb128 0x1d
 1838 0173 34       		.uleb128 0x34
 1839 0174 00       		.byte	0x0
 1840 0175 03       		.uleb128 0x3
 1841 0176 0E       		.uleb128 0xe
 1842 0177 3A       		.uleb128 0x3a
 1843 0178 0B       		.uleb128 0xb
 1844 0179 3B       		.uleb128 0x3b
 1845 017a 05       		.uleb128 0x5
 1846 017b 49       		.uleb128 0x49
 1847 017c 13       		.uleb128 0x13
 1848 017d 3F       		.uleb128 0x3f
 1849 017e 0C       		.uleb128 0xc
 1850 017f 3C       		.uleb128 0x3c
 1851 0180 0C       		.uleb128 0xc
 1852 0181 00       		.byte	0x0
 1853 0182 00       		.byte	0x0
 1854 0183 1E       		.uleb128 0x1e
 1855 0184 01       		.uleb128 0x1
 1856 0185 01       		.byte	0x1
 1857 0186 49       		.uleb128 0x49
 1858 0187 13       		.uleb128 0x13
 1859 0188 01       		.uleb128 0x1
 1860 0189 13       		.uleb128 0x13
 1861 018a 00       		.byte	0x0
 1862 018b 00       		.byte	0x0
 1863 018c 1F       		.uleb128 0x1f
 1864 018d 21       		.uleb128 0x21
 1865 018e 00       		.byte	0x0
 1866 018f 49       		.uleb128 0x49
 1867 0190 13       		.uleb128 0x13
 1868 0191 2F       		.uleb128 0x2f
 1869 0192 0B       		.uleb128 0xb
 1870 0193 00       		.byte	0x0
 1871 0194 00       		.byte	0x0
 1872 0195 20       		.uleb128 0x20
 1873 0196 34       		.uleb128 0x34
 1874 0197 00       		.byte	0x0
 1875 0198 03       		.uleb128 0x3
 1876 0199 0E       		.uleb128 0xe
ARM GAS  /tmp/ccwwpCIb.s 			page 34


 1877 019a 3A       		.uleb128 0x3a
 1878 019b 0B       		.uleb128 0xb
 1879 019c 3B       		.uleb128 0x3b
 1880 019d 0B       		.uleb128 0xb
 1881 019e 49       		.uleb128 0x49
 1882 019f 13       		.uleb128 0x13
 1883 01a0 02       		.uleb128 0x2
 1884 01a1 0A       		.uleb128 0xa
 1885 01a2 00       		.byte	0x0
 1886 01a3 00       		.byte	0x0
 1887 01a4 00       		.byte	0x0
 1888              		.section	.debug_pubnames,"",%progbits
 1889 0000 41000000 		.4byte	0x41
 1890 0004 0200     		.2byte	0x2
 1891 0006 00000000 		.4byte	.Ldebug_info0
 1892 000a 0D090000 		.4byte	0x90d
 1893 000e 3B080000 		.4byte	0x83b
 1894 0012 6C697333 		.ascii	"lis302dlReadRegister\000"
 1894      3032646C 
 1894      52656164 
 1894      52656769 
 1894      73746572 
 1895 0027 77080000 		.4byte	0x877
 1896 002b 6C697333 		.ascii	"lis302dlWriteRegister\000"
 1896      3032646C 
 1896      57726974 
 1896      65526567 
 1896      69737465 
 1897 0041 00000000 		.4byte	0x0
 1898              		.section	.debug_pubtypes,"",%progbits
 1899 0000 BF010000 		.4byte	0x1bf
 1900 0004 0200     		.2byte	0x2
 1901 0006 00000000 		.4byte	.Ldebug_info0
 1902 000a 0D090000 		.4byte	0x90d
 1903 000e 3E000000 		.4byte	0x3e
 1904 0012 75696E74 		.ascii	"uint8_t\000"
 1904      385F7400 
 1905 001a 57000000 		.4byte	0x57
 1906 001e 75696E74 		.ascii	"uint16_t\000"
 1906      31365F74 
 1906      00
 1907 0027 69000000 		.4byte	0x69
 1908 002b 696E7433 		.ascii	"int32_t\000"
 1908      325F7400 
 1909 0033 7B000000 		.4byte	0x7b
 1910 0037 75696E74 		.ascii	"uint32_t\000"
 1910      33325F74 
 1910      00
 1911 0040 A2000000 		.4byte	0xa2
 1912 0044 746D6F64 		.ascii	"tmode_t\000"
 1912      655F7400 
 1913 004c AD000000 		.4byte	0xad
 1914 0050 74737461 		.ascii	"tstate_t\000"
 1914      74655F74 
 1914      00
 1915 0059 B8000000 		.4byte	0xb8
 1916 005d 74726566 		.ascii	"trefs_t\000"
ARM GAS  /tmp/ccwwpCIb.s 			page 35


 1916      735F7400 
 1917 0065 C3000000 		.4byte	0xc3
 1918 0069 74736C69 		.ascii	"tslices_t\000"
 1918      6365735F 
 1918      7400
 1919 0073 CE000000 		.4byte	0xce
 1920 0077 74707269 		.ascii	"tprio_t\000"
 1920      6F5F7400 
 1921 007f D9000000 		.4byte	0xd9
 1922 0083 6D73675F 		.ascii	"msg_t\000"
 1922      7400
 1923 0089 E4000000 		.4byte	0xe4
 1924 008d 6576656E 		.ascii	"eventmask_t\000"
 1924      746D6173 
 1924      6B5F7400 
 1925 0099 EF000000 		.4byte	0xef
 1926 009d 73797374 		.ascii	"systime_t\000"
 1926      696D655F 
 1926      7400
 1927 00a7 FA000000 		.4byte	0xfa
 1928 00ab 54687265 		.ascii	"Thread\000"
 1928      616400
 1929 00b2 55020000 		.4byte	0x255
 1930 00b6 54687265 		.ascii	"ThreadsQueue\000"
 1930      61647351 
 1930      75657565 
 1930      00
 1931 00c3 77020000 		.4byte	0x277
 1932 00c7 54687265 		.ascii	"ThreadsList\000"
 1932      6164734C 
 1932      69737400 
 1933 00d3 82020000 		.4byte	0x282
 1934 00d7 72656761 		.ascii	"regarm_t\000"
 1934      726D5F74 
 1934      00
 1935 00e0 8F020000 		.4byte	0x28f
 1936 00e4 696E7463 		.ascii	"intctx\000"
 1936      747800
 1937 00eb 1D030000 		.4byte	0x31d
 1938 00ef 636F6E74 		.ascii	"context\000"
 1938      65787400 
 1939 00f7 4A030000 		.4byte	0x34a
 1940 00fb 4D757465 		.ascii	"Mutex\000"
 1940      7800
 1941 0101 87030000 		.4byte	0x387
 1942 0105 4D757465 		.ascii	"Mutex\000"
 1942      7800
 1943 010b 05010000 		.4byte	0x105
 1944 010f 54687265 		.ascii	"Thread\000"
 1944      616400
 1945 0116 4C040000 		.4byte	0x44c
 1946 011a 444D415F 		.ascii	"DMA_Stream_TypeDef\000"
 1946      53747265 
 1946      616D5F54 
 1946      79706544 
 1946      656600
 1947 012d 6E050000 		.4byte	0x56e
ARM GAS  /tmp/ccwwpCIb.s 			page 36


 1948 0131 5350495F 		.ascii	"SPI_TypeDef\000"
 1948      54797065 
 1948      44656600 
 1949 013d D5050000 		.4byte	0x5d5
 1950 0141 73746D33 		.ascii	"stm32_dma_stream_t\000"
 1950      325F646D 
 1950      615F7374 
 1950      7265616D 
 1950      5F7400
 1951 0154 BA060000 		.4byte	0x6ba
 1952 0158 4750494F 		.ascii	"GPIO_TypeDef\000"
 1952      5F547970 
 1952      65446566 
 1952      00
 1953 0165 C5060000 		.4byte	0x6c5
 1954 0169 696F706F 		.ascii	"ioportid_t\000"
 1954      72746964 
 1954      5F7400
 1955 0174 08070000 		.4byte	0x708
 1956 0178 73706973 		.ascii	"spistate_t\000"
 1956      74617465 
 1956      5F7400
 1957 0183 13070000 		.4byte	0x713
 1958 0187 53504944 		.ascii	"SPIDriver\000"
 1958      72697665 
 1958      7200
 1959 0191 B4070000 		.4byte	0x7b4
 1960 0195 73706963 		.ascii	"spicallback_t\000"
 1960      616C6C62 
 1960      61636B5F 
 1960      7400
 1961 01a3 1E080000 		.4byte	0x81e
 1962 01a7 53504943 		.ascii	"SPIConfig\000"
 1962      6F6E6669 
 1962      6700
 1963 01b1 1F070000 		.4byte	0x71f
 1964 01b5 53504944 		.ascii	"SPIDriver\000"
 1964      72697665 
 1964      7200
 1965 01bf 00000000 		.4byte	0x0
 1966              		.section	.debug_aranges,"",%progbits
 1967 0000 24000000 		.4byte	0x24
 1968 0004 0200     		.2byte	0x2
 1969 0006 00000000 		.4byte	.Ldebug_info0
 1970 000a 04       		.byte	0x4
 1971 000b 00       		.byte	0x0
 1972 000c 0000     		.2byte	0x0
 1973 000e 0000     		.2byte	0x0
 1974 0010 00000000 		.4byte	.LFB118
 1975 0014 3A000000 		.4byte	.LFE118-.LFB118
 1976 0018 00000000 		.4byte	.LFB119
 1977 001c 50000000 		.4byte	.LFE119-.LFB119
 1978 0020 00000000 		.4byte	0x0
 1979 0024 00000000 		.4byte	0x0
 1980              		.section	.debug_ranges,"",%progbits
 1981              	.Ldebug_ranges0:
 1982 0000 00000000 		.4byte	.LFB118
ARM GAS  /tmp/ccwwpCIb.s 			page 37


 1983 0004 3A000000 		.4byte	.LFE118
 1984 0008 00000000 		.4byte	.LFB119
 1985 000c 50000000 		.4byte	.LFE119
 1986 0010 00000000 		.4byte	0x0
 1987 0014 00000000 		.4byte	0x0
 1988              		.section	.debug_str,"MS",%progbits,1
 1989              	.LASF103:
 1990 0000 646D6172 		.ascii	"dmarx\000"
 1990      7800
 1991              	.LASF57:
 1992 0006 4D304152 		.ascii	"M0AR\000"
 1992      00
 1993              	.LASF66:
 1994 000b 52584352 		.ascii	"RXCRCR\000"
 1994      435200
 1995              	.LASF51:
 1996 0012 7264796D 		.ascii	"rdymsg\000"
 1996      736700
 1997              	.LASF83:
 1998 0019 4F545950 		.ascii	"OTYPER\000"
 1998      455200
 1999              	.LASF95:
 2000 0020 5350495F 		.ascii	"SPI_ACTIVE\000"
 2000      41435449 
 2000      564500
 2001              	.LASF75:
 2002 002b 73747265 		.ascii	"stream\000"
 2002      616D00
 2003              	.LASF82:
 2004 0032 4D4F4445 		.ascii	"MODER\000"
 2004      5200
 2005              	.LASF12:
 2006 0038 6C6F6E67 		.ascii	"long long unsigned int\000"
 2006      206C6F6E 
 2006      6720756E 
 2006      7369676E 
 2006      65642069 
 2007              	.LASF94:
 2008 004f 5350495F 		.ascii	"SPI_READY\000"
 2008      52454144 
 2008      5900
 2009              	.LASF64:
 2010 0059 43524350 		.ascii	"CRCPR\000"
 2010      5200
 2011              	.LASF85:
 2012 005f 50555044 		.ascii	"PUPDR\000"
 2012      5200
 2013              	.LASF52:
 2014 0065 65786974 		.ascii	"exitcode\000"
 2014      636F6465 
 2014      00
 2015              	.LASF79:
 2016 006e 76656374 		.ascii	"vector\000"
 2016      6F7200
 2017              	.LASF121:
 2018 0075 6C697333 		.ascii	"lis302dlWriteRegister\000"
 2018      3032646C 
ARM GAS  /tmp/ccwwpCIb.s 			page 38


 2018      57726974 
 2018      65526567 
 2018      69737465 
 2019              	.LASF98:
 2020 008b 53504944 		.ascii	"SPIDriver\000"
 2020      72697665 
 2020      7200
 2021              	.LASF109:
 2022 0095 7373706F 		.ascii	"ssport\000"
 2022      727400
 2023              	.LASF116:
 2024 009c 49544D5F 		.ascii	"ITM_RxBuffer\000"
 2024      52784275 
 2024      66666572 
 2024      00
 2025              	.LASF115:
 2026 00a9 72786275 		.ascii	"rxbuf\000"
 2026      6600
 2027              	.LASF25:
 2028 00af 705F7072 		.ascii	"p_prio\000"
 2028      696F00
 2029              	.LASF110:
 2030 00b6 73737061 		.ascii	"sspad\000"
 2030      6400
 2031              	.LASF11:
 2032 00bc 6C6F6E67 		.ascii	"long long int\000"
 2032      206C6F6E 
 2032      6720696E 
 2032      7400
 2033              	.LASF1:
 2034 00ca 7369676E 		.ascii	"signed char\000"
 2034      65642063 
 2034      68617200 
 2035              	.LASF86:
 2036 00d6 42535252 		.ascii	"BSRR\000"
 2036      00
 2037              	.LASF93:
 2038 00db 5350495F 		.ascii	"SPI_STOP\000"
 2038      53544F50 
 2038      00
 2039              	.LASF70:
 2040 00e4 49325343 		.ascii	"I2SCFGR\000"
 2040      46475200 
 2041              	.LASF48:
 2042 00ec 6D5F7175 		.ascii	"m_queue\000"
 2042      65756500 
 2043              	.LASF117:
 2044 00f4 474E5520 		.ascii	"GNU C 4.5.1\000"
 2044      4320342E 
 2044      352E3100 
 2045              	.LASF17:
 2046 0100 74736C69 		.ascii	"tslices_t\000"
 2046      6365735F 
 2046      7400
 2047              	.LASF99:
 2048 010a 73746174 		.ascii	"state\000"
 2048      6500
ARM GAS  /tmp/ccwwpCIb.s 			page 39


 2049              	.LASF8:
 2050 0110 6C6F6E67 		.ascii	"long int\000"
 2050      20696E74 
 2050      00
 2051              	.LASF15:
 2052 0119 74737461 		.ascii	"tstate_t\000"
 2052      74655F74 
 2052      00
 2053              	.LASF101:
 2054 0122 74687265 		.ascii	"thread\000"
 2054      616400
 2055              	.LASF5:
 2056 0129 75696E74 		.ascii	"uint16_t\000"
 2056      31365F74 
 2056      00
 2057              	.LASF34:
 2058 0132 705F7469 		.ascii	"p_time\000"
 2058      6D6500
 2059              	.LASF27:
 2060 0139 705F6E65 		.ascii	"p_newer\000"
 2060      77657200 
 2061              	.LASF108:
 2062 0141 656E645F 		.ascii	"end_cb\000"
 2062      636200
 2063              	.LASF105:
 2064 0148 7278646D 		.ascii	"rxdmamode\000"
 2064      616D6F64 
 2064      6500
 2065              	.LASF90:
 2066 0152 4750494F 		.ascii	"GPIO_TypeDef\000"
 2066      5F547970 
 2066      65446566 
 2066      00
 2067              	.LASF104:
 2068 015f 646D6174 		.ascii	"dmatx\000"
 2068      7800
 2069              	.LASF84:
 2070 0165 4F535045 		.ascii	"OSPEEDR\000"
 2070      45445200 
 2071              	.LASF41:
 2072 016d 705F6D70 		.ascii	"p_mpool\000"
 2072      6F6F6C00 
 2073              	.LASF44:
 2074 0175 72656761 		.ascii	"regarm_t\000"
 2074      726D5F74 
 2074      00
 2075              	.LASF78:
 2076 017e 73656C66 		.ascii	"selfindex\000"
 2076      696E6465 
 2076      7800
 2077              	.LASF107:
 2078 0188 73706963 		.ascii	"spicallback_t\000"
 2078      616C6C62 
 2078      61636B5F 
 2078      7400
 2079              	.LASF113:
 2080 0196 76616C75 		.ascii	"value\000"
ARM GAS  /tmp/ccwwpCIb.s 			page 40


 2080      6500
 2081              	.LASF0:
 2082 019c 756E7369 		.ascii	"unsigned int\000"
 2082      676E6564 
 2082      20696E74 
 2082      00
 2083              	.LASF114:
 2084 01a9 74786275 		.ascii	"txbuf\000"
 2084      6600
 2085              	.LASF36:
 2086 01af 705F6D73 		.ascii	"p_msgqueue\000"
 2086      67717565 
 2086      756500
 2087              	.LASF87:
 2088 01ba 4C434B52 		.ascii	"LCKR\000"
 2088      00
 2089              	.LASF77:
 2090 01bf 69736869 		.ascii	"ishift\000"
 2090      667400
 2091              	.LASF6:
 2092 01c6 73686F72 		.ascii	"short unsigned int\000"
 2092      7420756E 
 2092      7369676E 
 2092      65642069 
 2092      6E7400
 2093              	.LASF19:
 2094 01d9 6D73675F 		.ascii	"msg_t\000"
 2094      7400
 2095              	.LASF14:
 2096 01df 746D6F64 		.ascii	"tmode_t\000"
 2096      655F7400 
 2097              	.LASF43:
 2098 01e7 54687265 		.ascii	"ThreadsList\000"
 2098      6164734C 
 2098      69737400 
 2099              	.LASF20:
 2100 01f3 6576656E 		.ascii	"eventmask_t\000"
 2100      746D6173 
 2100      6B5F7400 
 2101              	.LASF72:
 2102 01ff 49325350 		.ascii	"I2SPR\000"
 2102      5200
 2103              	.LASF81:
 2104 0205 636C6561 		.ascii	"clear\000"
 2104      7200
 2105              	.LASF118:
 2106 020b 2E2E2F43 		.ascii	"../ChibiOS_2.6.2/os/various/devices_lib/accel/lis30"
 2106      68696269 
 2106      4F535F32 
 2106      2E362E32 
 2106      2F6F732F 
 2107 023e 32646C2E 		.ascii	"2dl.c\000"
 2107      6300
 2108              	.LASF47:
 2109 0244 4D757465 		.ascii	"Mutex\000"
 2109      7800
 2110              	.LASF28:
ARM GAS  /tmp/ccwwpCIb.s 			page 41


 2111 024a 705F6F6C 		.ascii	"p_older\000"
 2111      64657200 
 2112              	.LASF42:
 2113 0252 54687265 		.ascii	"ThreadsQueue\000"
 2113      61647351 
 2113      75657565 
 2113      00
 2114              	.LASF106:
 2115 025f 7478646D 		.ascii	"txdmamode\000"
 2115      616D6F64 
 2115      6500
 2116              	.LASF89:
 2117 0269 41465248 		.ascii	"AFRH\000"
 2117      00
 2118              	.LASF88:
 2119 026e 4146524C 		.ascii	"AFRL\000"
 2119      00
 2120              	.LASF68:
 2121 0273 54584352 		.ascii	"TXCRCR\000"
 2121      435200
 2122              	.LASF60:
 2123 027a 52455345 		.ascii	"RESERVED0\000"
 2123      52564544 
 2123      3000
 2124              	.LASF61:
 2125 0284 52455345 		.ascii	"RESERVED1\000"
 2125      52564544 
 2125      3100
 2126              	.LASF62:
 2127 028e 52455345 		.ascii	"RESERVED2\000"
 2127      52564544 
 2127      3200
 2128              	.LASF63:
 2129 0298 52455345 		.ascii	"RESERVED3\000"
 2129      52564544 
 2129      3300
 2130              	.LASF65:
 2131 02a2 52455345 		.ascii	"RESERVED4\000"
 2131      52564544 
 2131      3400
 2132              	.LASF24:
 2133 02ac 705F7072 		.ascii	"p_prev\000"
 2133      657600
 2134              	.LASF69:
 2135 02b3 52455345 		.ascii	"RESERVED6\000"
 2135      52564544 
 2135      3600
 2136              	.LASF71:
 2137 02bd 52455345 		.ascii	"RESERVED7\000"
 2137      52564544 
 2137      3700
 2138              	.LASF73:
 2139 02c7 52455345 		.ascii	"RESERVED8\000"
 2139      52564544 
 2139      3800
 2140              	.LASF18:
 2141 02d1 74707269 		.ascii	"tprio_t\000"
ARM GAS  /tmp/ccwwpCIb.s 			page 42


 2141      6F5F7400 
 2142              	.LASF102:
 2143 02d9 6D757465 		.ascii	"mutex\000"
 2143      7800
 2144              	.LASF13:
 2145 02df 5F426F6F 		.ascii	"_Bool\000"
 2145      6C00
 2146              	.LASF7:
 2147 02e5 696E7433 		.ascii	"int32_t\000"
 2147      325F7400 
 2148              	.LASF2:
 2149 02ed 756E7369 		.ascii	"unsigned char\000"
 2149      676E6564 
 2149      20636861 
 2149      7200
 2150              	.LASF80:
 2151 02fb 73746D33 		.ascii	"stm32_dma_stream_t\000"
 2151      325F646D 
 2151      615F7374 
 2151      7265616D 
 2151      5F7400
 2152              	.LASF39:
 2153 030e 705F6D74 		.ascii	"p_mtxlist\000"
 2153      786C6973 
 2153      7400
 2154              	.LASF3:
 2155 0318 73686F72 		.ascii	"short int\000"
 2155      7420696E 
 2155      7400
 2156              	.LASF30:
 2157 0322 705F7374 		.ascii	"p_state\000"
 2157      61746500 
 2158              	.LASF33:
 2159 032a 705F7072 		.ascii	"p_preempt\000"
 2159      65656D70 
 2159      7400
 2160              	.LASF54:
 2161 0334 65776D61 		.ascii	"ewmask\000"
 2161      736B00
 2162              	.LASF23:
 2163 033b 705F6E65 		.ascii	"p_next\000"
 2163      787400
 2164              	.LASF31:
 2165 0342 705F666C 		.ascii	"p_flags\000"
 2165      61677300 
 2166              	.LASF22:
 2167 034a 54687265 		.ascii	"Thread\000"
 2167      616400
 2168              	.LASF38:
 2169 0351 705F6570 		.ascii	"p_epending\000"
 2169      656E6469 
 2169      6E6700
 2170              	.LASF76:
 2171 035c 69666372 		.ascii	"ifcr\000"
 2171      00
 2172              	.LASF67:
 2173 0361 52455345 		.ascii	"RESERVED5\000"
ARM GAS  /tmp/ccwwpCIb.s 			page 43


 2173      52564544 
 2173      3500
 2174              	.LASF9:
 2175 036b 75696E74 		.ascii	"uint32_t\000"
 2175      33325F74 
 2175      00
 2176              	.LASF16:
 2177 0374 74726566 		.ascii	"trefs_t\000"
 2177      735F7400 
 2178              	.LASF10:
 2179 037c 6C6F6E67 		.ascii	"long unsigned int\000"
 2179      20756E73 
 2179      69676E65 
 2179      6420696E 
 2179      7400
 2180              	.LASF74:
 2181 038e 5350495F 		.ascii	"SPI_TypeDef\000"
 2181      54797065 
 2181      44656600 
 2182              	.LASF55:
 2183 039a 63686172 		.ascii	"char\000"
 2183      00
 2184              	.LASF96:
 2185 039f 5350495F 		.ascii	"SPI_COMPLETE\000"
 2185      434F4D50 
 2185      4C455445 
 2185      00
 2186              	.LASF100:
 2187 03ac 636F6E66 		.ascii	"config\000"
 2187      696700
 2188              	.LASF97:
 2189 03b3 73706973 		.ascii	"spistate_t\000"
 2189      74617465 
 2189      5F7400
 2190              	.LASF50:
 2191 03be 6D5F6E65 		.ascii	"m_next\000"
 2191      787400
 2192              	.LASF21:
 2193 03c5 73797374 		.ascii	"systime_t\000"
 2193      696D655F 
 2193      7400
 2194              	.LASF40:
 2195 03cf 705F7265 		.ascii	"p_realprio\000"
 2195      616C7072 
 2195      696F00
 2196              	.LASF56:
 2197 03da 4E445452 		.ascii	"NDTR\000"
 2197      00
 2198              	.LASF59:
 2199 03df 444D415F 		.ascii	"DMA_Stream_TypeDef\000"
 2199      53747265 
 2199      616D5F54 
 2199      79706544 
 2199      656600
 2200              	.LASF91:
 2201 03f2 696F706F 		.ascii	"ioportid_t\000"
 2201      72746964 
ARM GAS  /tmp/ccwwpCIb.s 			page 44


 2201      5F7400
 2202              	.LASF46:
 2203 03fd 636F6E74 		.ascii	"context\000"
 2203      65787400 
 2204              	.LASF45:
 2205 0405 696E7463 		.ascii	"intctx\000"
 2205      747800
 2206              	.LASF58:
 2207 040c 4D314152 		.ascii	"M1AR\000"
 2207      00
 2208              	.LASF92:
 2209 0411 5350495F 		.ascii	"SPI_UNINIT\000"
 2209      554E494E 
 2209      495400
 2210              	.LASF120:
 2211 041c 6C697333 		.ascii	"lis302dlReadRegister\000"
 2211      3032646C 
 2211      52656164 
 2211      52656769 
 2211      73746572 
 2212              	.LASF32:
 2213 0431 705F7265 		.ascii	"p_refs\000"
 2213      667300
 2214              	.LASF4:
 2215 0438 75696E74 		.ascii	"uint8_t\000"
 2215      385F7400 
 2216              	.LASF112:
 2217 0440 73706970 		.ascii	"spip\000"
 2217      00
 2218              	.LASF53:
 2219 0445 77746F62 		.ascii	"wtobjp\000"
 2219      6A7000
 2220              	.LASF29:
 2221 044c 705F6E61 		.ascii	"p_name\000"
 2221      6D6500
 2222              	.LASF119:
 2223 0453 2F686F6D 		.ascii	"/home/nis/stm32f407d_neko\000"
 2223      652F6E69 
 2223      732F7374 
 2223      6D333266 
 2223      34303764 
 2224              	.LASF111:
 2225 046d 53504943 		.ascii	"SPIConfig\000"
 2225      6F6E6669 
 2225      6700
 2226              	.LASF37:
 2227 0477 705F6D73 		.ascii	"p_msg\000"
 2227      6700
 2228              	.LASF49:
 2229 047d 6D5F6F77 		.ascii	"m_owner\000"
 2229      6E657200 
 2230              	.LASF26:
 2231 0485 705F6374 		.ascii	"p_ctx\000"
 2231      7800
 2232              	.LASF35:
 2233 048b 705F7761 		.ascii	"p_waiting\000"
 2233      6974696E 
ARM GAS  /tmp/ccwwpCIb.s 			page 45


 2233      6700
 2234              		.ident	"GCC: (Sourcery G++ Lite 2010.09-51) 4.5.1"
ARM GAS  /tmp/ccwwpCIb.s 			page 46


DEFINED SYMBOLS
                            *ABS*:00000000 lis302dl.c
     /tmp/ccwwpCIb.s:24     .text.lis302dlReadRegister:00000000 $t
     /tmp/ccwwpCIb.s:30     .text.lis302dlReadRegister:00000000 lis302dlReadRegister
     /tmp/ccwwpCIb.s:164    .bss.txbuf:00000000 .LANCHOR0
     /tmp/ccwwpCIb.s:157    .bss.rxbuf:00000000 .LANCHOR1
     /tmp/ccwwpCIb.s:86     .text.lis302dlWriteRegister:00000000 $t
     /tmp/ccwwpCIb.s:92     .text.lis302dlWriteRegister:00000000 lis302dlWriteRegister
     /tmp/ccwwpCIb.s:156    .bss.rxbuf:00000000 $d
     /tmp/ccwwpCIb.s:160    .bss.rxbuf:00000000 rxbuf
     /tmp/ccwwpCIb.s:163    .bss.txbuf:00000000 $d
     /tmp/ccwwpCIb.s:167    .bss.txbuf:00000000 txbuf
                     .debug_frame:00000010 $d

UNDEFINED SYMBOLS
spiSelect
spiExchange
spiUnselect
spiSend
