ARM GAS  /tmp/ccKCMvcn.s 			page 1


   1              		.syntax unified
   2              		.cpu cortex-m4
   3              		.fpu softvfp
   4              		.eabi_attribute 20, 1
   5              		.eabi_attribute 21, 1
   6              		.eabi_attribute 23, 3
   7              		.eabi_attribute 24, 1
   8              		.eabi_attribute 25, 1
   9              		.eabi_attribute 26, 1
  10              		.eabi_attribute 30, 2
  11              		.eabi_attribute 18, 4
  12              		.thumb
  13              		.file	"nvic.c"
  14              		.section	.debug_abbrev,"",%progbits
  15              	.Ldebug_abbrev0:
  16              		.section	.debug_info,"",%progbits
  17              	.Ldebug_info0:
  18              		.section	.debug_line,"",%progbits
  19              	.Ldebug_line0:
  20 0000 19010000 		.text
  20      0200C700 
  20      00000201 
  20      FB0E0D00 
  20      01010101 
  21              	.Ltext0:
  22              		.cfi_sections	.debug_frame
  23              		.section	.text.nvicEnableVector,"ax",%progbits
  24              		.align	2
  25              		.p2align 4,,15
  26              		.global	nvicEnableVector
  27              		.thumb
  28              		.thumb_func
  29              		.type	nvicEnableVector, %function
  30              	nvicEnableVector:
  31              	.LFB7:
  32              		.file 1 "../ChibiOS_2.6.2/os/ports/common/ARMCMx/nvic.c"
  33              		.loc 1 46 0
  34              		.cfi_startproc
  35              		@ args = 0, pretend = 0, frame = 0
  36              		@ frame_needed = 0, uses_anonymous_args = 0
  37              		@ link register save eliminated.
  38              	.LVL0:
  39 0000 F0B4     		push	{r4, r5, r6, r7}
  40              	.LCFI0:
  41              		.cfi_def_cfa_offset 16
  42              		.loc 1 49 0
  43 0002 4FF46143 		mov	r3, #57600
  44 0006 8408     		lsrs	r4, r0, #2
  45              		.cfi_offset 7, -4
  46              		.cfi_offset 6, -8
  47              		.cfi_offset 5, -12
  48              		.cfi_offset 4, -16
  49 0008 CEF20003 		movt	r3, 57344
  50 000c C034     		adds	r4, r4, #192
  51              		.loc 1 47 0
  52 000e 00F00302 		and	r2, r0, #3
  53              		.loc 1 49 0
ARM GAS  /tmp/ccKCMvcn.s 			page 2


  54 0012 53F82470 		ldr	r7, [r3, r4, lsl #2]
  55              		.loc 1 47 0
  56 0016 D500     		lsls	r5, r2, #3
  57              		.loc 1 49 0
  58 0018 FF26     		movs	r6, #255
  59              		.loc 1 50 0
  60 001a 4209     		lsrs	r2, r0, #5
  61              		.loc 1 49 0
  62 001c AE40     		lsls	r6, r6, r5
  63 001e 27EA0606 		bic	r6, r7, r6
  64 0022 11FA05F5 		lsls	r5, r1, r5
  65              		.loc 1 50 0
  66 0026 00F01F00 		and	r0, r0, #31
  67              	.LVL1:
  68 002a 02F16007 		add	r7, r2, #96
  69 002e 0121     		movs	r1, #1
  70              	.LVL2:
  71 0030 11FA00F0 		lsls	r0, r1, r0
  72              		.loc 1 49 0
  73 0034 2E43     		orrs	r6, r6, r5
  74 0036 43F82460 		str	r6, [r3, r4, lsl #2]
  75              		.loc 1 50 0
  76 003a 43F82700 		str	r0, [r3, r7, lsl #2]
  77              		.loc 1 51 0
  78 003e 43F82200 		str	r0, [r3, r2, lsl #2]
  79              		.loc 1 52 0
  80 0042 F0BC     		pop	{r4, r5, r6, r7}
  81 0044 7047     		bx	lr
  82              		.cfi_endproc
  83              	.LFE7:
  84              		.size	nvicEnableVector, .-nvicEnableVector
  85 0046 00BFAFF3 		.section	.text.nvicDisableVector,"ax",%progbits
  85      0080AFF3 
  85      0080
  86              		.align	2
  87              		.p2align 4,,15
  88              		.global	nvicDisableVector
  89              		.thumb
  90              		.thumb_func
  91              		.type	nvicDisableVector, %function
  92              	nvicDisableVector:
  93              	.LFB8:
  94              		.loc 1 60 0
  95              		.cfi_startproc
  96              		@ args = 0, pretend = 0, frame = 0
  97              		@ frame_needed = 0, uses_anonymous_args = 0
  98              		@ link register save eliminated.
  99              	.LVL3:
 100 0000 10B4     		push	{r4}
 101              	.LCFI1:
 102              		.cfi_def_cfa_offset 4
 103              		.loc 1 63 0
 104 0002 4109     		lsrs	r1, r0, #5
 105 0004 4FF46143 		mov	r3, #57600
 106 0008 CEF20003 		movt	r3, 57344
 107 000c 00F01F02 		and	r2, r0, #31
 108 0010 2031     		adds	r1, r1, #32
ARM GAS  /tmp/ccKCMvcn.s 			page 3


 109 0012 0124     		movs	r4, #1
 110              		.cfi_offset 4, -4
 111 0014 9440     		lsls	r4, r4, r2
 112              		.loc 1 64 0
 113 0016 8208     		lsrs	r2, r0, #2
 114              		.loc 1 63 0
 115 0018 43F82140 		str	r4, [r3, r1, lsl #2]
 116              		.loc 1 64 0
 117 001c C032     		adds	r2, r2, #192
 118              		.loc 1 61 0
 119 001e 00F00304 		and	r4, r0, #3
 120              		.loc 1 64 0
 121 0022 53F82210 		ldr	r1, [r3, r2, lsl #2]
 122              		.loc 1 61 0
 123 0026 E000     		lsls	r0, r4, #3
 124              	.LVL4:
 125              		.loc 1 64 0
 126 0028 FF24     		movs	r4, #255
 127 002a 14FA00F0 		lsls	r0, r4, r0
 128              	.LVL5:
 129 002e 21EA0000 		bic	r0, r1, r0
 130 0032 43F82200 		str	r0, [r3, r2, lsl #2]
 131              		.loc 1 65 0
 132 0036 10BC     		pop	{r4}
 133 0038 7047     		bx	lr
 134              		.cfi_endproc
 135              	.LFE8:
 136              		.size	nvicDisableVector, .-nvicDisableVector
 137 003a 00BFAFF3 		.section	.text.nvicSetSystemHandlerPriority,"ax",%progbits
 137      0080
 138              		.align	2
 139              		.p2align 4,,15
 140              		.global	nvicSetSystemHandlerPriority
 141              		.thumb
 142              		.thumb_func
 143              		.type	nvicSetSystemHandlerPriority, %function
 144              	nvicSetSystemHandlerPriority:
 145              	.LFB9:
 146              		.loc 1 74 0
 147              		.cfi_startproc
 148              		@ args = 0, pretend = 0, frame = 0
 149              		@ frame_needed = 0, uses_anonymous_args = 0
 150              		@ link register save eliminated.
 151              	.LVL6:
 152 0000 30B4     		push	{r4, r5}
 153              	.LCFI2:
 154              		.cfi_def_cfa_offset 8
 155              		.loc 1 77 0
 156 0002 4FF46D43 		mov	r3, #60672
 157 0006 8508     		lsrs	r5, r0, #2
 158              		.cfi_offset 5, -4
 159              		.cfi_offset 4, -8
 160 0008 CEF20003 		movt	r3, 57344
 161 000c AA1D     		adds	r2, r5, #6
 162              		.loc 1 75 0
 163 000e 00F00300 		and	r0, r0, #3
 164              	.LVL7:
ARM GAS  /tmp/ccKCMvcn.s 			page 4


 165              		.loc 1 77 0
 166 0012 53F82250 		ldr	r5, [r3, r2, lsl #2]
 167              		.loc 1 75 0
 168 0016 C000     		lsls	r0, r0, #3
 169              		.loc 1 78 0
 170 0018 FF24     		movs	r4, #255
 171 001a 8440     		lsls	r4, r4, r0
 172              		.loc 1 77 0
 173 001c 25EA0404 		bic	r4, r5, r4
 174              		.loc 1 78 0
 175 0020 11FA00F0 		lsls	r0, r1, r0
 176 0024 0443     		orrs	r4, r4, r0
 177              		.loc 1 77 0
 178 0026 43F82240 		str	r4, [r3, r2, lsl #2]
 179              		.loc 1 79 0
 180 002a 30BC     		pop	{r4, r5}
 181 002c 7047     		bx	lr
 182              		.cfi_endproc
 183              	.LFE9:
 184              		.size	nvicSetSystemHandlerPriority, .-nvicSetSystemHandlerPriority
 185 002e 00BF     		.text
 186              	.Letext0:
 187              		.section	.debug_loc,"",%progbits
 188              	.Ldebug_loc0:
 189              	.LLST0:
 190 0000 00000000 		.4byte	.LFB7
 191 0004 02000000 		.4byte	.LCFI0
 192 0008 0200     		.2byte	0x2
 193 000a 7D       		.byte	0x7d
 194 000b 00       		.sleb128 0
 195 000c 02000000 		.4byte	.LCFI0
 196 0010 46000000 		.4byte	.LFE7
 197 0014 0200     		.2byte	0x2
 198 0016 7D       		.byte	0x7d
 199 0017 10       		.sleb128 16
 200 0018 00000000 		.4byte	0x0
 201 001c 00000000 		.4byte	0x0
 202              	.LLST1:
 203 0020 00000000 		.4byte	.LVL0
 204 0024 2A000000 		.4byte	.LVL1
 205 0028 0100     		.2byte	0x1
 206 002a 50       		.byte	0x50
 207 002b 00000000 		.4byte	0x0
 208 002f 00000000 		.4byte	0x0
 209              	.LLST2:
 210 0033 00000000 		.4byte	.LVL0
 211 0037 30000000 		.4byte	.LVL2
 212 003b 0100     		.2byte	0x1
 213 003d 51       		.byte	0x51
 214 003e 00000000 		.4byte	0x0
 215 0042 00000000 		.4byte	0x0
 216              	.LLST3:
 217 0046 00000000 		.4byte	.LVL0
 218 004a 2A000000 		.4byte	.LVL1
 219 004e 0700     		.2byte	0x7
 220 0050 70       		.byte	0x70
 221 0051 00       		.sleb128 0
ARM GAS  /tmp/ccKCMvcn.s 			page 5


 222 0052 33       		.byte	0x33
 223 0053 1A       		.byte	0x1a
 224 0054 33       		.byte	0x33
 225 0055 24       		.byte	0x24
 226 0056 9F       		.byte	0x9f
 227 0057 00000000 		.4byte	0x0
 228 005b 00000000 		.4byte	0x0
 229              	.LLST4:
 230 005f 00000000 		.4byte	.LFB8
 231 0063 02000000 		.4byte	.LCFI1
 232 0067 0200     		.2byte	0x2
 233 0069 7D       		.byte	0x7d
 234 006a 00       		.sleb128 0
 235 006b 02000000 		.4byte	.LCFI1
 236 006f 3A000000 		.4byte	.LFE8
 237 0073 0200     		.2byte	0x2
 238 0075 7D       		.byte	0x7d
 239 0076 04       		.sleb128 4
 240 0077 00000000 		.4byte	0x0
 241 007b 00000000 		.4byte	0x0
 242              	.LLST5:
 243 007f 00000000 		.4byte	.LVL3
 244 0083 28000000 		.4byte	.LVL4
 245 0087 0100     		.2byte	0x1
 246 0089 50       		.byte	0x50
 247 008a 00000000 		.4byte	0x0
 248 008e 00000000 		.4byte	0x0
 249              	.LLST6:
 250 0092 00000000 		.4byte	.LVL3
 251 0096 28000000 		.4byte	.LVL4
 252 009a 0700     		.2byte	0x7
 253 009c 70       		.byte	0x70
 254 009d 00       		.sleb128 0
 255 009e 33       		.byte	0x33
 256 009f 1A       		.byte	0x1a
 257 00a0 33       		.byte	0x33
 258 00a1 24       		.byte	0x24
 259 00a2 9F       		.byte	0x9f
 260 00a3 28000000 		.4byte	.LVL4
 261 00a7 2E000000 		.4byte	.LVL5
 262 00ab 0100     		.2byte	0x1
 263 00ad 50       		.byte	0x50
 264 00ae 00000000 		.4byte	0x0
 265 00b2 00000000 		.4byte	0x0
 266              	.LLST7:
 267 00b6 00000000 		.4byte	.LFB9
 268 00ba 02000000 		.4byte	.LCFI2
 269 00be 0200     		.2byte	0x2
 270 00c0 7D       		.byte	0x7d
 271 00c1 00       		.sleb128 0
 272 00c2 02000000 		.4byte	.LCFI2
 273 00c6 2E000000 		.4byte	.LFE9
 274 00ca 0200     		.2byte	0x2
 275 00cc 7D       		.byte	0x7d
 276 00cd 08       		.sleb128 8
 277 00ce 00000000 		.4byte	0x0
 278 00d2 00000000 		.4byte	0x0
ARM GAS  /tmp/ccKCMvcn.s 			page 6


 279              	.LLST8:
 280 00d6 00000000 		.4byte	.LVL6
 281 00da 12000000 		.4byte	.LVL7
 282 00de 0100     		.2byte	0x1
 283 00e0 50       		.byte	0x50
 284 00e1 00000000 		.4byte	0x0
 285 00e5 00000000 		.4byte	0x0
 286              	.LLST9:
 287 00e9 00000000 		.4byte	.LVL6
 288 00ed 12000000 		.4byte	.LVL7
 289 00f1 0700     		.2byte	0x7
 290 00f3 70       		.byte	0x70
 291 00f4 00       		.sleb128 0
 292 00f5 33       		.byte	0x33
 293 00f6 1A       		.byte	0x1a
 294 00f7 33       		.byte	0x33
 295 00f8 24       		.byte	0x24
 296 00f9 9F       		.byte	0x9f
 297 00fa 00000000 		.4byte	0x0
 298 00fe 00000000 		.4byte	0x0
 299              		.file 2 "../ChibiOS_2.6.2/os/ports/common/ARMCMx/nvic.h"
 300              		.file 3 "/opt/sgpp-lite-arm-eabi-bin-2010.09.51/bin/../lib/gcc/arm-none-eabi/4.5.1/../../../../arm
 301              		.section	.debug_info
 302 0000 3A040000 		.4byte	0x43a
 303 0004 0200     		.2byte	0x2
 304 0006 00000000 		.4byte	.Ldebug_abbrev0
 305 000a 04       		.byte	0x4
 306 000b 01       		.uleb128 0x1
 307 000c 0A000000 		.4byte	.LASF44
 308 0010 01       		.byte	0x1
 309 0011 46000000 		.4byte	.LASF45
 310 0015 CB000000 		.4byte	.LASF46
 311 0019 00000000 		.4byte	0x0
 312 001d 00000000 		.4byte	0x0
 313 0021 00000000 		.4byte	.Ldebug_ranges0+0x0
 314 0025 00000000 		.4byte	.Ldebug_line0
 315 0029 02       		.uleb128 0x2
 316 002a 04       		.byte	0x4
 317 002b 05       		.byte	0x5
 318 002c 696E7400 		.ascii	"int\000"
 319 0030 03       		.uleb128 0x3
 320 0031 04       		.byte	0x4
 321 0032 07       		.byte	0x7
 322 0033 11010000 		.4byte	.LASF0
 323 0037 03       		.uleb128 0x3
 324 0038 01       		.byte	0x1
 325 0039 06       		.byte	0x6
 326 003a A5010000 		.4byte	.LASF1
 327 003e 03       		.uleb128 0x3
 328 003f 01       		.byte	0x1
 329 0040 08       		.byte	0x8
 330 0041 75000000 		.4byte	.LASF2
 331 0045 03       		.uleb128 0x3
 332 0046 02       		.byte	0x2
 333 0047 05       		.byte	0x5
 334 0048 07010000 		.4byte	.LASF3
 335 004c 03       		.uleb128 0x3
ARM GAS  /tmp/ccKCMvcn.s 			page 7


 336 004d 02       		.byte	0x2
 337 004e 07       		.byte	0x7
 338 004f B3000000 		.4byte	.LASF4
 339 0053 03       		.uleb128 0x3
 340 0054 04       		.byte	0x4
 341 0055 05       		.byte	0x5
 342 0056 97010000 		.4byte	.LASF5
 343 005a 04       		.uleb128 0x4
 344 005b 8E010000 		.4byte	.LASF22
 345 005f 03       		.byte	0x3
 346 0060 50       		.byte	0x50
 347 0061 65000000 		.4byte	0x65
 348 0065 03       		.uleb128 0x3
 349 0066 04       		.byte	0x4
 350 0067 07       		.byte	0x7
 351 0068 EA000000 		.4byte	.LASF6
 352 006c 03       		.uleb128 0x3
 353 006d 08       		.byte	0x8
 354 006e 05       		.byte	0x5
 355 006f 5F010000 		.4byte	.LASF7
 356 0073 03       		.uleb128 0x3
 357 0074 08       		.byte	0x8
 358 0075 07       		.byte	0x7
 359 0076 28010000 		.4byte	.LASF8
 360 007a 03       		.uleb128 0x3
 361 007b 01       		.byte	0x1
 362 007c 02       		.byte	0x2
 363 007d 40000000 		.4byte	.LASF9
 364 0081 05       		.uleb128 0x5
 365 0082 65000000 		.4byte	0x65
 366 0086 06       		.uleb128 0x6
 367 0087 040E     		.2byte	0xe04
 368 0089 02       		.byte	0x2
 369 008a 6A       		.byte	0x6a
 370 008b 51010000 		.4byte	0x151
 371 008f 07       		.uleb128 0x7
 372 0090 78010000 		.4byte	.LASF10
 373 0094 02       		.byte	0x2
 374 0095 6B       		.byte	0x6b
 375 0096 61010000 		.4byte	0x161
 376 009a 02       		.byte	0x2
 377 009b 23       		.byte	0x23
 378 009c 00       		.uleb128 0x0
 379 009d 07       		.uleb128 0x7
 380 009e 83000000 		.4byte	.LASF11
 381 00a2 02       		.byte	0x2
 382 00a3 6C       		.byte	0x6c
 383 00a4 76010000 		.4byte	0x176
 384 00a8 02       		.byte	0x2
 385 00a9 23       		.byte	0x23
 386 00aa 20       		.uleb128 0x20
 387 00ab 07       		.uleb128 0x7
 388 00ac 1B000000 		.4byte	.LASF12
 389 00b0 02       		.byte	0x2
 390 00b1 6D       		.byte	0x6d
 391 00b2 7B010000 		.4byte	0x17b
 392 00b6 03       		.byte	0x3
ARM GAS  /tmp/ccKCMvcn.s 			page 8


 393 00b7 23       		.byte	0x23
 394 00b8 8001     		.uleb128 0x80
 395 00ba 07       		.uleb128 0x7
 396 00bb 8B000000 		.4byte	.LASF13
 397 00bf 02       		.byte	0x2
 398 00c0 6E       		.byte	0x6e
 399 00c1 80010000 		.4byte	0x180
 400 00c5 03       		.byte	0x3
 401 00c6 23       		.byte	0x23
 402 00c7 A001     		.uleb128 0xa0
 403 00c9 07       		.uleb128 0x7
 404 00ca 1E010000 		.4byte	.LASF14
 405 00ce 02       		.byte	0x2
 406 00cf 6F       		.byte	0x6f
 407 00d0 85010000 		.4byte	0x185
 408 00d4 03       		.byte	0x3
 409 00d5 23       		.byte	0x23
 410 00d6 8002     		.uleb128 0x100
 411 00d8 07       		.uleb128 0x7
 412 00d9 93000000 		.4byte	.LASF15
 413 00dd 02       		.byte	0x2
 414 00de 70       		.byte	0x70
 415 00df 8A010000 		.4byte	0x18a
 416 00e3 03       		.byte	0x3
 417 00e4 23       		.byte	0x23
 418 00e5 A002     		.uleb128 0x120
 419 00e7 07       		.uleb128 0x7
 420 00e8 05000000 		.4byte	.LASF16
 421 00ec 02       		.byte	0x2
 422 00ed 71       		.byte	0x71
 423 00ee 8F010000 		.4byte	0x18f
 424 00f2 03       		.byte	0x3
 425 00f3 23       		.byte	0x23
 426 00f4 8003     		.uleb128 0x180
 427 00f6 07       		.uleb128 0x7
 428 00f7 9B000000 		.4byte	.LASF17
 429 00fb 02       		.byte	0x2
 430 00fc 72       		.byte	0x72
 431 00fd 94010000 		.4byte	0x194
 432 0101 03       		.byte	0x3
 433 0102 23       		.byte	0x23
 434 0103 A003     		.uleb128 0x1a0
 435 0105 07       		.uleb128 0x7
 436 0106 CE010000 		.4byte	.LASF18
 437 010a 02       		.byte	0x2
 438 010b 73       		.byte	0x73
 439 010c 99010000 		.4byte	0x199
 440 0110 03       		.byte	0x3
 441 0111 23       		.byte	0x23
 442 0112 8004     		.uleb128 0x200
 443 0114 07       		.uleb128 0x7
 444 0115 A3000000 		.4byte	.LASF19
 445 0119 02       		.byte	0x2
 446 011a 74       		.byte	0x74
 447 011b AE010000 		.4byte	0x1ae
 448 011f 03       		.byte	0x3
 449 0120 23       		.byte	0x23
ARM GAS  /tmp/ccKCMvcn.s 			page 9


 450 0121 A004     		.uleb128 0x220
 451 0123 08       		.uleb128 0x8
 452 0124 49505200 		.ascii	"IPR\000"
 453 0128 02       		.byte	0x2
 454 0129 75       		.byte	0x75
 455 012a C3010000 		.4byte	0x1c3
 456 012e 03       		.byte	0x3
 457 012f 23       		.byte	0x23
 458 0130 8006     		.uleb128 0x300
 459 0132 07       		.uleb128 0x7
 460 0133 AB000000 		.4byte	.LASF20
 461 0137 02       		.byte	0x2
 462 0138 76       		.byte	0x76
 463 0139 D9010000 		.4byte	0x1d9
 464 013d 03       		.byte	0x3
 465 013e 23       		.byte	0x23
 466 013f F007     		.uleb128 0x3f0
 467 0141 07       		.uleb128 0x7
 468 0142 02010000 		.4byte	.LASF21
 469 0146 02       		.byte	0x2
 470 0147 77       		.byte	0x77
 471 0148 81000000 		.4byte	0x81
 472 014c 03       		.byte	0x3
 473 014d 23       		.byte	0x23
 474 014e 801C     		.uleb128 0xe00
 475 0150 00       		.byte	0x0
 476 0151 09       		.uleb128 0x9
 477 0152 65000000 		.4byte	0x65
 478 0156 61010000 		.4byte	0x161
 479 015a 0A       		.uleb128 0xa
 480 015b 30000000 		.4byte	0x30
 481 015f 07       		.byte	0x7
 482 0160 00       		.byte	0x0
 483 0161 05       		.uleb128 0x5
 484 0162 51010000 		.4byte	0x151
 485 0166 09       		.uleb128 0x9
 486 0167 65000000 		.4byte	0x65
 487 016b 76010000 		.4byte	0x176
 488 016f 0A       		.uleb128 0xa
 489 0170 30000000 		.4byte	0x30
 490 0174 17       		.byte	0x17
 491 0175 00       		.byte	0x0
 492 0176 05       		.uleb128 0x5
 493 0177 66010000 		.4byte	0x166
 494 017b 05       		.uleb128 0x5
 495 017c 51010000 		.4byte	0x151
 496 0180 05       		.uleb128 0x5
 497 0181 66010000 		.4byte	0x166
 498 0185 05       		.uleb128 0x5
 499 0186 51010000 		.4byte	0x151
 500 018a 05       		.uleb128 0x5
 501 018b 66010000 		.4byte	0x166
 502 018f 05       		.uleb128 0x5
 503 0190 51010000 		.4byte	0x151
 504 0194 05       		.uleb128 0x5
 505 0195 66010000 		.4byte	0x166
 506 0199 05       		.uleb128 0x5
ARM GAS  /tmp/ccKCMvcn.s 			page 10


 507 019a 51010000 		.4byte	0x151
 508 019e 09       		.uleb128 0x9
 509 019f 65000000 		.4byte	0x65
 510 01a3 AE010000 		.4byte	0x1ae
 511 01a7 0A       		.uleb128 0xa
 512 01a8 30000000 		.4byte	0x30
 513 01ac 37       		.byte	0x37
 514 01ad 00       		.byte	0x0
 515 01ae 05       		.uleb128 0x5
 516 01af 9E010000 		.4byte	0x19e
 517 01b3 09       		.uleb128 0x9
 518 01b4 65000000 		.4byte	0x65
 519 01b8 C3010000 		.4byte	0x1c3
 520 01bc 0A       		.uleb128 0xa
 521 01bd 30000000 		.4byte	0x30
 522 01c1 3B       		.byte	0x3b
 523 01c2 00       		.byte	0x0
 524 01c3 05       		.uleb128 0x5
 525 01c4 B3010000 		.4byte	0x1b3
 526 01c8 09       		.uleb128 0x9
 527 01c9 65000000 		.4byte	0x65
 528 01cd D9010000 		.4byte	0x1d9
 529 01d1 0B       		.uleb128 0xb
 530 01d2 30000000 		.4byte	0x30
 531 01d6 8302     		.2byte	0x283
 532 01d8 00       		.byte	0x0
 533 01d9 05       		.uleb128 0x5
 534 01da C8010000 		.4byte	0x1c8
 535 01de 04       		.uleb128 0x4
 536 01df 32000000 		.4byte	.LASF23
 537 01e3 02       		.byte	0x2
 538 01e4 78       		.byte	0x78
 539 01e5 86000000 		.4byte	0x86
 540 01e9 0C       		.uleb128 0xc
 541 01ea 8C       		.byte	0x8c
 542 01eb 02       		.byte	0x2
 543 01ec 89       		.byte	0x89
 544 01ed 19030000 		.4byte	0x319
 545 01f1 07       		.uleb128 0x7
 546 01f2 6D010000 		.4byte	.LASF24
 547 01f6 02       		.byte	0x2
 548 01f7 8A       		.byte	0x8a
 549 01f8 81000000 		.4byte	0x81
 550 01fc 02       		.byte	0x2
 551 01fd 23       		.byte	0x23
 552 01fe 00       		.uleb128 0x0
 553 01ff 07       		.uleb128 0x7
 554 0200 3F010000 		.4byte	.LASF25
 555 0204 02       		.byte	0x2
 556 0205 8B       		.byte	0x8b
 557 0206 81000000 		.4byte	0x81
 558 020a 02       		.byte	0x2
 559 020b 23       		.byte	0x23
 560 020c 04       		.uleb128 0x4
 561 020d 07       		.uleb128 0x7
 562 020e 3B000000 		.4byte	.LASF26
 563 0212 02       		.byte	0x2
ARM GAS  /tmp/ccKCMvcn.s 			page 11


 564 0213 8C       		.byte	0x8c
 565 0214 81000000 		.4byte	0x81
 566 0218 02       		.byte	0x2
 567 0219 23       		.byte	0x23
 568 021a 08       		.uleb128 0x8
 569 021b 07       		.uleb128 0x7
 570 021c 4C010000 		.4byte	.LASF27
 571 0220 02       		.byte	0x2
 572 0221 8D       		.byte	0x8d
 573 0222 81000000 		.4byte	0x81
 574 0226 02       		.byte	0x2
 575 0227 23       		.byte	0x23
 576 0228 0C       		.uleb128 0xc
 577 0229 08       		.uleb128 0x8
 578 022a 53435200 		.ascii	"SCR\000"
 579 022e 02       		.byte	0x2
 580 022f 8E       		.byte	0x8e
 581 0230 81000000 		.4byte	0x81
 582 0234 02       		.byte	0x2
 583 0235 23       		.byte	0x23
 584 0236 10       		.uleb128 0x10
 585 0237 08       		.uleb128 0x8
 586 0238 43435200 		.ascii	"CCR\000"
 587 023c 02       		.byte	0x2
 588 023d 8F       		.byte	0x8f
 589 023e 81000000 		.4byte	0x81
 590 0242 02       		.byte	0x2
 591 0243 23       		.byte	0x23
 592 0244 14       		.uleb128 0x14
 593 0245 07       		.uleb128 0x7
 594 0246 A0010000 		.4byte	.LASF28
 595 024a 02       		.byte	0x2
 596 024b 90       		.byte	0x90
 597 024c 29030000 		.4byte	0x329
 598 0250 02       		.byte	0x2
 599 0251 23       		.byte	0x23
 600 0252 18       		.uleb128 0x18
 601 0253 07       		.uleb128 0x7
 602 0254 88010000 		.4byte	.LASF29
 603 0258 02       		.byte	0x2
 604 0259 91       		.byte	0x91
 605 025a 81000000 		.4byte	0x81
 606 025e 02       		.byte	0x2
 607 025f 23       		.byte	0x23
 608 0260 24       		.uleb128 0x24
 609 0261 07       		.uleb128 0x7
 610 0262 C6000000 		.4byte	.LASF30
 611 0266 02       		.byte	0x2
 612 0267 92       		.byte	0x92
 613 0268 81000000 		.4byte	0x81
 614 026c 02       		.byte	0x2
 615 026d 23       		.byte	0x23
 616 026e 28       		.uleb128 0x28
 617 026f 07       		.uleb128 0x7
 618 0270 E5000000 		.4byte	.LASF31
 619 0274 02       		.byte	0x2
 620 0275 93       		.byte	0x93
ARM GAS  /tmp/ccKCMvcn.s 			page 12


 621 0276 81000000 		.4byte	0x81
 622 027a 02       		.byte	0x2
 623 027b 23       		.byte	0x23
 624 027c 2C       		.uleb128 0x2c
 625 027d 07       		.uleb128 0x7
 626 027e 23010000 		.4byte	.LASF32
 627 0282 02       		.byte	0x2
 628 0283 94       		.byte	0x94
 629 0284 81000000 		.4byte	0x81
 630 0288 02       		.byte	0x2
 631 0289 23       		.byte	0x23
 632 028a 30       		.uleb128 0x30
 633 028b 07       		.uleb128 0x7
 634 028c 82010000 		.4byte	.LASF33
 635 0290 02       		.byte	0x2
 636 0291 95       		.byte	0x95
 637 0292 81000000 		.4byte	0x81
 638 0296 02       		.byte	0x2
 639 0297 23       		.byte	0x23
 640 0298 34       		.uleb128 0x34
 641 0299 07       		.uleb128 0x7
 642 029a 52010000 		.4byte	.LASF34
 643 029e 02       		.byte	0x2
 644 029f 96       		.byte	0x96
 645 02a0 81000000 		.4byte	0x81
 646 02a4 02       		.byte	0x2
 647 02a5 23       		.byte	0x23
 648 02a6 38       		.uleb128 0x38
 649 02a7 07       		.uleb128 0x7
 650 02a8 7D010000 		.4byte	.LASF35
 651 02ac 02       		.byte	0x2
 652 02ad 97       		.byte	0x97
 653 02ae 81000000 		.4byte	0x81
 654 02b2 02       		.byte	0x2
 655 02b3 23       		.byte	0x23
 656 02b4 3C       		.uleb128 0x3c
 657 02b5 08       		.uleb128 0x8
 658 02b6 50465200 		.ascii	"PFR\000"
 659 02ba 02       		.byte	0x2
 660 02bb 98       		.byte	0x98
 661 02bc 3E030000 		.4byte	0x33e
 662 02c0 02       		.byte	0x2
 663 02c1 23       		.byte	0x23
 664 02c2 40       		.uleb128 0x40
 665 02c3 08       		.uleb128 0x8
 666 02c4 44465200 		.ascii	"DFR\000"
 667 02c8 02       		.byte	0x2
 668 02c9 99       		.byte	0x99
 669 02ca 81000000 		.4byte	0x81
 670 02ce 02       		.byte	0x2
 671 02cf 23       		.byte	0x23
 672 02d0 48       		.uleb128 0x48
 673 02d1 08       		.uleb128 0x8
 674 02d2 41445200 		.ascii	"ADR\000"
 675 02d6 02       		.byte	0x2
 676 02d7 9A       		.byte	0x9a
 677 02d8 81000000 		.4byte	0x81
ARM GAS  /tmp/ccKCMvcn.s 			page 13


 678 02dc 02       		.byte	0x2
 679 02dd 23       		.byte	0x23
 680 02de 4C       		.uleb128 0x4c
 681 02df 07       		.uleb128 0x7
 682 02e0 16000000 		.4byte	.LASF36
 683 02e4 02       		.byte	0x2
 684 02e5 9B       		.byte	0x9b
 685 02e6 53030000 		.4byte	0x353
 686 02ea 02       		.byte	0x2
 687 02eb 23       		.byte	0x23
 688 02ec 50       		.uleb128 0x50
 689 02ed 08       		.uleb128 0x8
 690 02ee 53415200 		.ascii	"SAR\000"
 691 02f2 02       		.byte	0x2
 692 02f3 9C       		.byte	0x9c
 693 02f4 68030000 		.4byte	0x368
 694 02f8 02       		.byte	0x2
 695 02f9 23       		.byte	0x23
 696 02fa 60       		.uleb128 0x60
 697 02fb 07       		.uleb128 0x7
 698 02fc 83000000 		.4byte	.LASF11
 699 0300 02       		.byte	0x2
 700 0301 9D       		.byte	0x9d
 701 0302 6D030000 		.4byte	0x36d
 702 0306 02       		.byte	0x2
 703 0307 23       		.byte	0x23
 704 0308 74       		.uleb128 0x74
 705 0309 07       		.uleb128 0x7
 706 030a FC000000 		.4byte	.LASF37
 707 030e 02       		.byte	0x2
 708 030f 9E       		.byte	0x9e
 709 0310 81000000 		.4byte	0x81
 710 0314 03       		.byte	0x3
 711 0315 23       		.byte	0x23
 712 0316 8801     		.uleb128 0x88
 713 0318 00       		.byte	0x0
 714 0319 09       		.uleb128 0x9
 715 031a 65000000 		.4byte	0x65
 716 031e 29030000 		.4byte	0x329
 717 0322 0A       		.uleb128 0xa
 718 0323 30000000 		.4byte	0x30
 719 0327 02       		.byte	0x2
 720 0328 00       		.byte	0x0
 721 0329 05       		.uleb128 0x5
 722 032a 19030000 		.4byte	0x319
 723 032e 09       		.uleb128 0x9
 724 032f 65000000 		.4byte	0x65
 725 0333 3E030000 		.4byte	0x33e
 726 0337 0A       		.uleb128 0xa
 727 0338 30000000 		.4byte	0x30
 728 033c 01       		.byte	0x1
 729 033d 00       		.byte	0x0
 730 033e 05       		.uleb128 0x5
 731 033f 2E030000 		.4byte	0x32e
 732 0343 09       		.uleb128 0x9
 733 0344 65000000 		.4byte	0x65
 734 0348 53030000 		.4byte	0x353
ARM GAS  /tmp/ccKCMvcn.s 			page 14


 735 034c 0A       		.uleb128 0xa
 736 034d 30000000 		.4byte	0x30
 737 0351 03       		.byte	0x3
 738 0352 00       		.byte	0x0
 739 0353 05       		.uleb128 0x5
 740 0354 43030000 		.4byte	0x343
 741 0358 09       		.uleb128 0x9
 742 0359 65000000 		.4byte	0x65
 743 035d 68030000 		.4byte	0x368
 744 0361 0A       		.uleb128 0xa
 745 0362 30000000 		.4byte	0x30
 746 0366 04       		.byte	0x4
 747 0367 00       		.byte	0x0
 748 0368 05       		.uleb128 0x5
 749 0369 58030000 		.4byte	0x358
 750 036d 05       		.uleb128 0x5
 751 036e 58030000 		.4byte	0x358
 752 0372 04       		.uleb128 0x4
 753 0373 44010000 		.4byte	.LASF38
 754 0377 02       		.byte	0x2
 755 0378 9F       		.byte	0x9f
 756 0379 E9010000 		.4byte	0x1e9
 757 037d 03       		.uleb128 0x3
 758 037e 01       		.byte	0x1
 759 037f 08       		.byte	0x8
 760 0380 73010000 		.4byte	.LASF39
 761 0384 0D       		.uleb128 0xd
 762 0385 01       		.byte	0x1
 763 0386 D3010000 		.4byte	.LASF41
 764 038a 01       		.byte	0x1
 765 038b 2E       		.byte	0x2e
 766 038c 01       		.byte	0x1
 767 038d 00000000 		.4byte	.LFB7
 768 0391 46000000 		.4byte	.LFE7
 769 0395 00000000 		.4byte	.LLST0
 770 0399 C8030000 		.4byte	0x3c8
 771 039d 0E       		.uleb128 0xe
 772 039e 6E00     		.ascii	"n\000"
 773 03a0 01       		.byte	0x1
 774 03a1 2E       		.byte	0x2e
 775 03a2 5A000000 		.4byte	0x5a
 776 03a6 20000000 		.4byte	.LLST1
 777 03aa 0F       		.uleb128 0xf
 778 03ab 00000000 		.4byte	.LASF40
 779 03af 01       		.byte	0x1
 780 03b0 2E       		.byte	0x2e
 781 03b1 5A000000 		.4byte	0x5a
 782 03b5 33000000 		.4byte	.LLST2
 783 03b9 10       		.uleb128 0x10
 784 03ba 736800   		.ascii	"sh\000"
 785 03bd 01       		.byte	0x1
 786 03be 2F       		.byte	0x2f
 787 03bf 30000000 		.4byte	0x30
 788 03c3 46000000 		.4byte	.LLST3
 789 03c7 00       		.byte	0x0
 790 03c8 0D       		.uleb128 0xd
 791 03c9 01       		.byte	0x1
ARM GAS  /tmp/ccKCMvcn.s 			page 15


 792 03ca 20000000 		.4byte	.LASF42
 793 03ce 01       		.byte	0x1
 794 03cf 3C       		.byte	0x3c
 795 03d0 01       		.byte	0x1
 796 03d1 00000000 		.4byte	.LFB8
 797 03d5 3A000000 		.4byte	.LFE8
 798 03d9 5F000000 		.4byte	.LLST4
 799 03dd FD030000 		.4byte	0x3fd
 800 03e1 0E       		.uleb128 0xe
 801 03e2 6E00     		.ascii	"n\000"
 802 03e4 01       		.byte	0x1
 803 03e5 3C       		.byte	0x3c
 804 03e6 5A000000 		.4byte	0x5a
 805 03ea 7F000000 		.4byte	.LLST5
 806 03ee 10       		.uleb128 0x10
 807 03ef 736800   		.ascii	"sh\000"
 808 03f2 01       		.byte	0x1
 809 03f3 3D       		.byte	0x3d
 810 03f4 30000000 		.4byte	0x30
 811 03f8 92000000 		.4byte	.LLST6
 812 03fc 00       		.byte	0x0
 813 03fd 11       		.uleb128 0x11
 814 03fe 01       		.byte	0x1
 815 03ff B1010000 		.4byte	.LASF47
 816 0403 01       		.byte	0x1
 817 0404 4A       		.byte	0x4a
 818 0405 01       		.byte	0x1
 819 0406 00000000 		.4byte	.LFB9
 820 040a 2E000000 		.4byte	.LFE9
 821 040e B6000000 		.4byte	.LLST7
 822 0412 0F       		.uleb128 0xf
 823 0413 57010000 		.4byte	.LASF43
 824 0417 01       		.byte	0x1
 825 0418 4A       		.byte	0x4a
 826 0419 5A000000 		.4byte	0x5a
 827 041d D6000000 		.4byte	.LLST8
 828 0421 12       		.uleb128 0x12
 829 0422 00000000 		.4byte	.LASF40
 830 0426 01       		.byte	0x1
 831 0427 4A       		.byte	0x4a
 832 0428 5A000000 		.4byte	0x5a
 833 042c 01       		.byte	0x1
 834 042d 51       		.byte	0x51
 835 042e 10       		.uleb128 0x10
 836 042f 736800   		.ascii	"sh\000"
 837 0432 01       		.byte	0x1
 838 0433 4B       		.byte	0x4b
 839 0434 30000000 		.4byte	0x30
 840 0438 E9000000 		.4byte	.LLST9
 841 043c 00       		.byte	0x0
 842 043d 00       		.byte	0x0
 843              		.section	.debug_abbrev
 844 0000 01       		.uleb128 0x1
 845 0001 11       		.uleb128 0x11
 846 0002 01       		.byte	0x1
 847 0003 25       		.uleb128 0x25
 848 0004 0E       		.uleb128 0xe
ARM GAS  /tmp/ccKCMvcn.s 			page 16


 849 0005 13       		.uleb128 0x13
 850 0006 0B       		.uleb128 0xb
 851 0007 03       		.uleb128 0x3
 852 0008 0E       		.uleb128 0xe
 853 0009 1B       		.uleb128 0x1b
 854 000a 0E       		.uleb128 0xe
 855 000b 11       		.uleb128 0x11
 856 000c 01       		.uleb128 0x1
 857 000d 52       		.uleb128 0x52
 858 000e 01       		.uleb128 0x1
 859 000f 55       		.uleb128 0x55
 860 0010 06       		.uleb128 0x6
 861 0011 10       		.uleb128 0x10
 862 0012 06       		.uleb128 0x6
 863 0013 00       		.byte	0x0
 864 0014 00       		.byte	0x0
 865 0015 02       		.uleb128 0x2
 866 0016 24       		.uleb128 0x24
 867 0017 00       		.byte	0x0
 868 0018 0B       		.uleb128 0xb
 869 0019 0B       		.uleb128 0xb
 870 001a 3E       		.uleb128 0x3e
 871 001b 0B       		.uleb128 0xb
 872 001c 03       		.uleb128 0x3
 873 001d 08       		.uleb128 0x8
 874 001e 00       		.byte	0x0
 875 001f 00       		.byte	0x0
 876 0020 03       		.uleb128 0x3
 877 0021 24       		.uleb128 0x24
 878 0022 00       		.byte	0x0
 879 0023 0B       		.uleb128 0xb
 880 0024 0B       		.uleb128 0xb
 881 0025 3E       		.uleb128 0x3e
 882 0026 0B       		.uleb128 0xb
 883 0027 03       		.uleb128 0x3
 884 0028 0E       		.uleb128 0xe
 885 0029 00       		.byte	0x0
 886 002a 00       		.byte	0x0
 887 002b 04       		.uleb128 0x4
 888 002c 16       		.uleb128 0x16
 889 002d 00       		.byte	0x0
 890 002e 03       		.uleb128 0x3
 891 002f 0E       		.uleb128 0xe
 892 0030 3A       		.uleb128 0x3a
 893 0031 0B       		.uleb128 0xb
 894 0032 3B       		.uleb128 0x3b
 895 0033 0B       		.uleb128 0xb
 896 0034 49       		.uleb128 0x49
 897 0035 13       		.uleb128 0x13
 898 0036 00       		.byte	0x0
 899 0037 00       		.byte	0x0
 900 0038 05       		.uleb128 0x5
 901 0039 35       		.uleb128 0x35
 902 003a 00       		.byte	0x0
 903 003b 49       		.uleb128 0x49
 904 003c 13       		.uleb128 0x13
 905 003d 00       		.byte	0x0
ARM GAS  /tmp/ccKCMvcn.s 			page 17


 906 003e 00       		.byte	0x0
 907 003f 06       		.uleb128 0x6
 908 0040 13       		.uleb128 0x13
 909 0041 01       		.byte	0x1
 910 0042 0B       		.uleb128 0xb
 911 0043 05       		.uleb128 0x5
 912 0044 3A       		.uleb128 0x3a
 913 0045 0B       		.uleb128 0xb
 914 0046 3B       		.uleb128 0x3b
 915 0047 0B       		.uleb128 0xb
 916 0048 01       		.uleb128 0x1
 917 0049 13       		.uleb128 0x13
 918 004a 00       		.byte	0x0
 919 004b 00       		.byte	0x0
 920 004c 07       		.uleb128 0x7
 921 004d 0D       		.uleb128 0xd
 922 004e 00       		.byte	0x0
 923 004f 03       		.uleb128 0x3
 924 0050 0E       		.uleb128 0xe
 925 0051 3A       		.uleb128 0x3a
 926 0052 0B       		.uleb128 0xb
 927 0053 3B       		.uleb128 0x3b
 928 0054 0B       		.uleb128 0xb
 929 0055 49       		.uleb128 0x49
 930 0056 13       		.uleb128 0x13
 931 0057 38       		.uleb128 0x38
 932 0058 0A       		.uleb128 0xa
 933 0059 00       		.byte	0x0
 934 005a 00       		.byte	0x0
 935 005b 08       		.uleb128 0x8
 936 005c 0D       		.uleb128 0xd
 937 005d 00       		.byte	0x0
 938 005e 03       		.uleb128 0x3
 939 005f 08       		.uleb128 0x8
 940 0060 3A       		.uleb128 0x3a
 941 0061 0B       		.uleb128 0xb
 942 0062 3B       		.uleb128 0x3b
 943 0063 0B       		.uleb128 0xb
 944 0064 49       		.uleb128 0x49
 945 0065 13       		.uleb128 0x13
 946 0066 38       		.uleb128 0x38
 947 0067 0A       		.uleb128 0xa
 948 0068 00       		.byte	0x0
 949 0069 00       		.byte	0x0
 950 006a 09       		.uleb128 0x9
 951 006b 01       		.uleb128 0x1
 952 006c 01       		.byte	0x1
 953 006d 49       		.uleb128 0x49
 954 006e 13       		.uleb128 0x13
 955 006f 01       		.uleb128 0x1
 956 0070 13       		.uleb128 0x13
 957 0071 00       		.byte	0x0
 958 0072 00       		.byte	0x0
 959 0073 0A       		.uleb128 0xa
 960 0074 21       		.uleb128 0x21
 961 0075 00       		.byte	0x0
 962 0076 49       		.uleb128 0x49
ARM GAS  /tmp/ccKCMvcn.s 			page 18


 963 0077 13       		.uleb128 0x13
 964 0078 2F       		.uleb128 0x2f
 965 0079 0B       		.uleb128 0xb
 966 007a 00       		.byte	0x0
 967 007b 00       		.byte	0x0
 968 007c 0B       		.uleb128 0xb
 969 007d 21       		.uleb128 0x21
 970 007e 00       		.byte	0x0
 971 007f 49       		.uleb128 0x49
 972 0080 13       		.uleb128 0x13
 973 0081 2F       		.uleb128 0x2f
 974 0082 05       		.uleb128 0x5
 975 0083 00       		.byte	0x0
 976 0084 00       		.byte	0x0
 977 0085 0C       		.uleb128 0xc
 978 0086 13       		.uleb128 0x13
 979 0087 01       		.byte	0x1
 980 0088 0B       		.uleb128 0xb
 981 0089 0B       		.uleb128 0xb
 982 008a 3A       		.uleb128 0x3a
 983 008b 0B       		.uleb128 0xb
 984 008c 3B       		.uleb128 0x3b
 985 008d 0B       		.uleb128 0xb
 986 008e 01       		.uleb128 0x1
 987 008f 13       		.uleb128 0x13
 988 0090 00       		.byte	0x0
 989 0091 00       		.byte	0x0
 990 0092 0D       		.uleb128 0xd
 991 0093 2E       		.uleb128 0x2e
 992 0094 01       		.byte	0x1
 993 0095 3F       		.uleb128 0x3f
 994 0096 0C       		.uleb128 0xc
 995 0097 03       		.uleb128 0x3
 996 0098 0E       		.uleb128 0xe
 997 0099 3A       		.uleb128 0x3a
 998 009a 0B       		.uleb128 0xb
 999 009b 3B       		.uleb128 0x3b
 1000 009c 0B       		.uleb128 0xb
 1001 009d 27       		.uleb128 0x27
 1002 009e 0C       		.uleb128 0xc
 1003 009f 11       		.uleb128 0x11
 1004 00a0 01       		.uleb128 0x1
 1005 00a1 12       		.uleb128 0x12
 1006 00a2 01       		.uleb128 0x1
 1007 00a3 40       		.uleb128 0x40
 1008 00a4 06       		.uleb128 0x6
 1009 00a5 01       		.uleb128 0x1
 1010 00a6 13       		.uleb128 0x13
 1011 00a7 00       		.byte	0x0
 1012 00a8 00       		.byte	0x0
 1013 00a9 0E       		.uleb128 0xe
 1014 00aa 05       		.uleb128 0x5
 1015 00ab 00       		.byte	0x0
 1016 00ac 03       		.uleb128 0x3
 1017 00ad 08       		.uleb128 0x8
 1018 00ae 3A       		.uleb128 0x3a
 1019 00af 0B       		.uleb128 0xb
ARM GAS  /tmp/ccKCMvcn.s 			page 19


 1020 00b0 3B       		.uleb128 0x3b
 1021 00b1 0B       		.uleb128 0xb
 1022 00b2 49       		.uleb128 0x49
 1023 00b3 13       		.uleb128 0x13
 1024 00b4 02       		.uleb128 0x2
 1025 00b5 06       		.uleb128 0x6
 1026 00b6 00       		.byte	0x0
 1027 00b7 00       		.byte	0x0
 1028 00b8 0F       		.uleb128 0xf
 1029 00b9 05       		.uleb128 0x5
 1030 00ba 00       		.byte	0x0
 1031 00bb 03       		.uleb128 0x3
 1032 00bc 0E       		.uleb128 0xe
 1033 00bd 3A       		.uleb128 0x3a
 1034 00be 0B       		.uleb128 0xb
 1035 00bf 3B       		.uleb128 0x3b
 1036 00c0 0B       		.uleb128 0xb
 1037 00c1 49       		.uleb128 0x49
 1038 00c2 13       		.uleb128 0x13
 1039 00c3 02       		.uleb128 0x2
 1040 00c4 06       		.uleb128 0x6
 1041 00c5 00       		.byte	0x0
 1042 00c6 00       		.byte	0x0
 1043 00c7 10       		.uleb128 0x10
 1044 00c8 34       		.uleb128 0x34
 1045 00c9 00       		.byte	0x0
 1046 00ca 03       		.uleb128 0x3
 1047 00cb 08       		.uleb128 0x8
 1048 00cc 3A       		.uleb128 0x3a
 1049 00cd 0B       		.uleb128 0xb
 1050 00ce 3B       		.uleb128 0x3b
 1051 00cf 0B       		.uleb128 0xb
 1052 00d0 49       		.uleb128 0x49
 1053 00d1 13       		.uleb128 0x13
 1054 00d2 02       		.uleb128 0x2
 1055 00d3 06       		.uleb128 0x6
 1056 00d4 00       		.byte	0x0
 1057 00d5 00       		.byte	0x0
 1058 00d6 11       		.uleb128 0x11
 1059 00d7 2E       		.uleb128 0x2e
 1060 00d8 01       		.byte	0x1
 1061 00d9 3F       		.uleb128 0x3f
 1062 00da 0C       		.uleb128 0xc
 1063 00db 03       		.uleb128 0x3
 1064 00dc 0E       		.uleb128 0xe
 1065 00dd 3A       		.uleb128 0x3a
 1066 00de 0B       		.uleb128 0xb
 1067 00df 3B       		.uleb128 0x3b
 1068 00e0 0B       		.uleb128 0xb
 1069 00e1 27       		.uleb128 0x27
 1070 00e2 0C       		.uleb128 0xc
 1071 00e3 11       		.uleb128 0x11
 1072 00e4 01       		.uleb128 0x1
 1073 00e5 12       		.uleb128 0x12
 1074 00e6 01       		.uleb128 0x1
 1075 00e7 40       		.uleb128 0x40
 1076 00e8 06       		.uleb128 0x6
ARM GAS  /tmp/ccKCMvcn.s 			page 20


 1077 00e9 00       		.byte	0x0
 1078 00ea 00       		.byte	0x0
 1079 00eb 12       		.uleb128 0x12
 1080 00ec 05       		.uleb128 0x5
 1081 00ed 00       		.byte	0x0
 1082 00ee 03       		.uleb128 0x3
 1083 00ef 0E       		.uleb128 0xe
 1084 00f0 3A       		.uleb128 0x3a
 1085 00f1 0B       		.uleb128 0xb
 1086 00f2 3B       		.uleb128 0x3b
 1087 00f3 0B       		.uleb128 0xb
 1088 00f4 49       		.uleb128 0x49
 1089 00f5 13       		.uleb128 0x13
 1090 00f6 02       		.uleb128 0x2
 1091 00f7 0A       		.uleb128 0xa
 1092 00f8 00       		.byte	0x0
 1093 00f9 00       		.byte	0x0
 1094 00fa 00       		.byte	0x0
 1095              		.section	.debug_pubnames,"",%progbits
 1096 0000 5A000000 		.4byte	0x5a
 1097 0004 0200     		.2byte	0x2
 1098 0006 00000000 		.4byte	.Ldebug_info0
 1099 000a 3E040000 		.4byte	0x43e
 1100 000e 84030000 		.4byte	0x384
 1101 0012 6E766963 		.ascii	"nvicEnableVector\000"
 1101      456E6162 
 1101      6C655665 
 1101      63746F72 
 1101      00
 1102 0023 C8030000 		.4byte	0x3c8
 1103 0027 6E766963 		.ascii	"nvicDisableVector\000"
 1103      44697361 
 1103      626C6556 
 1103      6563746F 
 1103      7200
 1104 0039 FD030000 		.4byte	0x3fd
 1105 003d 6E766963 		.ascii	"nvicSetSystemHandlerPriority\000"
 1105      53657453 
 1105      79737465 
 1105      6D48616E 
 1105      646C6572 
 1106 005a 00000000 		.4byte	0x0
 1107              		.section	.debug_pubtypes,"",%progbits
 1108 0000 34000000 		.4byte	0x34
 1109 0004 0200     		.2byte	0x2
 1110 0006 00000000 		.4byte	.Ldebug_info0
 1111 000a 3E040000 		.4byte	0x43e
 1112 000e 5A000000 		.4byte	0x5a
 1113 0012 75696E74 		.ascii	"uint32_t\000"
 1113      33325F74 
 1113      00
 1114 001b DE010000 		.4byte	0x1de
 1115 001f 434D785F 		.ascii	"CMx_NVIC\000"
 1115      4E564943 
 1115      00
 1116 0028 72030000 		.4byte	0x372
 1117 002c 434D785F 		.ascii	"CMx_SCB\000"
ARM GAS  /tmp/ccKCMvcn.s 			page 21


 1117      53434200 
 1118 0034 00000000 		.4byte	0x0
 1119              		.section	.debug_aranges,"",%progbits
 1120 0000 2C000000 		.4byte	0x2c
 1121 0004 0200     		.2byte	0x2
 1122 0006 00000000 		.4byte	.Ldebug_info0
 1123 000a 04       		.byte	0x4
 1124 000b 00       		.byte	0x0
 1125 000c 0000     		.2byte	0x0
 1126 000e 0000     		.2byte	0x0
 1127 0010 00000000 		.4byte	.LFB7
 1128 0014 46000000 		.4byte	.LFE7-.LFB7
 1129 0018 00000000 		.4byte	.LFB8
 1130 001c 3A000000 		.4byte	.LFE8-.LFB8
 1131 0020 00000000 		.4byte	.LFB9
 1132 0024 2E000000 		.4byte	.LFE9-.LFB9
 1133 0028 00000000 		.4byte	0x0
 1134 002c 00000000 		.4byte	0x0
 1135              		.section	.debug_ranges,"",%progbits
 1136              	.Ldebug_ranges0:
 1137 0000 00000000 		.4byte	.LFB7
 1138 0004 46000000 		.4byte	.LFE7
 1139 0008 00000000 		.4byte	.LFB8
 1140 000c 3A000000 		.4byte	.LFE8
 1141 0010 00000000 		.4byte	.LFB9
 1142 0014 2E000000 		.4byte	.LFE9
 1143 0018 00000000 		.4byte	0x0
 1144 001c 00000000 		.4byte	0x0
 1145              		.section	.debug_str,"MS",%progbits,1
 1146              	.LASF40:
 1147 0000 7072696F 		.ascii	"prio\000"
 1147      00
 1148              	.LASF16:
 1149 0005 49435052 		.ascii	"ICPR\000"
 1149      00
 1150              	.LASF44:
 1151 000a 474E5520 		.ascii	"GNU C 4.5.1\000"
 1151      4320342E 
 1151      352E3100 
 1152              	.LASF36:
 1153 0016 4D4D4652 		.ascii	"MMFR\000"
 1153      00
 1154              	.LASF12:
 1155 001b 49434552 		.ascii	"ICER\000"
 1155      00
 1156              	.LASF42:
 1157 0020 6E766963 		.ascii	"nvicDisableVector\000"
 1157      44697361 
 1157      626C6556 
 1157      6563746F 
 1157      7200
 1158              	.LASF23:
 1159 0032 434D785F 		.ascii	"CMx_NVIC\000"
 1159      4E564943 
 1159      00
 1160              	.LASF26:
 1161 003b 56544F52 		.ascii	"VTOR\000"
ARM GAS  /tmp/ccKCMvcn.s 			page 22


 1161      00
 1162              	.LASF9:
 1163 0040 5F426F6F 		.ascii	"_Bool\000"
 1163      6C00
 1164              	.LASF45:
 1165 0046 2E2E2F43 		.ascii	"../ChibiOS_2.6.2/os/ports/common/ARMCMx/nvic.c\000"
 1165      68696269 
 1165      4F535F32 
 1165      2E362E32 
 1165      2F6F732F 
 1166              	.LASF2:
 1167 0075 756E7369 		.ascii	"unsigned char\000"
 1167      676E6564 
 1167      20636861 
 1167      7200
 1168              	.LASF11:
 1169 0083 756E7573 		.ascii	"unused1\000"
 1169      65643100 
 1170              	.LASF13:
 1171 008b 756E7573 		.ascii	"unused2\000"
 1171      65643200 
 1172              	.LASF15:
 1173 0093 756E7573 		.ascii	"unused3\000"
 1173      65643300 
 1174              	.LASF17:
 1175 009b 756E7573 		.ascii	"unused4\000"
 1175      65643400 
 1176              	.LASF19:
 1177 00a3 756E7573 		.ascii	"unused5\000"
 1177      65643500 
 1178              	.LASF20:
 1179 00ab 756E7573 		.ascii	"unused6\000"
 1179      65643600 
 1180              	.LASF4:
 1181 00b3 73686F72 		.ascii	"short unsigned int\000"
 1181      7420756E 
 1181      7369676E 
 1181      65642069 
 1181      6E7400
 1182              	.LASF30:
 1183 00c6 43465352 		.ascii	"CFSR\000"
 1183      00
 1184              	.LASF46:
 1185 00cb 2F686F6D 		.ascii	"/home/nis/stm32f407d_neko\000"
 1185      652F6E69 
 1185      732F7374 
 1185      6D333266 
 1185      34303764 
 1186              	.LASF31:
 1187 00e5 48465352 		.ascii	"HFSR\000"
 1187      00
 1188              	.LASF6:
 1189 00ea 6C6F6E67 		.ascii	"long unsigned int\000"
 1189      20756E73 
 1189      69676E65 
 1189      6420696E 
 1189      7400
ARM GAS  /tmp/ccKCMvcn.s 			page 23


 1190              	.LASF37:
 1191 00fc 43504143 		.ascii	"CPACR\000"
 1191      5200
 1192              	.LASF21:
 1193 0102 53544952 		.ascii	"STIR\000"
 1193      00
 1194              	.LASF3:
 1195 0107 73686F72 		.ascii	"short int\000"
 1195      7420696E 
 1195      7400
 1196              	.LASF0:
 1197 0111 756E7369 		.ascii	"unsigned int\000"
 1197      676E6564 
 1197      20696E74 
 1197      00
 1198              	.LASF14:
 1199 011e 49535052 		.ascii	"ISPR\000"
 1199      00
 1200              	.LASF32:
 1201 0123 44465352 		.ascii	"DFSR\000"
 1201      00
 1202              	.LASF8:
 1203 0128 6C6F6E67 		.ascii	"long long unsigned int\000"
 1203      206C6F6E 
 1203      6720756E 
 1203      7369676E 
 1203      65642069 
 1204              	.LASF25:
 1205 013f 49435352 		.ascii	"ICSR\000"
 1205      00
 1206              	.LASF38:
 1207 0144 434D785F 		.ascii	"CMx_SCB\000"
 1207      53434200 
 1208              	.LASF27:
 1209 014c 41495243 		.ascii	"AIRCR\000"
 1209      5200
 1210              	.LASF34:
 1211 0152 42464152 		.ascii	"BFAR\000"
 1211      00
 1212              	.LASF43:
 1213 0157 68616E64 		.ascii	"handler\000"
 1213      6C657200 
 1214              	.LASF7:
 1215 015f 6C6F6E67 		.ascii	"long long int\000"
 1215      206C6F6E 
 1215      6720696E 
 1215      7400
 1216              	.LASF24:
 1217 016d 43505549 		.ascii	"CPUID\000"
 1217      4400
 1218              	.LASF39:
 1219 0173 63686172 		.ascii	"char\000"
 1219      00
 1220              	.LASF10:
 1221 0178 49534552 		.ascii	"ISER\000"
 1221      00
 1222              	.LASF35:
ARM GAS  /tmp/ccKCMvcn.s 			page 24


 1223 017d 41465352 		.ascii	"AFSR\000"
 1223      00
 1224              	.LASF33:
 1225 0182 4D4D4641 		.ascii	"MMFAR\000"
 1225      5200
 1226              	.LASF29:
 1227 0188 53484353 		.ascii	"SHCSR\000"
 1227      5200
 1228              	.LASF22:
 1229 018e 75696E74 		.ascii	"uint32_t\000"
 1229      33325F74 
 1229      00
 1230              	.LASF5:
 1231 0197 6C6F6E67 		.ascii	"long int\000"
 1231      20696E74 
 1231      00
 1232              	.LASF28:
 1233 01a0 53485052 		.ascii	"SHPR\000"
 1233      00
 1234              	.LASF1:
 1235 01a5 7369676E 		.ascii	"signed char\000"
 1235      65642063 
 1235      68617200 
 1236              	.LASF47:
 1237 01b1 6E766963 		.ascii	"nvicSetSystemHandlerPriority\000"
 1237      53657453 
 1237      79737465 
 1237      6D48616E 
 1237      646C6572 
 1238              	.LASF18:
 1239 01ce 49414252 		.ascii	"IABR\000"
 1239      00
 1240              	.LASF41:
 1241 01d3 6E766963 		.ascii	"nvicEnableVector\000"
 1241      456E6162 
 1241      6C655665 
 1241      63746F72 
 1241      00
 1242              		.ident	"GCC: (Sourcery G++ Lite 2010.09-51) 4.5.1"
ARM GAS  /tmp/ccKCMvcn.s 			page 25


DEFINED SYMBOLS
                            *ABS*:00000000 nvic.c
     /tmp/ccKCMvcn.s:24     .text.nvicEnableVector:00000000 $t
     /tmp/ccKCMvcn.s:30     .text.nvicEnableVector:00000000 nvicEnableVector
     /tmp/ccKCMvcn.s:86     .text.nvicDisableVector:00000000 $t
     /tmp/ccKCMvcn.s:92     .text.nvicDisableVector:00000000 nvicDisableVector
     /tmp/ccKCMvcn.s:138    .text.nvicSetSystemHandlerPriority:00000000 $t
     /tmp/ccKCMvcn.s:144    .text.nvicSetSystemHandlerPriority:00000000 nvicSetSystemHandlerPriority
                     .debug_frame:00000010 $d

NO UNDEFINED SYMBOLS
