ARM GAS  /tmp/ccqN6TbA.s 			page 1


   1              		.syntax unified
   2              		.cpu cortex-m4
   3              		.fpu softvfp
   4              		.eabi_attribute 20, 1
   5              		.eabi_attribute 21, 1
   6              		.eabi_attribute 23, 3
   7              		.eabi_attribute 24, 1
   8              		.eabi_attribute 25, 1
   9              		.eabi_attribute 26, 1
  10              		.eabi_attribute 30, 2
  11              		.eabi_attribute 18, 4
  12              		.thumb
  13              		.file	"pwm.c"
  14              		.section	.debug_abbrev,"",%progbits
  15              	.Ldebug_abbrev0:
  16              		.section	.debug_info,"",%progbits
  17              	.Ldebug_info0:
  18              		.section	.debug_line,"",%progbits
  19              	.Ldebug_line0:
  20 0000 00020000 		.text
  20      02006701 
  20      00000201 
  20      FB0E0D00 
  20      01010101 
  21              	.Ltext0:
  22              		.cfi_sections	.debug_frame
  23              		.section	.text.pwmInit,"ax",%progbits
  24              		.align	2
  25              		.p2align 4,,15
  26              		.global	pwmInit
  27              		.thumb
  28              		.thumb_func
  29              		.type	pwmInit, %function
  30              	pwmInit:
  31              	.LFB118:
  32              		.file 1 "../ChibiOS_2.6.2/os/hal/src/pwm.c"
  33              		.loc 1 68 0
  34              		.cfi_startproc
  35              		@ args = 0, pretend = 0, frame = 0
  36              		@ frame_needed = 0, uses_anonymous_args = 0
  37              		@ link register save eliminated.
  38              		.loc 1 71 0
  39              		.loc 1 70 0
  40 0000 FFF7FEBF 		b	pwm_lld_init
  41              		.cfi_endproc
  42              	.LFE118:
  43              		.size	pwmInit, .-pwmInit
  44 0004 AFF30080 		.section	.text.pwmObjectInit,"ax",%progbits
  44      AFF30080 
  44      AFF30080 
  45              		.align	2
  46              		.p2align 4,,15
  47              		.global	pwmObjectInit
  48              		.thumb
  49              		.thumb_func
  50              		.type	pwmObjectInit, %function
  51              	pwmObjectInit:
ARM GAS  /tmp/ccqN6TbA.s 			page 2


  52              	.LFB119:
  53              		.loc 1 80 0
  54              		.cfi_startproc
  55              		@ args = 0, pretend = 0, frame = 0
  56              		@ frame_needed = 0, uses_anonymous_args = 0
  57              		@ link register save eliminated.
  58              	.LVL0:
  59              		.loc 1 82 0
  60 0000 0121     		movs	r1, #1
  61              		.loc 1 83 0
  62 0002 0023     		movs	r3, #0
  63              		.loc 1 82 0
  64 0004 0170     		strb	r1, [r0, #0]
  65              		.loc 1 83 0
  66 0006 4360     		str	r3, [r0, #4]
  67              		.loc 1 87 0
  68 0008 7047     		bx	lr
  69              		.cfi_endproc
  70              	.LFE119:
  71              		.size	pwmObjectInit, .-pwmObjectInit
  72 000a 00BFAFF3 		.section	.text.pwmStart,"ax",%progbits
  72      0080
  73              		.align	2
  74              		.p2align 4,,15
  75              		.global	pwmStart
  76              		.thumb
  77              		.thumb_func
  78              		.type	pwmStart, %function
  79              	pwmStart:
  80              	.LFB120:
  81              		.loc 1 99 0
  82              		.cfi_startproc
  83              		@ args = 0, pretend = 0, frame = 0
  84              		@ frame_needed = 0, uses_anonymous_args = 0
  85              	.LVL1:
  86 0000 10B5     		push	{r4, lr}
  87              	.LCFI0:
  88              		.cfi_def_cfa_offset 8
  89              	.LBB2:
  90              		.loc 1 103 0
  91 0002 2023     		movs	r3, #32
  92              	.LVL2:
  93              	.LBE2:
  94              		.loc 1 99 0
  95 0004 0446     		mov	r4, r0
  96              		.cfi_offset 14, -4
  97              		.cfi_offset 4, -8
  98              	.LBB3:
  99              		.loc 1 103 0
 100              	@ 103 "../ChibiOS_2.6.2/os/hal/src/pwm.c" 1
 101 0006 83F31188 		msr     BASEPRI, r3
 102              	@ 0 "" 2
 103              	.LVL3:
 104              		.thumb
 105              	.LBE3:
 106              		.loc 1 106 0
 107 000a 4160     		str	r1, [r0, #4]
ARM GAS  /tmp/ccqN6TbA.s 			page 3


 108              		.loc 1 107 0
 109 000c 8988     		ldrh	r1, [r1, #4]
 110              	.LVL4:
 111 000e 0181     		strh	r1, [r0, #8]	@ movhi
 112              		.loc 1 108 0
 113 0010 FFF7FEFF 		bl	pwm_lld_start
 114              	.LVL5:
 115              		.loc 1 109 0
 116 0014 0223     		movs	r3, #2
 117 0016 2370     		strb	r3, [r4, #0]
 118              	.LBB4:
 119              		.loc 1 110 0
 120 0018 0023     		movs	r3, #0
 121              	.LVL6:
 122              	@ 110 "../ChibiOS_2.6.2/os/hal/src/pwm.c" 1
 123 001a 83F31188 		msr     BASEPRI, r3
 124              	@ 0 "" 2
 125              	.LVL7:
 126              		.thumb
 127              	.LBE4:
 128              		.loc 1 111 0
 129 001e 10BD     		pop	{r4, pc}
 130              		.cfi_endproc
 131              	.LFE120:
 132              		.size	pwmStart, .-pwmStart
 133              		.section	.text.pwmStop,"ax",%progbits
 134              		.align	2
 135              		.p2align 4,,15
 136              		.global	pwmStop
 137              		.thumb
 138              		.thumb_func
 139              		.type	pwmStop, %function
 140              	pwmStop:
 141              	.LFB121:
 142              		.loc 1 120 0
 143              		.cfi_startproc
 144              		@ args = 0, pretend = 0, frame = 0
 145              		@ frame_needed = 0, uses_anonymous_args = 0
 146              	.LVL8:
 147 0000 10B5     		push	{r4, lr}
 148              	.LCFI1:
 149              		.cfi_def_cfa_offset 8
 150              	.LBB5:
 151              		.loc 1 124 0
 152 0002 2023     		movs	r3, #32
 153              	.LVL9:
 154              	.LBE5:
 155              		.loc 1 120 0
 156 0004 0446     		mov	r4, r0
 157              		.cfi_offset 14, -4
 158              		.cfi_offset 4, -8
 159              	.LBB6:
 160              		.loc 1 124 0
 161              	@ 124 "../ChibiOS_2.6.2/os/hal/src/pwm.c" 1
 162 0006 83F31188 		msr     BASEPRI, r3
 163              	@ 0 "" 2
 164              	.LVL10:
ARM GAS  /tmp/ccqN6TbA.s 			page 4


 165              		.thumb
 166              	.LBE6:
 167              		.loc 1 127 0
 168 000a FFF7FEFF 		bl	pwm_lld_stop
 169              	.LVL11:
 170              		.loc 1 128 0
 171 000e 0123     		movs	r3, #1
 172 0010 2370     		strb	r3, [r4, #0]
 173              	.LBB7:
 174              		.loc 1 129 0
 175 0012 0023     		movs	r3, #0
 176              	.LVL12:
 177              	@ 129 "../ChibiOS_2.6.2/os/hal/src/pwm.c" 1
 178 0014 83F31188 		msr     BASEPRI, r3
 179              	@ 0 "" 2
 180              	.LVL13:
 181              		.thumb
 182              	.LBE7:
 183              		.loc 1 130 0
 184 0018 10BD     		pop	{r4, pc}
 185              		.cfi_endproc
 186              	.LFE121:
 187              		.size	pwmStop, .-pwmStop
 188 001a 00BFAFF3 		.section	.text.pwmChangePeriod,"ax",%progbits
 188      0080
 189              		.align	2
 190              		.p2align 4,,15
 191              		.global	pwmChangePeriod
 192              		.thumb
 193              		.thumb_func
 194              		.type	pwmChangePeriod, %function
 195              	pwmChangePeriod:
 196              	.LFB122:
 197              		.loc 1 147 0
 198              		.cfi_startproc
 199              		@ args = 0, pretend = 0, frame = 0
 200              		@ frame_needed = 0, uses_anonymous_args = 0
 201              		@ link register save eliminated.
 202              	.LVL14:
 203              	.LBB8:
 204              		.loc 1 151 0
 205 0000 2023     		movs	r3, #32
 206              	.LVL15:
 207              	@ 151 "../ChibiOS_2.6.2/os/hal/src/pwm.c" 1
 208 0002 83F31188 		msr     BASEPRI, r3
 209              	@ 0 "" 2
 210              	.LVL16:
 211              		.thumb
 212              	.LBE8:
 213              		.loc 1 154 0
 214 0006 0369     		ldr	r3, [r0, #16]
 215              	.LVL17:
 216 0008 0181     		strh	r1, [r0, #8]	@ movhi
 217 000a 481E     		subs	r0, r1, #1
 218              	.LVL18:
 219 000c 81B2     		uxth	r1, r0
 220              	.LVL19:
ARM GAS  /tmp/ccqN6TbA.s 			page 5


 221 000e D962     		str	r1, [r3, #44]
 222              	.LBB9:
 223              		.loc 1 155 0
 224 0010 0023     		movs	r3, #0
 225              	.LVL20:
 226              	@ 155 "../ChibiOS_2.6.2/os/hal/src/pwm.c" 1
 227 0012 83F31188 		msr     BASEPRI, r3
 228              	@ 0 "" 2
 229              	.LVL21:
 230              		.thumb
 231              	.LBE9:
 232              		.loc 1 156 0
 233 0016 7047     		bx	lr
 234              		.cfi_endproc
 235              	.LFE122:
 236              		.size	pwmChangePeriod, .-pwmChangePeriod
 237 0018 AFF30080 		.section	.text.pwmEnableChannel,"ax",%progbits
 237      AFF30080 
 238              		.align	2
 239              		.p2align 4,,15
 240              		.global	pwmEnableChannel
 241              		.thumb
 242              		.thumb_func
 243              		.type	pwmEnableChannel, %function
 244              	pwmEnableChannel:
 245              	.LFB123:
 246              		.loc 1 174 0
 247              		.cfi_startproc
 248              		@ args = 0, pretend = 0, frame = 0
 249              		@ frame_needed = 0, uses_anonymous_args = 0
 250              	.LVL22:
 251 0000 08B5     		push	{r3, lr}
 252              	.LCFI2:
 253              		.cfi_def_cfa_offset 8
 254              	.LBB10:
 255              		.loc 1 179 0
 256 0002 2023     		movs	r3, #32
 257              		.cfi_offset 14, -4
 258              		.cfi_offset 3, -8
 259              	.LVL23:
 260              	@ 179 "../ChibiOS_2.6.2/os/hal/src/pwm.c" 1
 261 0004 83F31188 		msr     BASEPRI, r3
 262              	@ 0 "" 2
 263              	.LVL24:
 264              		.thumb
 265              	.LBE10:
 266              		.loc 1 182 0
 267 0008 FFF7FEFF 		bl	pwm_lld_enable_channel
 268              	.LVL25:
 269              	.LBB11:
 270              		.loc 1 183 0
 271 000c 0023     		movs	r3, #0
 272              	.LVL26:
 273              	@ 183 "../ChibiOS_2.6.2/os/hal/src/pwm.c" 1
 274 000e 83F31188 		msr     BASEPRI, r3
 275              	@ 0 "" 2
 276              	.LVL27:
ARM GAS  /tmp/ccqN6TbA.s 			page 6


 277              		.thumb
 278              	.LBE11:
 279              		.loc 1 184 0
 280 0012 08BD     		pop	{r3, pc}
 281              		.cfi_endproc
 282              	.LFE123:
 283              		.size	pwmEnableChannel, .-pwmEnableChannel
 284 0014 AFF30080 		.section	.text.pwmDisableChannel,"ax",%progbits
 284      AFF30080 
 284      AFF30080 
 285              		.align	2
 286              		.p2align 4,,15
 287              		.global	pwmDisableChannel
 288              		.thumb
 289              		.thumb_func
 290              		.type	pwmDisableChannel, %function
 291              	pwmDisableChannel:
 292              	.LFB124:
 293              		.loc 1 200 0
 294              		.cfi_startproc
 295              		@ args = 0, pretend = 0, frame = 0
 296              		@ frame_needed = 0, uses_anonymous_args = 0
 297              	.LVL28:
 298 0000 08B5     		push	{r3, lr}
 299              	.LCFI3:
 300              		.cfi_def_cfa_offset 8
 301              	.LBB12:
 302              		.loc 1 205 0
 303 0002 2023     		movs	r3, #32
 304              		.cfi_offset 14, -4
 305              		.cfi_offset 3, -8
 306              	.LVL29:
 307              	@ 205 "../ChibiOS_2.6.2/os/hal/src/pwm.c" 1
 308 0004 83F31188 		msr     BASEPRI, r3
 309              	@ 0 "" 2
 310              	.LVL30:
 311              		.thumb
 312              	.LBE12:
 313              		.loc 1 208 0
 314 0008 FFF7FEFF 		bl	pwm_lld_disable_channel
 315              	.LVL31:
 316              	.LBB13:
 317              		.loc 1 209 0
 318 000c 0023     		movs	r3, #0
 319              	.LVL32:
 320              	@ 209 "../ChibiOS_2.6.2/os/hal/src/pwm.c" 1
 321 000e 83F31188 		msr     BASEPRI, r3
 322              	@ 0 "" 2
 323              	.LVL33:
 324              		.thumb
 325              	.LBE13:
 326              		.loc 1 210 0
 327 0012 08BD     		pop	{r3, pc}
 328              		.cfi_endproc
 329              	.LFE124:
 330              		.size	pwmDisableChannel, .-pwmDisableChannel
 331 0014 AFF30080 		.text
ARM GAS  /tmp/ccqN6TbA.s 			page 7


 331      AFF30080 
 331      AFF30080 
 332              	.Letext0:
 333              		.section	.debug_loc,"",%progbits
 334              	.Ldebug_loc0:
 335              	.LLST0:
 336 0000 00000000 		.4byte	.LFB120
 337 0004 02000000 		.4byte	.LCFI0
 338 0008 0200     		.2byte	0x2
 339 000a 7D       		.byte	0x7d
 340 000b 00       		.sleb128 0
 341 000c 02000000 		.4byte	.LCFI0
 342 0010 20000000 		.4byte	.LFE120
 343 0014 0200     		.2byte	0x2
 344 0016 7D       		.byte	0x7d
 345 0017 08       		.sleb128 8
 346 0018 00000000 		.4byte	0x0
 347 001c 00000000 		.4byte	0x0
 348              	.LLST1:
 349 0020 00000000 		.4byte	.LVL1
 350 0024 13000000 		.4byte	.LVL5-1
 351 0028 0100     		.2byte	0x1
 352 002a 50       		.byte	0x50
 353 002b 13000000 		.4byte	.LVL5-1
 354 002f 20000000 		.4byte	.LFE120
 355 0033 0100     		.2byte	0x1
 356 0035 54       		.byte	0x54
 357 0036 00000000 		.4byte	0x0
 358 003a 00000000 		.4byte	0x0
 359              	.LLST2:
 360 003e 00000000 		.4byte	.LVL1
 361 0042 0E000000 		.4byte	.LVL4
 362 0046 0100     		.2byte	0x1
 363 0048 51       		.byte	0x51
 364 0049 0E000000 		.4byte	.LVL4
 365 004d 13000000 		.4byte	.LVL5-1
 366 0051 0200     		.2byte	0x2
 367 0053 70       		.byte	0x70
 368 0054 04       		.sleb128 4
 369 0055 00000000 		.4byte	0x0
 370 0059 00000000 		.4byte	0x0
 371              	.LLST3:
 372 005d 0A000000 		.4byte	.LVL3
 373 0061 13000000 		.4byte	.LVL5-1
 374 0065 0100     		.2byte	0x1
 375 0067 53       		.byte	0x53
 376 0068 00000000 		.4byte	0x0
 377 006c 00000000 		.4byte	0x0
 378              	.LLST4:
 379 0070 1E000000 		.4byte	.LVL7
 380 0074 20000000 		.4byte	.LFE120
 381 0078 0100     		.2byte	0x1
 382 007a 53       		.byte	0x53
 383 007b 00000000 		.4byte	0x0
 384 007f 00000000 		.4byte	0x0
 385              	.LLST5:
 386 0083 00000000 		.4byte	.LFB121
ARM GAS  /tmp/ccqN6TbA.s 			page 8


 387 0087 02000000 		.4byte	.LCFI1
 388 008b 0200     		.2byte	0x2
 389 008d 7D       		.byte	0x7d
 390 008e 00       		.sleb128 0
 391 008f 02000000 		.4byte	.LCFI1
 392 0093 1A000000 		.4byte	.LFE121
 393 0097 0200     		.2byte	0x2
 394 0099 7D       		.byte	0x7d
 395 009a 08       		.sleb128 8
 396 009b 00000000 		.4byte	0x0
 397 009f 00000000 		.4byte	0x0
 398              	.LLST6:
 399 00a3 00000000 		.4byte	.LVL8
 400 00a7 0D000000 		.4byte	.LVL11-1
 401 00ab 0100     		.2byte	0x1
 402 00ad 50       		.byte	0x50
 403 00ae 0D000000 		.4byte	.LVL11-1
 404 00b2 1A000000 		.4byte	.LFE121
 405 00b6 0100     		.2byte	0x1
 406 00b8 54       		.byte	0x54
 407 00b9 00000000 		.4byte	0x0
 408 00bd 00000000 		.4byte	0x0
 409              	.LLST7:
 410 00c1 0A000000 		.4byte	.LVL10
 411 00c5 0D000000 		.4byte	.LVL11-1
 412 00c9 0100     		.2byte	0x1
 413 00cb 53       		.byte	0x53
 414 00cc 00000000 		.4byte	0x0
 415 00d0 00000000 		.4byte	0x0
 416              	.LLST8:
 417 00d4 18000000 		.4byte	.LVL13
 418 00d8 1A000000 		.4byte	.LFE121
 419 00dc 0100     		.2byte	0x1
 420 00de 53       		.byte	0x53
 421 00df 00000000 		.4byte	0x0
 422 00e3 00000000 		.4byte	0x0
 423              	.LLST9:
 424 00e7 00000000 		.4byte	.LVL14
 425 00eb 0C000000 		.4byte	.LVL18
 426 00ef 0100     		.2byte	0x1
 427 00f1 50       		.byte	0x50
 428 00f2 00000000 		.4byte	0x0
 429 00f6 00000000 		.4byte	0x0
 430              	.LLST10:
 431 00fa 00000000 		.4byte	.LVL14
 432 00fe 0E000000 		.4byte	.LVL19
 433 0102 0100     		.2byte	0x1
 434 0104 51       		.byte	0x51
 435 0105 00000000 		.4byte	0x0
 436 0109 00000000 		.4byte	0x0
 437              	.LLST11:
 438 010d 06000000 		.4byte	.LVL16
 439 0111 08000000 		.4byte	.LVL17
 440 0115 0100     		.2byte	0x1
 441 0117 53       		.byte	0x53
 442 0118 00000000 		.4byte	0x0
 443 011c 00000000 		.4byte	0x0
ARM GAS  /tmp/ccqN6TbA.s 			page 9


 444              	.LLST12:
 445 0120 16000000 		.4byte	.LVL21
 446 0124 18000000 		.4byte	.LFE122
 447 0128 0100     		.2byte	0x1
 448 012a 53       		.byte	0x53
 449 012b 00000000 		.4byte	0x0
 450 012f 00000000 		.4byte	0x0
 451              	.LLST13:
 452 0133 00000000 		.4byte	.LFB123
 453 0137 02000000 		.4byte	.LCFI2
 454 013b 0200     		.2byte	0x2
 455 013d 7D       		.byte	0x7d
 456 013e 00       		.sleb128 0
 457 013f 02000000 		.4byte	.LCFI2
 458 0143 14000000 		.4byte	.LFE123
 459 0147 0200     		.2byte	0x2
 460 0149 7D       		.byte	0x7d
 461 014a 08       		.sleb128 8
 462 014b 00000000 		.4byte	0x0
 463 014f 00000000 		.4byte	0x0
 464              	.LLST14:
 465 0153 00000000 		.4byte	.LVL22
 466 0157 0B000000 		.4byte	.LVL25-1
 467 015b 0100     		.2byte	0x1
 468 015d 50       		.byte	0x50
 469 015e 00000000 		.4byte	0x0
 470 0162 00000000 		.4byte	0x0
 471              	.LLST15:
 472 0166 00000000 		.4byte	.LVL22
 473 016a 0B000000 		.4byte	.LVL25-1
 474 016e 0100     		.2byte	0x1
 475 0170 51       		.byte	0x51
 476 0171 00000000 		.4byte	0x0
 477 0175 00000000 		.4byte	0x0
 478              	.LLST16:
 479 0179 00000000 		.4byte	.LVL22
 480 017d 0B000000 		.4byte	.LVL25-1
 481 0181 0100     		.2byte	0x1
 482 0183 52       		.byte	0x52
 483 0184 00000000 		.4byte	0x0
 484 0188 00000000 		.4byte	0x0
 485              	.LLST17:
 486 018c 08000000 		.4byte	.LVL24
 487 0190 0B000000 		.4byte	.LVL25-1
 488 0194 0100     		.2byte	0x1
 489 0196 53       		.byte	0x53
 490 0197 00000000 		.4byte	0x0
 491 019b 00000000 		.4byte	0x0
 492              	.LLST18:
 493 019f 12000000 		.4byte	.LVL27
 494 01a3 14000000 		.4byte	.LFE123
 495 01a7 0100     		.2byte	0x1
 496 01a9 53       		.byte	0x53
 497 01aa 00000000 		.4byte	0x0
 498 01ae 00000000 		.4byte	0x0
 499              	.LLST19:
 500 01b2 00000000 		.4byte	.LFB124
ARM GAS  /tmp/ccqN6TbA.s 			page 10


 501 01b6 02000000 		.4byte	.LCFI3
 502 01ba 0200     		.2byte	0x2
 503 01bc 7D       		.byte	0x7d
 504 01bd 00       		.sleb128 0
 505 01be 02000000 		.4byte	.LCFI3
 506 01c2 14000000 		.4byte	.LFE124
 507 01c6 0200     		.2byte	0x2
 508 01c8 7D       		.byte	0x7d
 509 01c9 08       		.sleb128 8
 510 01ca 00000000 		.4byte	0x0
 511 01ce 00000000 		.4byte	0x0
 512              	.LLST20:
 513 01d2 00000000 		.4byte	.LVL28
 514 01d6 0B000000 		.4byte	.LVL31-1
 515 01da 0100     		.2byte	0x1
 516 01dc 50       		.byte	0x50
 517 01dd 00000000 		.4byte	0x0
 518 01e1 00000000 		.4byte	0x0
 519              	.LLST21:
 520 01e5 00000000 		.4byte	.LVL28
 521 01e9 0B000000 		.4byte	.LVL31-1
 522 01ed 0100     		.2byte	0x1
 523 01ef 51       		.byte	0x51
 524 01f0 00000000 		.4byte	0x0
 525 01f4 00000000 		.4byte	0x0
 526              	.LLST22:
 527 01f8 08000000 		.4byte	.LVL30
 528 01fc 0B000000 		.4byte	.LVL31-1
 529 0200 0100     		.2byte	0x1
 530 0202 53       		.byte	0x53
 531 0203 00000000 		.4byte	0x0
 532 0207 00000000 		.4byte	0x0
 533              	.LLST23:
 534 020b 12000000 		.4byte	.LVL33
 535 020f 14000000 		.4byte	.LFE124
 536 0213 0100     		.2byte	0x1
 537 0215 53       		.byte	0x53
 538 0216 00000000 		.4byte	0x0
 539 021a 00000000 		.4byte	0x0
 540              		.file 2 "/opt/sgpp-lite-arm-eabi-bin-2010.09.51/bin/../lib/gcc/arm-none-eabi/4.5.1/../../../../arm
 541              		.file 3 "../ChibiOS_2.6.2/os/hal/include/pwm.h"
 542              		.file 4 "../ChibiOS_2.6.2/os/hal/platforms/STM32/TIMv1/pwm_lld.h"
 543              		.file 5 "../ChibiOS_2.6.2/os/hal/platforms/STM32/TIMv1/stm32_tim.h"
 544              		.file 6 "../ChibiOS_2.6.2/os/ports/common/ARMCMx/CMSIS/include/core_cm4.h"
 545              		.section	.debug_info
 546 0000 1D060000 		.4byte	0x61d
 547 0004 0200     		.2byte	0x2
 548 0006 00000000 		.4byte	.Ldebug_abbrev0
 549 000a 04       		.byte	0x4
 550 000b 01       		.uleb128 0x1
 551 000c D6010000 		.4byte	.LASF56
 552 0010 01       		.byte	0x1
 553 0011 3C000000 		.4byte	.LASF57
 554 0015 E2010000 		.4byte	.LASF58
 555 0019 00000000 		.4byte	0x0
 556 001d 00000000 		.4byte	0x0
 557 0021 30000000 		.4byte	.Ldebug_ranges0+0x30
ARM GAS  /tmp/ccqN6TbA.s 			page 11


 558 0025 00000000 		.4byte	.Ldebug_line0
 559 0029 02       		.uleb128 0x2
 560 002a 04       		.byte	0x4
 561 002b 05       		.byte	0x5
 562 002c 696E7400 		.ascii	"int\000"
 563 0030 03       		.uleb128 0x3
 564 0031 04       		.byte	0x4
 565 0032 07       		.byte	0x7
 566 0033 4A010000 		.4byte	.LASF0
 567 0037 03       		.uleb128 0x3
 568 0038 01       		.byte	0x1
 569 0039 06       		.byte	0x6
 570 003a 1E010000 		.4byte	.LASF1
 571 003e 04       		.uleb128 0x4
 572 003f 81000000 		.4byte	.LASF4
 573 0043 02       		.byte	0x2
 574 0044 2A       		.byte	0x2a
 575 0045 49000000 		.4byte	0x49
 576 0049 03       		.uleb128 0x3
 577 004a 01       		.byte	0x1
 578 004b 08       		.byte	0x8
 579 004c FE000000 		.4byte	.LASF2
 580 0050 03       		.uleb128 0x3
 581 0051 02       		.byte	0x2
 582 0052 05       		.byte	0x5
 583 0053 1C000000 		.4byte	.LASF3
 584 0057 04       		.uleb128 0x4
 585 0058 57010000 		.4byte	.LASF5
 586 005c 02       		.byte	0x2
 587 005d 36       		.byte	0x36
 588 005e 62000000 		.4byte	0x62
 589 0062 03       		.uleb128 0x3
 590 0063 02       		.byte	0x2
 591 0064 07       		.byte	0x7
 592 0065 6A010000 		.4byte	.LASF6
 593 0069 04       		.uleb128 0x4
 594 006a 98010000 		.4byte	.LASF7
 595 006e 02       		.byte	0x2
 596 006f 4F       		.byte	0x4f
 597 0070 74000000 		.4byte	0x74
 598 0074 03       		.uleb128 0x3
 599 0075 04       		.byte	0x4
 600 0076 05       		.byte	0x5
 601 0077 B7000000 		.4byte	.LASF8
 602 007b 04       		.uleb128 0x4
 603 007c 41010000 		.4byte	.LASF9
 604 0080 02       		.byte	0x2
 605 0081 50       		.byte	0x50
 606 0082 86000000 		.4byte	0x86
 607 0086 03       		.uleb128 0x3
 608 0087 04       		.byte	0x4
 609 0088 07       		.byte	0x7
 610 0089 BE010000 		.4byte	.LASF10
 611 008d 03       		.uleb128 0x3
 612 008e 08       		.byte	0x8
 613 008f 05       		.byte	0x5
 614 0090 A9000000 		.4byte	.LASF11
ARM GAS  /tmp/ccqN6TbA.s 			page 12


 615 0094 03       		.uleb128 0x3
 616 0095 08       		.byte	0x8
 617 0096 07       		.byte	0x7
 618 0097 2A010000 		.4byte	.LASF12
 619 009b 03       		.uleb128 0x3
 620 009c 01       		.byte	0x1
 621 009d 02       		.byte	0x2
 622 009e A0010000 		.4byte	.LASF13
 623 00a2 05       		.uleb128 0x5
 624 00a3 7B000000 		.4byte	0x7b
 625 00a7 03       		.uleb128 0x3
 626 00a8 01       		.byte	0x1
 627 00a9 08       		.byte	0x8
 628 00aa 7D010000 		.4byte	.LASF14
 629 00ae 06       		.uleb128 0x6
 630 00af 7B000000 		.4byte	0x7b
 631 00b3 BE000000 		.4byte	0xbe
 632 00b7 07       		.uleb128 0x7
 633 00b8 30000000 		.4byte	0x30
 634 00bc 03       		.byte	0x3
 635 00bd 00       		.byte	0x0
 636 00be 05       		.uleb128 0x5
 637 00bf 69000000 		.4byte	0x69
 638 00c3 08       		.uleb128 0x8
 639 00c4 01       		.byte	0x1
 640 00c5 03       		.byte	0x3
 641 00c6 55       		.byte	0x55
 642 00c7 DE000000 		.4byte	0xde
 643 00cb 09       		.uleb128 0x9
 644 00cc F3000000 		.4byte	.LASF15
 645 00d0 00       		.sleb128 0
 646 00d1 09       		.uleb128 0x9
 647 00d2 06020000 		.4byte	.LASF16
 648 00d6 01       		.sleb128 1
 649 00d7 09       		.uleb128 0x9
 650 00d8 FC010000 		.4byte	.LASF17
 651 00dc 02       		.sleb128 2
 652 00dd 00       		.byte	0x0
 653 00de 04       		.uleb128 0x4
 654 00df 4E020000 		.4byte	.LASF18
 655 00e3 03       		.byte	0x3
 656 00e4 59       		.byte	0x59
 657 00e5 C3000000 		.4byte	0xc3
 658 00e9 04       		.uleb128 0x4
 659 00ea 8E010000 		.4byte	.LASF19
 660 00ee 03       		.byte	0x3
 661 00ef 5E       		.byte	0x5e
 662 00f0 F4000000 		.4byte	0xf4
 663 00f4 0A       		.uleb128 0xa
 664 00f5 8E010000 		.4byte	.LASF19
 665 00f9 14       		.byte	0x14
 666 00fa 04       		.byte	0x4
 667 00fb 6F01     		.2byte	0x16f
 668 00fd 4D010000 		.4byte	0x14d
 669 0101 0B       		.uleb128 0xb
 670 0102 0A000000 		.4byte	.LASF20
 671 0106 04       		.byte	0x4
ARM GAS  /tmp/ccqN6TbA.s 			page 13


 672 0107 7301     		.2byte	0x173
 673 0109 DE000000 		.4byte	0xde
 674 010d 02       		.byte	0x2
 675 010e 23       		.byte	0x23
 676 010f 00       		.uleb128 0x0
 677 0110 0B       		.uleb128 0xb
 678 0111 6C000000 		.4byte	.LASF21
 679 0115 04       		.byte	0x4
 680 0116 7701     		.2byte	0x177
 681 0118 9C030000 		.4byte	0x39c
 682 011c 02       		.byte	0x2
 683 011d 23       		.byte	0x23
 684 011e 04       		.uleb128 0x4
 685 011f 0B       		.uleb128 0xb
 686 0120 D2000000 		.4byte	.LASF22
 687 0124 04       		.byte	0x4
 688 0125 7B01     		.2byte	0x17b
 689 0127 DC020000 		.4byte	0x2dc
 690 012b 02       		.byte	0x2
 691 012c 23       		.byte	0x23
 692 012d 08       		.uleb128 0x8
 693 012e 0B       		.uleb128 0xb
 694 012f D0010000 		.4byte	.LASF23
 695 0133 04       		.byte	0x4
 696 0134 8301     		.2byte	0x183
 697 0136 7B000000 		.4byte	0x7b
 698 013a 02       		.byte	0x2
 699 013b 23       		.byte	0x23
 700 013c 0C       		.uleb128 0xc
 701 013d 0C       		.uleb128 0xc
 702 013e 74696D00 		.ascii	"tim\000"
 703 0142 04       		.byte	0x4
 704 0143 8701     		.2byte	0x187
 705 0145 A7030000 		.4byte	0x3a7
 706 0149 02       		.byte	0x2
 707 014a 23       		.byte	0x23
 708 014b 10       		.uleb128 0x10
 709 014c 00       		.byte	0x0
 710 014d 04       		.uleb128 0x4
 711 014e 59020000 		.4byte	.LASF24
 712 0152 03       		.byte	0x3
 713 0153 65       		.byte	0x65
 714 0154 58010000 		.4byte	0x158
 715 0158 0D       		.uleb128 0xd
 716 0159 04       		.byte	0x4
 717 015a 5E010000 		.4byte	0x15e
 718 015e 0E       		.uleb128 0xe
 719 015f 01       		.byte	0x1
 720 0160 6A010000 		.4byte	0x16a
 721 0164 0F       		.uleb128 0xf
 722 0165 6A010000 		.4byte	0x16a
 723 0169 00       		.byte	0x0
 724 016a 0D       		.uleb128 0xd
 725 016b 04       		.byte	0x4
 726 016c E9000000 		.4byte	0xe9
 727 0170 10       		.uleb128 0x10
 728 0171 60       		.byte	0x60
ARM GAS  /tmp/ccqN6TbA.s 			page 14


 729 0172 05       		.byte	0x5
 730 0173 9E01     		.2byte	0x19e
 731 0175 B3020000 		.4byte	0x2b3
 732 0179 0C       		.uleb128 0xc
 733 017a 43523100 		.ascii	"CR1\000"
 734 017e 05       		.byte	0x5
 735 017f 9F01     		.2byte	0x19f
 736 0181 A2000000 		.4byte	0xa2
 737 0185 02       		.byte	0x2
 738 0186 23       		.byte	0x23
 739 0187 00       		.uleb128 0x0
 740 0188 0C       		.uleb128 0xc
 741 0189 43523200 		.ascii	"CR2\000"
 742 018d 05       		.byte	0x5
 743 018e A001     		.2byte	0x1a0
 744 0190 A2000000 		.4byte	0xa2
 745 0194 02       		.byte	0x2
 746 0195 23       		.byte	0x23
 747 0196 04       		.uleb128 0x4
 748 0197 0B       		.uleb128 0xb
 749 0198 EE000000 		.4byte	.LASF25
 750 019c 05       		.byte	0x5
 751 019d A101     		.2byte	0x1a1
 752 019f A2000000 		.4byte	0xa2
 753 01a3 02       		.byte	0x2
 754 01a4 23       		.byte	0x23
 755 01a5 08       		.uleb128 0x8
 756 01a6 0B       		.uleb128 0xb
 757 01a7 65010000 		.4byte	.LASF26
 758 01ab 05       		.byte	0x5
 759 01ac A201     		.2byte	0x1a2
 760 01ae A2000000 		.4byte	0xa2
 761 01b2 02       		.byte	0x2
 762 01b3 23       		.byte	0x23
 763 01b4 0C       		.uleb128 0xc
 764 01b5 0C       		.uleb128 0xc
 765 01b6 535200   		.ascii	"SR\000"
 766 01b9 05       		.byte	0x5
 767 01ba A301     		.2byte	0x1a3
 768 01bc A2000000 		.4byte	0xa2
 769 01c0 02       		.byte	0x2
 770 01c1 23       		.byte	0x23
 771 01c2 10       		.uleb128 0x10
 772 01c3 0C       		.uleb128 0xc
 773 01c4 45475200 		.ascii	"EGR\000"
 774 01c8 05       		.byte	0x5
 775 01c9 A401     		.2byte	0x1a4
 776 01cb A2000000 		.4byte	0xa2
 777 01cf 02       		.byte	0x2
 778 01d0 23       		.byte	0x23
 779 01d1 14       		.uleb128 0x14
 780 01d2 0B       		.uleb128 0xb
 781 01d3 D9000000 		.4byte	.LASF27
 782 01d7 05       		.byte	0x5
 783 01d8 A501     		.2byte	0x1a5
 784 01da A2000000 		.4byte	0xa2
 785 01de 02       		.byte	0x2
ARM GAS  /tmp/ccqN6TbA.s 			page 15


 786 01df 23       		.byte	0x23
 787 01e0 18       		.uleb128 0x18
 788 01e1 0B       		.uleb128 0xb
 789 01e2 10000000 		.4byte	.LASF28
 790 01e6 05       		.byte	0x5
 791 01e7 A601     		.2byte	0x1a6
 792 01e9 A2000000 		.4byte	0xa2
 793 01ed 02       		.byte	0x2
 794 01ee 23       		.byte	0x23
 795 01ef 1C       		.uleb128 0x1c
 796 01f0 0B       		.uleb128 0xb
 797 01f1 00000000 		.4byte	.LASF29
 798 01f5 05       		.byte	0x5
 799 01f6 A701     		.2byte	0x1a7
 800 01f8 A2000000 		.4byte	0xa2
 801 01fc 02       		.byte	0x2
 802 01fd 23       		.byte	0x23
 803 01fe 20       		.uleb128 0x20
 804 01ff 0C       		.uleb128 0xc
 805 0200 434E5400 		.ascii	"CNT\000"
 806 0204 05       		.byte	0x5
 807 0205 A801     		.2byte	0x1a8
 808 0207 A2000000 		.4byte	0xa2
 809 020b 02       		.byte	0x2
 810 020c 23       		.byte	0x23
 811 020d 24       		.uleb128 0x24
 812 020e 0C       		.uleb128 0xc
 813 020f 50534300 		.ascii	"PSC\000"
 814 0213 05       		.byte	0x5
 815 0214 A901     		.2byte	0x1a9
 816 0216 A2000000 		.4byte	0xa2
 817 021a 02       		.byte	0x2
 818 021b 23       		.byte	0x23
 819 021c 28       		.uleb128 0x28
 820 021d 0C       		.uleb128 0xc
 821 021e 41525200 		.ascii	"ARR\000"
 822 0222 05       		.byte	0x5
 823 0223 AA01     		.2byte	0x1aa
 824 0225 A2000000 		.4byte	0xa2
 825 0229 02       		.byte	0x2
 826 022a 23       		.byte	0x23
 827 022b 2C       		.uleb128 0x2c
 828 022c 0C       		.uleb128 0xc
 829 022d 52435200 		.ascii	"RCR\000"
 830 0231 05       		.byte	0x5
 831 0232 AB01     		.2byte	0x1ab
 832 0234 A2000000 		.4byte	0xa2
 833 0238 02       		.byte	0x2
 834 0239 23       		.byte	0x23
 835 023a 30       		.uleb128 0x30
 836 023b 0C       		.uleb128 0xc
 837 023c 43435200 		.ascii	"CCR\000"
 838 0240 05       		.byte	0x5
 839 0241 AC01     		.2byte	0x1ac
 840 0243 B3020000 		.4byte	0x2b3
 841 0247 02       		.byte	0x2
 842 0248 23       		.byte	0x23
ARM GAS  /tmp/ccqN6TbA.s 			page 16


 843 0249 34       		.uleb128 0x34
 844 024a 0B       		.uleb128 0xb
 845 024b 60010000 		.4byte	.LASF30
 846 024f 05       		.byte	0x5
 847 0250 AD01     		.2byte	0x1ad
 848 0252 A2000000 		.4byte	0xa2
 849 0256 02       		.byte	0x2
 850 0257 23       		.byte	0x23
 851 0258 44       		.uleb128 0x44
 852 0259 0C       		.uleb128 0xc
 853 025a 44435200 		.ascii	"DCR\000"
 854 025e 05       		.byte	0x5
 855 025f AE01     		.2byte	0x1ae
 856 0261 A2000000 		.4byte	0xa2
 857 0265 02       		.byte	0x2
 858 0266 23       		.byte	0x23
 859 0267 48       		.uleb128 0x48
 860 0268 0B       		.uleb128 0xb
 861 0269 05000000 		.4byte	.LASF31
 862 026d 05       		.byte	0x5
 863 026e AF01     		.2byte	0x1af
 864 0270 A2000000 		.4byte	0xa2
 865 0274 02       		.byte	0x2
 866 0275 23       		.byte	0x23
 867 0276 4C       		.uleb128 0x4c
 868 0277 0C       		.uleb128 0xc
 869 0278 4F5200   		.ascii	"OR\000"
 870 027b 05       		.byte	0x5
 871 027c B001     		.2byte	0x1b0
 872 027e A2000000 		.4byte	0xa2
 873 0282 02       		.byte	0x2
 874 0283 23       		.byte	0x23
 875 0284 50       		.uleb128 0x50
 876 0285 0B       		.uleb128 0xb
 877 0286 16000000 		.4byte	.LASF32
 878 028a 05       		.byte	0x5
 879 028b B101     		.2byte	0x1b1
 880 028d A2000000 		.4byte	0xa2
 881 0291 02       		.byte	0x2
 882 0292 23       		.byte	0x23
 883 0293 54       		.uleb128 0x54
 884 0294 0B       		.uleb128 0xb
 885 0295 C8000000 		.4byte	.LASF33
 886 0299 05       		.byte	0x5
 887 029a B201     		.2byte	0x1b2
 888 029c A2000000 		.4byte	0xa2
 889 02a0 02       		.byte	0x2
 890 02a1 23       		.byte	0x23
 891 02a2 58       		.uleb128 0x58
 892 02a3 0B       		.uleb128 0xb
 893 02a4 CD000000 		.4byte	.LASF34
 894 02a8 05       		.byte	0x5
 895 02a9 B301     		.2byte	0x1b3
 896 02ab A2000000 		.4byte	0xa2
 897 02af 02       		.byte	0x2
 898 02b0 23       		.byte	0x23
 899 02b1 5C       		.uleb128 0x5c
ARM GAS  /tmp/ccqN6TbA.s 			page 17


 900 02b2 00       		.byte	0x0
 901 02b3 05       		.uleb128 0x5
 902 02b4 AE000000 		.4byte	0xae
 903 02b8 11       		.uleb128 0x11
 904 02b9 82010000 		.4byte	.LASF35
 905 02bd 05       		.byte	0x5
 906 02be B401     		.2byte	0x1b4
 907 02c0 70010000 		.4byte	0x170
 908 02c4 11       		.uleb128 0x11
 909 02c5 37020000 		.4byte	.LASF36
 910 02c9 04       		.byte	0x4
 911 02ca 2001     		.2byte	0x120
 912 02cc 7B000000 		.4byte	0x7b
 913 02d0 11       		.uleb128 0x11
 914 02d1 2F000000 		.4byte	.LASF37
 915 02d5 04       		.byte	0x4
 916 02d6 2501     		.2byte	0x125
 917 02d8 3E000000 		.4byte	0x3e
 918 02dc 11       		.uleb128 0x11
 919 02dd 26000000 		.4byte	.LASF38
 920 02e1 04       		.byte	0x4
 921 02e2 2A01     		.2byte	0x12a
 922 02e4 57000000 		.4byte	0x57
 923 02e8 10       		.uleb128 0x10
 924 02e9 08       		.byte	0x8
 925 02ea 04       		.byte	0x4
 926 02eb 2F01     		.2byte	0x12f
 927 02ed 10030000 		.4byte	0x310
 928 02f1 0B       		.uleb128 0xb
 929 02f2 5E000000 		.4byte	.LASF39
 930 02f6 04       		.byte	0x4
 931 02f7 3301     		.2byte	0x133
 932 02f9 C4020000 		.4byte	0x2c4
 933 02fd 02       		.byte	0x2
 934 02fe 23       		.byte	0x23
 935 02ff 00       		.uleb128 0x0
 936 0300 0B       		.uleb128 0xb
 937 0301 67020000 		.4byte	.LASF40
 938 0305 04       		.byte	0x4
 939 0306 3901     		.2byte	0x139
 940 0308 4D010000 		.4byte	0x14d
 941 030c 02       		.byte	0x2
 942 030d 23       		.byte	0x23
 943 030e 04       		.uleb128 0x4
 944 030f 00       		.byte	0x0
 945 0310 11       		.uleb128 0x11
 946 0311 26020000 		.4byte	.LASF41
 947 0315 04       		.byte	0x4
 948 0316 3B01     		.2byte	0x13b
 949 0318 E8020000 		.4byte	0x2e8
 950 031c 10       		.uleb128 0x10
 951 031d 34       		.byte	0x34
 952 031e 04       		.byte	0x4
 953 031f 4001     		.2byte	0x140
 954 0321 80030000 		.4byte	0x380
 955 0325 0B       		.uleb128 0xb
 956 0326 1C020000 		.4byte	.LASF42
ARM GAS  /tmp/ccqN6TbA.s 			page 18


 957 032a 04       		.byte	0x4
 958 032b 4601     		.2byte	0x146
 959 032d 7B000000 		.4byte	0x7b
 960 0331 02       		.byte	0x2
 961 0332 23       		.byte	0x23
 962 0333 00       		.uleb128 0x0
 963 0334 0B       		.uleb128 0xb
 964 0335 D2000000 		.4byte	.LASF22
 965 0339 04       		.byte	0x4
 966 033a 4C01     		.2byte	0x14c
 967 033c DC020000 		.4byte	0x2dc
 968 0340 02       		.byte	0x2
 969 0341 23       		.byte	0x23
 970 0342 04       		.uleb128 0x4
 971 0343 0B       		.uleb128 0xb
 972 0344 67020000 		.4byte	.LASF40
 973 0348 04       		.byte	0x4
 974 0349 5201     		.2byte	0x152
 975 034b 4D010000 		.4byte	0x14d
 976 034f 02       		.byte	0x2
 977 0350 23       		.byte	0x23
 978 0351 08       		.uleb128 0x8
 979 0352 0B       		.uleb128 0xb
 980 0353 63000000 		.4byte	.LASF43
 981 0357 04       		.byte	0x4
 982 0358 5601     		.2byte	0x156
 983 035a 80030000 		.4byte	0x380
 984 035e 02       		.byte	0x2
 985 035f 23       		.byte	0x23
 986 0360 0C       		.uleb128 0xc
 987 0361 0C       		.uleb128 0xc
 988 0362 63723200 		.ascii	"cr2\000"
 989 0366 04       		.byte	0x4
 990 0367 5C01     		.2byte	0x15c
 991 0369 7B000000 		.4byte	0x7b
 992 036d 02       		.byte	0x2
 993 036e 23       		.byte	0x23
 994 036f 2C       		.uleb128 0x2c
 995 0370 0B       		.uleb128 0xb
 996 0371 0F020000 		.4byte	.LASF44
 997 0375 04       		.byte	0x4
 998 0376 6901     		.2byte	0x169
 999 0378 7B000000 		.4byte	0x7b
 1000 037c 02       		.byte	0x2
 1001 037d 23       		.byte	0x23
 1002 037e 30       		.uleb128 0x30
 1003 037f 00       		.byte	0x0
 1004 0380 06       		.uleb128 0x6
 1005 0381 10030000 		.4byte	0x310
 1006 0385 90030000 		.4byte	0x390
 1007 0389 07       		.uleb128 0x7
 1008 038a 30000000 		.4byte	0x30
 1009 038e 03       		.byte	0x3
 1010 038f 00       		.byte	0x0
 1011 0390 11       		.uleb128 0x11
 1012 0391 DF000000 		.4byte	.LASF45
 1013 0395 04       		.byte	0x4
ARM GAS  /tmp/ccqN6TbA.s 			page 19


 1014 0396 6A01     		.2byte	0x16a
 1015 0398 1C030000 		.4byte	0x31c
 1016 039c 0D       		.uleb128 0xd
 1017 039d 04       		.byte	0x4
 1018 039e A2030000 		.4byte	0x3a2
 1019 03a2 12       		.uleb128 0x12
 1020 03a3 90030000 		.4byte	0x390
 1021 03a7 0D       		.uleb128 0xd
 1022 03a8 04       		.byte	0x4
 1023 03a9 B8020000 		.4byte	0x2b8
 1024 03ad 13       		.uleb128 0x13
 1025 03ae 01       		.byte	0x1
 1026 03af C0000000 		.4byte	.LASF59
 1027 03b3 01       		.byte	0x1
 1028 03b4 44       		.byte	0x44
 1029 03b5 01       		.byte	0x1
 1030 03b6 00000000 		.4byte	.LFB118
 1031 03ba 04000000 		.4byte	.LFE118
 1032 03be 02       		.byte	0x2
 1033 03bf 7D       		.byte	0x7d
 1034 03c0 00       		.sleb128 0
 1035 03c1 14       		.uleb128 0x14
 1036 03c2 01       		.byte	0x1
 1037 03c3 73000000 		.4byte	.LASF46
 1038 03c7 01       		.byte	0x1
 1039 03c8 50       		.byte	0x50
 1040 03c9 01       		.byte	0x1
 1041 03ca 00000000 		.4byte	.LFB119
 1042 03ce 0A000000 		.4byte	.LFE119
 1043 03d2 02       		.byte	0x2
 1044 03d3 7D       		.byte	0x7d
 1045 03d4 00       		.sleb128 0
 1046 03d5 E7030000 		.4byte	0x3e7
 1047 03d9 15       		.uleb128 0x15
 1048 03da E9000000 		.4byte	.LASF48
 1049 03de 01       		.byte	0x1
 1050 03df 50       		.byte	0x50
 1051 03e0 6A010000 		.4byte	0x16a
 1052 03e4 01       		.byte	0x1
 1053 03e5 50       		.byte	0x50
 1054 03e6 00       		.byte	0x0
 1055 03e7 16       		.uleb128 0x16
 1056 03e8 01       		.byte	0x1
 1057 03e9 A0000000 		.4byte	.LASF47
 1058 03ed 01       		.byte	0x1
 1059 03ee 63       		.byte	0x63
 1060 03ef 01       		.byte	0x1
 1061 03f0 00000000 		.4byte	.LFB120
 1062 03f4 20000000 		.4byte	.LFE120
 1063 03f8 00000000 		.4byte	.LLST0
 1064 03fc 51040000 		.4byte	0x451
 1065 0400 17       		.uleb128 0x17
 1066 0401 E9000000 		.4byte	.LASF48
 1067 0405 01       		.byte	0x1
 1068 0406 63       		.byte	0x63
 1069 0407 6A010000 		.4byte	0x16a
 1070 040b 20000000 		.4byte	.LLST1
ARM GAS  /tmp/ccqN6TbA.s 			page 20


 1071 040f 17       		.uleb128 0x17
 1072 0410 6C000000 		.4byte	.LASF21
 1073 0414 01       		.byte	0x1
 1074 0415 63       		.byte	0x63
 1075 0416 9C030000 		.4byte	0x39c
 1076 041a 3E000000 		.4byte	.LLST2
 1077 041e 18       		.uleb128 0x18
 1078 041f 00000000 		.4byte	.Ldebug_ranges0+0x0
 1079 0423 37040000 		.4byte	0x437
 1080 0427 19       		.uleb128 0x19
 1081 0428 746D7000 		.ascii	"tmp\000"
 1082 042c 01       		.byte	0x1
 1083 042d 67       		.byte	0x67
 1084 042e 7B000000 		.4byte	0x7b
 1085 0432 5D000000 		.4byte	.LLST3
 1086 0436 00       		.byte	0x0
 1087 0437 1A       		.uleb128 0x1a
 1088 0438 18000000 		.4byte	.LBB4
 1089 043c 1E000000 		.4byte	.LBE4
 1090 0440 19       		.uleb128 0x19
 1091 0441 746D7000 		.ascii	"tmp\000"
 1092 0445 01       		.byte	0x1
 1093 0446 6E       		.byte	0x6e
 1094 0447 7B000000 		.4byte	0x7b
 1095 044b 70000000 		.4byte	.LLST4
 1096 044f 00       		.byte	0x0
 1097 0450 00       		.byte	0x0
 1098 0451 16       		.uleb128 0x16
 1099 0452 01       		.byte	0x1
 1100 0453 14020000 		.4byte	.LASF49
 1101 0457 01       		.byte	0x1
 1102 0458 78       		.byte	0x78
 1103 0459 01       		.byte	0x1
 1104 045a 00000000 		.4byte	.LFB121
 1105 045e 1A000000 		.4byte	.LFE121
 1106 0462 83000000 		.4byte	.LLST5
 1107 0466 AC040000 		.4byte	0x4ac
 1108 046a 17       		.uleb128 0x17
 1109 046b E9000000 		.4byte	.LASF48
 1110 046f 01       		.byte	0x1
 1111 0470 78       		.byte	0x78
 1112 0471 6A010000 		.4byte	0x16a
 1113 0475 A3000000 		.4byte	.LLST6
 1114 0479 18       		.uleb128 0x18
 1115 047a 18000000 		.4byte	.Ldebug_ranges0+0x18
 1116 047e 92040000 		.4byte	0x492
 1117 0482 19       		.uleb128 0x19
 1118 0483 746D7000 		.ascii	"tmp\000"
 1119 0487 01       		.byte	0x1
 1120 0488 7C       		.byte	0x7c
 1121 0489 7B000000 		.4byte	0x7b
 1122 048d C1000000 		.4byte	.LLST7
 1123 0491 00       		.byte	0x0
 1124 0492 1A       		.uleb128 0x1a
 1125 0493 12000000 		.4byte	.LBB7
 1126 0497 18000000 		.4byte	.LBE7
 1127 049b 19       		.uleb128 0x19
ARM GAS  /tmp/ccqN6TbA.s 			page 21


 1128 049c 746D7000 		.ascii	"tmp\000"
 1129 04a0 01       		.byte	0x1
 1130 04a1 81       		.byte	0x81
 1131 04a2 7B000000 		.4byte	0x7b
 1132 04a6 D4000000 		.4byte	.LLST8
 1133 04aa 00       		.byte	0x0
 1134 04ab 00       		.byte	0x0
 1135 04ac 14       		.uleb128 0x14
 1136 04ad 01       		.byte	0x1
 1137 04ae AE010000 		.4byte	.LASF50
 1138 04b2 01       		.byte	0x1
 1139 04b3 93       		.byte	0x93
 1140 04b4 01       		.byte	0x1
 1141 04b5 00000000 		.4byte	.LFB122
 1142 04b9 18000000 		.4byte	.LFE122
 1143 04bd 02       		.byte	0x2
 1144 04be 7D       		.byte	0x7d
 1145 04bf 00       		.sleb128 0
 1146 04c0 19050000 		.4byte	0x519
 1147 04c4 17       		.uleb128 0x17
 1148 04c5 E9000000 		.4byte	.LASF48
 1149 04c9 01       		.byte	0x1
 1150 04ca 93       		.byte	0x93
 1151 04cb 6A010000 		.4byte	0x16a
 1152 04cf E7000000 		.4byte	.LLST9
 1153 04d3 17       		.uleb128 0x17
 1154 04d4 D2000000 		.4byte	.LASF22
 1155 04d8 01       		.byte	0x1
 1156 04d9 93       		.byte	0x93
 1157 04da DC020000 		.4byte	0x2dc
 1158 04de FA000000 		.4byte	.LLST10
 1159 04e2 1B       		.uleb128 0x1b
 1160 04e3 00000000 		.4byte	.LBB8
 1161 04e7 06000000 		.4byte	.LBE8
 1162 04eb FF040000 		.4byte	0x4ff
 1163 04ef 19       		.uleb128 0x19
 1164 04f0 746D7000 		.ascii	"tmp\000"
 1165 04f4 01       		.byte	0x1
 1166 04f5 97       		.byte	0x97
 1167 04f6 7B000000 		.4byte	0x7b
 1168 04fa 0D010000 		.4byte	.LLST11
 1169 04fe 00       		.byte	0x0
 1170 04ff 1A       		.uleb128 0x1a
 1171 0500 10000000 		.4byte	.LBB9
 1172 0504 16000000 		.4byte	.LBE9
 1173 0508 19       		.uleb128 0x19
 1174 0509 746D7000 		.ascii	"tmp\000"
 1175 050d 01       		.byte	0x1
 1176 050e 9B       		.byte	0x9b
 1177 050f 7B000000 		.4byte	0x7b
 1178 0513 20010000 		.4byte	.LLST12
 1179 0517 00       		.byte	0x0
 1180 0518 00       		.byte	0x0
 1181 0519 16       		.uleb128 0x16
 1182 051a 01       		.byte	0x1
 1183 051b 89000000 		.4byte	.LASF51
 1184 051f 01       		.byte	0x1
ARM GAS  /tmp/ccqN6TbA.s 			page 22


 1185 0520 AC       		.byte	0xac
 1186 0521 01       		.byte	0x1
 1187 0522 00000000 		.4byte	.LFB123
 1188 0526 14000000 		.4byte	.LFE123
 1189 052a 33010000 		.4byte	.LLST13
 1190 052e 96050000 		.4byte	0x596
 1191 0532 17       		.uleb128 0x17
 1192 0533 E9000000 		.4byte	.LASF48
 1193 0537 01       		.byte	0x1
 1194 0538 AC       		.byte	0xac
 1195 0539 6A010000 		.4byte	0x16a
 1196 053d 53010000 		.4byte	.LLST14
 1197 0541 17       		.uleb128 0x17
 1198 0542 A6010000 		.4byte	.LASF52
 1199 0546 01       		.byte	0x1
 1200 0547 AD       		.byte	0xad
 1201 0548 D0020000 		.4byte	0x2d0
 1202 054c 66010000 		.4byte	.LLST15
 1203 0550 17       		.uleb128 0x17
 1204 0551 9A000000 		.4byte	.LASF53
 1205 0555 01       		.byte	0x1
 1206 0556 AE       		.byte	0xae
 1207 0557 DC020000 		.4byte	0x2dc
 1208 055b 79010000 		.4byte	.LLST16
 1209 055f 1B       		.uleb128 0x1b
 1210 0560 02000000 		.4byte	.LBB10
 1211 0564 08000000 		.4byte	.LBE10
 1212 0568 7C050000 		.4byte	0x57c
 1213 056c 19       		.uleb128 0x19
 1214 056d 746D7000 		.ascii	"tmp\000"
 1215 0571 01       		.byte	0x1
 1216 0572 B3       		.byte	0xb3
 1217 0573 7B000000 		.4byte	0x7b
 1218 0577 8C010000 		.4byte	.LLST17
 1219 057b 00       		.byte	0x0
 1220 057c 1A       		.uleb128 0x1a
 1221 057d 0C000000 		.4byte	.LBB11
 1222 0581 12000000 		.4byte	.LBE11
 1223 0585 19       		.uleb128 0x19
 1224 0586 746D7000 		.ascii	"tmp\000"
 1225 058a 01       		.byte	0x1
 1226 058b B7       		.byte	0xb7
 1227 058c 7B000000 		.4byte	0x7b
 1228 0590 9F010000 		.4byte	.LLST18
 1229 0594 00       		.byte	0x0
 1230 0595 00       		.byte	0x0
 1231 0596 16       		.uleb128 0x16
 1232 0597 01       		.byte	0x1
 1233 0598 0C010000 		.4byte	.LASF54
 1234 059c 01       		.byte	0x1
 1235 059d C8       		.byte	0xc8
 1236 059e 01       		.byte	0x1
 1237 059f 00000000 		.4byte	.LFB124
 1238 05a3 14000000 		.4byte	.LFE124
 1239 05a7 B2010000 		.4byte	.LLST19
 1240 05ab 04060000 		.4byte	0x604
 1241 05af 17       		.uleb128 0x17
ARM GAS  /tmp/ccqN6TbA.s 			page 23


 1242 05b0 E9000000 		.4byte	.LASF48
 1243 05b4 01       		.byte	0x1
 1244 05b5 C8       		.byte	0xc8
 1245 05b6 6A010000 		.4byte	0x16a
 1246 05ba D2010000 		.4byte	.LLST20
 1247 05be 17       		.uleb128 0x17
 1248 05bf A6010000 		.4byte	.LASF52
 1249 05c3 01       		.byte	0x1
 1250 05c4 C8       		.byte	0xc8
 1251 05c5 D0020000 		.4byte	0x2d0
 1252 05c9 E5010000 		.4byte	.LLST21
 1253 05cd 1B       		.uleb128 0x1b
 1254 05ce 02000000 		.4byte	.LBB12
 1255 05d2 08000000 		.4byte	.LBE12
 1256 05d6 EA050000 		.4byte	0x5ea
 1257 05da 19       		.uleb128 0x19
 1258 05db 746D7000 		.ascii	"tmp\000"
 1259 05df 01       		.byte	0x1
 1260 05e0 CD       		.byte	0xcd
 1261 05e1 7B000000 		.4byte	0x7b
 1262 05e5 F8010000 		.4byte	.LLST22
 1263 05e9 00       		.byte	0x0
 1264 05ea 1A       		.uleb128 0x1a
 1265 05eb 0C000000 		.4byte	.LBB13
 1266 05ef 12000000 		.4byte	.LBE13
 1267 05f3 19       		.uleb128 0x19
 1268 05f4 746D7000 		.ascii	"tmp\000"
 1269 05f8 01       		.byte	0x1
 1270 05f9 D1       		.byte	0xd1
 1271 05fa 7B000000 		.4byte	0x7b
 1272 05fe 0B020000 		.4byte	.LLST23
 1273 0602 00       		.byte	0x0
 1274 0603 00       		.byte	0x0
 1275 0604 1C       		.uleb128 0x1c
 1276 0605 41020000 		.4byte	.LASF55
 1277 0609 06       		.byte	0x6
 1278 060a 9806     		.2byte	0x698
 1279 060c BE000000 		.4byte	0xbe
 1280 0610 01       		.byte	0x1
 1281 0611 01       		.byte	0x1
 1282 0612 1C       		.uleb128 0x1c
 1283 0613 41020000 		.4byte	.LASF55
 1284 0617 06       		.byte	0x6
 1285 0618 9806     		.2byte	0x698
 1286 061a BE000000 		.4byte	0xbe
 1287 061e 01       		.byte	0x1
 1288 061f 01       		.byte	0x1
 1289 0620 00       		.byte	0x0
 1290              		.section	.debug_abbrev
 1291 0000 01       		.uleb128 0x1
 1292 0001 11       		.uleb128 0x11
 1293 0002 01       		.byte	0x1
 1294 0003 25       		.uleb128 0x25
 1295 0004 0E       		.uleb128 0xe
 1296 0005 13       		.uleb128 0x13
 1297 0006 0B       		.uleb128 0xb
 1298 0007 03       		.uleb128 0x3
ARM GAS  /tmp/ccqN6TbA.s 			page 24


 1299 0008 0E       		.uleb128 0xe
 1300 0009 1B       		.uleb128 0x1b
 1301 000a 0E       		.uleb128 0xe
 1302 000b 11       		.uleb128 0x11
 1303 000c 01       		.uleb128 0x1
 1304 000d 52       		.uleb128 0x52
 1305 000e 01       		.uleb128 0x1
 1306 000f 55       		.uleb128 0x55
 1307 0010 06       		.uleb128 0x6
 1308 0011 10       		.uleb128 0x10
 1309 0012 06       		.uleb128 0x6
 1310 0013 00       		.byte	0x0
 1311 0014 00       		.byte	0x0
 1312 0015 02       		.uleb128 0x2
 1313 0016 24       		.uleb128 0x24
 1314 0017 00       		.byte	0x0
 1315 0018 0B       		.uleb128 0xb
 1316 0019 0B       		.uleb128 0xb
 1317 001a 3E       		.uleb128 0x3e
 1318 001b 0B       		.uleb128 0xb
 1319 001c 03       		.uleb128 0x3
 1320 001d 08       		.uleb128 0x8
 1321 001e 00       		.byte	0x0
 1322 001f 00       		.byte	0x0
 1323 0020 03       		.uleb128 0x3
 1324 0021 24       		.uleb128 0x24
 1325 0022 00       		.byte	0x0
 1326 0023 0B       		.uleb128 0xb
 1327 0024 0B       		.uleb128 0xb
 1328 0025 3E       		.uleb128 0x3e
 1329 0026 0B       		.uleb128 0xb
 1330 0027 03       		.uleb128 0x3
 1331 0028 0E       		.uleb128 0xe
 1332 0029 00       		.byte	0x0
 1333 002a 00       		.byte	0x0
 1334 002b 04       		.uleb128 0x4
 1335 002c 16       		.uleb128 0x16
 1336 002d 00       		.byte	0x0
 1337 002e 03       		.uleb128 0x3
 1338 002f 0E       		.uleb128 0xe
 1339 0030 3A       		.uleb128 0x3a
 1340 0031 0B       		.uleb128 0xb
 1341 0032 3B       		.uleb128 0x3b
 1342 0033 0B       		.uleb128 0xb
 1343 0034 49       		.uleb128 0x49
 1344 0035 13       		.uleb128 0x13
 1345 0036 00       		.byte	0x0
 1346 0037 00       		.byte	0x0
 1347 0038 05       		.uleb128 0x5
 1348 0039 35       		.uleb128 0x35
 1349 003a 00       		.byte	0x0
 1350 003b 49       		.uleb128 0x49
 1351 003c 13       		.uleb128 0x13
 1352 003d 00       		.byte	0x0
 1353 003e 00       		.byte	0x0
 1354 003f 06       		.uleb128 0x6
 1355 0040 01       		.uleb128 0x1
ARM GAS  /tmp/ccqN6TbA.s 			page 25


 1356 0041 01       		.byte	0x1
 1357 0042 49       		.uleb128 0x49
 1358 0043 13       		.uleb128 0x13
 1359 0044 01       		.uleb128 0x1
 1360 0045 13       		.uleb128 0x13
 1361 0046 00       		.byte	0x0
 1362 0047 00       		.byte	0x0
 1363 0048 07       		.uleb128 0x7
 1364 0049 21       		.uleb128 0x21
 1365 004a 00       		.byte	0x0
 1366 004b 49       		.uleb128 0x49
 1367 004c 13       		.uleb128 0x13
 1368 004d 2F       		.uleb128 0x2f
 1369 004e 0B       		.uleb128 0xb
 1370 004f 00       		.byte	0x0
 1371 0050 00       		.byte	0x0
 1372 0051 08       		.uleb128 0x8
 1373 0052 04       		.uleb128 0x4
 1374 0053 01       		.byte	0x1
 1375 0054 0B       		.uleb128 0xb
 1376 0055 0B       		.uleb128 0xb
 1377 0056 3A       		.uleb128 0x3a
 1378 0057 0B       		.uleb128 0xb
 1379 0058 3B       		.uleb128 0x3b
 1380 0059 0B       		.uleb128 0xb
 1381 005a 01       		.uleb128 0x1
 1382 005b 13       		.uleb128 0x13
 1383 005c 00       		.byte	0x0
 1384 005d 00       		.byte	0x0
 1385 005e 09       		.uleb128 0x9
 1386 005f 28       		.uleb128 0x28
 1387 0060 00       		.byte	0x0
 1388 0061 03       		.uleb128 0x3
 1389 0062 0E       		.uleb128 0xe
 1390 0063 1C       		.uleb128 0x1c
 1391 0064 0D       		.uleb128 0xd
 1392 0065 00       		.byte	0x0
 1393 0066 00       		.byte	0x0
 1394 0067 0A       		.uleb128 0xa
 1395 0068 13       		.uleb128 0x13
 1396 0069 01       		.byte	0x1
 1397 006a 03       		.uleb128 0x3
 1398 006b 0E       		.uleb128 0xe
 1399 006c 0B       		.uleb128 0xb
 1400 006d 0B       		.uleb128 0xb
 1401 006e 3A       		.uleb128 0x3a
 1402 006f 0B       		.uleb128 0xb
 1403 0070 3B       		.uleb128 0x3b
 1404 0071 05       		.uleb128 0x5
 1405 0072 01       		.uleb128 0x1
 1406 0073 13       		.uleb128 0x13
 1407 0074 00       		.byte	0x0
 1408 0075 00       		.byte	0x0
 1409 0076 0B       		.uleb128 0xb
 1410 0077 0D       		.uleb128 0xd
 1411 0078 00       		.byte	0x0
 1412 0079 03       		.uleb128 0x3
ARM GAS  /tmp/ccqN6TbA.s 			page 26


 1413 007a 0E       		.uleb128 0xe
 1414 007b 3A       		.uleb128 0x3a
 1415 007c 0B       		.uleb128 0xb
 1416 007d 3B       		.uleb128 0x3b
 1417 007e 05       		.uleb128 0x5
 1418 007f 49       		.uleb128 0x49
 1419 0080 13       		.uleb128 0x13
 1420 0081 38       		.uleb128 0x38
 1421 0082 0A       		.uleb128 0xa
 1422 0083 00       		.byte	0x0
 1423 0084 00       		.byte	0x0
 1424 0085 0C       		.uleb128 0xc
 1425 0086 0D       		.uleb128 0xd
 1426 0087 00       		.byte	0x0
 1427 0088 03       		.uleb128 0x3
 1428 0089 08       		.uleb128 0x8
 1429 008a 3A       		.uleb128 0x3a
 1430 008b 0B       		.uleb128 0xb
 1431 008c 3B       		.uleb128 0x3b
 1432 008d 05       		.uleb128 0x5
 1433 008e 49       		.uleb128 0x49
 1434 008f 13       		.uleb128 0x13
 1435 0090 38       		.uleb128 0x38
 1436 0091 0A       		.uleb128 0xa
 1437 0092 00       		.byte	0x0
 1438 0093 00       		.byte	0x0
 1439 0094 0D       		.uleb128 0xd
 1440 0095 0F       		.uleb128 0xf
 1441 0096 00       		.byte	0x0
 1442 0097 0B       		.uleb128 0xb
 1443 0098 0B       		.uleb128 0xb
 1444 0099 49       		.uleb128 0x49
 1445 009a 13       		.uleb128 0x13
 1446 009b 00       		.byte	0x0
 1447 009c 00       		.byte	0x0
 1448 009d 0E       		.uleb128 0xe
 1449 009e 15       		.uleb128 0x15
 1450 009f 01       		.byte	0x1
 1451 00a0 27       		.uleb128 0x27
 1452 00a1 0C       		.uleb128 0xc
 1453 00a2 01       		.uleb128 0x1
 1454 00a3 13       		.uleb128 0x13
 1455 00a4 00       		.byte	0x0
 1456 00a5 00       		.byte	0x0
 1457 00a6 0F       		.uleb128 0xf
 1458 00a7 05       		.uleb128 0x5
 1459 00a8 00       		.byte	0x0
 1460 00a9 49       		.uleb128 0x49
 1461 00aa 13       		.uleb128 0x13
 1462 00ab 00       		.byte	0x0
 1463 00ac 00       		.byte	0x0
 1464 00ad 10       		.uleb128 0x10
 1465 00ae 13       		.uleb128 0x13
 1466 00af 01       		.byte	0x1
 1467 00b0 0B       		.uleb128 0xb
 1468 00b1 0B       		.uleb128 0xb
 1469 00b2 3A       		.uleb128 0x3a
ARM GAS  /tmp/ccqN6TbA.s 			page 27


 1470 00b3 0B       		.uleb128 0xb
 1471 00b4 3B       		.uleb128 0x3b
 1472 00b5 05       		.uleb128 0x5
 1473 00b6 01       		.uleb128 0x1
 1474 00b7 13       		.uleb128 0x13
 1475 00b8 00       		.byte	0x0
 1476 00b9 00       		.byte	0x0
 1477 00ba 11       		.uleb128 0x11
 1478 00bb 16       		.uleb128 0x16
 1479 00bc 00       		.byte	0x0
 1480 00bd 03       		.uleb128 0x3
 1481 00be 0E       		.uleb128 0xe
 1482 00bf 3A       		.uleb128 0x3a
 1483 00c0 0B       		.uleb128 0xb
 1484 00c1 3B       		.uleb128 0x3b
 1485 00c2 05       		.uleb128 0x5
 1486 00c3 49       		.uleb128 0x49
 1487 00c4 13       		.uleb128 0x13
 1488 00c5 00       		.byte	0x0
 1489 00c6 00       		.byte	0x0
 1490 00c7 12       		.uleb128 0x12
 1491 00c8 26       		.uleb128 0x26
 1492 00c9 00       		.byte	0x0
 1493 00ca 49       		.uleb128 0x49
 1494 00cb 13       		.uleb128 0x13
 1495 00cc 00       		.byte	0x0
 1496 00cd 00       		.byte	0x0
 1497 00ce 13       		.uleb128 0x13
 1498 00cf 2E       		.uleb128 0x2e
 1499 00d0 00       		.byte	0x0
 1500 00d1 3F       		.uleb128 0x3f
 1501 00d2 0C       		.uleb128 0xc
 1502 00d3 03       		.uleb128 0x3
 1503 00d4 0E       		.uleb128 0xe
 1504 00d5 3A       		.uleb128 0x3a
 1505 00d6 0B       		.uleb128 0xb
 1506 00d7 3B       		.uleb128 0x3b
 1507 00d8 0B       		.uleb128 0xb
 1508 00d9 27       		.uleb128 0x27
 1509 00da 0C       		.uleb128 0xc
 1510 00db 11       		.uleb128 0x11
 1511 00dc 01       		.uleb128 0x1
 1512 00dd 12       		.uleb128 0x12
 1513 00de 01       		.uleb128 0x1
 1514 00df 40       		.uleb128 0x40
 1515 00e0 0A       		.uleb128 0xa
 1516 00e1 00       		.byte	0x0
 1517 00e2 00       		.byte	0x0
 1518 00e3 14       		.uleb128 0x14
 1519 00e4 2E       		.uleb128 0x2e
 1520 00e5 01       		.byte	0x1
 1521 00e6 3F       		.uleb128 0x3f
 1522 00e7 0C       		.uleb128 0xc
 1523 00e8 03       		.uleb128 0x3
 1524 00e9 0E       		.uleb128 0xe
 1525 00ea 3A       		.uleb128 0x3a
 1526 00eb 0B       		.uleb128 0xb
ARM GAS  /tmp/ccqN6TbA.s 			page 28


 1527 00ec 3B       		.uleb128 0x3b
 1528 00ed 0B       		.uleb128 0xb
 1529 00ee 27       		.uleb128 0x27
 1530 00ef 0C       		.uleb128 0xc
 1531 00f0 11       		.uleb128 0x11
 1532 00f1 01       		.uleb128 0x1
 1533 00f2 12       		.uleb128 0x12
 1534 00f3 01       		.uleb128 0x1
 1535 00f4 40       		.uleb128 0x40
 1536 00f5 0A       		.uleb128 0xa
 1537 00f6 01       		.uleb128 0x1
 1538 00f7 13       		.uleb128 0x13
 1539 00f8 00       		.byte	0x0
 1540 00f9 00       		.byte	0x0
 1541 00fa 15       		.uleb128 0x15
 1542 00fb 05       		.uleb128 0x5
 1543 00fc 00       		.byte	0x0
 1544 00fd 03       		.uleb128 0x3
 1545 00fe 0E       		.uleb128 0xe
 1546 00ff 3A       		.uleb128 0x3a
 1547 0100 0B       		.uleb128 0xb
 1548 0101 3B       		.uleb128 0x3b
 1549 0102 0B       		.uleb128 0xb
 1550 0103 49       		.uleb128 0x49
 1551 0104 13       		.uleb128 0x13
 1552 0105 02       		.uleb128 0x2
 1553 0106 0A       		.uleb128 0xa
 1554 0107 00       		.byte	0x0
 1555 0108 00       		.byte	0x0
 1556 0109 16       		.uleb128 0x16
 1557 010a 2E       		.uleb128 0x2e
 1558 010b 01       		.byte	0x1
 1559 010c 3F       		.uleb128 0x3f
 1560 010d 0C       		.uleb128 0xc
 1561 010e 03       		.uleb128 0x3
 1562 010f 0E       		.uleb128 0xe
 1563 0110 3A       		.uleb128 0x3a
 1564 0111 0B       		.uleb128 0xb
 1565 0112 3B       		.uleb128 0x3b
 1566 0113 0B       		.uleb128 0xb
 1567 0114 27       		.uleb128 0x27
 1568 0115 0C       		.uleb128 0xc
 1569 0116 11       		.uleb128 0x11
 1570 0117 01       		.uleb128 0x1
 1571 0118 12       		.uleb128 0x12
 1572 0119 01       		.uleb128 0x1
 1573 011a 40       		.uleb128 0x40
 1574 011b 06       		.uleb128 0x6
 1575 011c 01       		.uleb128 0x1
 1576 011d 13       		.uleb128 0x13
 1577 011e 00       		.byte	0x0
 1578 011f 00       		.byte	0x0
 1579 0120 17       		.uleb128 0x17
 1580 0121 05       		.uleb128 0x5
 1581 0122 00       		.byte	0x0
 1582 0123 03       		.uleb128 0x3
 1583 0124 0E       		.uleb128 0xe
ARM GAS  /tmp/ccqN6TbA.s 			page 29


 1584 0125 3A       		.uleb128 0x3a
 1585 0126 0B       		.uleb128 0xb
 1586 0127 3B       		.uleb128 0x3b
 1587 0128 0B       		.uleb128 0xb
 1588 0129 49       		.uleb128 0x49
 1589 012a 13       		.uleb128 0x13
 1590 012b 02       		.uleb128 0x2
 1591 012c 06       		.uleb128 0x6
 1592 012d 00       		.byte	0x0
 1593 012e 00       		.byte	0x0
 1594 012f 18       		.uleb128 0x18
 1595 0130 0B       		.uleb128 0xb
 1596 0131 01       		.byte	0x1
 1597 0132 55       		.uleb128 0x55
 1598 0133 06       		.uleb128 0x6
 1599 0134 01       		.uleb128 0x1
 1600 0135 13       		.uleb128 0x13
 1601 0136 00       		.byte	0x0
 1602 0137 00       		.byte	0x0
 1603 0138 19       		.uleb128 0x19
 1604 0139 34       		.uleb128 0x34
 1605 013a 00       		.byte	0x0
 1606 013b 03       		.uleb128 0x3
 1607 013c 08       		.uleb128 0x8
 1608 013d 3A       		.uleb128 0x3a
 1609 013e 0B       		.uleb128 0xb
 1610 013f 3B       		.uleb128 0x3b
 1611 0140 0B       		.uleb128 0xb
 1612 0141 49       		.uleb128 0x49
 1613 0142 13       		.uleb128 0x13
 1614 0143 02       		.uleb128 0x2
 1615 0144 06       		.uleb128 0x6
 1616 0145 00       		.byte	0x0
 1617 0146 00       		.byte	0x0
 1618 0147 1A       		.uleb128 0x1a
 1619 0148 0B       		.uleb128 0xb
 1620 0149 01       		.byte	0x1
 1621 014a 11       		.uleb128 0x11
 1622 014b 01       		.uleb128 0x1
 1623 014c 12       		.uleb128 0x12
 1624 014d 01       		.uleb128 0x1
 1625 014e 00       		.byte	0x0
 1626 014f 00       		.byte	0x0
 1627 0150 1B       		.uleb128 0x1b
 1628 0151 0B       		.uleb128 0xb
 1629 0152 01       		.byte	0x1
 1630 0153 11       		.uleb128 0x11
 1631 0154 01       		.uleb128 0x1
 1632 0155 12       		.uleb128 0x12
 1633 0156 01       		.uleb128 0x1
 1634 0157 01       		.uleb128 0x1
 1635 0158 13       		.uleb128 0x13
 1636 0159 00       		.byte	0x0
 1637 015a 00       		.byte	0x0
 1638 015b 1C       		.uleb128 0x1c
 1639 015c 34       		.uleb128 0x34
 1640 015d 00       		.byte	0x0
ARM GAS  /tmp/ccqN6TbA.s 			page 30


 1641 015e 03       		.uleb128 0x3
 1642 015f 0E       		.uleb128 0xe
 1643 0160 3A       		.uleb128 0x3a
 1644 0161 0B       		.uleb128 0xb
 1645 0162 3B       		.uleb128 0x3b
 1646 0163 05       		.uleb128 0x5
 1647 0164 49       		.uleb128 0x49
 1648 0165 13       		.uleb128 0x13
 1649 0166 3F       		.uleb128 0x3f
 1650 0167 0C       		.uleb128 0xc
 1651 0168 3C       		.uleb128 0x3c
 1652 0169 0C       		.uleb128 0xc
 1653 016a 00       		.byte	0x0
 1654 016b 00       		.byte	0x0
 1655 016c 00       		.byte	0x0
 1656              		.section	.debug_pubnames,"",%progbits
 1657 0000 84000000 		.4byte	0x84
 1658 0004 0200     		.2byte	0x2
 1659 0006 00000000 		.4byte	.Ldebug_info0
 1660 000a 21060000 		.4byte	0x621
 1661 000e AD030000 		.4byte	0x3ad
 1662 0012 70776D49 		.ascii	"pwmInit\000"
 1662      6E697400 
 1663 001a C1030000 		.4byte	0x3c1
 1664 001e 70776D4F 		.ascii	"pwmObjectInit\000"
 1664      626A6563 
 1664      74496E69 
 1664      7400
 1665 002c E7030000 		.4byte	0x3e7
 1666 0030 70776D53 		.ascii	"pwmStart\000"
 1666      74617274 
 1666      00
 1667 0039 51040000 		.4byte	0x451
 1668 003d 70776D53 		.ascii	"pwmStop\000"
 1668      746F7000 
 1669 0045 AC040000 		.4byte	0x4ac
 1670 0049 70776D43 		.ascii	"pwmChangePeriod\000"
 1670      68616E67 
 1670      65506572 
 1670      696F6400 
 1671 0059 19050000 		.4byte	0x519
 1672 005d 70776D45 		.ascii	"pwmEnableChannel\000"
 1672      6E61626C 
 1672      65436861 
 1672      6E6E656C 
 1672      00
 1673 006e 96050000 		.4byte	0x596
 1674 0072 70776D44 		.ascii	"pwmDisableChannel\000"
 1674      69736162 
 1674      6C654368 
 1674      616E6E65 
 1674      6C00
 1675 0084 00000000 		.4byte	0x0
 1676              		.section	.debug_pubtypes,"",%progbits
 1677 0000 DC000000 		.4byte	0xdc
 1678 0004 0200     		.2byte	0x2
 1679 0006 00000000 		.4byte	.Ldebug_info0
ARM GAS  /tmp/ccqN6TbA.s 			page 31


 1680 000a 21060000 		.4byte	0x621
 1681 000e 3E000000 		.4byte	0x3e
 1682 0012 75696E74 		.ascii	"uint8_t\000"
 1682      385F7400 
 1683 001a 57000000 		.4byte	0x57
 1684 001e 75696E74 		.ascii	"uint16_t\000"
 1684      31365F74 
 1684      00
 1685 0027 69000000 		.4byte	0x69
 1686 002b 696E7433 		.ascii	"int32_t\000"
 1686      325F7400 
 1687 0033 7B000000 		.4byte	0x7b
 1688 0037 75696E74 		.ascii	"uint32_t\000"
 1688      33325F74 
 1688      00
 1689 0040 DE000000 		.4byte	0xde
 1690 0044 70776D73 		.ascii	"pwmstate_t\000"
 1690      74617465 
 1690      5F7400
 1691 004f E9000000 		.4byte	0xe9
 1692 0053 50574D44 		.ascii	"PWMDriver\000"
 1692      72697665 
 1692      7200
 1693 005d 4D010000 		.4byte	0x14d
 1694 0061 70776D63 		.ascii	"pwmcallback_t\000"
 1694      616C6C62 
 1694      61636B5F 
 1694      7400
 1695 006f B8020000 		.4byte	0x2b8
 1696 0073 73746D33 		.ascii	"stm32_tim_t\000"
 1696      325F7469 
 1696      6D5F7400 
 1697 007f C4020000 		.4byte	0x2c4
 1698 0083 70776D6D 		.ascii	"pwmmode_t\000"
 1698      6F64655F 
 1698      7400
 1699 008d D0020000 		.4byte	0x2d0
 1700 0091 70776D63 		.ascii	"pwmchannel_t\000"
 1700      68616E6E 
 1700      656C5F74 
 1700      00
 1701 009e DC020000 		.4byte	0x2dc
 1702 00a2 70776D63 		.ascii	"pwmcnt_t\000"
 1702      6E745F74 
 1702      00
 1703 00ab 10030000 		.4byte	0x310
 1704 00af 50574D43 		.ascii	"PWMChannelConfig\000"
 1704      68616E6E 
 1704      656C436F 
 1704      6E666967 
 1704      00
 1705 00c0 90030000 		.4byte	0x390
 1706 00c4 50574D43 		.ascii	"PWMConfig\000"
 1706      6F6E6669 
 1706      6700
 1707 00ce F4000000 		.4byte	0xf4
 1708 00d2 50574D44 		.ascii	"PWMDriver\000"
ARM GAS  /tmp/ccqN6TbA.s 			page 32


 1708      72697665 
 1708      7200
 1709 00dc 00000000 		.4byte	0x0
 1710              		.section	.debug_aranges,"",%progbits
 1711 0000 4C000000 		.4byte	0x4c
 1712 0004 0200     		.2byte	0x2
 1713 0006 00000000 		.4byte	.Ldebug_info0
 1714 000a 04       		.byte	0x4
 1715 000b 00       		.byte	0x0
 1716 000c 0000     		.2byte	0x0
 1717 000e 0000     		.2byte	0x0
 1718 0010 00000000 		.4byte	.LFB118
 1719 0014 04000000 		.4byte	.LFE118-.LFB118
 1720 0018 00000000 		.4byte	.LFB119
 1721 001c 0A000000 		.4byte	.LFE119-.LFB119
 1722 0020 00000000 		.4byte	.LFB120
 1723 0024 20000000 		.4byte	.LFE120-.LFB120
 1724 0028 00000000 		.4byte	.LFB121
 1725 002c 1A000000 		.4byte	.LFE121-.LFB121
 1726 0030 00000000 		.4byte	.LFB122
 1727 0034 18000000 		.4byte	.LFE122-.LFB122
 1728 0038 00000000 		.4byte	.LFB123
 1729 003c 14000000 		.4byte	.LFE123-.LFB123
 1730 0040 00000000 		.4byte	.LFB124
 1731 0044 14000000 		.4byte	.LFE124-.LFB124
 1732 0048 00000000 		.4byte	0x0
 1733 004c 00000000 		.4byte	0x0
 1734              		.section	.debug_ranges,"",%progbits
 1735              	.Ldebug_ranges0:
 1736 0000 02000000 		.4byte	.LBB2
 1737 0004 04000000 		.4byte	.LBE2
 1738 0008 06000000 		.4byte	.LBB3
 1739 000c 0A000000 		.4byte	.LBE3
 1740 0010 00000000 		.4byte	0x0
 1741 0014 00000000 		.4byte	0x0
 1742 0018 02000000 		.4byte	.LBB5
 1743 001c 04000000 		.4byte	.LBE5
 1744 0020 06000000 		.4byte	.LBB6
 1745 0024 0A000000 		.4byte	.LBE6
 1746 0028 00000000 		.4byte	0x0
 1747 002c 00000000 		.4byte	0x0
 1748 0030 00000000 		.4byte	.LFB118
 1749 0034 04000000 		.4byte	.LFE118
 1750 0038 00000000 		.4byte	.LFB119
 1751 003c 0A000000 		.4byte	.LFE119
 1752 0040 00000000 		.4byte	.LFB120
 1753 0044 20000000 		.4byte	.LFE120
 1754 0048 00000000 		.4byte	.LFB121
 1755 004c 1A000000 		.4byte	.LFE121
 1756 0050 00000000 		.4byte	.LFB122
 1757 0054 18000000 		.4byte	.LFE122
 1758 0058 00000000 		.4byte	.LFB123
 1759 005c 14000000 		.4byte	.LFE123
 1760 0060 00000000 		.4byte	.LFB124
 1761 0064 14000000 		.4byte	.LFE124
 1762 0068 00000000 		.4byte	0x0
 1763 006c 00000000 		.4byte	0x0
ARM GAS  /tmp/ccqN6TbA.s 			page 33


 1764              		.section	.debug_str,"MS",%progbits,1
 1765              	.LASF29:
 1766 0000 43434552 		.ascii	"CCER\000"
 1766      00
 1767              	.LASF31:
 1768 0005 444D4152 		.ascii	"DMAR\000"
 1768      00
 1769              	.LASF20:
 1770 000a 73746174 		.ascii	"state\000"
 1770      6500
 1771              	.LASF28:
 1772 0010 43434D52 		.ascii	"CCMR2\000"
 1772      3200
 1773              	.LASF32:
 1774 0016 43434D52 		.ascii	"CCMR3\000"
 1774      3300
 1775              	.LASF3:
 1776 001c 73686F72 		.ascii	"short int\000"
 1776      7420696E 
 1776      7400
 1777              	.LASF38:
 1778 0026 70776D63 		.ascii	"pwmcnt_t\000"
 1778      6E745F74 
 1778      00
 1779              	.LASF37:
 1780 002f 70776D63 		.ascii	"pwmchannel_t\000"
 1780      68616E6E 
 1780      656C5F74 
 1780      00
 1781              	.LASF57:
 1782 003c 2E2E2F43 		.ascii	"../ChibiOS_2.6.2/os/hal/src/pwm.c\000"
 1782      68696269 
 1782      4F535F32 
 1782      2E362E32 
 1782      2F6F732F 
 1783              	.LASF39:
 1784 005e 6D6F6465 		.ascii	"mode\000"
 1784      00
 1785              	.LASF43:
 1786 0063 6368616E 		.ascii	"channels\000"
 1786      6E656C73 
 1786      00
 1787              	.LASF21:
 1788 006c 636F6E66 		.ascii	"config\000"
 1788      696700
 1789              	.LASF46:
 1790 0073 70776D4F 		.ascii	"pwmObjectInit\000"
 1790      626A6563 
 1790      74496E69 
 1790      7400
 1791              	.LASF4:
 1792 0081 75696E74 		.ascii	"uint8_t\000"
 1792      385F7400 
 1793              	.LASF51:
 1794 0089 70776D45 		.ascii	"pwmEnableChannel\000"
 1794      6E61626C 
 1794      65436861 
ARM GAS  /tmp/ccqN6TbA.s 			page 34


 1794      6E6E656C 
 1794      00
 1795              	.LASF53:
 1796 009a 77696474 		.ascii	"width\000"
 1796      6800
 1797              	.LASF47:
 1798 00a0 70776D53 		.ascii	"pwmStart\000"
 1798      74617274 
 1798      00
 1799              	.LASF11:
 1800 00a9 6C6F6E67 		.ascii	"long long int\000"
 1800      206C6F6E 
 1800      6720696E 
 1800      7400
 1801              	.LASF8:
 1802 00b7 6C6F6E67 		.ascii	"long int\000"
 1802      20696E74 
 1802      00
 1803              	.LASF59:
 1804 00c0 70776D49 		.ascii	"pwmInit\000"
 1804      6E697400 
 1805              	.LASF33:
 1806 00c8 43435235 		.ascii	"CCR5\000"
 1806      00
 1807              	.LASF34:
 1808 00cd 43435236 		.ascii	"CCR6\000"
 1808      00
 1809              	.LASF22:
 1810 00d2 70657269 		.ascii	"period\000"
 1810      6F6400
 1811              	.LASF27:
 1812 00d9 43434D52 		.ascii	"CCMR1\000"
 1812      3100
 1813              	.LASF45:
 1814 00df 50574D43 		.ascii	"PWMConfig\000"
 1814      6F6E6669 
 1814      6700
 1815              	.LASF48:
 1816 00e9 70776D70 		.ascii	"pwmp\000"
 1816      00
 1817              	.LASF25:
 1818 00ee 534D4352 		.ascii	"SMCR\000"
 1818      00
 1819              	.LASF15:
 1820 00f3 50574D5F 		.ascii	"PWM_UNINIT\000"
 1820      554E494E 
 1820      495400
 1821              	.LASF2:
 1822 00fe 756E7369 		.ascii	"unsigned char\000"
 1822      676E6564 
 1822      20636861 
 1822      7200
 1823              	.LASF54:
 1824 010c 70776D44 		.ascii	"pwmDisableChannel\000"
 1824      69736162 
 1824      6C654368 
 1824      616E6E65 
ARM GAS  /tmp/ccqN6TbA.s 			page 35


 1824      6C00
 1825              	.LASF1:
 1826 011e 7369676E 		.ascii	"signed char\000"
 1826      65642063 
 1826      68617200 
 1827              	.LASF12:
 1828 012a 6C6F6E67 		.ascii	"long long unsigned int\000"
 1828      206C6F6E 
 1828      6720756E 
 1828      7369676E 
 1828      65642069 
 1829              	.LASF9:
 1830 0141 75696E74 		.ascii	"uint32_t\000"
 1830      33325F74 
 1830      00
 1831              	.LASF0:
 1832 014a 756E7369 		.ascii	"unsigned int\000"
 1832      676E6564 
 1832      20696E74 
 1832      00
 1833              	.LASF5:
 1834 0157 75696E74 		.ascii	"uint16_t\000"
 1834      31365F74 
 1834      00
 1835              	.LASF30:
 1836 0160 42445452 		.ascii	"BDTR\000"
 1836      00
 1837              	.LASF26:
 1838 0165 44494552 		.ascii	"DIER\000"
 1838      00
 1839              	.LASF6:
 1840 016a 73686F72 		.ascii	"short unsigned int\000"
 1840      7420756E 
 1840      7369676E 
 1840      65642069 
 1840      6E7400
 1841              	.LASF14:
 1842 017d 63686172 		.ascii	"char\000"
 1842      00
 1843              	.LASF35:
 1844 0182 73746D33 		.ascii	"stm32_tim_t\000"
 1844      325F7469 
 1844      6D5F7400 
 1845              	.LASF19:
 1846 018e 50574D44 		.ascii	"PWMDriver\000"
 1846      72697665 
 1846      7200
 1847              	.LASF7:
 1848 0198 696E7433 		.ascii	"int32_t\000"
 1848      325F7400 
 1849              	.LASF13:
 1850 01a0 5F426F6F 		.ascii	"_Bool\000"
 1850      6C00
 1851              	.LASF52:
 1852 01a6 6368616E 		.ascii	"channel\000"
 1852      6E656C00 
 1853              	.LASF50:
ARM GAS  /tmp/ccqN6TbA.s 			page 36


 1854 01ae 70776D43 		.ascii	"pwmChangePeriod\000"
 1854      68616E67 
 1854      65506572 
 1854      696F6400 
 1855              	.LASF10:
 1856 01be 6C6F6E67 		.ascii	"long unsigned int\000"
 1856      20756E73 
 1856      69676E65 
 1856      6420696E 
 1856      7400
 1857              	.LASF23:
 1858 01d0 636C6F63 		.ascii	"clock\000"
 1858      6B00
 1859              	.LASF56:
 1860 01d6 474E5520 		.ascii	"GNU C 4.5.1\000"
 1860      4320342E 
 1860      352E3100 
 1861              	.LASF58:
 1862 01e2 2F686F6D 		.ascii	"/home/nis/stm32f407d_neko\000"
 1862      652F6E69 
 1862      732F7374 
 1862      6D333266 
 1862      34303764 
 1863              	.LASF17:
 1864 01fc 50574D5F 		.ascii	"PWM_READY\000"
 1864      52454144 
 1864      5900
 1865              	.LASF16:
 1866 0206 50574D5F 		.ascii	"PWM_STOP\000"
 1866      53544F50 
 1866      00
 1867              	.LASF44:
 1868 020f 64696572 		.ascii	"dier\000"
 1868      00
 1869              	.LASF49:
 1870 0214 70776D53 		.ascii	"pwmStop\000"
 1870      746F7000 
 1871              	.LASF42:
 1872 021c 66726571 		.ascii	"frequency\000"
 1872      75656E63 
 1872      7900
 1873              	.LASF41:
 1874 0226 50574D43 		.ascii	"PWMChannelConfig\000"
 1874      68616E6E 
 1874      656C436F 
 1874      6E666967 
 1874      00
 1875              	.LASF36:
 1876 0237 70776D6D 		.ascii	"pwmmode_t\000"
 1876      6F64655F 
 1876      7400
 1877              	.LASF55:
 1878 0241 49544D5F 		.ascii	"ITM_RxBuffer\000"
 1878      52784275 
 1878      66666572 
 1878      00
 1879              	.LASF18:
ARM GAS  /tmp/ccqN6TbA.s 			page 37


 1880 024e 70776D73 		.ascii	"pwmstate_t\000"
 1880      74617465 
 1880      5F7400
 1881              	.LASF24:
 1882 0259 70776D63 		.ascii	"pwmcallback_t\000"
 1882      616C6C62 
 1882      61636B5F 
 1882      7400
 1883              	.LASF40:
 1884 0267 63616C6C 		.ascii	"callback\000"
 1884      6261636B 
 1884      00
 1885              		.ident	"GCC: (Sourcery G++ Lite 2010.09-51) 4.5.1"
ARM GAS  /tmp/ccqN6TbA.s 			page 38


DEFINED SYMBOLS
                            *ABS*:00000000 pwm.c
     /tmp/ccqN6TbA.s:24     .text.pwmInit:00000000 $t
     /tmp/ccqN6TbA.s:30     .text.pwmInit:00000000 pwmInit
     /tmp/ccqN6TbA.s:45     .text.pwmObjectInit:00000000 $t
     /tmp/ccqN6TbA.s:51     .text.pwmObjectInit:00000000 pwmObjectInit
     /tmp/ccqN6TbA.s:73     .text.pwmStart:00000000 $t
     /tmp/ccqN6TbA.s:79     .text.pwmStart:00000000 pwmStart
     /tmp/ccqN6TbA.s:134    .text.pwmStop:00000000 $t
     /tmp/ccqN6TbA.s:140    .text.pwmStop:00000000 pwmStop
     /tmp/ccqN6TbA.s:189    .text.pwmChangePeriod:00000000 $t
     /tmp/ccqN6TbA.s:195    .text.pwmChangePeriod:00000000 pwmChangePeriod
     /tmp/ccqN6TbA.s:238    .text.pwmEnableChannel:00000000 $t
     /tmp/ccqN6TbA.s:244    .text.pwmEnableChannel:00000000 pwmEnableChannel
     /tmp/ccqN6TbA.s:285    .text.pwmDisableChannel:00000000 $t
     /tmp/ccqN6TbA.s:291    .text.pwmDisableChannel:00000000 pwmDisableChannel
                     .debug_frame:00000010 $d

UNDEFINED SYMBOLS
pwm_lld_init
pwm_lld_start
pwm_lld_stop
pwm_lld_enable_channel
pwm_lld_disable_channel
